[ 2018-02-01T08:32:23+08:00 ] ::1 /gaochao/Backend
INFO: [ app_init ] --START--
INFO: Run Behavior\BuildLiteBehavior [ RunTime:0.000000s ]
INFO: [ app_init ] --END-- [ RunTime:0.125007s ]
INFO: [ app_begin ] --START--
INFO: Run Behavior\ReadHtmlCacheBehavior [ RunTime:0.160009s ]
INFO: Run Behavior\CheckLangBehavior [ RunTime:0.232013s ]
INFO: [ app_begin ] --END-- [ RunTime:0.392022s ]
INFO: [ view_parse ] --START--
INFO: [ template_filter ] --START--
INFO: Run Behavior\ContentReplaceBehavior [ RunTime:0.001000s ]
INFO: [ template_filter ] --END-- [ RunTime:0.001000s ]
INFO: Run Behavior\ParseTemplateBehavior [ RunTime:0.650037s ]
INFO: [ view_parse ] --END-- [ RunTime:0.650037s ]
INFO: [ view_filter ] --START--
INFO: Run Behavior\WriteHtmlCacheBehavior [ RunTime:0.054003s ]
INFO: Run Behavior\TokenBuildBehavior [ RunTime:0.025001s ]
INFO: [ view_filter ] --END-- [ RunTime:0.079004s ]
INFO: [ app_end ] --START--
INFO: Run Behavior\ShowPageTraceBehavior [ RunTime:0.037002s ]
INFO: [ app_end ] --END-- [ RunTime:0.037002s ]

[ 2018-02-01T08:32:27+08:00 ] ::1 /gaochao/Backend/Base/Index/index.html
INFO: [ app_init ] --START--
INFO: Run Behavior\BuildLiteBehavior [ RunTime:0.000000s ]
INFO: [ app_init ] --END-- [ RunTime:0.001000s ]
INFO: [ app_begin ] --START--
INFO: Run Behavior\ReadHtmlCacheBehavior [ RunTime:0.001001s ]
INFO: Run Behavior\CheckLangBehavior [ RunTime:0.001000s ]
INFO: [ app_begin ] --END-- [ RunTime:0.002001s ]
SQL: SHOW COLUMNS FROM `sr_capital_record` [ RunTime:0.9421s ]
SQL: SHOW COLUMNS FROM `sr_action_log` [ RunTime:0.1680s ]
SQL: INSERT INTO `sr_action_log` (`url`,`username`,`menu_id`,`title`,`action`,`ip`,`admin_id`,`add_time`) VALUES ('Backend/Base/Index/index','admin','359','平台管理 &gt; 系统首页 &gt; 系统首页','浏览','0.0.0.0','1','2018-02-01 08:32:25') [ RunTime:0.1960s ]
SQL: SHOW COLUMNS FROM `sr_order` [ RunTime:0.1850s ]
SQL: SELECT count(id) tp_sum FROM `sr_order` WHERE `status` = 20 AND `is_del` = 0 AND `is_hid` = 0 LIMIT 1   [ RunTime:0.3790s ]
SQL: SELECT SUM(`money_total`) tp_sum FROM `sr_order` WHERE `status` > 20 AND `is_del` = 0 AND `is_hid` = 0 LIMIT 1   [ RunTime:0.0660s ]
SQL: SHOW COLUMNS FROM `sr_member` [ RunTime:0.1330s ]
SQL: SELECT count(id) tp_sum FROM `sr_member` LIMIT 1   [ RunTime:0.0040s ]
SQL: SHOW COLUMNS FROM `sr_product` [ RunTime:0.1580s ]
SQL: SELECT count(id) tp_sum FROM `sr_product` LIMIT 1   [ RunTime:0.0130s ]
SQL: SELECT o.id AS id,o.order_no AS order_no,o.money_total AS money_total,o.add_time AS add_time,o.status AS status,m.username AS username FROM sr_order o LEFT JOIN sr_member m ON m.id=o.member_id WHERE o.is_del = 0 AND o.is_hid = 0 AND o.status IN (10,20,40,70) ORDER BY o.add_time desc LIMIT 7   [ RunTime:0.0840s ]
SQL: SELECT `id`,`username`,`mobile`,`register_ip`,`register_time` FROM `sr_member` WHERE `is_del` = 0 AND `is_hid` = 0 ORDER BY register_time desc LIMIT 7   [ RunTime:0.0010s ]
SQL: SELECT count(*) as c,`status`,DATE_FORMAT(`add_time`, "%Y-%m-%d") as date FROM `sr_order` WHERE `is_del` = 0 AND `is_hid` = 0 AND `status` IN (5,10,20,30,40,50,60,70) AND (`add_time` LIKE '2018-01-02%' OR `add_time` LIKE '2018-01-03%' OR `add_time` LIKE '2018-01-04%' OR `add_time` LIKE '2018-01-05%' OR `add_time` LIKE '2018-01-06%' OR `add_time` LIKE '2018-01-07%' OR `add_time` LIKE '2018-01-08%' OR `add_time` LIKE '2018-01-09%' OR `add_time` LIKE '2018-01-10%' OR `add_time` LIKE '2018-01-11%' OR `add_time` LIKE '2018-01-12%' OR `add_time` LIKE '2018-01-13%' OR `add_time` LIKE '2018-01-14%' OR `add_time` LIKE '2018-01-15%' OR `add_time` LIKE '2018-01-16%' OR `add_time` LIKE '2018-01-17%' OR `add_time` LIKE '2018-01-18%' OR `add_time` LIKE '2018-01-19%' OR `add_time` LIKE '2018-01-20%' OR `add_time` LIKE '2018-01-21%' OR `add_time` LIKE '2018-01-22%' OR `add_time` LIKE '2018-01-23%' OR `add_time` LIKE '2018-01-24%' OR `add_time` LIKE '2018-01-25%' OR `add_time` LIKE '2018-01-26%' OR `add_time` LIKE '2018-01-27%' OR `add_time` LIKE '2018-01-28%' OR `add_time` LIKE '2018-01-29%' OR `add_time` LIKE '2018-01-30%' OR `add_time` LIKE '2018-01-31%' OR `add_time` LIKE '2018-02-01%') GROUP BY `date`,`status`  [ RunTime:0.1440s ]
INFO: [ view_parse ] --START--
INFO: [ template_filter ] --START--
INFO: Run Behavior\ContentReplaceBehavior [ RunTime:0.000000s ]
INFO: [ template_filter ] --END-- [ RunTime:0.000000s ]
NOTIC: [8] Undefined index: order_5 C:\xampp\htdocs\gaochao\Runtime\Cache\Backend\32f31cafcace70025c62f10a867e9d20.php 第 392 行.
NOTIC: [2] array_values() expects parameter 1 to be array, null given C:\xampp\htdocs\gaochao\Runtime\Cache\Backend\32f31cafcace70025c62f10a867e9d20.php 第 392 行.
NOTIC: [8] Undefined index: order_10 C:\xampp\htdocs\gaochao\Runtime\Cache\Backend\32f31cafcace70025c62f10a867e9d20.php 第 406 行.
NOTIC: [2] array_values() expects parameter 1 to be array, null given C:\xampp\htdocs\gaochao\Runtime\Cache\Backend\32f31cafcace70025c62f10a867e9d20.php 第 406 行.
NOTIC: [8] Undefined index: order_20 C:\xampp\htdocs\gaochao\Runtime\Cache\Backend\32f31cafcace70025c62f10a867e9d20.php 第 420 行.
NOTIC: [2] array_values() expects parameter 1 to be array, null given C:\xampp\htdocs\gaochao\Runtime\Cache\Backend\32f31cafcace70025c62f10a867e9d20.php 第 420 行.
NOTIC: [8] Undefined index: order_30 C:\xampp\htdocs\gaochao\Runtime\Cache\Backend\32f31cafcace70025c62f10a867e9d20.php 第 434 行.
NOTIC: [2] array_values() expects parameter 1 to be array, null given C:\xampp\htdocs\gaochao\Runtime\Cache\Backend\32f31cafcace70025c62f10a867e9d20.php 第 434 行.
NOTIC: [8] Undefined index: order_40 C:\xampp\htdocs\gaochao\Runtime\Cache\Backend\32f31cafcace70025c62f10a867e9d20.php 第 448 行.
NOTIC: [2] array_values() expects parameter 1 to be array, null given C:\xampp\htdocs\gaochao\Runtime\Cache\Backend\32f31cafcace70025c62f10a867e9d20.php 第 448 行.
NOTIC: [8] Undefined index: order_50 C:\xampp\htdocs\gaochao\Runtime\Cache\Backend\32f31cafcace70025c62f10a867e9d20.php 第 462 行.
NOTIC: [2] array_values() expects parameter 1 to be array, null given C:\xampp\htdocs\gaochao\Runtime\Cache\Backend\32f31cafcace70025c62f10a867e9d20.php 第 462 行.
NOTIC: [8] Undefined index: order_60 C:\xampp\htdocs\gaochao\Runtime\Cache\Backend\32f31cafcace70025c62f10a867e9d20.php 第 476 行.
NOTIC: [2] array_values() expects parameter 1 to be array, null given C:\xampp\htdocs\gaochao\Runtime\Cache\Backend\32f31cafcace70025c62f10a867e9d20.php 第 476 行.
NOTIC: [8] Undefined index: order_70 C:\xampp\htdocs\gaochao\Runtime\Cache\Backend\32f31cafcace70025c62f10a867e9d20.php 第 490 行.
NOTIC: [2] array_values() expects parameter 1 to be array, null given C:\xampp\htdocs\gaochao\Runtime\Cache\Backend\32f31cafcace70025c62f10a867e9d20.php 第 490 行.
INFO: Run Behavior\ParseTemplateBehavior [ RunTime:0.821047s ]
INFO: [ view_parse ] --END-- [ RunTime:0.821047s ]
INFO: [ view_filter ] --START--
INFO: Run Behavior\WriteHtmlCacheBehavior [ RunTime:0.001000s ]
INFO: Run Behavior\TokenBuildBehavior [ RunTime:0.001000s ]
INFO: [ view_filter ] --END-- [ RunTime:0.002000s ]
INFO: [ app_end ] --START--
INFO: Run Behavior\ShowPageTraceBehavior [ RunTime:0.001000s ]
INFO: [ app_end ] --END-- [ RunTime:0.001000s ]

[ 2018-02-01T08:33:34+08:00 ] ::1 /gaochao/Backend/Article/Newsarticle/index.html
INFO: [ app_init ] --START--
INFO: Run Behavior\BuildLiteBehavior [ RunTime:0.000000s ]
INFO: [ app_init ] --END-- [ RunTime:0.000000s ]
INFO: [ app_begin ] --START--
INFO: Run Behavior\ReadHtmlCacheBehavior [ RunTime:0.001000s ]
INFO: Run Behavior\CheckLangBehavior [ RunTime:0.001000s ]
INFO: [ app_begin ] --END-- [ RunTime:0.002000s ]
SQL: SHOW COLUMNS FROM `sr_news` [ RunTime:0.1760s ]
SQL: SHOW COLUMNS FROM `sr_action_log` [ RunTime:0.0120s ]
SQL: INSERT INTO `sr_action_log` (`url`,`username`,`menu_id`,`title`,`action`,`ip`,`admin_id`,`add_time`) VALUES ('Backend/Article/Newsarticle/index','admin','76','平台管理 &gt; 资讯管理 &gt; 资讯列表 &gt; ','浏览','0.0.0.0','1','2018-02-01 08:33:34') [ RunTime:0.0790s ]
SQL: SELECT COUNT(*) AS tp_count FROM `sr_news` WHERE `add_time` BETWEEN 0 AND '2018-02-01 08:33:34' AND `is_del` = 0 LIMIT 1   [ RunTime:0.0420s ]
SQL: SELECT `id`,`title`,`keywords`,`description`,`author`,`url`,`cover`,`sort`,`content`,`category_id`,`member_id`,`num`,`views`,`is_hid`,`is_del`,`recommend`,`add_time`,`update_time` FROM `sr_news` WHERE `add_time` BETWEEN 0 AND '2018-02-01 08:33:34' AND `is_del` = 0 ORDER BY recommend desc,sort desc LIMIT 0,10   [ RunTime:0.0010s ]
INFO: [ view_parse ] --START--
INFO: [ template_filter ] --START--
INFO: Run Behavior\ContentReplaceBehavior [ RunTime:0.001000s ]
INFO: [ template_filter ] --END-- [ RunTime:0.001000s ]
INFO: Run Behavior\ParseTemplateBehavior [ RunTime:0.190010s ]
INFO: [ view_parse ] --END-- [ RunTime:0.190010s ]
INFO: [ view_filter ] --START--
INFO: Run Behavior\WriteHtmlCacheBehavior [ RunTime:0.001001s ]
INFO: Run Behavior\TokenBuildBehavior [ RunTime:0.000000s ]
INFO: [ view_filter ] --END-- [ RunTime:0.001001s ]
INFO: [ app_end ] --START--
INFO: Run Behavior\ShowPageTraceBehavior [ RunTime:0.001000s ]
INFO: [ app_end ] --END-- [ RunTime:0.001000s ]

[ 2018-02-01T08:33:37+08:00 ] ::1 /gaochao/Backend/Base/Index/index.html
INFO: [ app_init ] --START--
INFO: Run Behavior\BuildLiteBehavior [ RunTime:0.000000s ]
INFO: [ app_init ] --END-- [ RunTime:0.000000s ]
INFO: [ app_begin ] --START--
INFO: Run Behavior\ReadHtmlCacheBehavior [ RunTime:0.001000s ]
INFO: Run Behavior\CheckLangBehavior [ RunTime:0.001000s ]
INFO: [ app_begin ] --END-- [ RunTime:0.002000s ]
SQL: SHOW COLUMNS FROM `sr_capital_record` [ RunTime:0.0090s ]
SQL: SHOW COLUMNS FROM `sr_action_log` [ RunTime:0.0100s ]
SQL: INSERT INTO `sr_action_log` (`url`,`username`,`menu_id`,`title`,`action`,`ip`,`admin_id`,`add_time`) VALUES ('Backend/Base/Index/index','admin','359','平台管理 &gt; 系统首页 &gt; 系统首页','浏览','0.0.0.0','1','2018-02-01 08:33:37') [ RunTime:0.0940s ]
SQL: SHOW COLUMNS FROM `sr_order` [ RunTime:0.0180s ]
SQL: SELECT count(id) tp_sum FROM `sr_order` WHERE `status` = 20 AND `is_del` = 0 AND `is_hid` = 0 LIMIT 1   [ RunTime:0.0010s ]
SQL: SELECT SUM(`money_total`) tp_sum FROM `sr_order` WHERE `status` > 20 AND `is_del` = 0 AND `is_hid` = 0 LIMIT 1   [ RunTime:0.0020s ]
SQL: SHOW COLUMNS FROM `sr_member` [ RunTime:0.0180s ]
SQL: SELECT count(id) tp_sum FROM `sr_member` LIMIT 1   [ RunTime:0.0000s ]
SQL: SHOW COLUMNS FROM `sr_product` [ RunTime:0.0110s ]
SQL: SELECT count(id) tp_sum FROM `sr_product` LIMIT 1   [ RunTime:0.0010s ]
SQL: SELECT o.id AS id,o.order_no AS order_no,o.money_total AS money_total,o.add_time AS add_time,o.status AS status,m.username AS username FROM sr_order o LEFT JOIN sr_member m ON m.id=o.member_id WHERE o.is_del = 0 AND o.is_hid = 0 AND o.status IN (10,20,40,70) ORDER BY o.add_time desc LIMIT 7   [ RunTime:0.0010s ]
SQL: SELECT `id`,`username`,`mobile`,`register_ip`,`register_time` FROM `sr_member` WHERE `is_del` = 0 AND `is_hid` = 0 ORDER BY register_time desc LIMIT 7   [ RunTime:0.0000s ]
SQL: SELECT count(*) as c,`status`,DATE_FORMAT(`add_time`, "%Y-%m-%d") as date FROM `sr_order` WHERE `is_del` = 0 AND `is_hid` = 0 AND `status` IN (5,10,20,30,40,50,60,70) AND (`add_time` LIKE '2018-01-02%' OR `add_time` LIKE '2018-01-03%' OR `add_time` LIKE '2018-01-04%' OR `add_time` LIKE '2018-01-05%' OR `add_time` LIKE '2018-01-06%' OR `add_time` LIKE '2018-01-07%' OR `add_time` LIKE '2018-01-08%' OR `add_time` LIKE '2018-01-09%' OR `add_time` LIKE '2018-01-10%' OR `add_time` LIKE '2018-01-11%' OR `add_time` LIKE '2018-01-12%' OR `add_time` LIKE '2018-01-13%' OR `add_time` LIKE '2018-01-14%' OR `add_time` LIKE '2018-01-15%' OR `add_time` LIKE '2018-01-16%' OR `add_time` LIKE '2018-01-17%' OR `add_time` LIKE '2018-01-18%' OR `add_time` LIKE '2018-01-19%' OR `add_time` LIKE '2018-01-20%' OR `add_time` LIKE '2018-01-21%' OR `add_time` LIKE '2018-01-22%' OR `add_time` LIKE '2018-01-23%' OR `add_time` LIKE '2018-01-24%' OR `add_time` LIKE '2018-01-25%' OR `add_time` LIKE '2018-01-26%' OR `add_time` LIKE '2018-01-27%' OR `add_time` LIKE '2018-01-28%' OR `add_time` LIKE '2018-01-29%' OR `add_time` LIKE '2018-01-30%' OR `add_time` LIKE '2018-01-31%' OR `add_time` LIKE '2018-02-01%') GROUP BY `date`,`status`  [ RunTime:0.0040s ]
INFO: [ view_parse ] --START--
INFO: [ template_filter ] --START--
INFO: Run Behavior\ContentReplaceBehavior [ RunTime:0.001000s ]
INFO: [ template_filter ] --END-- [ RunTime:0.001000s ]
NOTIC: [8] Undefined index: order_5 C:\xampp\htdocs\gaochao\Runtime\Cache\Backend\32f31cafcace70025c62f10a867e9d20.php 第 392 行.
NOTIC: [2] array_values() expects parameter 1 to be array, null given C:\xampp\htdocs\gaochao\Runtime\Cache\Backend\32f31cafcace70025c62f10a867e9d20.php 第 392 行.
NOTIC: [8] Undefined index: order_10 C:\xampp\htdocs\gaochao\Runtime\Cache\Backend\32f31cafcace70025c62f10a867e9d20.php 第 406 行.
NOTIC: [2] array_values() expects parameter 1 to be array, null given C:\xampp\htdocs\gaochao\Runtime\Cache\Backend\32f31cafcace70025c62f10a867e9d20.php 第 406 行.
NOTIC: [8] Undefined index: order_20 C:\xampp\htdocs\gaochao\Runtime\Cache\Backend\32f31cafcace70025c62f10a867e9d20.php 第 420 行.
NOTIC: [2] array_values() expects parameter 1 to be array, null given C:\xampp\htdocs\gaochao\Runtime\Cache\Backend\32f31cafcace70025c62f10a867e9d20.php 第 420 行.
NOTIC: [8] Undefined index: order_30 C:\xampp\htdocs\gaochao\Runtime\Cache\Backend\32f31cafcace70025c62f10a867e9d20.php 第 434 行.
NOTIC: [2] array_values() expects parameter 1 to be array, null given C:\xampp\htdocs\gaochao\Runtime\Cache\Backend\32f31cafcace70025c62f10a867e9d20.php 第 434 行.
NOTIC: [8] Undefined index: order_40 C:\xampp\htdocs\gaochao\Runtime\Cache\Backend\32f31cafcace70025c62f10a867e9d20.php 第 448 行.
NOTIC: [2] array_values() expects parameter 1 to be array, null given C:\xampp\htdocs\gaochao\Runtime\Cache\Backend\32f31cafcace70025c62f10a867e9d20.php 第 448 行.
NOTIC: [8] Undefined index: order_50 C:\xampp\htdocs\gaochao\Runtime\Cache\Backend\32f31cafcace70025c62f10a867e9d20.php 第 462 行.
NOTIC: [2] array_values() expects parameter 1 to be array, null given C:\xampp\htdocs\gaochao\Runtime\Cache\Backend\32f31cafcace70025c62f10a867e9d20.php 第 462 行.
NOTIC: [8] Undefined index: order_60 C:\xampp\htdocs\gaochao\Runtime\Cache\Backend\32f31cafcace70025c62f10a867e9d20.php 第 476 行.
NOTIC: [2] array_values() expects parameter 1 to be array, null given C:\xampp\htdocs\gaochao\Runtime\Cache\Backend\32f31cafcace70025c62f10a867e9d20.php 第 476 行.
NOTIC: [8] Undefined index: order_70 C:\xampp\htdocs\gaochao\Runtime\Cache\Backend\32f31cafcace70025c62f10a867e9d20.php 第 490 行.
NOTIC: [2] array_values() expects parameter 1 to be array, null given C:\xampp\htdocs\gaochao\Runtime\Cache\Backend\32f31cafcace70025c62f10a867e9d20.php 第 490 行.
INFO: Run Behavior\ParseTemplateBehavior [ RunTime:0.020001s ]
INFO: [ view_parse ] --END-- [ RunTime:0.020001s ]
INFO: [ view_filter ] --START--
INFO: Run Behavior\WriteHtmlCacheBehavior [ RunTime:0.001000s ]
INFO: Run Behavior\TokenBuildBehavior [ RunTime:0.000000s ]
INFO: [ view_filter ] --END-- [ RunTime:0.001000s ]
INFO: [ app_end ] --START--
INFO: Run Behavior\ShowPageTraceBehavior [ RunTime:0.002000s ]
INFO: [ app_end ] --END-- [ RunTime:0.002000s ]

[ 2018-02-01T08:33:42+08:00 ] ::1 /gaochao/Backend/System/Menu/index.html
INFO: [ app_init ] --START--
INFO: Run Behavior\BuildLiteBehavior [ RunTime:0.000000s ]
INFO: [ app_init ] --END-- [ RunTime:0.001000s ]
INFO: [ app_begin ] --START--
INFO: Run Behavior\ReadHtmlCacheBehavior [ RunTime:0.001001s ]
INFO: Run Behavior\CheckLangBehavior [ RunTime:0.001000s ]
INFO: [ app_begin ] --END-- [ RunTime:0.002001s ]
SQL: SHOW COLUMNS FROM `sr_menu` [ RunTime:0.3520s ]
SQL: SHOW COLUMNS FROM `sr_action_log` [ RunTime:0.0080s ]
SQL: INSERT INTO `sr_action_log` (`url`,`username`,`menu_id`,`title`,`action`,`ip`,`admin_id`,`add_time`) VALUES ('Backend/System/Menu/index','admin','3','系统设置 &gt; 菜单管理 &gt; 菜单管理 &gt; ','浏览','0.0.0.0','1','2018-02-01 08:33:41') [ RunTime:0.1150s ]
SQL: SELECT `id`,`pid`,`path`,`level`,`title`,`url`,`description`,`class`,`display_position`,`sort`,`is_hid`,`is_del`,`is_dev`,`addtime`,`updatetime` FROM `sr_menu` WHERE `pid` = 0 AND `is_del` = 0 ORDER BY sort desc  [ RunTime:0.1280s ]
INFO: [ view_parse ] --START--
INFO: [ template_filter ] --START--
INFO: Run Behavior\ContentReplaceBehavior [ RunTime:0.000000s ]
INFO: [ template_filter ] --END-- [ RunTime:0.000000s ]
NOTIC: [8] Undefined index:  C:\xampp\htdocs\gaochao\Runtime\Cache\Backend\3322c804277f7b3b885fa5133c82783b.php 第 194 行.
INFO: Run Behavior\ParseTemplateBehavior [ RunTime:0.048003s ]
INFO: [ view_parse ] --END-- [ RunTime:0.048003s ]
INFO: [ view_filter ] --START--
INFO: Run Behavior\WriteHtmlCacheBehavior [ RunTime:0.001000s ]
INFO: Run Behavior\TokenBuildBehavior [ RunTime:0.000000s ]
INFO: [ view_filter ] --END-- [ RunTime:0.001000s ]
INFO: [ app_end ] --START--
INFO: Run Behavior\ShowPageTraceBehavior [ RunTime:0.002000s ]
INFO: [ app_end ] --END-- [ RunTime:0.002000s ]

[ 2018-02-01T08:33:44+08:00 ] ::1 /gaochao/Backend/Base/Index/index.html
INFO: [ app_init ] --START--
INFO: Run Behavior\BuildLiteBehavior [ RunTime:0.000000s ]
INFO: [ app_init ] --END-- [ RunTime:0.001001s ]
INFO: [ app_begin ] --START--
INFO: Run Behavior\ReadHtmlCacheBehavior [ RunTime:0.000000s ]
INFO: Run Behavior\CheckLangBehavior [ RunTime:0.002000s ]
INFO: [ app_begin ] --END-- [ RunTime:0.002000s ]
SQL: SHOW COLUMNS FROM `sr_capital_record` [ RunTime:0.0080s ]
SQL: SHOW COLUMNS FROM `sr_action_log` [ RunTime:0.0090s ]
SQL: INSERT INTO `sr_action_log` (`url`,`username`,`menu_id`,`title`,`action`,`ip`,`admin_id`,`add_time`) VALUES ('Backend/Base/Index/index','admin','359','平台管理 &gt; 系统首页 &gt; 系统首页','浏览','0.0.0.0','1','2018-02-01 08:33:43') [ RunTime:0.0430s ]
SQL: SHOW COLUMNS FROM `sr_order` [ RunTime:0.0130s ]
SQL: SELECT count(id) tp_sum FROM `sr_order` WHERE `status` = 20 AND `is_del` = 0 AND `is_hid` = 0 LIMIT 1   [ RunTime:0.0010s ]
SQL: SELECT SUM(`money_total`) tp_sum FROM `sr_order` WHERE `status` > 20 AND `is_del` = 0 AND `is_hid` = 0 LIMIT 1   [ RunTime:0.0010s ]
SQL: SHOW COLUMNS FROM `sr_member` [ RunTime:0.0130s ]
SQL: SELECT count(id) tp_sum FROM `sr_member` LIMIT 1   [ RunTime:0.0010s ]
SQL: SHOW COLUMNS FROM `sr_product` [ RunTime:0.0130s ]
SQL: SELECT count(id) tp_sum FROM `sr_product` LIMIT 1   [ RunTime:0.0000s ]
SQL: SELECT o.id AS id,o.order_no AS order_no,o.money_total AS money_total,o.add_time AS add_time,o.status AS status,m.username AS username FROM sr_order o LEFT JOIN sr_member m ON m.id=o.member_id WHERE o.is_del = 0 AND o.is_hid = 0 AND o.status IN (10,20,40,70) ORDER BY o.add_time desc LIMIT 7   [ RunTime:0.0010s ]
SQL: SELECT `id`,`username`,`mobile`,`register_ip`,`register_time` FROM `sr_member` WHERE `is_del` = 0 AND `is_hid` = 0 ORDER BY register_time desc LIMIT 7   [ RunTime:0.0010s ]
SQL: SELECT count(*) as c,`status`,DATE_FORMAT(`add_time`, "%Y-%m-%d") as date FROM `sr_order` WHERE `is_del` = 0 AND `is_hid` = 0 AND `status` IN (5,10,20,30,40,50,60,70) AND (`add_time` LIKE '2018-01-02%' OR `add_time` LIKE '2018-01-03%' OR `add_time` LIKE '2018-01-04%' OR `add_time` LIKE '2018-01-05%' OR `add_time` LIKE '2018-01-06%' OR `add_time` LIKE '2018-01-07%' OR `add_time` LIKE '2018-01-08%' OR `add_time` LIKE '2018-01-09%' OR `add_time` LIKE '2018-01-10%' OR `add_time` LIKE '2018-01-11%' OR `add_time` LIKE '2018-01-12%' OR `add_time` LIKE '2018-01-13%' OR `add_time` LIKE '2018-01-14%' OR `add_time` LIKE '2018-01-15%' OR `add_time` LIKE '2018-01-16%' OR `add_time` LIKE '2018-01-17%' OR `add_time` LIKE '2018-01-18%' OR `add_time` LIKE '2018-01-19%' OR `add_time` LIKE '2018-01-20%' OR `add_time` LIKE '2018-01-21%' OR `add_time` LIKE '2018-01-22%' OR `add_time` LIKE '2018-01-23%' OR `add_time` LIKE '2018-01-24%' OR `add_time` LIKE '2018-01-25%' OR `add_time` LIKE '2018-01-26%' OR `add_time` LIKE '2018-01-27%' OR `add_time` LIKE '2018-01-28%' OR `add_time` LIKE '2018-01-29%' OR `add_time` LIKE '2018-01-30%' OR `add_time` LIKE '2018-01-31%' OR `add_time` LIKE '2018-02-01%') GROUP BY `date`,`status`  [ RunTime:0.0050s ]
INFO: [ view_parse ] --START--
INFO: [ template_filter ] --START--
INFO: Run Behavior\ContentReplaceBehavior [ RunTime:0.001001s ]
INFO: [ template_filter ] --END-- [ RunTime:0.001001s ]
NOTIC: [8] Undefined index: order_5 C:\xampp\htdocs\gaochao\Runtime\Cache\Backend\32f31cafcace70025c62f10a867e9d20.php 第 392 行.
NOTIC: [2] array_values() expects parameter 1 to be array, null given C:\xampp\htdocs\gaochao\Runtime\Cache\Backend\32f31cafcace70025c62f10a867e9d20.php 第 392 行.
NOTIC: [8] Undefined index: order_10 C:\xampp\htdocs\gaochao\Runtime\Cache\Backend\32f31cafcace70025c62f10a867e9d20.php 第 406 行.
NOTIC: [2] array_values() expects parameter 1 to be array, null given C:\xampp\htdocs\gaochao\Runtime\Cache\Backend\32f31cafcace70025c62f10a867e9d20.php 第 406 行.
NOTIC: [8] Undefined index: order_20 C:\xampp\htdocs\gaochao\Runtime\Cache\Backend\32f31cafcace70025c62f10a867e9d20.php 第 420 行.
NOTIC: [2] array_values() expects parameter 1 to be array, null given C:\xampp\htdocs\gaochao\Runtime\Cache\Backend\32f31cafcace70025c62f10a867e9d20.php 第 420 行.
NOTIC: [8] Undefined index: order_30 C:\xampp\htdocs\gaochao\Runtime\Cache\Backend\32f31cafcace70025c62f10a867e9d20.php 第 434 行.
NOTIC: [2] array_values() expects parameter 1 to be array, null given C:\xampp\htdocs\gaochao\Runtime\Cache\Backend\32f31cafcace70025c62f10a867e9d20.php 第 434 行.
NOTIC: [8] Undefined index: order_40 C:\xampp\htdocs\gaochao\Runtime\Cache\Backend\32f31cafcace70025c62f10a867e9d20.php 第 448 行.
NOTIC: [2] array_values() expects parameter 1 to be array, null given C:\xampp\htdocs\gaochao\Runtime\Cache\Backend\32f31cafcace70025c62f10a867e9d20.php 第 448 行.
NOTIC: [8] Undefined index: order_50 C:\xampp\htdocs\gaochao\Runtime\Cache\Backend\32f31cafcace70025c62f10a867e9d20.php 第 462 行.
NOTIC: [2] array_values() expects parameter 1 to be array, null given C:\xampp\htdocs\gaochao\Runtime\Cache\Backend\32f31cafcace70025c62f10a867e9d20.php 第 462 行.
NOTIC: [8] Undefined index: order_60 C:\xampp\htdocs\gaochao\Runtime\Cache\Backend\32f31cafcace70025c62f10a867e9d20.php 第 476 行.
NOTIC: [2] array_values() expects parameter 1 to be array, null given C:\xampp\htdocs\gaochao\Runtime\Cache\Backend\32f31cafcace70025c62f10a867e9d20.php 第 476 行.
NOTIC: [8] Undefined index: order_70 C:\xampp\htdocs\gaochao\Runtime\Cache\Backend\32f31cafcace70025c62f10a867e9d20.php 第 490 行.
NOTIC: [2] array_values() expects parameter 1 to be array, null given C:\xampp\htdocs\gaochao\Runtime\Cache\Backend\32f31cafcace70025c62f10a867e9d20.php 第 490 行.
INFO: Run Behavior\ParseTemplateBehavior [ RunTime:0.022001s ]
INFO: [ view_parse ] --END-- [ RunTime:0.022001s ]
INFO: [ view_filter ] --START--
INFO: Run Behavior\WriteHtmlCacheBehavior [ RunTime:0.001000s ]
INFO: Run Behavior\TokenBuildBehavior [ RunTime:0.000000s ]
INFO: [ view_filter ] --END-- [ RunTime:0.001000s ]
INFO: [ app_end ] --START--
INFO: Run Behavior\ShowPageTraceBehavior [ RunTime:0.002000s ]
INFO: [ app_end ] --END-- [ RunTime:0.002000s ]

[ 2018-02-01T08:34:52+08:00 ] ::1 /gaochao/Backend/Order/Index/index.html
INFO: [ app_init ] --START--
INFO: Run Behavior\BuildLiteBehavior [ RunTime:0.000000s ]
INFO: [ app_init ] --END-- [ RunTime:0.001000s ]
INFO: [ app_begin ] --START--
INFO: Run Behavior\ReadHtmlCacheBehavior [ RunTime:0.001000s ]
INFO: Run Behavior\CheckLangBehavior [ RunTime:0.001001s ]
INFO: [ app_begin ] --END-- [ RunTime:0.002001s ]
SQL: SHOW COLUMNS FROM `sr_order` [ RunTime:0.0100s ]
SQL: SHOW COLUMNS FROM `sr_action_log` [ RunTime:0.0100s ]
SQL: INSERT INTO `sr_action_log` (`url`,`username`,`menu_id`,`title`,`action`,`ip`,`admin_id`,`add_time`) VALUES ('Backend/Order/Index/index','admin','790','商品管理 &gt; 订单管理 &gt; 订单列表 &gt; ','浏览','0.0.0.0','1','2018-02-01 08:34:52') [ RunTime:0.0290s ]
SQL: SHOW COLUMNS FROM `sr_order` [ RunTime:0.0090s ]
SQL: SHOW COLUMNS FROM `sr_member` [ RunTime:0.0090s ]
SQL: SELECT COUNT(*) AS tp_count FROM sr_order o LEFT JOIN sr_member m ON m.id=o.member_id WHERE o.is_del = 0 AND o.is_hid = 0 AND o.add_time BETWEEN 0 AND '2018-02-01 08:34:52' LIMIT 1   [ RunTime:0.0010s ]
SQL: SELECT o.id AS id,o.type AS type,o.order_no AS order_no,o.deal_no AS deal_no,o.deal_title AS deal_title,o.detail_title AS detail_title,o.money_total AS money_total,o.money_reduction AS money_reduction,o.money_real AS money_real,o.freight AS freight,o.invoice AS invoice,o.receipt_mobile AS receipt_mobile,o.receipt_address AS receipt_address,o.member_id AS member_id,o.seller_id AS seller_id,o.remark AS remark,o.status AS status,o.pay_no AS pay_no,o.pay_type AS pay_type,o.logistics_id AS logistics_id,o.logistics_title AS logistics_title,o.logistics_no AS logistics_no,o.ship_time AS ship_time,o.confirm_time AS confirm_time,o.add_time AS add_time,o.update_time AS update_time,o.subsite_id AS subsite_id,o.is_hid AS is_hid,o.is_del AS is_del,o.pay_time AS pay_time,m.username AS username,m.mobile AS mobile FROM sr_order o LEFT JOIN sr_member m ON m.id=o.member_id WHERE o.is_del = 0 AND o.is_hid = 0 AND o.add_time BETWEEN 0 AND '2018-02-01 08:34:52' ORDER BY o.add_time desc LIMIT 0,10   [ RunTime:0.0020s ]
INFO: [ view_parse ] --START--
INFO: [ template_filter ] --START--
INFO: Run Behavior\ContentReplaceBehavior [ RunTime:0.000000s ]
INFO: [ template_filter ] --END-- [ RunTime:0.000000s ]
NOTIC: [8] Undefined variable: keywords C:\xampp\htdocs\gaochao\Runtime\Cache\Backend\b462377ce009c54cbc5d9bef5a15931c.php 第 197 行.
INFO: Run Behavior\ParseTemplateBehavior [ RunTime:0.230013s ]
INFO: [ view_parse ] --END-- [ RunTime:0.230013s ]
INFO: [ view_filter ] --START--
INFO: Run Behavior\WriteHtmlCacheBehavior [ RunTime:0.001000s ]
INFO: Run Behavior\TokenBuildBehavior [ RunTime:0.001000s ]
INFO: [ view_filter ] --END-- [ RunTime:0.002000s ]
INFO: [ app_end ] --START--
INFO: Run Behavior\ShowPageTraceBehavior [ RunTime:0.001000s ]
INFO: [ app_end ] --END-- [ RunTime:0.001000s ]

[ 2018-02-01T08:35:26+08:00 ] ::1 /gaochao/Backend/Order/Index/index/p/44.html
INFO: [ app_init ] --START--
INFO: Run Behavior\BuildLiteBehavior [ RunTime:0.000000s ]
INFO: [ app_init ] --END-- [ RunTime:0.001000s ]
INFO: [ app_begin ] --START--
INFO: Run Behavior\ReadHtmlCacheBehavior [ RunTime:0.001001s ]
INFO: Run Behavior\CheckLangBehavior [ RunTime:0.001000s ]
INFO: [ app_begin ] --END-- [ RunTime:0.002001s ]
SQL: SHOW COLUMNS FROM `sr_order` [ RunTime:0.0090s ]
SQL: SHOW COLUMNS FROM `sr_action_log` [ RunTime:0.0080s ]
SQL: INSERT INTO `sr_action_log` (`url`,`username`,`menu_id`,`title`,`action`,`ip`,`admin_id`,`add_time`) VALUES ('Backend/Order/Index/index','admin','790','商品管理 &gt; 订单管理 &gt; 订单列表 &gt; ','浏览','0.0.0.0','1','2018-02-01 08:35:26') [ RunTime:0.0110s ]
SQL: SHOW COLUMNS FROM `sr_order` [ RunTime:0.0080s ]
SQL: SHOW COLUMNS FROM `sr_member` [ RunTime:0.0080s ]
SQL: SELECT COUNT(*) AS tp_count FROM sr_order o LEFT JOIN sr_member m ON m.id=o.member_id WHERE o.is_del = 0 AND o.is_hid = 0 AND o.add_time BETWEEN 0 AND '2018-02-01 08:35:26' LIMIT 1   [ RunTime:0.0010s ]
SQL: SELECT o.id AS id,o.type AS type,o.order_no AS order_no,o.deal_no AS deal_no,o.deal_title AS deal_title,o.detail_title AS detail_title,o.money_total AS money_total,o.money_reduction AS money_reduction,o.money_real AS money_real,o.freight AS freight,o.invoice AS invoice,o.receipt_mobile AS receipt_mobile,o.receipt_address AS receipt_address,o.member_id AS member_id,o.seller_id AS seller_id,o.remark AS remark,o.status AS status,o.pay_no AS pay_no,o.pay_type AS pay_type,o.logistics_id AS logistics_id,o.logistics_title AS logistics_title,o.logistics_no AS logistics_no,o.ship_time AS ship_time,o.confirm_time AS confirm_time,o.add_time AS add_time,o.update_time AS update_time,o.subsite_id AS subsite_id,o.is_hid AS is_hid,o.is_del AS is_del,o.pay_time AS pay_time,m.username AS username,m.mobile AS mobile FROM sr_order o LEFT JOIN sr_member m ON m.id=o.member_id WHERE o.is_del = 0 AND o.is_hid = 0 AND o.add_time BETWEEN 0 AND '2018-02-01 08:35:26' ORDER BY o.add_time desc LIMIT 430,10   [ RunTime:0.0030s ]
INFO: [ view_parse ] --START--
INFO: [ template_filter ] --START--
INFO: Run Behavior\ContentReplaceBehavior [ RunTime:0.000000s ]
INFO: [ template_filter ] --END-- [ RunTime:0.000000s ]
NOTIC: [8] Undefined variable: keywords C:\xampp\htdocs\gaochao\Runtime\Cache\Backend\b462377ce009c54cbc5d9bef5a15931c.php 第 197 行.
INFO: Run Behavior\ParseTemplateBehavior [ RunTime:0.014001s ]
INFO: [ view_parse ] --END-- [ RunTime:0.014001s ]
INFO: [ view_filter ] --START--
INFO: Run Behavior\WriteHtmlCacheBehavior [ RunTime:0.001000s ]
INFO: Run Behavior\TokenBuildBehavior [ RunTime:0.000000s ]
INFO: [ view_filter ] --END-- [ RunTime:0.001000s ]
INFO: [ app_end ] --START--
INFO: Run Behavior\ShowPageTraceBehavior [ RunTime:0.000000s ]
INFO: [ app_end ] --END-- [ RunTime:0.000000s ]

[ 2018-02-01T08:35:29+08:00 ] ::1 /gaochao/Backend/Order/Index/index/p/1.html
INFO: [ app_init ] --START--
INFO: Run Behavior\BuildLiteBehavior [ RunTime:0.000000s ]
INFO: [ app_init ] --END-- [ RunTime:0.000000s ]
INFO: [ app_begin ] --START--
INFO: Run Behavior\ReadHtmlCacheBehavior [ RunTime:0.001000s ]
INFO: Run Behavior\CheckLangBehavior [ RunTime:0.001000s ]
INFO: [ app_begin ] --END-- [ RunTime:0.002000s ]
SQL: SHOW COLUMNS FROM `sr_order` [ RunTime:0.0080s ]
SQL: SHOW COLUMNS FROM `sr_action_log` [ RunTime:0.0090s ]
SQL: INSERT INTO `sr_action_log` (`url`,`username`,`menu_id`,`title`,`action`,`ip`,`admin_id`,`add_time`) VALUES ('Backend/Order/Index/index','admin','790','商品管理 &gt; 订单管理 &gt; 订单列表 &gt; ','浏览','0.0.0.0','1','2018-02-01 08:35:28') [ RunTime:0.0170s ]
SQL: SHOW COLUMNS FROM `sr_order` [ RunTime:0.0090s ]
SQL: SHOW COLUMNS FROM `sr_member` [ RunTime:0.0090s ]
SQL: SELECT COUNT(*) AS tp_count FROM sr_order o LEFT JOIN sr_member m ON m.id=o.member_id WHERE o.is_del = 0 AND o.is_hid = 0 AND o.add_time BETWEEN 0 AND '2018-02-01 08:35:29' LIMIT 1   [ RunTime:0.0020s ]
SQL: SELECT o.id AS id,o.type AS type,o.order_no AS order_no,o.deal_no AS deal_no,o.deal_title AS deal_title,o.detail_title AS detail_title,o.money_total AS money_total,o.money_reduction AS money_reduction,o.money_real AS money_real,o.freight AS freight,o.invoice AS invoice,o.receipt_mobile AS receipt_mobile,o.receipt_address AS receipt_address,o.member_id AS member_id,o.seller_id AS seller_id,o.remark AS remark,o.status AS status,o.pay_no AS pay_no,o.pay_type AS pay_type,o.logistics_id AS logistics_id,o.logistics_title AS logistics_title,o.logistics_no AS logistics_no,o.ship_time AS ship_time,o.confirm_time AS confirm_time,o.add_time AS add_time,o.update_time AS update_time,o.subsite_id AS subsite_id,o.is_hid AS is_hid,o.is_del AS is_del,o.pay_time AS pay_time,m.username AS username,m.mobile AS mobile FROM sr_order o LEFT JOIN sr_member m ON m.id=o.member_id WHERE o.is_del = 0 AND o.is_hid = 0 AND o.add_time BETWEEN 0 AND '2018-02-01 08:35:29' ORDER BY o.add_time desc LIMIT 0,10   [ RunTime:0.0010s ]
INFO: [ view_parse ] --START--
INFO: [ template_filter ] --START--
INFO: Run Behavior\ContentReplaceBehavior [ RunTime:0.001000s ]
INFO: [ template_filter ] --END-- [ RunTime:0.001000s ]
NOTIC: [8] Undefined variable: keywords C:\xampp\htdocs\gaochao\Runtime\Cache\Backend\b462377ce009c54cbc5d9bef5a15931c.php 第 197 行.
INFO: Run Behavior\ParseTemplateBehavior [ RunTime:0.018001s ]
INFO: [ view_parse ] --END-- [ RunTime:0.018001s ]
INFO: [ view_filter ] --START--
INFO: Run Behavior\WriteHtmlCacheBehavior [ RunTime:0.002000s ]
INFO: Run Behavior\TokenBuildBehavior [ RunTime:0.000000s ]
INFO: [ view_filter ] --END-- [ RunTime:0.002000s ]
INFO: [ app_end ] --START--
INFO: Run Behavior\ShowPageTraceBehavior [ RunTime:0.001000s ]
INFO: [ app_end ] --END-- [ RunTime:0.001000s ]

[ 2018-02-01T08:35:38+08:00 ] ::1 /gaochao/Backend/Order/Index/detail/p/1/ids/460.html
INFO: [ app_init ] --START--
INFO: Run Behavior\BuildLiteBehavior [ RunTime:0.000000s ]
INFO: [ app_init ] --END-- [ RunTime:0.001000s ]
INFO: [ app_begin ] --START--
INFO: Run Behavior\ReadHtmlCacheBehavior [ RunTime:0.000000s ]
INFO: Run Behavior\CheckLangBehavior [ RunTime:0.001000s ]
INFO: [ app_begin ] --END-- [ RunTime:0.002000s ]
SQL: SHOW COLUMNS FROM `sr_order` [ RunTime:0.0080s ]
SQL: SHOW COLUMNS FROM `sr_action_log` [ RunTime:0.0080s ]
SQL: INSERT INTO `sr_action_log` (`url`,`username`,`menu_id`,`title`,`action`,`ip`,`admin_id`,`add_time`) VALUES ('Backend/Order/Index/index','admin','791','商品管理 &gt; 订单管理 &gt; 订单列表 &gt; 详情','详情','0.0.0.0','1','2018-02-01 08:35:38') [ RunTime:0.0160s ]
SQL: SHOW COLUMNS FROM `sr_order` [ RunTime:0.0090s ]
SQL: SHOW COLUMNS FROM `sr_member` [ RunTime:0.0080s ]
SQL: SELECT o.id AS id,o.type AS type,o.order_no AS order_no,o.deal_no AS deal_no,o.deal_title AS deal_title,o.detail_title AS detail_title,o.money_total AS money_total,o.money_reduction AS money_reduction,o.money_real AS money_real,o.freight AS freight,o.invoice AS invoice,o.receipt_mobile AS receipt_mobile,o.receipt_address AS receipt_address,o.member_id AS member_id,o.seller_id AS seller_id,o.remark AS remark,o.status AS status,o.pay_no AS pay_no,o.pay_type AS pay_type,o.logistics_id AS logistics_id,o.logistics_title AS logistics_title,o.logistics_no AS logistics_no,o.ship_time AS ship_time,o.confirm_time AS confirm_time,o.add_time AS add_time,o.update_time AS update_time,o.subsite_id AS subsite_id,o.is_hid AS is_hid,o.is_del AS is_del,o.pay_time AS pay_time,m.username AS username,m.mobile AS mobile FROM sr_order o LEFT JOIN sr_member m ON m.id=o.member_id WHERE o.is_del = 0 AND o.is_hid = 0 AND o.id = 460 LIMIT 1   [ RunTime:0.0000s ]
SQL: SHOW COLUMNS FROM `sr_order` [ RunTime:0.0140s ]
SQL: SHOW COLUMNS FROM `sr_order_log` [ RunTime:0.0690s ]
SQL: SELECT id as log_id,`status`,`remark`,`add_time` FROM `sr_order_log` WHERE `order_id` = 460 ORDER BY add_time asc  [ RunTime:0.0930s ]
SQL: SHOW COLUMNS FROM `sr_order_detail` [ RunTime:0.0790s ]
ERR: Too few arguments to function Think\Model::field(), 0 passed in C:\xampp\htdocs\gaochao\Application\Backend\Controller\Order\IndexController.class.php on line 86 and at least 1 expected

[ 2018-02-01T08:35:55+08:00 ] ::1 /gaochao/Backend/System/Menu/index.html
INFO: [ app_init ] --START--
INFO: Run Behavior\BuildLiteBehavior [ RunTime:0.000000s ]
INFO: [ app_init ] --END-- [ RunTime:0.001001s ]
INFO: [ app_begin ] --START--
INFO: Run Behavior\ReadHtmlCacheBehavior [ RunTime:0.000000s ]
INFO: Run Behavior\CheckLangBehavior [ RunTime:0.002000s ]
INFO: [ app_begin ] --END-- [ RunTime:0.002000s ]
SQL: SHOW COLUMNS FROM `sr_menu` [ RunTime:0.0100s ]
SQL: SHOW COLUMNS FROM `sr_action_log` [ RunTime:0.0060s ]
SQL: INSERT INTO `sr_action_log` (`url`,`username`,`menu_id`,`title`,`action`,`ip`,`admin_id`,`add_time`) VALUES ('Backend/System/Menu/index','admin','3','系统设置 &gt; 菜单管理 &gt; 菜单管理 &gt; ','浏览','0.0.0.0','1','2018-02-01 08:35:55') [ RunTime:0.0280s ]
SQL: SELECT `id`,`pid`,`path`,`level`,`title`,`url`,`description`,`class`,`display_position`,`sort`,`is_hid`,`is_del`,`is_dev`,`addtime`,`updatetime` FROM `sr_menu` WHERE `pid` = 0 AND `is_del` = 0 ORDER BY sort desc  [ RunTime:0.0000s ]
INFO: [ view_parse ] --START--
INFO: [ template_filter ] --START--
INFO: Run Behavior\ContentReplaceBehavior [ RunTime:0.000000s ]
INFO: [ template_filter ] --END-- [ RunTime:0.001000s ]
NOTIC: [8] Undefined index:  C:\xampp\htdocs\gaochao\Runtime\Cache\Backend\3322c804277f7b3b885fa5133c82783b.php 第 194 行.
INFO: Run Behavior\ParseTemplateBehavior [ RunTime:0.017001s ]
INFO: [ view_parse ] --END-- [ RunTime:0.017001s ]
INFO: [ view_filter ] --START--
INFO: Run Behavior\WriteHtmlCacheBehavior [ RunTime:0.000000s ]
INFO: Run Behavior\TokenBuildBehavior [ RunTime:0.001000s ]
INFO: [ view_filter ] --END-- [ RunTime:0.001000s ]
INFO: [ app_end ] --START--
INFO: Run Behavior\ShowPageTraceBehavior [ RunTime:0.001000s ]
INFO: [ app_end ] --END-- [ RunTime:0.001000s ]

[ 2018-02-01T08:35:57+08:00 ] ::1 /gaochao/Backend/Base/Index/index.html
INFO: [ app_init ] --START--
INFO: Run Behavior\BuildLiteBehavior [ RunTime:0.000000s ]
INFO: [ app_init ] --END-- [ RunTime:0.001000s ]
INFO: [ app_begin ] --START--
INFO: Run Behavior\ReadHtmlCacheBehavior [ RunTime:0.001000s ]
INFO: Run Behavior\CheckLangBehavior [ RunTime:0.001000s ]
INFO: [ app_begin ] --END-- [ RunTime:0.002000s ]
SQL: SHOW COLUMNS FROM `sr_capital_record` [ RunTime:0.0090s ]
SQL: SHOW COLUMNS FROM `sr_action_log` [ RunTime:0.0100s ]
SQL: INSERT INTO `sr_action_log` (`url`,`username`,`menu_id`,`title`,`action`,`ip`,`admin_id`,`add_time`) VALUES ('Backend/Base/Index/index','admin','359','平台管理 &gt; 系统首页 &gt; 系统首页','浏览','0.0.0.0','1','2018-02-01 08:35:57') [ RunTime:0.0280s ]
SQL: SHOW COLUMNS FROM `sr_order` [ RunTime:0.0080s ]
SQL: SELECT count(id) tp_sum FROM `sr_order` WHERE `status` = 20 AND `is_del` = 0 AND `is_hid` = 0 LIMIT 1   [ RunTime:0.0000s ]
SQL: SELECT SUM(`money_total`) tp_sum FROM `sr_order` WHERE `status` > 20 AND `is_del` = 0 AND `is_hid` = 0 LIMIT 1   [ RunTime:0.0010s ]
SQL: SHOW COLUMNS FROM `sr_member` [ RunTime:0.0100s ]
SQL: SELECT count(id) tp_sum FROM `sr_member` LIMIT 1   [ RunTime:0.0010s ]
SQL: SHOW COLUMNS FROM `sr_product` [ RunTime:0.0090s ]
SQL: SELECT count(id) tp_sum FROM `sr_product` LIMIT 1   [ RunTime:0.0000s ]
SQL: SELECT o.id AS id,o.order_no AS order_no,o.money_total AS money_total,o.add_time AS add_time,o.status AS status,m.username AS username FROM sr_order o LEFT JOIN sr_member m ON m.id=o.member_id WHERE o.is_del = 0 AND o.is_hid = 0 AND o.status IN (10,20,40,70) ORDER BY o.add_time desc LIMIT 7   [ RunTime:0.0010s ]
SQL: SELECT `id`,`username`,`mobile`,`register_ip`,`register_time` FROM `sr_member` WHERE `is_del` = 0 AND `is_hid` = 0 ORDER BY register_time desc LIMIT 7   [ RunTime:0.0000s ]
SQL: SELECT count(*) as c,`status`,DATE_FORMAT(`add_time`, "%Y-%m-%d") as date FROM `sr_order` WHERE `is_del` = 0 AND `is_hid` = 0 AND `status` IN (5,10,20,30,40,50,60,70) AND (`add_time` LIKE '2018-01-02%' OR `add_time` LIKE '2018-01-03%' OR `add_time` LIKE '2018-01-04%' OR `add_time` LIKE '2018-01-05%' OR `add_time` LIKE '2018-01-06%' OR `add_time` LIKE '2018-01-07%' OR `add_time` LIKE '2018-01-08%' OR `add_time` LIKE '2018-01-09%' OR `add_time` LIKE '2018-01-10%' OR `add_time` LIKE '2018-01-11%' OR `add_time` LIKE '2018-01-12%' OR `add_time` LIKE '2018-01-13%' OR `add_time` LIKE '2018-01-14%' OR `add_time` LIKE '2018-01-15%' OR `add_time` LIKE '2018-01-16%' OR `add_time` LIKE '2018-01-17%' OR `add_time` LIKE '2018-01-18%' OR `add_time` LIKE '2018-01-19%' OR `add_time` LIKE '2018-01-20%' OR `add_time` LIKE '2018-01-21%' OR `add_time` LIKE '2018-01-22%' OR `add_time` LIKE '2018-01-23%' OR `add_time` LIKE '2018-01-24%' OR `add_time` LIKE '2018-01-25%' OR `add_time` LIKE '2018-01-26%' OR `add_time` LIKE '2018-01-27%' OR `add_time` LIKE '2018-01-28%' OR `add_time` LIKE '2018-01-29%' OR `add_time` LIKE '2018-01-30%' OR `add_time` LIKE '2018-01-31%' OR `add_time` LIKE '2018-02-01%') GROUP BY `date`,`status`  [ RunTime:0.0040s ]
INFO: [ view_parse ] --START--
INFO: [ template_filter ] --START--
INFO: Run Behavior\ContentReplaceBehavior [ RunTime:0.000000s ]
INFO: [ template_filter ] --END-- [ RunTime:0.000000s ]
NOTIC: [8] Undefined index: order_5 C:\xampp\htdocs\gaochao\Runtime\Cache\Backend\32f31cafcace70025c62f10a867e9d20.php 第 392 行.
NOTIC: [2] array_values() expects parameter 1 to be array, null given C:\xampp\htdocs\gaochao\Runtime\Cache\Backend\32f31cafcace70025c62f10a867e9d20.php 第 392 行.
NOTIC: [8] Undefined index: order_10 C:\xampp\htdocs\gaochao\Runtime\Cache\Backend\32f31cafcace70025c62f10a867e9d20.php 第 406 行.
NOTIC: [2] array_values() expects parameter 1 to be array, null given C:\xampp\htdocs\gaochao\Runtime\Cache\Backend\32f31cafcace70025c62f10a867e9d20.php 第 406 行.
NOTIC: [8] Undefined index: order_20 C:\xampp\htdocs\gaochao\Runtime\Cache\Backend\32f31cafcace70025c62f10a867e9d20.php 第 420 行.
NOTIC: [2] array_values() expects parameter 1 to be array, null given C:\xampp\htdocs\gaochao\Runtime\Cache\Backend\32f31cafcace70025c62f10a867e9d20.php 第 420 行.
NOTIC: [8] Undefined index: order_30 C:\xampp\htdocs\gaochao\Runtime\Cache\Backend\32f31cafcace70025c62f10a867e9d20.php 第 434 行.
NOTIC: [2] array_values() expects parameter 1 to be array, null given C:\xampp\htdocs\gaochao\Runtime\Cache\Backend\32f31cafcace70025c62f10a867e9d20.php 第 434 行.
NOTIC: [8] Undefined index: order_40 C:\xampp\htdocs\gaochao\Runtime\Cache\Backend\32f31cafcace70025c62f10a867e9d20.php 第 448 行.
NOTIC: [2] array_values() expects parameter 1 to be array, null given C:\xampp\htdocs\gaochao\Runtime\Cache\Backend\32f31cafcace70025c62f10a867e9d20.php 第 448 行.
NOTIC: [8] Undefined index: order_50 C:\xampp\htdocs\gaochao\Runtime\Cache\Backend\32f31cafcace70025c62f10a867e9d20.php 第 462 行.
NOTIC: [2] array_values() expects parameter 1 to be array, null given C:\xampp\htdocs\gaochao\Runtime\Cache\Backend\32f31cafcace70025c62f10a867e9d20.php 第 462 行.
NOTIC: [8] Undefined index: order_60 C:\xampp\htdocs\gaochao\Runtime\Cache\Backend\32f31cafcace70025c62f10a867e9d20.php 第 476 行.
NOTIC: [2] array_values() expects parameter 1 to be array, null given C:\xampp\htdocs\gaochao\Runtime\Cache\Backend\32f31cafcace70025c62f10a867e9d20.php 第 476 行.
NOTIC: [8] Undefined index: order_70 C:\xampp\htdocs\gaochao\Runtime\Cache\Backend\32f31cafcace70025c62f10a867e9d20.php 第 490 行.
NOTIC: [2] array_values() expects parameter 1 to be array, null given C:\xampp\htdocs\gaochao\Runtime\Cache\Backend\32f31cafcace70025c62f10a867e9d20.php 第 490 行.
INFO: Run Behavior\ParseTemplateBehavior [ RunTime:0.020001s ]
INFO: [ view_parse ] --END-- [ RunTime:0.020001s ]
INFO: [ view_filter ] --START--
INFO: Run Behavior\WriteHtmlCacheBehavior [ RunTime:0.001000s ]
INFO: Run Behavior\TokenBuildBehavior [ RunTime:0.001001s ]
INFO: [ view_filter ] --END-- [ RunTime:0.002001s ]
INFO: [ app_end ] --START--
INFO: Run Behavior\ShowPageTraceBehavior [ RunTime:0.001000s ]
INFO: [ app_end ] --END-- [ RunTime:0.001000s ]

[ 2018-02-01T13:32:08+08:00 ] ::1 /gaochao/Backend
INFO: [ app_init ] --START--
INFO: Run Behavior\BuildLiteBehavior [ RunTime:0.000000s ]
INFO: [ app_init ] --END-- [ RunTime:0.012001s ]
INFO: [ app_begin ] --START--
INFO: Run Behavior\ReadHtmlCacheBehavior [ RunTime:0.047003s ]
INFO: Run Behavior\CheckLangBehavior [ RunTime:0.206012s ]
INFO: [ app_begin ] --END-- [ RunTime:0.253015s ]
INFO: [ view_parse ] --START--
INFO: [ template_filter ] --START--
INFO: Run Behavior\ContentReplaceBehavior [ RunTime:0.001000s ]
INFO: [ template_filter ] --END-- [ RunTime:0.001000s ]
INFO: Run Behavior\ParseTemplateBehavior [ RunTime:0.519030s ]
INFO: [ view_parse ] --END-- [ RunTime:0.519030s ]
INFO: [ view_filter ] --START--
INFO: Run Behavior\WriteHtmlCacheBehavior [ RunTime:0.139008s ]
INFO: Run Behavior\TokenBuildBehavior [ RunTime:0.031002s ]
INFO: [ view_filter ] --END-- [ RunTime:0.170010s ]
INFO: [ app_end ] --START--
INFO: Run Behavior\ShowPageTraceBehavior [ RunTime:0.042002s ]
INFO: [ app_end ] --END-- [ RunTime:0.042002s ]

[ 2018-02-01T13:32:13+08:00 ] ::1 /gaochao/Backend/Base/Index/index.html
INFO: [ app_init ] --START--
INFO: Run Behavior\BuildLiteBehavior [ RunTime:0.000000s ]
INFO: [ app_init ] --END-- [ RunTime:0.000000s ]
INFO: [ app_begin ] --START--
INFO: Run Behavior\ReadHtmlCacheBehavior [ RunTime:0.001000s ]
INFO: Run Behavior\CheckLangBehavior [ RunTime:0.001000s ]
INFO: [ app_begin ] --END-- [ RunTime:0.002000s ]
SQL: SHOW COLUMNS FROM `sr_capital_record` [ RunTime:0.2210s ]
SQL: SHOW COLUMNS FROM `sr_action_log` [ RunTime:0.0560s ]
SQL: INSERT INTO `sr_action_log` (`url`,`username`,`menu_id`,`title`,`action`,`ip`,`admin_id`,`add_time`) VALUES ('Backend/Base/Index/index','admin','359','平台管理 &gt; 系统首页 &gt; 系统首页','浏览','0.0.0.0','1','2018-02-01 13:32:10') [ RunTime:0.1820s ]
SQL: SHOW COLUMNS FROM `sr_order` [ RunTime:0.0190s ]
SQL: SELECT count(id) tp_sum FROM `sr_order` WHERE `status` = 20 AND `is_del` = 0 AND `is_hid` = 0 LIMIT 1   [ RunTime:0.0680s ]
SQL: SELECT SUM(`money_total`) tp_sum FROM `sr_order` WHERE `status` > 20 AND `is_del` = 0 AND `is_hid` = 0 LIMIT 1   [ RunTime:0.0010s ]
SQL: SHOW COLUMNS FROM `sr_member` [ RunTime:0.0960s ]
SQL: SELECT count(id) tp_sum FROM `sr_member` LIMIT 1   [ RunTime:0.0000s ]
SQL: SHOW COLUMNS FROM `sr_product` [ RunTime:0.0200s ]
SQL: SELECT count(id) tp_sum FROM `sr_product` LIMIT 1   [ RunTime:0.0380s ]
SQL: SELECT o.id AS id,o.order_no AS order_no,o.money_total AS money_total,o.add_time AS add_time,o.status AS status,m.username AS username FROM sr_order o LEFT JOIN sr_member m ON m.id=o.member_id WHERE o.is_del = 0 AND o.is_hid = 0 AND o.status IN (10,20,40,70) ORDER BY o.add_time desc LIMIT 7   [ RunTime:0.1380s ]
SQL: SELECT `id`,`username`,`mobile`,`register_ip`,`register_time` FROM `sr_member` WHERE `is_del` = 0 AND `is_hid` = 0 ORDER BY register_time desc LIMIT 7   [ RunTime:0.0020s ]
SQL: SELECT count(*) as c,`status`,DATE_FORMAT(`add_time`, "%Y-%m-%d") as date FROM `sr_order` WHERE `is_del` = 0 AND `is_hid` = 0 AND `status` IN (5,10,20,30,40,50,60,70) AND (`add_time` LIKE '2018-01-02%' OR `add_time` LIKE '2018-01-03%' OR `add_time` LIKE '2018-01-04%' OR `add_time` LIKE '2018-01-05%' OR `add_time` LIKE '2018-01-06%' OR `add_time` LIKE '2018-01-07%' OR `add_time` LIKE '2018-01-08%' OR `add_time` LIKE '2018-01-09%' OR `add_time` LIKE '2018-01-10%' OR `add_time` LIKE '2018-01-11%' OR `add_time` LIKE '2018-01-12%' OR `add_time` LIKE '2018-01-13%' OR `add_time` LIKE '2018-01-14%' OR `add_time` LIKE '2018-01-15%' OR `add_time` LIKE '2018-01-16%' OR `add_time` LIKE '2018-01-17%' OR `add_time` LIKE '2018-01-18%' OR `add_time` LIKE '2018-01-19%' OR `add_time` LIKE '2018-01-20%' OR `add_time` LIKE '2018-01-21%' OR `add_time` LIKE '2018-01-22%' OR `add_time` LIKE '2018-01-23%' OR `add_time` LIKE '2018-01-24%' OR `add_time` LIKE '2018-01-25%' OR `add_time` LIKE '2018-01-26%' OR `add_time` LIKE '2018-01-27%' OR `add_time` LIKE '2018-01-28%' OR `add_time` LIKE '2018-01-29%' OR `add_time` LIKE '2018-01-30%' OR `add_time` LIKE '2018-01-31%' OR `add_time` LIKE '2018-02-01%') GROUP BY `date`,`status`  [ RunTime:0.6170s ]
INFO: [ view_parse ] --START--
INFO: [ template_filter ] --START--
INFO: Run Behavior\ContentReplaceBehavior [ RunTime:0.000000s ]
INFO: [ template_filter ] --END-- [ RunTime:0.000000s ]
NOTIC: [8] Undefined index: order_5 C:\xampp\htdocs\gaochao\Runtime\Cache\Backend\32f31cafcace70025c62f10a867e9d20.php 第 392 行.
NOTIC: [2] array_values() expects parameter 1 to be array, null given C:\xampp\htdocs\gaochao\Runtime\Cache\Backend\32f31cafcace70025c62f10a867e9d20.php 第 392 行.
NOTIC: [8] Undefined index: order_10 C:\xampp\htdocs\gaochao\Runtime\Cache\Backend\32f31cafcace70025c62f10a867e9d20.php 第 406 行.
NOTIC: [2] array_values() expects parameter 1 to be array, null given C:\xampp\htdocs\gaochao\Runtime\Cache\Backend\32f31cafcace70025c62f10a867e9d20.php 第 406 行.
NOTIC: [8] Undefined index: order_20 C:\xampp\htdocs\gaochao\Runtime\Cache\Backend\32f31cafcace70025c62f10a867e9d20.php 第 420 行.
NOTIC: [2] array_values() expects parameter 1 to be array, null given C:\xampp\htdocs\gaochao\Runtime\Cache\Backend\32f31cafcace70025c62f10a867e9d20.php 第 420 行.
NOTIC: [8] Undefined index: order_30 C:\xampp\htdocs\gaochao\Runtime\Cache\Backend\32f31cafcace70025c62f10a867e9d20.php 第 434 行.
NOTIC: [2] array_values() expects parameter 1 to be array, null given C:\xampp\htdocs\gaochao\Runtime\Cache\Backend\32f31cafcace70025c62f10a867e9d20.php 第 434 行.
NOTIC: [8] Undefined index: order_40 C:\xampp\htdocs\gaochao\Runtime\Cache\Backend\32f31cafcace70025c62f10a867e9d20.php 第 448 行.
NOTIC: [2] array_values() expects parameter 1 to be array, null given C:\xampp\htdocs\gaochao\Runtime\Cache\Backend\32f31cafcace70025c62f10a867e9d20.php 第 448 行.
NOTIC: [8] Undefined index: order_50 C:\xampp\htdocs\gaochao\Runtime\Cache\Backend\32f31cafcace70025c62f10a867e9d20.php 第 462 行.
NOTIC: [2] array_values() expects parameter 1 to be array, null given C:\xampp\htdocs\gaochao\Runtime\Cache\Backend\32f31cafcace70025c62f10a867e9d20.php 第 462 行.
NOTIC: [8] Undefined index: order_60 C:\xampp\htdocs\gaochao\Runtime\Cache\Backend\32f31cafcace70025c62f10a867e9d20.php 第 476 行.
NOTIC: [2] array_values() expects parameter 1 to be array, null given C:\xampp\htdocs\gaochao\Runtime\Cache\Backend\32f31cafcace70025c62f10a867e9d20.php 第 476 行.
NOTIC: [8] Undefined index: order_70 C:\xampp\htdocs\gaochao\Runtime\Cache\Backend\32f31cafcace70025c62f10a867e9d20.php 第 490 行.
NOTIC: [2] array_values() expects parameter 1 to be array, null given C:\xampp\htdocs\gaochao\Runtime\Cache\Backend\32f31cafcace70025c62f10a867e9d20.php 第 490 行.
INFO: Run Behavior\ParseTemplateBehavior [ RunTime:1.208069s ]
INFO: [ view_parse ] --END-- [ RunTime:1.208069s ]
INFO: [ view_filter ] --START--
INFO: Run Behavior\WriteHtmlCacheBehavior [ RunTime:0.001000s ]
INFO: Run Behavior\TokenBuildBehavior [ RunTime:0.000000s ]
INFO: [ view_filter ] --END-- [ RunTime:0.002000s ]
INFO: [ app_end ] --START--
INFO: Run Behavior\ShowPageTraceBehavior [ RunTime:0.002000s ]
INFO: [ app_end ] --END-- [ RunTime:0.002000s ]

[ 2018-02-01T13:32:30+08:00 ] ::1 /gaochao/Backend/System/Menu/index.html
INFO: [ app_init ] --START--
INFO: Run Behavior\BuildLiteBehavior [ RunTime:0.000000s ]
INFO: [ app_init ] --END-- [ RunTime:0.001000s ]
INFO: [ app_begin ] --START--
INFO: Run Behavior\ReadHtmlCacheBehavior [ RunTime:0.002001s ]
INFO: Run Behavior\CheckLangBehavior [ RunTime:0.002000s ]
INFO: [ app_begin ] --END-- [ RunTime:0.004001s ]
SQL: SHOW COLUMNS FROM `sr_menu` [ RunTime:0.0890s ]
SQL: SHOW COLUMNS FROM `sr_action_log` [ RunTime:0.0090s ]
SQL: INSERT INTO `sr_action_log` (`url`,`username`,`menu_id`,`title`,`action`,`ip`,`admin_id`,`add_time`) VALUES ('Backend/System/Menu/index','admin','3','系统设置 &gt; 菜单管理 &gt; 菜单管理 &gt; ','浏览','0.0.0.0','1','2018-02-01 13:32:30') [ RunTime:0.0540s ]
SQL: SELECT `id`,`pid`,`path`,`level`,`title`,`url`,`description`,`class`,`display_position`,`sort`,`is_hid`,`is_del`,`is_dev`,`addtime`,`updatetime` FROM `sr_menu` WHERE `pid` = 0 AND `is_del` = 0 ORDER BY sort desc  [ RunTime:0.2370s ]
INFO: [ view_parse ] --START--
INFO: [ template_filter ] --START--
INFO: Run Behavior\ContentReplaceBehavior [ RunTime:0.000000s ]
INFO: [ template_filter ] --END-- [ RunTime:0.000000s ]
NOTIC: [8] Undefined index:  C:\xampp\htdocs\gaochao\Runtime\Cache\Backend\3322c804277f7b3b885fa5133c82783b.php 第 194 行.
INFO: Run Behavior\ParseTemplateBehavior [ RunTime:0.118007s ]
INFO: [ view_parse ] --END-- [ RunTime:0.118007s ]
INFO: [ view_filter ] --START--
INFO: Run Behavior\WriteHtmlCacheBehavior [ RunTime:0.001000s ]
INFO: Run Behavior\TokenBuildBehavior [ RunTime:0.000000s ]
INFO: [ view_filter ] --END-- [ RunTime:0.001000s ]
INFO: [ app_end ] --START--
INFO: Run Behavior\ShowPageTraceBehavior [ RunTime:0.001000s ]
INFO: [ app_end ] --END-- [ RunTime:0.001000s ]

[ 2018-02-01T13:32:35+08:00 ] ::1 /gaochao/Backend/System/Menu/index/pid/683/level/1.html
INFO: [ app_init ] --START--
INFO: Run Behavior\BuildLiteBehavior [ RunTime:0.000000s ]
INFO: [ app_init ] --END-- [ RunTime:0.001000s ]
INFO: [ app_begin ] --START--
INFO: Run Behavior\ReadHtmlCacheBehavior [ RunTime:0.001000s ]
INFO: Run Behavior\CheckLangBehavior [ RunTime:0.002000s ]
INFO: [ app_begin ] --END-- [ RunTime:0.003000s ]
SQL: SHOW COLUMNS FROM `sr_menu` [ RunTime:0.0110s ]
SQL: SHOW COLUMNS FROM `sr_action_log` [ RunTime:0.0100s ]
SQL: INSERT INTO `sr_action_log` (`url`,`username`,`menu_id`,`title`,`action`,`ip`,`admin_id`,`add_time`) VALUES ('Backend/System/Menu/index','admin','3','系统设置 &gt; 菜单管理 &gt; 菜单管理 &gt; ','浏览','0.0.0.0','1','2018-02-01 13:32:35') [ RunTime:0.0340s ]
SQL: SELECT `id`,`pid`,`path`,`level`,`title`,`url`,`description`,`class`,`display_position`,`sort`,`is_hid`,`is_del`,`is_dev`,`addtime`,`updatetime` FROM `sr_menu` WHERE `pid` = 683 AND `is_del` = 0 ORDER BY sort desc  [ RunTime:0.0010s ]
SQL: SELECT `id`,`pid`,`path`,`level`,`title`,`url`,`description`,`class`,`display_position`,`sort`,`is_hid`,`is_del`,`is_dev`,`addtime`,`updatetime` FROM `sr_menu` WHERE `id` = 683 AND `is_del` = 0 LIMIT 1   [ RunTime:0.0010s ]
INFO: [ view_parse ] --START--
INFO: [ template_filter ] --START--
INFO: Run Behavior\ContentReplaceBehavior [ RunTime:0.001000s ]
INFO: [ template_filter ] --END-- [ RunTime:0.001000s ]
INFO: Run Behavior\ParseTemplateBehavior [ RunTime:0.017001s ]
INFO: [ view_parse ] --END-- [ RunTime:0.017001s ]
INFO: [ view_filter ] --START--
INFO: Run Behavior\WriteHtmlCacheBehavior [ RunTime:0.000000s ]
INFO: Run Behavior\TokenBuildBehavior [ RunTime:0.001000s ]
INFO: [ view_filter ] --END-- [ RunTime:0.001000s ]
INFO: [ app_end ] --START--
INFO: Run Behavior\ShowPageTraceBehavior [ RunTime:0.000000s ]
INFO: [ app_end ] --END-- [ RunTime:0.000000s ]

[ 2018-02-01T13:32:36+08:00 ] ::1 /gaochao/Backend/System/Menu/index/pid/783/level/2.html
INFO: [ app_init ] --START--
INFO: Run Behavior\BuildLiteBehavior [ RunTime:0.000000s ]
INFO: [ app_init ] --END-- [ RunTime:0.001000s ]
INFO: [ app_begin ] --START--
INFO: Run Behavior\ReadHtmlCacheBehavior [ RunTime:0.001000s ]
INFO: Run Behavior\CheckLangBehavior [ RunTime:0.001000s ]
INFO: [ app_begin ] --END-- [ RunTime:0.002000s ]
SQL: SHOW COLUMNS FROM `sr_menu` [ RunTime:0.0100s ]
SQL: SHOW COLUMNS FROM `sr_action_log` [ RunTime:0.0100s ]
SQL: INSERT INTO `sr_action_log` (`url`,`username`,`menu_id`,`title`,`action`,`ip`,`admin_id`,`add_time`) VALUES ('Backend/System/Menu/index','admin','3','系统设置 &gt; 菜单管理 &gt; 菜单管理 &gt; ','浏览','0.0.0.0','1','2018-02-01 13:32:36') [ RunTime:0.0110s ]
SQL: SELECT `id`,`pid`,`path`,`level`,`title`,`url`,`description`,`class`,`display_position`,`sort`,`is_hid`,`is_del`,`is_dev`,`addtime`,`updatetime` FROM `sr_menu` WHERE `pid` = 783 AND `is_del` = 0 ORDER BY sort desc  [ RunTime:0.0000s ]
SQL: SELECT `id`,`pid`,`path`,`level`,`title`,`url`,`description`,`class`,`display_position`,`sort`,`is_hid`,`is_del`,`is_dev`,`addtime`,`updatetime` FROM `sr_menu` WHERE `id` = 783 AND `is_del` = 0 LIMIT 1   [ RunTime:0.0000s ]
INFO: [ view_parse ] --START--
INFO: [ template_filter ] --START--
INFO: Run Behavior\ContentReplaceBehavior [ RunTime:0.000000s ]
INFO: [ template_filter ] --END-- [ RunTime:0.000000s ]
INFO: Run Behavior\ParseTemplateBehavior [ RunTime:0.016001s ]
INFO: [ view_parse ] --END-- [ RunTime:0.016001s ]
INFO: [ view_filter ] --START--
INFO: Run Behavior\WriteHtmlCacheBehavior [ RunTime:0.001000s ]
INFO: Run Behavior\TokenBuildBehavior [ RunTime:0.000000s ]
INFO: [ view_filter ] --END-- [ RunTime:0.001000s ]
INFO: [ app_end ] --START--
INFO: Run Behavior\ShowPageTraceBehavior [ RunTime:0.000000s ]
INFO: [ app_end ] --END-- [ RunTime:0.001000s ]

[ 2018-02-01T13:32:38+08:00 ] ::1 /gaochao/Backend/System/Menu/add/pid/783/level/2.html
INFO: [ app_init ] --START--
INFO: Run Behavior\BuildLiteBehavior [ RunTime:0.000000s ]
INFO: [ app_init ] --END-- [ RunTime:0.000000s ]
INFO: [ app_begin ] --START--
INFO: Run Behavior\ReadHtmlCacheBehavior [ RunTime:0.000000s ]
INFO: Run Behavior\CheckLangBehavior [ RunTime:0.001000s ]
INFO: [ app_begin ] --END-- [ RunTime:0.001000s ]
SQL: SHOW COLUMNS FROM `sr_menu` [ RunTime:0.0070s ]
SQL: SHOW COLUMNS FROM `sr_action_log` [ RunTime:0.0110s ]
SQL: INSERT INTO `sr_action_log` (`url`,`username`,`menu_id`,`title`,`action`,`ip`,`admin_id`,`add_time`) VALUES ('Backend/System/Menu/index','admin','4','系统设置 &gt; 菜单管理 &gt; 菜单管理 &gt; 添加','添加','0.0.0.0','1','2018-02-01 13:32:38') [ RunTime:0.0330s ]
INFO: [ view_parse ] --START--
INFO: [ template_filter ] --START--
INFO: Run Behavior\ContentReplaceBehavior [ RunTime:0.000000s ]
INFO: [ template_filter ] --END-- [ RunTime:0.000000s ]
INFO: Run Behavior\ParseTemplateBehavior [ RunTime:0.049003s ]
INFO: [ view_parse ] --END-- [ RunTime:0.049003s ]
INFO: [ view_filter ] --START--
INFO: Run Behavior\WriteHtmlCacheBehavior [ RunTime:0.000000s ]
INFO: Run Behavior\TokenBuildBehavior [ RunTime:0.001000s ]
INFO: [ view_filter ] --END-- [ RunTime:0.001000s ]
INFO: [ app_end ] --START--
INFO: Run Behavior\ShowPageTraceBehavior [ RunTime:0.002000s ]
INFO: [ app_end ] --END-- [ RunTime:0.002000s ]

[ 2018-02-01T15:33:07+08:00 ] ::1 /gaochao/Backend/System/Menu/index.html
INFO: [ app_init ] --START--
INFO: Run Behavior\BuildLiteBehavior [ RunTime:0.000000s ]
INFO: [ app_init ] --END-- [ RunTime:0.206012s ]
INFO: [ app_begin ] --START--
INFO: Run Behavior\ReadHtmlCacheBehavior [ RunTime:0.014001s ]
INFO: Run Behavior\CheckLangBehavior [ RunTime:0.232014s ]
INFO: [ app_begin ] --END-- [ RunTime:0.246015s ]
SQL: SHOW COLUMNS FROM `sr_menu` [ RunTime:2.9112s ]
SQL: SHOW COLUMNS FROM `sr_action_log` [ RunTime:0.0930s ]
SQL: INSERT INTO `sr_action_log` (`url`,`username`,`menu_id`,`title`,`action`,`ip`,`admin_id`,`add_time`) VALUES ('Backend/System/Menu/index','admin','3','系统设置 &gt; 菜单管理 &gt; 菜单管理 &gt; ','浏览','0.0.0.0','1','2018-02-01 15:33:03') [ RunTime:1.4301s ]
SQL: SELECT `id`,`pid`,`path`,`level`,`title`,`url`,`description`,`class`,`display_position`,`sort`,`is_hid`,`is_del`,`is_dev`,`addtime`,`updatetime` FROM `sr_menu` WHERE `pid` = 0 AND `is_del` = 0 ORDER BY sort desc  [ RunTime:0.7190s ]
INFO: [ view_parse ] --START--
INFO: [ template_filter ] --START--
INFO: Run Behavior\ContentReplaceBehavior [ RunTime:0.001000s ]
INFO: [ template_filter ] --END-- [ RunTime:0.001000s ]
NOTIC: [8] Undefined index:  C:\xampp\htdocs\gaochao\Runtime\Cache\Backend\3322c804277f7b3b885fa5133c82783b.php 第 194 行.
INFO: Run Behavior\ParseTemplateBehavior [ RunTime:1.468084s ]
INFO: [ view_parse ] --END-- [ RunTime:1.468084s ]
INFO: [ view_filter ] --START--
INFO: Run Behavior\WriteHtmlCacheBehavior [ RunTime:0.043003s ]
INFO: Run Behavior\TokenBuildBehavior [ RunTime:0.027001s ]
INFO: [ view_filter ] --END-- [ RunTime:0.070004s ]
INFO: [ app_end ] --START--
INFO: Run Behavior\ShowPageTraceBehavior [ RunTime:0.033001s ]
INFO: [ app_end ] --END-- [ RunTime:0.033001s ]

[ 2018-02-01T15:33:10+08:00 ] ::1 /gaochao/Backend/System/Menu/index.html
INFO: [ app_init ] --START--
INFO: Run Behavior\BuildLiteBehavior [ RunTime:0.048003s ]
INFO: [ app_init ] --END-- [ RunTime:0.257015s ]
INFO: [ app_begin ] --START--
INFO: Run Behavior\ReadHtmlCacheBehavior [ RunTime:0.028001s ]
INFO: Run Behavior\CheckLangBehavior [ RunTime:0.268016s ]
INFO: [ app_begin ] --END-- [ RunTime:0.296017s ]
SQL: SHOW COLUMNS FROM `sr_menu` [ RunTime:0.0210s ]
SQL: SHOW COLUMNS FROM `sr_action_log` [ RunTime:0.0110s ]
SQL: INSERT INTO `sr_action_log` (`url`,`username`,`menu_id`,`title`,`action`,`ip`,`admin_id`,`add_time`) VALUES ('Backend/System/Menu/index','admin','3','系统设置 &gt; 菜单管理 &gt; 菜单管理 &gt; ','浏览','0.0.0.0','1','2018-02-01 15:33:09') [ RunTime:0.0210s ]
SQL: SELECT `id`,`pid`,`path`,`level`,`title`,`url`,`description`,`class`,`display_position`,`sort`,`is_hid`,`is_del`,`is_dev`,`addtime`,`updatetime` FROM `sr_menu` WHERE `pid` = 0 AND `is_del` = 0 ORDER BY sort desc  [ RunTime:0.0010s ]
INFO: [ view_parse ] --START--
INFO: [ template_filter ] --START--
INFO: Run Behavior\ContentReplaceBehavior [ RunTime:0.000000s ]
INFO: [ template_filter ] --END-- [ RunTime:0.000000s ]
NOTIC: [8] Undefined index:  C:\xampp\htdocs\gaochao\Runtime\Cache\Backend\3322c804277f7b3b885fa5133c82783b.php 第 194 行.
INFO: Run Behavior\ParseTemplateBehavior [ RunTime:0.314018s ]
INFO: [ view_parse ] --END-- [ RunTime:0.314018s ]
INFO: [ view_filter ] --START--
INFO: Run Behavior\WriteHtmlCacheBehavior [ RunTime:0.001000s ]
INFO: Run Behavior\TokenBuildBehavior [ RunTime:0.001000s ]
INFO: [ view_filter ] --END-- [ RunTime:0.003000s ]
INFO: [ app_end ] --START--
INFO: Run Behavior\ShowPageTraceBehavior [ RunTime:0.002001s ]
INFO: [ app_end ] --END-- [ RunTime:0.002001s ]

[ 2018-02-01T15:33:11+08:00 ] ::1 /gaochao/Backend/System/Menu/index/pid/683/level/1.html
INFO: [ app_init ] --START--
INFO: Run Behavior\BuildLiteBehavior [ RunTime:0.000000s ]
INFO: [ app_init ] --END-- [ RunTime:0.205012s ]
INFO: [ app_begin ] --START--
INFO: Run Behavior\ReadHtmlCacheBehavior [ RunTime:0.052003s ]
INFO: Run Behavior\CheckLangBehavior [ RunTime:0.276016s ]
INFO: [ app_begin ] --END-- [ RunTime:0.329019s ]
SQL: SHOW COLUMNS FROM `sr_menu` [ RunTime:0.0190s ]
SQL: SHOW COLUMNS FROM `sr_action_log` [ RunTime:0.0080s ]
SQL: INSERT INTO `sr_action_log` (`url`,`username`,`menu_id`,`title`,`action`,`ip`,`admin_id`,`add_time`) VALUES ('Backend/System/Menu/index','admin','3','系统设置 &gt; 菜单管理 &gt; 菜单管理 &gt; ','浏览','0.0.0.0','1','2018-02-01 15:33:11') [ RunTime:0.0430s ]
SQL: SELECT `id`,`pid`,`path`,`level`,`title`,`url`,`description`,`class`,`display_position`,`sort`,`is_hid`,`is_del`,`is_dev`,`addtime`,`updatetime` FROM `sr_menu` WHERE `pid` = 683 AND `is_del` = 0 ORDER BY sort desc  [ RunTime:0.0010s ]
SQL: SELECT `id`,`pid`,`path`,`level`,`title`,`url`,`description`,`class`,`display_position`,`sort`,`is_hid`,`is_del`,`is_dev`,`addtime`,`updatetime` FROM `sr_menu` WHERE `id` = 683 AND `is_del` = 0 LIMIT 1   [ RunTime:0.0370s ]
INFO: [ view_parse ] --START--
INFO: [ template_filter ] --START--
INFO: Run Behavior\ContentReplaceBehavior [ RunTime:0.001000s ]
INFO: [ template_filter ] --END-- [ RunTime:0.001000s ]
INFO: Run Behavior\ParseTemplateBehavior [ RunTime:0.270016s ]
INFO: [ view_parse ] --END-- [ RunTime:0.271016s ]
INFO: [ view_filter ] --START--
INFO: Run Behavior\WriteHtmlCacheBehavior [ RunTime:0.000000s ]
INFO: Run Behavior\TokenBuildBehavior [ RunTime:0.001000s ]
INFO: [ view_filter ] --END-- [ RunTime:0.001000s ]
INFO: [ app_end ] --START--
INFO: Run Behavior\ShowPageTraceBehavior [ RunTime:0.001000s ]
INFO: [ app_end ] --END-- [ RunTime:0.001000s ]

[ 2018-02-01T15:33:13+08:00 ] ::1 /gaochao/Backend/System/Menu/add/pid/783/level/2.html
INFO: [ app_init ] --START--
INFO: Run Behavior\BuildLiteBehavior [ RunTime:0.000000s ]
INFO: [ app_init ] --END-- [ RunTime:0.002000s ]
INFO: [ app_begin ] --START--
INFO: Run Behavior\ReadHtmlCacheBehavior [ RunTime:0.001000s ]
INFO: Run Behavior\CheckLangBehavior [ RunTime:0.029002s ]
INFO: [ app_begin ] --END-- [ RunTime:0.030002s ]
SQL: SHOW COLUMNS FROM `sr_menu` [ RunTime:0.0200s ]
SQL: SHOW COLUMNS FROM `sr_action_log` [ RunTime:0.0100s ]
SQL: INSERT INTO `sr_action_log` (`url`,`username`,`menu_id`,`title`,`action`,`ip`,`admin_id`,`add_time`) VALUES ('Backend/System/Menu/index','admin','4','系统设置 &gt; 菜单管理 &gt; 菜单管理 &gt; 添加','添加','0.0.0.0','1','2018-02-01 15:33:12') [ RunTime:0.4070s ]
INFO: [ view_parse ] --START--
INFO: [ template_filter ] --START--
INFO: Run Behavior\ContentReplaceBehavior [ RunTime:0.001000s ]
INFO: [ template_filter ] --END-- [ RunTime:0.001000s ]
INFO: Run Behavior\ParseTemplateBehavior [ RunTime:0.149009s ]
INFO: [ view_parse ] --END-- [ RunTime:0.149009s ]
INFO: [ view_filter ] --START--
INFO: Run Behavior\WriteHtmlCacheBehavior [ RunTime:0.001000s ]
INFO: Run Behavior\TokenBuildBehavior [ RunTime:0.001000s ]
INFO: [ view_filter ] --END-- [ RunTime:0.002000s ]
INFO: [ app_end ] --START--
INFO: Run Behavior\ShowPageTraceBehavior [ RunTime:0.002000s ]
INFO: [ app_end ] --END-- [ RunTime:0.002000s ]

[ 2018-02-01T15:33:16+08:00 ] ::1 /gaochao/Backend
INFO: [ app_init ] --START--
INFO: Run Behavior\BuildLiteBehavior [ RunTime:0.000000s ]
INFO: [ app_init ] --END-- [ RunTime:0.001001s ]
INFO: [ app_begin ] --START--
INFO: Run Behavior\ReadHtmlCacheBehavior [ RunTime:0.001000s ]
INFO: Run Behavior\CheckLangBehavior [ RunTime:0.001000s ]
INFO: [ app_begin ] --END-- [ RunTime:0.002000s ]
INFO: [ view_parse ] --START--
INFO: [ template_filter ] --START--
INFO: Run Behavior\ContentReplaceBehavior [ RunTime:0.000000s ]
INFO: [ template_filter ] --END-- [ RunTime:0.000000s ]
INFO: Run Behavior\ParseTemplateBehavior [ RunTime:0.075005s ]
INFO: [ view_parse ] --END-- [ RunTime:0.075005s ]
INFO: [ view_filter ] --START--
INFO: Run Behavior\WriteHtmlCacheBehavior [ RunTime:0.001000s ]
INFO: Run Behavior\TokenBuildBehavior [ RunTime:0.001000s ]
INFO: [ view_filter ] --END-- [ RunTime:0.002000s ]
INFO: [ app_end ] --START--
INFO: Run Behavior\ShowPageTraceBehavior [ RunTime:0.002000s ]
INFO: [ app_end ] --END-- [ RunTime:0.002000s ]

[ 2018-02-01T15:33:19+08:00 ] ::1 /gaochao/Backend/Base/Index/index.html
INFO: [ app_init ] --START--
INFO: Run Behavior\BuildLiteBehavior [ RunTime:0.000000s ]
INFO: [ app_init ] --END-- [ RunTime:0.000000s ]
INFO: [ app_begin ] --START--
INFO: Run Behavior\ReadHtmlCacheBehavior [ RunTime:0.001000s ]
INFO: Run Behavior\CheckLangBehavior [ RunTime:0.002001s ]
INFO: [ app_begin ] --END-- [ RunTime:0.003001s ]
SQL: SHOW COLUMNS FROM `sr_capital_record` [ RunTime:0.0870s ]
SQL: SHOW COLUMNS FROM `sr_action_log` [ RunTime:0.0100s ]
SQL: INSERT INTO `sr_action_log` (`url`,`username`,`menu_id`,`title`,`action`,`ip`,`admin_id`,`add_time`) VALUES ('Backend/Base/Index/index','admin','359','平台管理 &gt; 系统首页 &gt; 系统首页','浏览','0.0.0.0','1','2018-02-01 15:33:16') [ RunTime:0.0630s ]
SQL: SHOW COLUMNS FROM `sr_order` [ RunTime:0.0710s ]
SQL: SELECT count(id) tp_sum FROM `sr_order` WHERE `status` = 20 AND `is_del` = 0 AND `is_hid` = 0 LIMIT 1   [ RunTime:0.1350s ]
SQL: SELECT SUM(`money_total`) tp_sum FROM `sr_order` WHERE `status` > 20 AND `is_del` = 0 AND `is_hid` = 0 LIMIT 1   [ RunTime:0.0020s ]
SQL: SHOW COLUMNS FROM `sr_member` [ RunTime:0.0720s ]
SQL: SELECT count(id) tp_sum FROM `sr_member` LIMIT 1   [ RunTime:0.0000s ]
SQL: SHOW COLUMNS FROM `sr_product` [ RunTime:0.0200s ]
SQL: SELECT count(id) tp_sum FROM `sr_product` LIMIT 1   [ RunTime:0.0200s ]
SQL: SELECT o.id AS id,o.order_no AS order_no,o.money_total AS money_total,o.add_time AS add_time,o.status AS status,m.username AS username FROM sr_order o LEFT JOIN sr_member m ON m.id=o.member_id WHERE o.is_del = 0 AND o.is_hid = 0 AND o.status IN (10,20,40,70) ORDER BY o.add_time desc LIMIT 7   [ RunTime:0.2260s ]
SQL: SELECT `id`,`username`,`mobile`,`register_ip`,`register_time` FROM `sr_member` WHERE `is_del` = 0 AND `is_hid` = 0 ORDER BY register_time desc LIMIT 7   [ RunTime:0.1070s ]
SQL: SELECT count(*) as c,`status`,DATE_FORMAT(`add_time`, "%Y-%m-%d") as date FROM `sr_order` WHERE `is_del` = 0 AND `is_hid` = 0 AND `status` IN (5,10,20,30,40,50,60,70) AND (`add_time` LIKE '2018-01-02%' OR `add_time` LIKE '2018-01-03%' OR `add_time` LIKE '2018-01-04%' OR `add_time` LIKE '2018-01-05%' OR `add_time` LIKE '2018-01-06%' OR `add_time` LIKE '2018-01-07%' OR `add_time` LIKE '2018-01-08%' OR `add_time` LIKE '2018-01-09%' OR `add_time` LIKE '2018-01-10%' OR `add_time` LIKE '2018-01-11%' OR `add_time` LIKE '2018-01-12%' OR `add_time` LIKE '2018-01-13%' OR `add_time` LIKE '2018-01-14%' OR `add_time` LIKE '2018-01-15%' OR `add_time` LIKE '2018-01-16%' OR `add_time` LIKE '2018-01-17%' OR `add_time` LIKE '2018-01-18%' OR `add_time` LIKE '2018-01-19%' OR `add_time` LIKE '2018-01-20%' OR `add_time` LIKE '2018-01-21%' OR `add_time` LIKE '2018-01-22%' OR `add_time` LIKE '2018-01-23%' OR `add_time` LIKE '2018-01-24%' OR `add_time` LIKE '2018-01-25%' OR `add_time` LIKE '2018-01-26%' OR `add_time` LIKE '2018-01-27%' OR `add_time` LIKE '2018-01-28%' OR `add_time` LIKE '2018-01-29%' OR `add_time` LIKE '2018-01-30%' OR `add_time` LIKE '2018-01-31%' OR `add_time` LIKE '2018-02-01%') GROUP BY `date`,`status`  [ RunTime:0.2780s ]
INFO: [ view_parse ] --START--
INFO: [ template_filter ] --START--
INFO: Run Behavior\ContentReplaceBehavior [ RunTime:0.001000s ]
INFO: [ template_filter ] --END-- [ RunTime:0.001000s ]
NOTIC: [8] Undefined index: order_5 C:\xampp\htdocs\gaochao\Runtime\Cache\Backend\32f31cafcace70025c62f10a867e9d20.php 第 392 行.
NOTIC: [2] array_values() expects parameter 1 to be array, null given C:\xampp\htdocs\gaochao\Runtime\Cache\Backend\32f31cafcace70025c62f10a867e9d20.php 第 392 行.
NOTIC: [8] Undefined index: order_10 C:\xampp\htdocs\gaochao\Runtime\Cache\Backend\32f31cafcace70025c62f10a867e9d20.php 第 406 行.
NOTIC: [2] array_values() expects parameter 1 to be array, null given C:\xampp\htdocs\gaochao\Runtime\Cache\Backend\32f31cafcace70025c62f10a867e9d20.php 第 406 行.
NOTIC: [8] Undefined index: order_20 C:\xampp\htdocs\gaochao\Runtime\Cache\Backend\32f31cafcace70025c62f10a867e9d20.php 第 420 行.
NOTIC: [2] array_values() expects parameter 1 to be array, null given C:\xampp\htdocs\gaochao\Runtime\Cache\Backend\32f31cafcace70025c62f10a867e9d20.php 第 420 行.
NOTIC: [8] Undefined index: order_30 C:\xampp\htdocs\gaochao\Runtime\Cache\Backend\32f31cafcace70025c62f10a867e9d20.php 第 434 行.
NOTIC: [2] array_values() expects parameter 1 to be array, null given C:\xampp\htdocs\gaochao\Runtime\Cache\Backend\32f31cafcace70025c62f10a867e9d20.php 第 434 行.
NOTIC: [8] Undefined index: order_40 C:\xampp\htdocs\gaochao\Runtime\Cache\Backend\32f31cafcace70025c62f10a867e9d20.php 第 448 行.
NOTIC: [2] array_values() expects parameter 1 to be array, null given C:\xampp\htdocs\gaochao\Runtime\Cache\Backend\32f31cafcace70025c62f10a867e9d20.php 第 448 行.
NOTIC: [8] Undefined index: order_50 C:\xampp\htdocs\gaochao\Runtime\Cache\Backend\32f31cafcace70025c62f10a867e9d20.php 第 462 行.
NOTIC: [2] array_values() expects parameter 1 to be array, null given C:\xampp\htdocs\gaochao\Runtime\Cache\Backend\32f31cafcace70025c62f10a867e9d20.php 第 462 行.
NOTIC: [8] Undefined index: order_60 C:\xampp\htdocs\gaochao\Runtime\Cache\Backend\32f31cafcace70025c62f10a867e9d20.php 第 476 行.
NOTIC: [2] array_values() expects parameter 1 to be array, null given C:\xampp\htdocs\gaochao\Runtime\Cache\Backend\32f31cafcace70025c62f10a867e9d20.php 第 476 行.
NOTIC: [8] Undefined index: order_70 C:\xampp\htdocs\gaochao\Runtime\Cache\Backend\32f31cafcace70025c62f10a867e9d20.php 第 490 行.
NOTIC: [2] array_values() expects parameter 1 to be array, null given C:\xampp\htdocs\gaochao\Runtime\Cache\Backend\32f31cafcace70025c62f10a867e9d20.php 第 490 行.
INFO: Run Behavior\ParseTemplateBehavior [ RunTime:1.518087s ]
INFO: [ view_parse ] --END-- [ RunTime:1.518087s ]
INFO: [ view_filter ] --START--
INFO: Run Behavior\WriteHtmlCacheBehavior [ RunTime:0.002000s ]
INFO: Run Behavior\TokenBuildBehavior [ RunTime:0.001000s ]
INFO: [ view_filter ] --END-- [ RunTime:0.003000s ]
INFO: [ app_end ] --START--
INFO: Run Behavior\ShowPageTraceBehavior [ RunTime:0.002000s ]
INFO: [ app_end ] --END-- [ RunTime:0.002000s ]

[ 2018-02-01T15:33:33+08:00 ] ::1 /gaochao/Backend/System/Menu/index.html
INFO: [ app_init ] --START--
INFO: Run Behavior\BuildLiteBehavior [ RunTime:0.000000s ]
INFO: [ app_init ] --END-- [ RunTime:0.000000s ]
INFO: [ app_begin ] --START--
INFO: Run Behavior\ReadHtmlCacheBehavior [ RunTime:0.001000s ]
INFO: Run Behavior\CheckLangBehavior [ RunTime:0.002000s ]
INFO: [ app_begin ] --END-- [ RunTime:0.003000s ]
SQL: SHOW COLUMNS FROM `sr_menu` [ RunTime:0.0160s ]
SQL: SHOW COLUMNS FROM `sr_action_log` [ RunTime:0.0130s ]
SQL: INSERT INTO `sr_action_log` (`url`,`username`,`menu_id`,`title`,`action`,`ip`,`admin_id`,`add_time`) VALUES ('Backend/System/Menu/index','admin','3','系统设置 &gt; 菜单管理 &gt; 菜单管理 &gt; ','浏览','0.0.0.0','1','2018-02-01 15:33:33') [ RunTime:0.0480s ]
SQL: SELECT `id`,`pid`,`path`,`level`,`title`,`url`,`description`,`class`,`display_position`,`sort`,`is_hid`,`is_del`,`is_dev`,`addtime`,`updatetime` FROM `sr_menu` WHERE `pid` = 0 AND `is_del` = 0 ORDER BY sort desc  [ RunTime:0.0010s ]
INFO: [ view_parse ] --START--
INFO: [ template_filter ] --START--
INFO: Run Behavior\ContentReplaceBehavior [ RunTime:0.000000s ]
INFO: [ template_filter ] --END-- [ RunTime:0.000000s ]
NOTIC: [8] Undefined index:  C:\xampp\htdocs\gaochao\Runtime\Cache\Backend\3322c804277f7b3b885fa5133c82783b.php 第 194 行.
INFO: Run Behavior\ParseTemplateBehavior [ RunTime:0.023002s ]
INFO: [ view_parse ] --END-- [ RunTime:0.023002s ]
INFO: [ view_filter ] --START--
INFO: Run Behavior\WriteHtmlCacheBehavior [ RunTime:0.001000s ]
INFO: Run Behavior\TokenBuildBehavior [ RunTime:0.001000s ]
INFO: [ view_filter ] --END-- [ RunTime:0.002000s ]
INFO: [ app_end ] --START--
INFO: Run Behavior\ShowPageTraceBehavior [ RunTime:0.003000s ]
INFO: [ app_end ] --END-- [ RunTime:0.003000s ]

[ 2018-02-01T15:33:36+08:00 ] ::1 /gaochao/Backend/System/Menu/index/pid/74/level/1.html
INFO: [ app_init ] --START--
INFO: Run Behavior\BuildLiteBehavior [ RunTime:0.000000s ]
INFO: [ app_init ] --END-- [ RunTime:0.001000s ]
INFO: [ app_begin ] --START--
INFO: Run Behavior\ReadHtmlCacheBehavior [ RunTime:0.001000s ]
INFO: Run Behavior\CheckLangBehavior [ RunTime:0.001000s ]
INFO: [ app_begin ] --END-- [ RunTime:0.002000s ]
SQL: SHOW COLUMNS FROM `sr_menu` [ RunTime:0.0100s ]
SQL: SHOW COLUMNS FROM `sr_action_log` [ RunTime:0.0100s ]
SQL: INSERT INTO `sr_action_log` (`url`,`username`,`menu_id`,`title`,`action`,`ip`,`admin_id`,`add_time`) VALUES ('Backend/System/Menu/index','admin','3','系统设置 &gt; 菜单管理 &gt; 菜单管理 &gt; ','浏览','0.0.0.0','1','2018-02-01 15:33:36') [ RunTime:0.0230s ]
SQL: SELECT `id`,`pid`,`path`,`level`,`title`,`url`,`description`,`class`,`display_position`,`sort`,`is_hid`,`is_del`,`is_dev`,`addtime`,`updatetime` FROM `sr_menu` WHERE `pid` = 74 AND `is_del` = 0 ORDER BY sort desc  [ RunTime:0.0010s ]
SQL: SELECT `id`,`pid`,`path`,`level`,`title`,`url`,`description`,`class`,`display_position`,`sort`,`is_hid`,`is_del`,`is_dev`,`addtime`,`updatetime` FROM `sr_menu` WHERE `id` = 74 AND `is_del` = 0 LIMIT 1   [ RunTime:0.0000s ]
INFO: [ view_parse ] --START--
INFO: [ template_filter ] --START--
INFO: Run Behavior\ContentReplaceBehavior [ RunTime:0.000000s ]
INFO: [ template_filter ] --END-- [ RunTime:0.000000s ]
INFO: Run Behavior\ParseTemplateBehavior [ RunTime:0.019001s ]
INFO: [ view_parse ] --END-- [ RunTime:0.019001s ]
INFO: [ view_filter ] --START--
INFO: Run Behavior\WriteHtmlCacheBehavior [ RunTime:0.001000s ]
INFO: Run Behavior\TokenBuildBehavior [ RunTime:0.000000s ]
INFO: [ view_filter ] --END-- [ RunTime:0.001000s ]
INFO: [ app_end ] --START--
INFO: Run Behavior\ShowPageTraceBehavior [ RunTime:0.002000s ]
INFO: [ app_end ] --END-- [ RunTime:0.002000s ]

[ 2018-02-01T15:33:40+08:00 ] ::1 /gaochao/Backend/System/Menu/index/pid/859/level/2.html
INFO: [ app_init ] --START--
INFO: Run Behavior\BuildLiteBehavior [ RunTime:0.000000s ]
INFO: [ app_init ] --END-- [ RunTime:0.001000s ]
INFO: [ app_begin ] --START--
INFO: Run Behavior\ReadHtmlCacheBehavior [ RunTime:0.000000s ]
INFO: Run Behavior\CheckLangBehavior [ RunTime:0.002000s ]
INFO: [ app_begin ] --END-- [ RunTime:0.002000s ]
SQL: SHOW COLUMNS FROM `sr_menu` [ RunTime:0.0110s ]
SQL: SHOW COLUMNS FROM `sr_action_log` [ RunTime:0.0110s ]
SQL: INSERT INTO `sr_action_log` (`url`,`username`,`menu_id`,`title`,`action`,`ip`,`admin_id`,`add_time`) VALUES ('Backend/System/Menu/index','admin','3','系统设置 &gt; 菜单管理 &gt; 菜单管理 &gt; ','浏览','0.0.0.0','1','2018-02-01 15:33:40') [ RunTime:0.0170s ]
SQL: SELECT `id`,`pid`,`path`,`level`,`title`,`url`,`description`,`class`,`display_position`,`sort`,`is_hid`,`is_del`,`is_dev`,`addtime`,`updatetime` FROM `sr_menu` WHERE `pid` = 859 AND `is_del` = 0 ORDER BY sort desc  [ RunTime:0.0010s ]
SQL: SELECT `id`,`pid`,`path`,`level`,`title`,`url`,`description`,`class`,`display_position`,`sort`,`is_hid`,`is_del`,`is_dev`,`addtime`,`updatetime` FROM `sr_menu` WHERE `id` = 859 AND `is_del` = 0 LIMIT 1   [ RunTime:0.0010s ]
INFO: [ view_parse ] --START--
INFO: [ template_filter ] --START--
INFO: Run Behavior\ContentReplaceBehavior [ RunTime:0.000000s ]
INFO: [ template_filter ] --END-- [ RunTime:0.000000s ]
INFO: Run Behavior\ParseTemplateBehavior [ RunTime:0.020001s ]
INFO: [ view_parse ] --END-- [ RunTime:0.021001s ]
INFO: [ view_filter ] --START--
INFO: Run Behavior\WriteHtmlCacheBehavior [ RunTime:0.000000s ]
INFO: Run Behavior\TokenBuildBehavior [ RunTime:0.001000s ]
INFO: [ view_filter ] --END-- [ RunTime:0.001000s ]
INFO: [ app_end ] --START--
INFO: Run Behavior\ShowPageTraceBehavior [ RunTime:0.001001s ]
INFO: [ app_end ] --END-- [ RunTime:0.001001s ]

[ 2018-02-01T15:33:42+08:00 ] ::1 /gaochao/Backend/System/Menu/index/pid/860/level/3.html
INFO: [ app_init ] --START--
INFO: Run Behavior\BuildLiteBehavior [ RunTime:0.000000s ]
INFO: [ app_init ] --END-- [ RunTime:0.000000s ]
INFO: [ app_begin ] --START--
INFO: Run Behavior\ReadHtmlCacheBehavior [ RunTime:0.001000s ]
INFO: Run Behavior\CheckLangBehavior [ RunTime:0.001000s ]
INFO: [ app_begin ] --END-- [ RunTime:0.002000s ]
SQL: SHOW COLUMNS FROM `sr_menu` [ RunTime:0.0110s ]
SQL: SHOW COLUMNS FROM `sr_action_log` [ RunTime:0.0110s ]
SQL: INSERT INTO `sr_action_log` (`url`,`username`,`menu_id`,`title`,`action`,`ip`,`admin_id`,`add_time`) VALUES ('Backend/System/Menu/index','admin','3','系统设置 &gt; 菜单管理 &gt; 菜单管理 &gt; ','浏览','0.0.0.0','1','2018-02-01 15:33:42') [ RunTime:0.0570s ]
SQL: SELECT `id`,`pid`,`path`,`level`,`title`,`url`,`description`,`class`,`display_position`,`sort`,`is_hid`,`is_del`,`is_dev`,`addtime`,`updatetime` FROM `sr_menu` WHERE `pid` = 860 AND `is_del` = 0 ORDER BY sort desc  [ RunTime:0.0010s ]
SQL: SELECT `id`,`pid`,`path`,`level`,`title`,`url`,`description`,`class`,`display_position`,`sort`,`is_hid`,`is_del`,`is_dev`,`addtime`,`updatetime` FROM `sr_menu` WHERE `id` = 860 AND `is_del` = 0 LIMIT 1   [ RunTime:0.0000s ]
INFO: [ view_parse ] --START--
INFO: [ template_filter ] --START--
INFO: Run Behavior\ContentReplaceBehavior [ RunTime:0.000000s ]
INFO: [ template_filter ] --END-- [ RunTime:0.000000s ]
INFO: Run Behavior\ParseTemplateBehavior [ RunTime:0.020001s ]
INFO: [ view_parse ] --END-- [ RunTime:0.020001s ]
INFO: [ view_filter ] --START--
INFO: Run Behavior\WriteHtmlCacheBehavior [ RunTime:0.001000s ]
INFO: Run Behavior\TokenBuildBehavior [ RunTime:0.000000s ]
INFO: [ view_filter ] --END-- [ RunTime:0.001000s ]
INFO: [ app_end ] --START--
INFO: Run Behavior\ShowPageTraceBehavior [ RunTime:0.001000s ]
INFO: [ app_end ] --END-- [ RunTime:0.001000s ]

[ 2018-02-01T15:33:56+08:00 ] ::1 /gaochao/Backend/System/Menu/edit/pid/860/level/3/ids/866.html
INFO: [ app_init ] --START--
INFO: Run Behavior\BuildLiteBehavior [ RunTime:0.000000s ]
INFO: [ app_init ] --END-- [ RunTime:0.000000s ]
INFO: [ app_begin ] --START--
INFO: Run Behavior\ReadHtmlCacheBehavior [ RunTime:0.001000s ]
INFO: Run Behavior\CheckLangBehavior [ RunTime:0.002000s ]
INFO: [ app_begin ] --END-- [ RunTime:0.003000s ]
SQL: SHOW COLUMNS FROM `sr_menu` [ RunTime:0.0090s ]
SQL: SHOW COLUMNS FROM `sr_action_log` [ RunTime:0.0110s ]
SQL: INSERT INTO `sr_action_log` (`url`,`username`,`menu_id`,`title`,`action`,`ip`,`admin_id`,`add_time`) VALUES ('Backend/System/Menu/index','admin','5','系统设置 &gt; 菜单管理 &gt; 菜单管理 &gt; 修改','修改','0.0.0.0','1','2018-02-01 15:33:56') [ RunTime:0.0470s ]
SQL: SELECT `id`,`pid`,`path`,`level`,`title`,`url`,`description`,`class`,`display_position`,`sort`,`is_hid`,`is_del`,`is_dev`,`addtime`,`updatetime` FROM `sr_menu` WHERE `id` = 866 AND `is_del` = 0 LIMIT 1   [ RunTime:0.0000s ]
INFO: [ view_parse ] --START--
INFO: [ template_filter ] --START--
INFO: Run Behavior\ContentReplaceBehavior [ RunTime:0.001000s ]
INFO: [ template_filter ] --END-- [ RunTime:0.001000s ]
INFO: Run Behavior\ParseTemplateBehavior [ RunTime:0.035002s ]
INFO: [ view_parse ] --END-- [ RunTime:0.035002s ]
INFO: [ view_filter ] --START--
INFO: Run Behavior\WriteHtmlCacheBehavior [ RunTime:0.000000s ]
INFO: Run Behavior\TokenBuildBehavior [ RunTime:0.001000s ]
INFO: [ view_filter ] --END-- [ RunTime:0.001000s ]
INFO: [ app_end ] --START--
INFO: Run Behavior\ShowPageTraceBehavior [ RunTime:0.002000s ]
INFO: [ app_end ] --END-- [ RunTime:0.002000s ]

[ 2018-02-01T16:40:55+08:00 ] ::1 /gaochao/Backend/System/Menu/index/pid/74/level/1.html
INFO: [ app_init ] --START--
INFO: Run Behavior\BuildLiteBehavior [ RunTime:0.000000s ]
INFO: [ app_init ] --END-- [ RunTime:0.059004s ]
INFO: [ app_begin ] --START--
INFO: Run Behavior\ReadHtmlCacheBehavior [ RunTime:0.073004s ]
INFO: Run Behavior\CheckLangBehavior [ RunTime:0.062004s ]
INFO: [ app_begin ] --END-- [ RunTime:0.135008s ]
SQL: SHOW COLUMNS FROM `sr_menu` [ RunTime:0.0160s ]
SQL: SHOW COLUMNS FROM `sr_action_log` [ RunTime:0.0090s ]
SQL: INSERT INTO `sr_action_log` (`url`,`username`,`menu_id`,`title`,`action`,`ip`,`admin_id`,`add_time`) VALUES ('Backend/System/Menu/index','admin','3','系统设置 &gt; 菜单管理 &gt; 菜单管理 &gt; ','浏览','0.0.0.0','1','2018-02-01 16:40:54') [ RunTime:0.1090s ]
SQL: SELECT `id`,`pid`,`path`,`level`,`title`,`url`,`description`,`class`,`display_position`,`sort`,`is_hid`,`is_del`,`is_dev`,`addtime`,`updatetime` FROM `sr_menu` WHERE `pid` = 74 AND `is_del` = 0 ORDER BY sort desc  [ RunTime:0.1100s ]
SQL: SELECT `id`,`pid`,`path`,`level`,`title`,`url`,`description`,`class`,`display_position`,`sort`,`is_hid`,`is_del`,`is_dev`,`addtime`,`updatetime` FROM `sr_menu` WHERE `id` = 74 AND `is_del` = 0 LIMIT 1   [ RunTime:0.0000s ]
INFO: [ view_parse ] --START--
INFO: [ template_filter ] --START--
INFO: Run Behavior\ContentReplaceBehavior [ RunTime:0.000000s ]
INFO: [ template_filter ] --END-- [ RunTime:0.000000s ]
INFO: Run Behavior\ParseTemplateBehavior [ RunTime:0.642037s ]
INFO: [ view_parse ] --END-- [ RunTime:0.642037s ]
INFO: [ view_filter ] --START--
INFO: Run Behavior\WriteHtmlCacheBehavior [ RunTime:0.033002s ]
INFO: Run Behavior\TokenBuildBehavior [ RunTime:0.005000s ]
INFO: [ view_filter ] --END-- [ RunTime:0.038002s ]
INFO: [ app_end ] --START--
INFO: Run Behavior\ShowPageTraceBehavior [ RunTime:0.067004s ]
INFO: [ app_end ] --END-- [ RunTime:0.067004s ]

[ 2018-02-01T16:40:56+08:00 ] ::1 /gaochao/Backend/Base/Index/index.html
INFO: [ app_init ] --START--
INFO: Run Behavior\BuildLiteBehavior [ RunTime:0.000000s ]
INFO: [ app_init ] --END-- [ RunTime:0.058004s ]
INFO: [ app_begin ] --START--
INFO: Run Behavior\ReadHtmlCacheBehavior [ RunTime:0.070004s ]
INFO: Run Behavior\CheckLangBehavior [ RunTime:0.065004s ]
INFO: [ app_begin ] --END-- [ RunTime:0.136008s ]
SQL: SHOW COLUMNS FROM `sr_capital_record` [ RunTime:0.0130s ]
SQL: SHOW COLUMNS FROM `sr_action_log` [ RunTime:0.0080s ]
SQL: INSERT INTO `sr_action_log` (`url`,`username`,`menu_id`,`title`,`action`,`ip`,`admin_id`,`add_time`) VALUES ('Backend/Base/Index/index','admin','359','平台管理 &gt; 系统首页 &gt; 系统首页','浏览','0.0.0.0','1','2018-02-01 16:40:55') [ RunTime:0.1070s ]
SQL: SHOW COLUMNS FROM `sr_order` [ RunTime:0.0180s ]
SQL: SELECT count(id) tp_sum FROM `sr_order` WHERE `status` = 20 AND `is_del` = 0 AND `is_hid` = 0 LIMIT 1   [ RunTime:0.0010s ]
SQL: SELECT SUM(`money_total`) tp_sum FROM `sr_order` WHERE `status` > 20 AND `is_del` = 0 AND `is_hid` = 0 LIMIT 1   [ RunTime:0.0010s ]
SQL: SHOW COLUMNS FROM `sr_member` [ RunTime:0.0170s ]
SQL: SELECT count(id) tp_sum FROM `sr_member` LIMIT 1   [ RunTime:0.0020s ]
SQL: SHOW COLUMNS FROM `sr_product` [ RunTime:0.0140s ]
SQL: SELECT count(id) tp_sum FROM `sr_product` LIMIT 1   [ RunTime:0.0000s ]
SQL: SELECT o.id AS id,o.order_no AS order_no,o.money_total AS money_total,o.add_time AS add_time,o.status AS status,m.username AS username FROM sr_order o LEFT JOIN sr_member m ON m.id=o.member_id WHERE o.is_del = 0 AND o.is_hid = 0 AND o.status IN (10,20,40,70) ORDER BY o.add_time desc LIMIT 7   [ RunTime:0.0020s ]
SQL: SELECT `id`,`username`,`mobile`,`register_ip`,`register_time` FROM `sr_member` WHERE `is_del` = 0 AND `is_hid` = 0 ORDER BY register_time desc LIMIT 7   [ RunTime:0.0010s ]
SQL: SELECT count(*) as c,`status`,DATE_FORMAT(`add_time`, "%Y-%m-%d") as date FROM `sr_order` WHERE `is_del` = 0 AND `is_hid` = 0 AND `status` IN (5,10,20,30,40,50,60,70) AND (`add_time` LIKE '2018-01-02%' OR `add_time` LIKE '2018-01-03%' OR `add_time` LIKE '2018-01-04%' OR `add_time` LIKE '2018-01-05%' OR `add_time` LIKE '2018-01-06%' OR `add_time` LIKE '2018-01-07%' OR `add_time` LIKE '2018-01-08%' OR `add_time` LIKE '2018-01-09%' OR `add_time` LIKE '2018-01-10%' OR `add_time` LIKE '2018-01-11%' OR `add_time` LIKE '2018-01-12%' OR `add_time` LIKE '2018-01-13%' OR `add_time` LIKE '2018-01-14%' OR `add_time` LIKE '2018-01-15%' OR `add_time` LIKE '2018-01-16%' OR `add_time` LIKE '2018-01-17%' OR `add_time` LIKE '2018-01-18%' OR `add_time` LIKE '2018-01-19%' OR `add_time` LIKE '2018-01-20%' OR `add_time` LIKE '2018-01-21%' OR `add_time` LIKE '2018-01-22%' OR `add_time` LIKE '2018-01-23%' OR `add_time` LIKE '2018-01-24%' OR `add_time` LIKE '2018-01-25%' OR `add_time` LIKE '2018-01-26%' OR `add_time` LIKE '2018-01-27%' OR `add_time` LIKE '2018-01-28%' OR `add_time` LIKE '2018-01-29%' OR `add_time` LIKE '2018-01-30%' OR `add_time` LIKE '2018-01-31%' OR `add_time` LIKE '2018-02-01%') GROUP BY `date`,`status`  [ RunTime:0.0050s ]
INFO: [ view_parse ] --START--
INFO: [ template_filter ] --START--
INFO: Run Behavior\ContentReplaceBehavior [ RunTime:0.001001s ]
INFO: [ template_filter ] --END-- [ RunTime:0.001001s ]
NOTIC: [8] Undefined index: order_5 C:\xampp\htdocs\gaochao\Runtime\Cache\Backend\32f31cafcace70025c62f10a867e9d20.php 第 392 行.
NOTIC: [2] array_values() expects parameter 1 to be array, null given C:\xampp\htdocs\gaochao\Runtime\Cache\Backend\32f31cafcace70025c62f10a867e9d20.php 第 392 行.
NOTIC: [8] Undefined index: order_10 C:\xampp\htdocs\gaochao\Runtime\Cache\Backend\32f31cafcace70025c62f10a867e9d20.php 第 406 行.
NOTIC: [2] array_values() expects parameter 1 to be array, null given C:\xampp\htdocs\gaochao\Runtime\Cache\Backend\32f31cafcace70025c62f10a867e9d20.php 第 406 行.
NOTIC: [8] Undefined index: order_20 C:\xampp\htdocs\gaochao\Runtime\Cache\Backend\32f31cafcace70025c62f10a867e9d20.php 第 420 行.
NOTIC: [2] array_values() expects parameter 1 to be array, null given C:\xampp\htdocs\gaochao\Runtime\Cache\Backend\32f31cafcace70025c62f10a867e9d20.php 第 420 行.
NOTIC: [8] Undefined index: order_30 C:\xampp\htdocs\gaochao\Runtime\Cache\Backend\32f31cafcace70025c62f10a867e9d20.php 第 434 行.
NOTIC: [2] array_values() expects parameter 1 to be array, null given C:\xampp\htdocs\gaochao\Runtime\Cache\Backend\32f31cafcace70025c62f10a867e9d20.php 第 434 行.
NOTIC: [8] Undefined index: order_40 C:\xampp\htdocs\gaochao\Runtime\Cache\Backend\32f31cafcace70025c62f10a867e9d20.php 第 448 行.
NOTIC: [2] array_values() expects parameter 1 to be array, null given C:\xampp\htdocs\gaochao\Runtime\Cache\Backend\32f31cafcace70025c62f10a867e9d20.php 第 448 行.
NOTIC: [8] Undefined index: order_50 C:\xampp\htdocs\gaochao\Runtime\Cache\Backend\32f31cafcace70025c62f10a867e9d20.php 第 462 行.
NOTIC: [2] array_values() expects parameter 1 to be array, null given C:\xampp\htdocs\gaochao\Runtime\Cache\Backend\32f31cafcace70025c62f10a867e9d20.php 第 462 行.
NOTIC: [8] Undefined index: order_60 C:\xampp\htdocs\gaochao\Runtime\Cache\Backend\32f31cafcace70025c62f10a867e9d20.php 第 476 行.
NOTIC: [2] array_values() expects parameter 1 to be array, null given C:\xampp\htdocs\gaochao\Runtime\Cache\Backend\32f31cafcace70025c62f10a867e9d20.php 第 476 行.
NOTIC: [8] Undefined index: order_70 C:\xampp\htdocs\gaochao\Runtime\Cache\Backend\32f31cafcace70025c62f10a867e9d20.php 第 490 行.
NOTIC: [2] array_values() expects parameter 1 to be array, null given C:\xampp\htdocs\gaochao\Runtime\Cache\Backend\32f31cafcace70025c62f10a867e9d20.php 第 490 行.
INFO: Run Behavior\ParseTemplateBehavior [ RunTime:0.776044s ]
INFO: [ view_parse ] --END-- [ RunTime:0.776044s ]
INFO: [ view_filter ] --START--
INFO: Run Behavior\WriteHtmlCacheBehavior [ RunTime:0.002000s ]
INFO: Run Behavior\TokenBuildBehavior [ RunTime:0.001000s ]
INFO: [ view_filter ] --END-- [ RunTime:0.003000s ]
INFO: [ app_end ] --START--
INFO: Run Behavior\ShowPageTraceBehavior [ RunTime:0.002000s ]
INFO: [ app_end ] --END-- [ RunTime:0.002000s ]

[ 2018-02-01T16:41:04+08:00 ] ::1 /gaochao/Backend/Tbook/Tbook/index.html
INFO: [ app_init ] --START--
INFO: Run Behavior\BuildLiteBehavior [ RunTime:0.000000s ]
INFO: [ app_init ] --END-- [ RunTime:0.001000s ]
INFO: [ app_begin ] --START--
INFO: Run Behavior\ReadHtmlCacheBehavior [ RunTime:0.001000s ]
INFO: Run Behavior\CheckLangBehavior [ RunTime:0.002000s ]
INFO: [ app_begin ] --END-- [ RunTime:0.003000s ]
SQL: SHOW COLUMNS FROM `sr_tbook` [ RunTime:1.6471s ]
SQL: SHOW COLUMNS FROM `sr_action_log` [ RunTime:0.0100s ]
SQL: INSERT INTO `sr_action_log` (`url`,`username`,`menu_id`,`title`,`action`,`ip`,`admin_id`,`add_time`) VALUES ('Backend/Tbook/Tbook/index','admin','860','平台管理 &gt; 电话本 &gt; 电话列表 &gt; ','浏览','0.0.0.0','1','2018-02-01 16:41:02') [ RunTime:0.0740s ]
SQL: SELECT COUNT(*) AS tp_count FROM `sr_tbook` WHERE `is_del` = 0 AND `add_time` BETWEEN 0 AND '2018-02-01 16:41:02' LIMIT 1   [ RunTime:1.1201s ]
SQL: SELECT `id`,`title`,`number`,`is_hid`,`is_del`,`sort`,`add_time`,`address` FROM `sr_tbook` WHERE `is_del` = 0 AND `add_time` BETWEEN 0 AND '2018-02-01 16:41:02' ORDER BY sort desc,add_time desc LIMIT 0,10   [ RunTime:0.0250s ]
INFO: [ view_parse ] --START--
INFO: [ template_filter ] --START--
INFO: Run Behavior\ContentReplaceBehavior [ RunTime:0.001000s ]
INFO: [ template_filter ] --END-- [ RunTime:0.001000s ]
NOTIC: [8] Undefined variable: keywords C:\xampp\htdocs\gaochao\Runtime\Cache\Backend\ff9d2712b95994b38aa019297c5f0ac9.php 第 197 行.
INFO: Run Behavior\ParseTemplateBehavior [ RunTime:0.087005s ]
INFO: [ view_parse ] --END-- [ RunTime:0.087005s ]
INFO: [ view_filter ] --START--
INFO: Run Behavior\WriteHtmlCacheBehavior [ RunTime:0.001000s ]
INFO: Run Behavior\TokenBuildBehavior [ RunTime:0.001000s ]
INFO: [ view_filter ] --END-- [ RunTime:0.002000s ]
INFO: [ app_end ] --START--
INFO: Run Behavior\ShowPageTraceBehavior [ RunTime:0.003000s ]
INFO: [ app_end ] --END-- [ RunTime:0.003000s ]

[ 2018-02-01T16:41:06+08:00 ] ::1 /gaochao/Backend/Tbook/Tbook/import.html
INFO: [ app_init ] --START--
INFO: Run Behavior\BuildLiteBehavior [ RunTime:0.000000s ]
INFO: [ app_init ] --END-- [ RunTime:0.000000s ]
INFO: [ app_begin ] --START--
INFO: Run Behavior\ReadHtmlCacheBehavior [ RunTime:0.000000s ]
INFO: Run Behavior\CheckLangBehavior [ RunTime:0.003000s ]
INFO: [ app_begin ] --END-- [ RunTime:0.003000s ]
SQL: SHOW COLUMNS FROM `sr_tbook` [ RunTime:0.0990s ]
INFO: [ view_parse ] --START--
INFO: [ template_filter ] --START--
INFO: Run Behavior\ContentReplaceBehavior [ RunTime:0.000000s ]
INFO: [ template_filter ] --END-- [ RunTime:0.000000s ]
INFO: Run Behavior\ParseTemplateBehavior [ RunTime:0.008001s ]
INFO: [ view_parse ] --END-- [ RunTime:0.008001s ]
INFO: [ view_filter ] --START--
INFO: Run Behavior\WriteHtmlCacheBehavior [ RunTime:0.001000s ]
INFO: Run Behavior\TokenBuildBehavior [ RunTime:0.001000s ]
INFO: [ view_filter ] --END-- [ RunTime:0.002000s ]
INFO: [ app_end ] --START--
INFO: Run Behavior\ShowPageTraceBehavior [ RunTime:0.001000s ]
INFO: [ app_end ] --END-- [ RunTime:0.001000s ]

