[ 2018-02-05T08:48:18+08:00 ] ::1 /gaochao/backend
INFO: [ app_init ] --START--
INFO: Run Behavior\BuildLiteBehavior [ RunTime:0.000000s ]
INFO: [ app_init ] --END-- [ RunTime:0.054003s ]
INFO: [ app_begin ] --START--
INFO: Run Behavior\ReadHtmlCacheBehavior [ RunTime:0.015000s ]
INFO: Run Behavior\CheckLangBehavior [ RunTime:0.121007s ]
INFO: [ app_begin ] --END-- [ RunTime:0.136007s ]
NOTIC: [8] Undefined index: backend_wuye C:\xampp\htdocs\gaochao\Core\Common\functions.php 第 1437 行.
INFO: [ view_parse ] --START--
INFO: [ template_filter ] --START--
INFO: Run Behavior\ContentReplaceBehavior [ RunTime:0.001000s ]
INFO: [ template_filter ] --END-- [ RunTime:0.001000s ]
INFO: Run Behavior\ParseTemplateBehavior [ RunTime:0.386022s ]
INFO: [ view_parse ] --END-- [ RunTime:0.387022s ]
INFO: [ view_filter ] --START--
INFO: Run Behavior\WriteHtmlCacheBehavior [ RunTime:0.036002s ]
INFO: Run Behavior\TokenBuildBehavior [ RunTime:0.003000s ]
INFO: [ view_filter ] --END-- [ RunTime:0.039002s ]
INFO: [ app_end ] --START--
INFO: Run Behavior\ShowPageTraceBehavior [ RunTime:0.025002s ]
INFO: [ app_end ] --END-- [ RunTime:0.025002s ]

[ 2018-02-05T08:48:19+08:00 ] ::1 /gaochao/Backend/Base/Public/verify.html
INFO: [ app_init ] --START--
INFO: Run Behavior\BuildLiteBehavior [ RunTime:0.000000s ]
INFO: [ app_init ] --END-- [ RunTime:0.000000s ]
INFO: [ app_begin ] --START--
INFO: Run Behavior\ReadHtmlCacheBehavior [ RunTime:0.001000s ]
INFO: Run Behavior\CheckLangBehavior [ RunTime:0.002000s ]
INFO: [ app_begin ] --END-- [ RunTime:0.003000s ]
NOTIC: [8] Undefined index: backend_wuye C:\xampp\htdocs\gaochao\Core\Common\functions.php 第 1437 行.
INFO: [ app_end ] --START--
INFO: Run Behavior\ShowPageTraceBehavior [ RunTime:0.002000s ]
INFO: [ app_end ] --END-- [ RunTime:0.002000s ]

[ 2018-02-05T08:48:25+08:00 ] ::1 /gaochao/Backend/Base/Public/login.html
INFO: [ app_init ] --START--
INFO: Run Behavior\BuildLiteBehavior [ RunTime:0.000000s ]
INFO: [ app_init ] --END-- [ RunTime:0.001000s ]
INFO: [ app_begin ] --START--
INFO: Run Behavior\ReadHtmlCacheBehavior [ RunTime:0.001000s ]
INFO: Run Behavior\CheckLangBehavior [ RunTime:0.002000s ]
INFO: [ app_begin ] --END-- [ RunTime:0.003000s ]
SQL: SHOW COLUMNS FROM `sr_admin` [ RunTime:0.6138s ]
SQL: SELECT `id`,`email`,`mobile`,`nickname`,`username`,`role_id`,`department_id`,`password`,`salt`,`description`,`rules`,`add_time`,`update_time`,`admin_id`,`is_hid`,`is_del`,`login_ip`,`login_time`,`sort`,`last_login_ip`,`last_login_time`,`district_id` FROM `sr_admin` WHERE `username` = 'admin' AND `is_del` = 0 LIMIT 1   [ RunTime:0.1070s ]
SQL: UPDATE `sr_admin` SET `login_time`='2018-02-05 08:48:24',`login_ip`='0.0.0.0',`last_login_time`='2018-02-04 16:53:22',`last_login_ip`='192.168.1.100',`update_time`='2018-02-05 08:48:24' WHERE `id` = 1 [ RunTime:0.0800s ]
SQL: SHOW COLUMNS FROM `sr_action_log` [ RunTime:0.1932s ]
SQL: INSERT INTO `sr_action_log` (`url`,`username`,`menu_id`,`title`,`action`,`ip`,`admin_id`,`add_time`) VALUES ('Backend/Base/Public/login','admin','0','','登录','0.0.0.0','1','2018-02-05 08:48:24') [ RunTime:0.1380s ]

[ 2018-02-05T08:48:26+08:00 ] ::1 /gaochao/Backend
INFO: [ app_init ] --START--
INFO: Run Behavior\BuildLiteBehavior [ RunTime:0.000000s ]
INFO: [ app_init ] --END-- [ RunTime:0.000000s ]
INFO: [ app_begin ] --START--
INFO: Run Behavior\ReadHtmlCacheBehavior [ RunTime:0.000000s ]
INFO: Run Behavior\CheckLangBehavior [ RunTime:0.002000s ]
INFO: [ app_begin ] --END-- [ RunTime:0.002000s ]
INFO: [ view_parse ] --START--
INFO: [ template_filter ] --START--
INFO: Run Behavior\ContentReplaceBehavior [ RunTime:0.000000s ]
INFO: [ template_filter ] --END-- [ RunTime:0.000000s ]
INFO: Run Behavior\ParseTemplateBehavior [ RunTime:0.009001s ]
INFO: [ view_parse ] --END-- [ RunTime:0.009001s ]
INFO: [ view_filter ] --START--
INFO: Run Behavior\WriteHtmlCacheBehavior [ RunTime:0.001000s ]
INFO: Run Behavior\TokenBuildBehavior [ RunTime:0.000000s ]
INFO: [ view_filter ] --END-- [ RunTime:0.001000s ]
INFO: [ app_end ] --START--
INFO: Run Behavior\ShowPageTraceBehavior [ RunTime:0.001000s ]
INFO: [ app_end ] --END-- [ RunTime:0.001000s ]

[ 2018-02-05T08:48:29+08:00 ] ::1 /gaochao/Backend/Base/Index/index.html
INFO: [ app_init ] --START--
INFO: Run Behavior\BuildLiteBehavior [ RunTime:0.000000s ]
INFO: [ app_init ] --END-- [ RunTime:0.000000s ]
INFO: [ app_begin ] --START--
INFO: Run Behavior\ReadHtmlCacheBehavior [ RunTime:0.000000s ]
INFO: Run Behavior\CheckLangBehavior [ RunTime:0.001000s ]
INFO: [ app_begin ] --END-- [ RunTime:0.001000s ]
SQL: SHOW COLUMNS FROM `sr_menu` [ RunTime:0.2030s ]
SQL: SELECT `id`,`pid`,`path`,`level`,`title`,`url`,`description`,`class`,`display_position`,`sort`,`is_hid`,`is_del`,`is_dev`,`addtime`,`updatetime` FROM `sr_menu` WHERE `is_hid` = 0 AND `is_del` = 0 ORDER BY sort desc,id asc  [ RunTime:0.0130s ]
SQL: SHOW COLUMNS FROM `sr_capital_record` [ RunTime:0.1350s ]
SQL: SHOW COLUMNS FROM `sr_action_log` [ RunTime:0.0140s ]
SQL: INSERT INTO `sr_action_log` (`url`,`username`,`menu_id`,`title`,`action`,`ip`,`admin_id`,`add_time`) VALUES ('Backend/Base/Index/index','admin','359','平台管理 &gt; 系统首页 &gt; 系统首页','浏览','0.0.0.0','1','2018-02-05 08:48:26') [ RunTime:0.0120s ]
SQL: SHOW COLUMNS FROM `sr_order` [ RunTime:0.2020s ]
SQL: SELECT count(id) tp_sum FROM `sr_order` WHERE `status` = 20 AND `is_del` = 0 AND `is_hid` = 0 LIMIT 1   [ RunTime:0.4100s ]
SQL: SELECT SUM(`money_total`) tp_sum FROM `sr_order` WHERE `status` > 20 AND `is_del` = 0 AND `is_hid` = 0 LIMIT 1   [ RunTime:0.0530s ]
SQL: SHOW COLUMNS FROM `sr_member` [ RunTime:0.2110s ]
SQL: SELECT count(id) tp_sum FROM `sr_member` LIMIT 1   [ RunTime:0.0090s ]
SQL: SHOW COLUMNS FROM `sr_product` [ RunTime:0.1700s ]
SQL: SELECT count(id) tp_sum FROM `sr_product` LIMIT 1   [ RunTime:0.0040s ]
SQL: SELECT o.id AS id,o.order_no AS order_no,o.money_total AS money_total,o.add_time AS add_time,o.status AS status,m.username AS username FROM sr_order o LEFT JOIN sr_member m ON m.id=o.member_id WHERE o.is_del = 0 AND o.is_hid = 0 AND o.status IN (10,20,40,70) ORDER BY o.add_time desc LIMIT 7   [ RunTime:0.0480s ]
SQL: SELECT `id`,`username`,`mobile`,`register_ip`,`register_time` FROM `sr_member` WHERE `is_del` = 0 AND `is_hid` = 0 ORDER BY register_time desc LIMIT 7   [ RunTime:0.0010s ]
SQL: SELECT count(*) as c,`status`,DATE_FORMAT(`add_time`, "%Y-%m-%d") as date FROM `sr_order` WHERE `is_del` = 0 AND `is_hid` = 0 AND `status` IN (5,10,20,30,40,50,60,70) AND (`add_time` LIKE '2018-01-06%' OR `add_time` LIKE '2018-01-07%' OR `add_time` LIKE '2018-01-08%' OR `add_time` LIKE '2018-01-09%' OR `add_time` LIKE '2018-01-10%' OR `add_time` LIKE '2018-01-11%' OR `add_time` LIKE '2018-01-12%' OR `add_time` LIKE '2018-01-13%' OR `add_time` LIKE '2018-01-14%' OR `add_time` LIKE '2018-01-15%' OR `add_time` LIKE '2018-01-16%' OR `add_time` LIKE '2018-01-17%' OR `add_time` LIKE '2018-01-18%' OR `add_time` LIKE '2018-01-19%' OR `add_time` LIKE '2018-01-20%' OR `add_time` LIKE '2018-01-21%' OR `add_time` LIKE '2018-01-22%' OR `add_time` LIKE '2018-01-23%' OR `add_time` LIKE '2018-01-24%' OR `add_time` LIKE '2018-01-25%' OR `add_time` LIKE '2018-01-26%' OR `add_time` LIKE '2018-01-27%' OR `add_time` LIKE '2018-01-28%' OR `add_time` LIKE '2018-01-29%' OR `add_time` LIKE '2018-01-30%' OR `add_time` LIKE '2018-01-31%' OR `add_time` LIKE '2018-02-01%' OR `add_time` LIKE '2018-02-02%' OR `add_time` LIKE '2018-02-03%' OR `add_time` LIKE '2018-02-04%' OR `add_time` LIKE '2018-02-05%') GROUP BY `date`,`status`  [ RunTime:0.1570s ]
INFO: [ view_parse ] --START--
INFO: [ template_filter ] --START--
INFO: Run Behavior\ContentReplaceBehavior [ RunTime:0.000000s ]
INFO: [ template_filter ] --END-- [ RunTime:0.000000s ]
NOTIC: [8] Undefined index: order_5 C:\xampp\htdocs\gaochao\Runtime\Cache\Backend\32f31cafcace70025c62f10a867e9d20.php 第 392 行.
NOTIC: [2] array_values() expects parameter 1 to be array, null given C:\xampp\htdocs\gaochao\Runtime\Cache\Backend\32f31cafcace70025c62f10a867e9d20.php 第 392 行.
NOTIC: [8] Undefined index: order_10 C:\xampp\htdocs\gaochao\Runtime\Cache\Backend\32f31cafcace70025c62f10a867e9d20.php 第 406 行.
NOTIC: [2] array_values() expects parameter 1 to be array, null given C:\xampp\htdocs\gaochao\Runtime\Cache\Backend\32f31cafcace70025c62f10a867e9d20.php 第 406 行.
NOTIC: [8] Undefined index: order_20 C:\xampp\htdocs\gaochao\Runtime\Cache\Backend\32f31cafcace70025c62f10a867e9d20.php 第 420 行.
NOTIC: [2] array_values() expects parameter 1 to be array, null given C:\xampp\htdocs\gaochao\Runtime\Cache\Backend\32f31cafcace70025c62f10a867e9d20.php 第 420 行.
NOTIC: [8] Undefined index: order_30 C:\xampp\htdocs\gaochao\Runtime\Cache\Backend\32f31cafcace70025c62f10a867e9d20.php 第 434 行.
NOTIC: [2] array_values() expects parameter 1 to be array, null given C:\xampp\htdocs\gaochao\Runtime\Cache\Backend\32f31cafcace70025c62f10a867e9d20.php 第 434 行.
NOTIC: [8] Undefined index: order_40 C:\xampp\htdocs\gaochao\Runtime\Cache\Backend\32f31cafcace70025c62f10a867e9d20.php 第 448 行.
NOTIC: [2] array_values() expects parameter 1 to be array, null given C:\xampp\htdocs\gaochao\Runtime\Cache\Backend\32f31cafcace70025c62f10a867e9d20.php 第 448 行.
NOTIC: [8] Undefined index: order_50 C:\xampp\htdocs\gaochao\Runtime\Cache\Backend\32f31cafcace70025c62f10a867e9d20.php 第 462 行.
NOTIC: [2] array_values() expects parameter 1 to be array, null given C:\xampp\htdocs\gaochao\Runtime\Cache\Backend\32f31cafcace70025c62f10a867e9d20.php 第 462 行.
NOTIC: [8] Undefined index: order_60 C:\xampp\htdocs\gaochao\Runtime\Cache\Backend\32f31cafcace70025c62f10a867e9d20.php 第 476 行.
NOTIC: [2] array_values() expects parameter 1 to be array, null given C:\xampp\htdocs\gaochao\Runtime\Cache\Backend\32f31cafcace70025c62f10a867e9d20.php 第 476 行.
NOTIC: [8] Undefined index: order_70 C:\xampp\htdocs\gaochao\Runtime\Cache\Backend\32f31cafcace70025c62f10a867e9d20.php 第 490 行.
NOTIC: [2] array_values() expects parameter 1 to be array, null given C:\xampp\htdocs\gaochao\Runtime\Cache\Backend\32f31cafcace70025c62f10a867e9d20.php 第 490 行.
INFO: Run Behavior\ParseTemplateBehavior [ RunTime:0.776044s ]
INFO: [ view_parse ] --END-- [ RunTime:0.776044s ]
INFO: [ view_filter ] --START--
INFO: Run Behavior\WriteHtmlCacheBehavior [ RunTime:0.000000s ]
INFO: Run Behavior\TokenBuildBehavior [ RunTime:0.001000s ]
INFO: [ view_filter ] --END-- [ RunTime:0.003000s ]
INFO: [ app_end ] --START--
INFO: Run Behavior\ShowPageTraceBehavior [ RunTime:0.002000s ]
INFO: [ app_end ] --END-- [ RunTime:0.002000s ]

[ 2018-02-05T08:48:33+08:00 ] ::1 /gaochao/Backend/Tbook/Tbook/index.html
INFO: [ app_init ] --START--
INFO: Run Behavior\BuildLiteBehavior [ RunTime:0.000000s ]
INFO: [ app_init ] --END-- [ RunTime:0.000000s ]
INFO: [ app_begin ] --START--
INFO: Run Behavior\ReadHtmlCacheBehavior [ RunTime:0.001000s ]
INFO: Run Behavior\CheckLangBehavior [ RunTime:0.001000s ]
INFO: [ app_begin ] --END-- [ RunTime:0.002000s ]
SQL: SHOW COLUMNS FROM `sr_tbook` [ RunTime:0.1310s ]
SQL: SHOW COLUMNS FROM `sr_action_log` [ RunTime:0.0190s ]
SQL: INSERT INTO `sr_action_log` (`url`,`username`,`menu_id`,`title`,`action`,`ip`,`admin_id`,`add_time`) VALUES ('Backend/Tbook/Tbook/index','admin','860','平台管理 &gt; 电话本 &gt; 电话列表 &gt; ','浏览','0.0.0.0','1','2018-02-05 08:48:33') [ RunTime:0.0260s ]
SQL: SELECT COUNT(*) AS tp_count FROM `sr_tbook` WHERE `is_del` = 0 AND `add_time` BETWEEN 0 AND '2018-02-05 08:48:33' LIMIT 1   [ RunTime:0.0000s ]
SQL: SELECT `id`,`title`,`number`,`is_hid`,`is_del`,`sort`,`add_time`,`address` FROM `sr_tbook` WHERE `is_del` = 0 AND `add_time` BETWEEN 0 AND '2018-02-05 08:48:33' ORDER BY sort desc,add_time desc LIMIT 0,10   [ RunTime:0.0010s ]
INFO: [ view_parse ] --START--
INFO: [ template_filter ] --START--
INFO: Run Behavior\ContentReplaceBehavior [ RunTime:0.000000s ]
INFO: [ template_filter ] --END-- [ RunTime:0.000000s ]
NOTIC: [8] Undefined variable: keywords C:\xampp\htdocs\gaochao\Runtime\Cache\Backend\ff9d2712b95994b38aa019297c5f0ac9.php 第 197 行.
INFO: Run Behavior\ParseTemplateBehavior [ RunTime:0.085005s ]
INFO: [ view_parse ] --END-- [ RunTime:0.085005s ]
INFO: [ view_filter ] --START--
INFO: Run Behavior\WriteHtmlCacheBehavior [ RunTime:0.000000s ]
INFO: Run Behavior\TokenBuildBehavior [ RunTime:0.001000s ]
INFO: [ view_filter ] --END-- [ RunTime:0.001000s ]
INFO: [ app_end ] --START--
INFO: Run Behavior\ShowPageTraceBehavior [ RunTime:0.002000s ]
INFO: [ app_end ] --END-- [ RunTime:0.002000s ]

[ 2018-02-05T08:48:35+08:00 ] ::1 /gaochao/Backend/Tbook/Tbook/import.html
INFO: [ app_init ] --START--
INFO: Run Behavior\BuildLiteBehavior [ RunTime:0.000000s ]
INFO: [ app_init ] --END-- [ RunTime:0.000000s ]
INFO: [ app_begin ] --START--
INFO: Run Behavior\ReadHtmlCacheBehavior [ RunTime:0.001000s ]
INFO: Run Behavior\CheckLangBehavior [ RunTime:0.002000s ]
INFO: [ app_begin ] --END-- [ RunTime:0.003000s ]
SQL: SHOW COLUMNS FROM `sr_tbook` [ RunTime:0.0180s ]
INFO: [ view_parse ] --START--
INFO: [ template_filter ] --START--
INFO: Run Behavior\ContentReplaceBehavior [ RunTime:0.000000s ]
INFO: [ template_filter ] --END-- [ RunTime:0.000000s ]
INFO: Run Behavior\ParseTemplateBehavior [ RunTime:0.014001s ]
INFO: [ view_parse ] --END-- [ RunTime:0.014001s ]
INFO: [ view_filter ] --START--
INFO: Run Behavior\WriteHtmlCacheBehavior [ RunTime:0.000000s ]
INFO: Run Behavior\TokenBuildBehavior [ RunTime:0.001000s ]
INFO: [ view_filter ] --END-- [ RunTime:0.001000s ]
INFO: [ app_end ] --START--
INFO: Run Behavior\ShowPageTraceBehavior [ RunTime:0.002000s ]
INFO: [ app_end ] --END-- [ RunTime:0.003000s ]

[ 2018-02-05T08:48:54+08:00 ] ::1 /gaochao/Backend/Tbook/Tbook/import.html
INFO: [ app_init ] --START--
INFO: Run Behavior\BuildLiteBehavior [ RunTime:0.000000s ]
INFO: [ app_init ] --END-- [ RunTime:0.001000s ]
INFO: [ app_begin ] --START--
INFO: Run Behavior\ReadHtmlCacheBehavior [ RunTime:0.000000s ]
INFO: Run Behavior\CheckLangBehavior [ RunTime:0.002000s ]
INFO: [ app_begin ] --END-- [ RunTime:0.002000s ]
SQL: SHOW COLUMNS FROM `sr_tbook` [ RunTime:0.0150s ]
NOTIC: [2] call_user_func() expects parameter 1 to be a valid callback, no array or string given C:\xampp\htdocs\gaochao\Core\Library\Think\Upload.class.php 第 186 行.
NOTIC: [8] Undefined variable: options C:\xampp\htdocs\gaochao\Core\Library\Vendor\PHPEXCEL\PHPExcel\Settings.php 第 384 行.
NOTIC: [8] Undefined variable: options C:\xampp\htdocs\gaochao\Core\Library\Vendor\PHPEXCEL\PHPExcel\Settings.php 第 384 行.
NOTIC: [8] Undefined variable: options C:\xampp\htdocs\gaochao\Core\Library\Vendor\PHPEXCEL\PHPExcel\Settings.php 第 384 行.
NOTIC: [8] Undefined variable: options C:\xampp\htdocs\gaochao\Core\Library\Vendor\PHPEXCEL\PHPExcel\Settings.php 第 384 行.
NOTIC: [8] Undefined variable: options C:\xampp\htdocs\gaochao\Core\Library\Vendor\PHPEXCEL\PHPExcel\Settings.php 第 384 行.
NOTIC: [8] Undefined variable: options C:\xampp\htdocs\gaochao\Core\Library\Vendor\PHPEXCEL\PHPExcel\Settings.php 第 384 行.
NOTIC: [8] Undefined variable: options C:\xampp\htdocs\gaochao\Core\Library\Vendor\PHPEXCEL\PHPExcel\Settings.php 第 384 行.
NOTIC: [8] Undefined variable: options C:\xampp\htdocs\gaochao\Core\Library\Vendor\PHPEXCEL\PHPExcel\Settings.php 第 384 行.
NOTIC: [8] Undefined variable: options C:\xampp\htdocs\gaochao\Core\Library\Vendor\PHPEXCEL\PHPExcel\Settings.php 第 384 行.
NOTIC: [2] Use of undefined constant s - assumed 's' (this will throw an Error in a future version of PHP) C:\xampp\htdocs\gaochao\Core\Library\Vendor\PHPEXCEL\PHPExcel\Cell\DefaultValueBinder.php 第 63 行.
NOTIC: [2] Use of undefined constant s - assumed 's' (this will throw an Error in a future version of PHP) C:\xampp\htdocs\gaochao\Core\Library\Vendor\PHPEXCEL\PHPExcel\Cell\DefaultValueBinder.php 第 63 行.
NOTIC: [8] Undefined variable: options C:\xampp\htdocs\gaochao\Core\Library\Vendor\PHPEXCEL\PHPExcel\Settings.php 第 384 行.
NOTIC: [8] Undefined variable: options C:\xampp\htdocs\gaochao\Core\Library\Vendor\PHPEXCEL\PHPExcel\Settings.php 第 384 行.
NOTIC: [8] Undefined variable: options C:\xampp\htdocs\gaochao\Core\Library\Vendor\PHPEXCEL\PHPExcel\Settings.php 第 384 行.
NOTIC: [8] Undefined variable: options C:\xampp\htdocs\gaochao\Core\Library\Vendor\PHPEXCEL\PHPExcel\Settings.php 第 384 行.
NOTIC: [8] Undefined variable: options C:\xampp\htdocs\gaochao\Core\Library\Vendor\PHPEXCEL\PHPExcel\Settings.php 第 384 行.
NOTIC: [8] Undefined index: callback C:\xampp\htdocs\gaochao\Application\Common\Controller\ExcelController.class.php 第 264 行.
NOTIC: [8] Undefined index: callback C:\xampp\htdocs\gaochao\Application\Common\Controller\ExcelController.class.php 第 264 行.
NOTIC: [8] Undefined index: callback C:\xampp\htdocs\gaochao\Application\Common\Controller\ExcelController.class.php 第 264 行.
NOTIC: [8] Undefined index: callback C:\xampp\htdocs\gaochao\Application\Common\Controller\ExcelController.class.php 第 264 行.
SQL: SHOW COLUMNS FROM `sr_tbook` [ RunTime:0.0240s ]
SQL: INSERT INTO `sr_tbook` (`title`,`number`,`sort`,`address`,`add_time`) VALUES ('吉安中南大酒店','15170255838','7999','江西省吉安市泰和县','2018-02-05 08:48:54') [ RunTime:0.0140s ]
INFO: [ view_parse ] --START--
INFO: [ template_filter ] --START--
INFO: Run Behavior\ContentReplaceBehavior [ RunTime:0.000000s ]
INFO: [ template_filter ] --END-- [ RunTime:0.000000s ]
INFO: Run Behavior\ParseTemplateBehavior [ RunTime:0.038002s ]
INFO: [ view_parse ] --END-- [ RunTime:0.038002s ]
INFO: [ view_filter ] --START--
INFO: Run Behavior\WriteHtmlCacheBehavior [ RunTime:0.001001s ]
INFO: Run Behavior\TokenBuildBehavior [ RunTime:0.002000s ]
INFO: [ view_filter ] --END-- [ RunTime:0.003001s ]
INFO: [ app_end ] --START--
INFO: Run Behavior\ShowPageTraceBehavior [ RunTime:0.001000s ]
INFO: [ app_end ] --END-- [ RunTime:0.001000s ]

[ 2018-02-05T08:48:58+08:00 ] ::1 /gaochao/Backend/Tbook/Tbook/index.html
INFO: [ app_init ] --START--
INFO: Run Behavior\BuildLiteBehavior [ RunTime:0.000000s ]
INFO: [ app_init ] --END-- [ RunTime:0.002000s ]
INFO: [ app_begin ] --START--
INFO: Run Behavior\ReadHtmlCacheBehavior [ RunTime:0.001000s ]
INFO: Run Behavior\CheckLangBehavior [ RunTime:0.002000s ]
INFO: [ app_begin ] --END-- [ RunTime:0.003000s ]
SQL: SHOW COLUMNS FROM `sr_tbook` [ RunTime:0.0140s ]
SQL: SHOW COLUMNS FROM `sr_action_log` [ RunTime:0.0070s ]
SQL: INSERT INTO `sr_action_log` (`url`,`username`,`menu_id`,`title`,`action`,`ip`,`admin_id`,`add_time`) VALUES ('Backend/Tbook/Tbook/index','admin','860','平台管理 &gt; 电话本 &gt; 电话列表 &gt; ','浏览','0.0.0.0','1','2018-02-05 08:48:58') [ RunTime:0.0230s ]
SQL: SELECT COUNT(*) AS tp_count FROM `sr_tbook` WHERE `is_del` = 0 AND `add_time` BETWEEN 0 AND '2018-02-05 08:48:58' LIMIT 1   [ RunTime:0.0010s ]
SQL: SELECT `id`,`title`,`number`,`is_hid`,`is_del`,`sort`,`add_time`,`address` FROM `sr_tbook` WHERE `is_del` = 0 AND `add_time` BETWEEN 0 AND '2018-02-05 08:48:58' ORDER BY sort desc,add_time desc LIMIT 0,10   [ RunTime:0.0000s ]
INFO: [ view_parse ] --START--
INFO: [ template_filter ] --START--
INFO: Run Behavior\ContentReplaceBehavior [ RunTime:0.000000s ]
INFO: [ template_filter ] --END-- [ RunTime:0.000000s ]
NOTIC: [8] Undefined variable: keywords C:\xampp\htdocs\gaochao\Runtime\Cache\Backend\ff9d2712b95994b38aa019297c5f0ac9.php 第 197 行.
INFO: Run Behavior\ParseTemplateBehavior [ RunTime:0.021001s ]
INFO: [ view_parse ] --END-- [ RunTime:0.021001s ]
INFO: [ view_filter ] --START--
INFO: Run Behavior\WriteHtmlCacheBehavior [ RunTime:0.001000s ]
INFO: Run Behavior\TokenBuildBehavior [ RunTime:0.001000s ]
INFO: [ view_filter ] --END-- [ RunTime:0.002000s ]
INFO: [ app_end ] --START--
INFO: Run Behavior\ShowPageTraceBehavior [ RunTime:0.001000s ]
INFO: [ app_end ] --END-- [ RunTime:0.001000s ]

[ 2018-02-05T08:49:03+08:00 ] ::1 /gaochao/Backend/Tbook/Tbook/import.html
INFO: [ app_init ] --START--
INFO: Run Behavior\BuildLiteBehavior [ RunTime:0.000000s ]
INFO: [ app_init ] --END-- [ RunTime:0.000000s ]
INFO: [ app_begin ] --START--
INFO: Run Behavior\ReadHtmlCacheBehavior [ RunTime:0.001000s ]
INFO: Run Behavior\CheckLangBehavior [ RunTime:0.001000s ]
INFO: [ app_begin ] --END-- [ RunTime:0.002000s ]
SQL: SHOW COLUMNS FROM `sr_tbook` [ RunTime:0.0190s ]
INFO: [ view_parse ] --START--
INFO: [ template_filter ] --START--
INFO: Run Behavior\ContentReplaceBehavior [ RunTime:0.000000s ]
INFO: [ template_filter ] --END-- [ RunTime:0.000000s ]
INFO: Run Behavior\ParseTemplateBehavior [ RunTime:0.012001s ]
INFO: [ view_parse ] --END-- [ RunTime:0.012001s ]
INFO: [ view_filter ] --START--
INFO: Run Behavior\WriteHtmlCacheBehavior [ RunTime:0.001000s ]
INFO: Run Behavior\TokenBuildBehavior [ RunTime:0.001000s ]
INFO: [ view_filter ] --END-- [ RunTime:0.002000s ]
INFO: [ app_end ] --START--
INFO: Run Behavior\ShowPageTraceBehavior [ RunTime:0.002000s ]
INFO: [ app_end ] --END-- [ RunTime:0.002000s ]

[ 2018-02-05T08:49:14+08:00 ] ::1 /gaochao/Backend/Tbook/Tbook/import.html
INFO: [ app_init ] --START--
INFO: Run Behavior\BuildLiteBehavior [ RunTime:0.000000s ]
INFO: [ app_init ] --END-- [ RunTime:0.001000s ]
INFO: [ app_begin ] --START--
INFO: Run Behavior\ReadHtmlCacheBehavior [ RunTime:0.001000s ]
INFO: Run Behavior\CheckLangBehavior [ RunTime:0.001000s ]
INFO: [ app_begin ] --END-- [ RunTime:0.002000s ]
SQL: SHOW COLUMNS FROM `sr_tbook` [ RunTime:0.0110s ]
NOTIC: [2] call_user_func() expects parameter 1 to be a valid callback, no array or string given C:\xampp\htdocs\gaochao\Core\Library\Think\Upload.class.php 第 186 行.
NOTIC: [8] Undefined index: callback C:\xampp\htdocs\gaochao\Application\Common\Controller\ExcelController.class.php 第 264 行.
NOTIC: [8] Undefined index: callback C:\xampp\htdocs\gaochao\Application\Common\Controller\ExcelController.class.php 第 264 行.
NOTIC: [8] Undefined index: callback C:\xampp\htdocs\gaochao\Application\Common\Controller\ExcelController.class.php 第 264 行.
NOTIC: [8] Undefined index: callback C:\xampp\htdocs\gaochao\Application\Common\Controller\ExcelController.class.php 第 264 行.
SQL: SHOW COLUMNS FROM `sr_tbook` [ RunTime:0.0260s ]
SQL: INSERT INTO `sr_tbook` (`title`,`number`,`sort`,`address`,`add_time`) VALUES ('吉安中南大酒店','15170255838','7999','江西省吉安市泰和县','2018-02-05 08:49:14') [ RunTime:0.0410s ]
INFO: [ view_parse ] --START--
INFO: [ template_filter ] --START--
INFO: Run Behavior\ContentReplaceBehavior [ RunTime:0.000000s ]
INFO: [ template_filter ] --END-- [ RunTime:0.000000s ]
INFO: Run Behavior\ParseTemplateBehavior [ RunTime:0.009000s ]
INFO: [ view_parse ] --END-- [ RunTime:0.009000s ]
INFO: [ view_filter ] --START--
INFO: Run Behavior\WriteHtmlCacheBehavior [ RunTime:0.000000s ]
INFO: Run Behavior\TokenBuildBehavior [ RunTime:0.001000s ]
INFO: [ view_filter ] --END-- [ RunTime:0.001000s ]
INFO: [ app_end ] --START--
INFO: Run Behavior\ShowPageTraceBehavior [ RunTime:0.000000s ]
INFO: [ app_end ] --END-- [ RunTime:0.000000s ]

[ 2018-02-05T08:49:18+08:00 ] ::1 /gaochao/Backend/Tbook/Tbook/index.html
INFO: [ app_init ] --START--
INFO: Run Behavior\BuildLiteBehavior [ RunTime:0.000000s ]
INFO: [ app_init ] --END-- [ RunTime:0.000000s ]
INFO: [ app_begin ] --START--
INFO: Run Behavior\ReadHtmlCacheBehavior [ RunTime:0.001000s ]
INFO: Run Behavior\CheckLangBehavior [ RunTime:0.001000s ]
INFO: [ app_begin ] --END-- [ RunTime:0.002000s ]
SQL: SHOW COLUMNS FROM `sr_tbook` [ RunTime:0.0150s ]
SQL: SHOW COLUMNS FROM `sr_action_log` [ RunTime:0.0180s ]
SQL: INSERT INTO `sr_action_log` (`url`,`username`,`menu_id`,`title`,`action`,`ip`,`admin_id`,`add_time`) VALUES ('Backend/Tbook/Tbook/index','admin','860','平台管理 &gt; 电话本 &gt; 电话列表 &gt; ','浏览','0.0.0.0','1','2018-02-05 08:49:18') [ RunTime:0.0210s ]
SQL: SELECT COUNT(*) AS tp_count FROM `sr_tbook` WHERE `is_del` = 0 AND `add_time` BETWEEN 0 AND '2018-02-05 08:49:18' LIMIT 1   [ RunTime:0.0010s ]
SQL: SELECT `id`,`title`,`number`,`is_hid`,`is_del`,`sort`,`add_time`,`address` FROM `sr_tbook` WHERE `is_del` = 0 AND `add_time` BETWEEN 0 AND '2018-02-05 08:49:18' ORDER BY sort desc,add_time desc LIMIT 0,10   [ RunTime:0.0000s ]
INFO: [ view_parse ] --START--
INFO: [ template_filter ] --START--
INFO: Run Behavior\ContentReplaceBehavior [ RunTime:0.000000s ]
INFO: [ template_filter ] --END-- [ RunTime:0.000000s ]
NOTIC: [8] Undefined variable: keywords C:\xampp\htdocs\gaochao\Runtime\Cache\Backend\ff9d2712b95994b38aa019297c5f0ac9.php 第 197 行.
INFO: Run Behavior\ParseTemplateBehavior [ RunTime:0.021001s ]
INFO: [ view_parse ] --END-- [ RunTime:0.021001s ]
INFO: [ view_filter ] --START--
INFO: Run Behavior\WriteHtmlCacheBehavior [ RunTime:0.001000s ]
INFO: Run Behavior\TokenBuildBehavior [ RunTime:0.000000s ]
INFO: [ view_filter ] --END-- [ RunTime:0.001000s ]
INFO: [ app_end ] --START--
INFO: Run Behavior\ShowPageTraceBehavior [ RunTime:0.002000s ]
INFO: [ app_end ] --END-- [ RunTime:0.002000s ]

[ 2018-02-05T08:55:55+08:00 ] ::1 /gaochao/Backend/Tbook/Tbook/import.html
INFO: [ app_init ] --START--
INFO: Run Behavior\BuildLiteBehavior [ RunTime:0.000000s ]
INFO: [ app_init ] --END-- [ RunTime:0.024002s ]
INFO: [ app_begin ] --START--
INFO: Run Behavior\ReadHtmlCacheBehavior [ RunTime:0.015001s ]
INFO: Run Behavior\CheckLangBehavior [ RunTime:0.012001s ]
INFO: [ app_begin ] --END-- [ RunTime:0.027002s ]
SQL: SHOW COLUMNS FROM `sr_tbook` [ RunTime:0.0140s ]
INFO: [ view_parse ] --START--
INFO: [ template_filter ] --START--
INFO: Run Behavior\ContentReplaceBehavior [ RunTime:0.000000s ]
INFO: [ template_filter ] --END-- [ RunTime:0.001001s ]
INFO: Run Behavior\ParseTemplateBehavior [ RunTime:0.066202s ]
INFO: [ view_parse ] --END-- [ RunTime:0.066202s ]
INFO: [ view_filter ] --START--
INFO: Run Behavior\WriteHtmlCacheBehavior [ RunTime:0.013001s ]
INFO: Run Behavior\TokenBuildBehavior [ RunTime:0.003000s ]
INFO: [ view_filter ] --END-- [ RunTime:0.016001s ]
INFO: [ app_end ] --START--
INFO: Run Behavior\ShowPageTraceBehavior [ RunTime:0.014001s ]
INFO: [ app_end ] --END-- [ RunTime:0.014001s ]

