[ 2018-02-04T16:49:36+08:00 ] ::1 /gaochao/backend
INFO: [ app_init ] --START--
INFO: Run Behavior\BuildLiteBehavior [ RunTime:0.000000s ]
INFO: [ app_init ] --END-- [ RunTime:0.075004s ]
INFO: [ app_begin ] --START--
INFO: Run Behavior\ReadHtmlCacheBehavior [ RunTime:0.060003s ]
INFO: Run Behavior\CheckLangBehavior [ RunTime:0.544031s ]
INFO: [ app_begin ] --END-- [ RunTime:0.604034s ]
NOTIC: [8] Undefined index: backend_wuye C:\xampp\htdocs\gaochao\Core\Common\functions.php 第 1437 行.
INFO: [ view_parse ] --START--
INFO: [ template_filter ] --START--
INFO: Run Behavior\ContentReplaceBehavior [ RunTime:0.000000s ]
INFO: [ template_filter ] --END-- [ RunTime:0.000000s ]
INFO: Run Behavior\ParseTemplateBehavior [ RunTime:0.808046s ]
INFO: [ view_parse ] --END-- [ RunTime:0.809046s ]
INFO: [ view_filter ] --START--
INFO: Run Behavior\WriteHtmlCacheBehavior [ RunTime:0.131008s ]
INFO: Run Behavior\TokenBuildBehavior [ RunTime:0.020001s ]
INFO: [ view_filter ] --END-- [ RunTime:0.152009s ]
INFO: [ app_end ] --START--
INFO: Run Behavior\ShowPageTraceBehavior [ RunTime:0.096006s ]
INFO: [ app_end ] --END-- [ RunTime:0.096006s ]

[ 2018-02-04T16:49:40+08:00 ] ::1 /gaochao/Backend/Base/Public/verify.html
INFO: [ app_init ] --START--
INFO: Run Behavior\BuildLiteBehavior [ RunTime:0.000000s ]
INFO: [ app_init ] --END-- [ RunTime:0.001000s ]
INFO: [ app_begin ] --START--
INFO: Run Behavior\ReadHtmlCacheBehavior [ RunTime:0.001000s ]
INFO: Run Behavior\CheckLangBehavior [ RunTime:0.003001s ]
INFO: [ app_begin ] --END-- [ RunTime:0.004001s ]
NOTIC: [8] Undefined index: backend_wuye C:\xampp\htdocs\gaochao\Core\Common\functions.php 第 1437 行.
INFO: [ app_end ] --START--
INFO: Run Behavior\ShowPageTraceBehavior [ RunTime:0.001000s ]
INFO: [ app_end ] --END-- [ RunTime:0.001000s ]

[ 2018-02-04T16:49:52+08:00 ] ::1 /gaochao/Backend/Base/Public/login.html
INFO: [ app_init ] --START--
INFO: Run Behavior\BuildLiteBehavior [ RunTime:0.000000s ]
INFO: [ app_init ] --END-- [ RunTime:0.001000s ]
INFO: [ app_begin ] --START--
INFO: Run Behavior\ReadHtmlCacheBehavior [ RunTime:0.001000s ]
INFO: Run Behavior\CheckLangBehavior [ RunTime:0.001000s ]
INFO: [ app_begin ] --END-- [ RunTime:0.002000s ]
SQL: SHOW COLUMNS FROM `sr_admin` [ RunTime:1.2471s ]
SQL: SELECT `id`,`email`,`mobile`,`nickname`,`username`,`role_id`,`department_id`,`password`,`salt`,`description`,`rules`,`add_time`,`update_time`,`admin_id`,`is_hid`,`is_del`,`login_ip`,`login_time`,`sort`,`last_login_ip`,`last_login_time`,`district_id` FROM `sr_admin` WHERE `username` = 'admin' AND `is_del` = 0 LIMIT 1   [ RunTime:0.6510s ]
SQL: UPDATE `sr_admin` SET `login_time`='2018-02-04 16:49:50',`login_ip`='0.0.0.0',`last_login_time`='2018-02-03 09:05:34',`last_login_ip`='0.0.0.0',`update_time`='2018-02-04 16:49:50' WHERE `id` = 1 [ RunTime:0.1790s ]
SQL: SHOW COLUMNS FROM `sr_action_log` [ RunTime:0.5910s ]
SQL: INSERT INTO `sr_action_log` (`url`,`username`,`menu_id`,`title`,`action`,`ip`,`admin_id`,`add_time`) VALUES ('Backend/Base/Public/login','admin','0','','登录','0.0.0.0','1','2018-02-04 16:49:51') [ RunTime:0.6700s ]

[ 2018-02-04T16:49:53+08:00 ] ::1 /gaochao/Backend
INFO: [ app_init ] --START--
INFO: Run Behavior\BuildLiteBehavior [ RunTime:0.000000s ]
INFO: [ app_init ] --END-- [ RunTime:0.000000s ]
INFO: [ app_begin ] --START--
INFO: Run Behavior\ReadHtmlCacheBehavior [ RunTime:0.001000s ]
INFO: Run Behavior\CheckLangBehavior [ RunTime:0.001000s ]
INFO: [ app_begin ] --END-- [ RunTime:0.002000s ]
INFO: [ view_parse ] --START--
INFO: [ template_filter ] --START--
INFO: Run Behavior\ContentReplaceBehavior [ RunTime:0.000000s ]
INFO: [ template_filter ] --END-- [ RunTime:0.000000s ]
INFO: Run Behavior\ParseTemplateBehavior [ RunTime:0.008000s ]
INFO: [ view_parse ] --END-- [ RunTime:0.008000s ]
INFO: [ view_filter ] --START--
INFO: Run Behavior\WriteHtmlCacheBehavior [ RunTime:0.001000s ]
INFO: Run Behavior\TokenBuildBehavior [ RunTime:0.000000s ]
INFO: [ view_filter ] --END-- [ RunTime:0.001000s ]
INFO: [ app_end ] --START--
INFO: Run Behavior\ShowPageTraceBehavior [ RunTime:0.001000s ]
INFO: [ app_end ] --END-- [ RunTime:0.001000s ]

[ 2018-02-04T16:49:59+08:00 ] ::1 /gaochao/Backend/Base/Index/index.html
INFO: [ app_init ] --START--
INFO: Run Behavior\BuildLiteBehavior [ RunTime:0.000000s ]
INFO: [ app_init ] --END-- [ RunTime:0.000000s ]
INFO: [ app_begin ] --START--
INFO: Run Behavior\ReadHtmlCacheBehavior [ RunTime:0.000000s ]
INFO: Run Behavior\CheckLangBehavior [ RunTime:0.002000s ]
INFO: [ app_begin ] --END-- [ RunTime:0.002000s ]
SQL: SHOW COLUMNS FROM `sr_menu` [ RunTime:0.5170s ]
SQL: SELECT `id`,`pid`,`path`,`level`,`title`,`url`,`description`,`class`,`display_position`,`sort`,`is_hid`,`is_del`,`is_dev`,`addtime`,`updatetime` FROM `sr_menu` WHERE `is_hid` = 0 AND `is_del` = 0 ORDER BY sort desc,id asc  [ RunTime:0.0530s ]
SQL: SHOW COLUMNS FROM `sr_capital_record` [ RunTime:0.2790s ]
SQL: SHOW COLUMNS FROM `sr_action_log` [ RunTime:0.0100s ]
SQL: INSERT INTO `sr_action_log` (`url`,`username`,`menu_id`,`title`,`action`,`ip`,`admin_id`,`add_time`) VALUES ('Backend/Base/Index/index','admin','359','平台管理 &gt; 系统首页 &gt; 系统首页','浏览','0.0.0.0','1','2018-02-04 16:49:54') [ RunTime:0.0350s ]
SQL: SHOW COLUMNS FROM `sr_order` [ RunTime:0.6620s ]
SQL: SELECT count(id) tp_sum FROM `sr_order` WHERE `status` = 20 AND `is_del` = 0 AND `is_hid` = 0 LIMIT 1   [ RunTime:0.5040s ]
SQL: SELECT SUM(`money_total`) tp_sum FROM `sr_order` WHERE `status` > 20 AND `is_del` = 0 AND `is_hid` = 0 LIMIT 1   [ RunTime:0.0020s ]
SQL: SHOW COLUMNS FROM `sr_member` [ RunTime:0.5650s ]
SQL: SELECT count(id) tp_sum FROM `sr_member` LIMIT 1   [ RunTime:0.0030s ]
SQL: SHOW COLUMNS FROM `sr_product` [ RunTime:0.1090s ]
SQL: SELECT count(id) tp_sum FROM `sr_product` LIMIT 1   [ RunTime:0.0020s ]
SQL: SELECT o.id AS id,o.order_no AS order_no,o.money_total AS money_total,o.add_time AS add_time,o.status AS status,m.username AS username FROM sr_order o LEFT JOIN sr_member m ON m.id=o.member_id WHERE o.is_del = 0 AND o.is_hid = 0 AND o.status IN (10,20,40,70) ORDER BY o.add_time desc LIMIT 7   [ RunTime:0.0260s ]
SQL: SELECT `id`,`username`,`mobile`,`register_ip`,`register_time` FROM `sr_member` WHERE `is_del` = 0 AND `is_hid` = 0 ORDER BY register_time desc LIMIT 7   [ RunTime:0.0010s ]
SQL: SELECT count(*) as c,`status`,DATE_FORMAT(`add_time`, "%Y-%m-%d") as date FROM `sr_order` WHERE `is_del` = 0 AND `is_hid` = 0 AND `status` IN (5,10,20,30,40,50,60,70) AND (`add_time` LIKE '2018-01-05%' OR `add_time` LIKE '2018-01-06%' OR `add_time` LIKE '2018-01-07%' OR `add_time` LIKE '2018-01-08%' OR `add_time` LIKE '2018-01-09%' OR `add_time` LIKE '2018-01-10%' OR `add_time` LIKE '2018-01-11%' OR `add_time` LIKE '2018-01-12%' OR `add_time` LIKE '2018-01-13%' OR `add_time` LIKE '2018-01-14%' OR `add_time` LIKE '2018-01-15%' OR `add_time` LIKE '2018-01-16%' OR `add_time` LIKE '2018-01-17%' OR `add_time` LIKE '2018-01-18%' OR `add_time` LIKE '2018-01-19%' OR `add_time` LIKE '2018-01-20%' OR `add_time` LIKE '2018-01-21%' OR `add_time` LIKE '2018-01-22%' OR `add_time` LIKE '2018-01-23%' OR `add_time` LIKE '2018-01-24%' OR `add_time` LIKE '2018-01-25%' OR `add_time` LIKE '2018-01-26%' OR `add_time` LIKE '2018-01-27%' OR `add_time` LIKE '2018-01-28%' OR `add_time` LIKE '2018-01-29%' OR `add_time` LIKE '2018-01-30%' OR `add_time` LIKE '2018-01-31%' OR `add_time` LIKE '2018-02-01%' OR `add_time` LIKE '2018-02-02%' OR `add_time` LIKE '2018-02-03%' OR `add_time` LIKE '2018-02-04%') GROUP BY `date`,`status`  [ RunTime:0.3870s ]
INFO: [ view_parse ] --START--
INFO: [ template_filter ] --START--
INFO: Run Behavior\ContentReplaceBehavior [ RunTime:0.001000s ]
INFO: [ template_filter ] --END-- [ RunTime:0.001000s ]
NOTIC: [8] Undefined index: order_5 C:\xampp\htdocs\gaochao\Runtime\Cache\Backend\32f31cafcace70025c62f10a867e9d20.php 第 392 行.
NOTIC: [2] array_values() expects parameter 1 to be array, null given C:\xampp\htdocs\gaochao\Runtime\Cache\Backend\32f31cafcace70025c62f10a867e9d20.php 第 392 行.
NOTIC: [8] Undefined index: order_10 C:\xampp\htdocs\gaochao\Runtime\Cache\Backend\32f31cafcace70025c62f10a867e9d20.php 第 406 行.
NOTIC: [2] array_values() expects parameter 1 to be array, null given C:\xampp\htdocs\gaochao\Runtime\Cache\Backend\32f31cafcace70025c62f10a867e9d20.php 第 406 行.
NOTIC: [8] Undefined index: order_20 C:\xampp\htdocs\gaochao\Runtime\Cache\Backend\32f31cafcace70025c62f10a867e9d20.php 第 420 行.
NOTIC: [2] array_values() expects parameter 1 to be array, null given C:\xampp\htdocs\gaochao\Runtime\Cache\Backend\32f31cafcace70025c62f10a867e9d20.php 第 420 行.
NOTIC: [8] Undefined index: order_30 C:\xampp\htdocs\gaochao\Runtime\Cache\Backend\32f31cafcace70025c62f10a867e9d20.php 第 434 行.
NOTIC: [2] array_values() expects parameter 1 to be array, null given C:\xampp\htdocs\gaochao\Runtime\Cache\Backend\32f31cafcace70025c62f10a867e9d20.php 第 434 行.
NOTIC: [8] Undefined index: order_40 C:\xampp\htdocs\gaochao\Runtime\Cache\Backend\32f31cafcace70025c62f10a867e9d20.php 第 448 行.
NOTIC: [2] array_values() expects parameter 1 to be array, null given C:\xampp\htdocs\gaochao\Runtime\Cache\Backend\32f31cafcace70025c62f10a867e9d20.php 第 448 行.
NOTIC: [8] Undefined index: order_50 C:\xampp\htdocs\gaochao\Runtime\Cache\Backend\32f31cafcace70025c62f10a867e9d20.php 第 462 行.
NOTIC: [2] array_values() expects parameter 1 to be array, null given C:\xampp\htdocs\gaochao\Runtime\Cache\Backend\32f31cafcace70025c62f10a867e9d20.php 第 462 行.
NOTIC: [8] Undefined index: order_60 C:\xampp\htdocs\gaochao\Runtime\Cache\Backend\32f31cafcace70025c62f10a867e9d20.php 第 476 行.
NOTIC: [2] array_values() expects parameter 1 to be array, null given C:\xampp\htdocs\gaochao\Runtime\Cache\Backend\32f31cafcace70025c62f10a867e9d20.php 第 476 行.
NOTIC: [8] Undefined index: order_70 C:\xampp\htdocs\gaochao\Runtime\Cache\Backend\32f31cafcace70025c62f10a867e9d20.php 第 490 行.
NOTIC: [2] array_values() expects parameter 1 to be array, null given C:\xampp\htdocs\gaochao\Runtime\Cache\Backend\32f31cafcace70025c62f10a867e9d20.php 第 490 行.
INFO: Run Behavior\ParseTemplateBehavior [ RunTime:1.799103s ]
INFO: [ view_parse ] --END-- [ RunTime:1.799103s ]
INFO: [ view_filter ] --START--
INFO: Run Behavior\WriteHtmlCacheBehavior [ RunTime:0.001000s ]
INFO: Run Behavior\TokenBuildBehavior [ RunTime:0.001000s ]
INFO: [ view_filter ] --END-- [ RunTime:0.002000s ]
INFO: [ app_end ] --START--
INFO: Run Behavior\ShowPageTraceBehavior [ RunTime:0.002000s ]
INFO: [ app_end ] --END-- [ RunTime:0.002000s ]

[ 2018-02-04T16:50:09+08:00 ] ::1 /gaochao/Backend/Tbook/Tbook/index.html
INFO: [ app_init ] --START--
INFO: Run Behavior\BuildLiteBehavior [ RunTime:0.000000s ]
INFO: [ app_init ] --END-- [ RunTime:0.001000s ]
INFO: [ app_begin ] --START--
INFO: Run Behavior\ReadHtmlCacheBehavior [ RunTime:0.003001s ]
INFO: Run Behavior\CheckLangBehavior [ RunTime:0.001000s ]
INFO: [ app_begin ] --END-- [ RunTime:0.004001s ]
SQL: SHOW COLUMNS FROM `sr_tbook` [ RunTime:0.0950s ]
SQL: SHOW COLUMNS FROM `sr_action_log` [ RunTime:0.0120s ]
SQL: INSERT INTO `sr_action_log` (`url`,`username`,`menu_id`,`title`,`action`,`ip`,`admin_id`,`add_time`) VALUES ('Backend/Tbook/Tbook/index','admin','860','平台管理 &gt; 电话本 &gt; 电话列表 &gt; ','浏览','0.0.0.0','1','2018-02-04 16:50:08') [ RunTime:0.0320s ]
SQL: SELECT COUNT(*) AS tp_count FROM `sr_tbook` WHERE `is_del` = 0 AND `add_time` BETWEEN 0 AND '2018-02-04 16:50:08' LIMIT 1   [ RunTime:0.0000s ]
SQL: SELECT `id`,`title`,`number`,`is_hid`,`is_del`,`sort`,`add_time`,`address` FROM `sr_tbook` WHERE `is_del` = 0 AND `add_time` BETWEEN 0 AND '2018-02-04 16:50:08' ORDER BY sort desc,add_time desc LIMIT 0,10   [ RunTime:0.0010s ]
INFO: [ view_parse ] --START--
INFO: [ template_filter ] --START--
INFO: Run Behavior\ContentReplaceBehavior [ RunTime:0.001000s ]
INFO: [ template_filter ] --END-- [ RunTime:0.001000s ]
NOTIC: [8] Undefined variable: keywords C:\xampp\htdocs\gaochao\Runtime\Cache\Backend\ff9d2712b95994b38aa019297c5f0ac9.php 第 197 行.
INFO: Run Behavior\ParseTemplateBehavior [ RunTime:0.074004s ]
INFO: [ view_parse ] --END-- [ RunTime:0.074004s ]
INFO: [ view_filter ] --START--
INFO: Run Behavior\WriteHtmlCacheBehavior [ RunTime:0.001000s ]
INFO: Run Behavior\TokenBuildBehavior [ RunTime:0.000000s ]
INFO: [ view_filter ] --END-- [ RunTime:0.001000s ]
INFO: [ app_end ] --START--
INFO: Run Behavior\ShowPageTraceBehavior [ RunTime:0.002000s ]
INFO: [ app_end ] --END-- [ RunTime:0.002000s ]

[ 2018-02-04T16:50:12+08:00 ] ::1 /gaochao/Backend/Tbook/Tbook/import.html
INFO: [ app_init ] --START--
INFO: Run Behavior\BuildLiteBehavior [ RunTime:0.000000s ]
INFO: [ app_init ] --END-- [ RunTime:0.000000s ]
INFO: [ app_begin ] --START--
INFO: Run Behavior\ReadHtmlCacheBehavior [ RunTime:0.002000s ]
INFO: Run Behavior\CheckLangBehavior [ RunTime:0.001000s ]
INFO: [ app_begin ] --END-- [ RunTime:0.003000s ]
SQL: SHOW COLUMNS FROM `sr_tbook` [ RunTime:0.0110s ]
INFO: [ view_parse ] --START--
INFO: [ template_filter ] --START--
INFO: Run Behavior\ContentReplaceBehavior [ RunTime:0.000000s ]
INFO: [ template_filter ] --END-- [ RunTime:0.000000s ]
INFO: Run Behavior\ParseTemplateBehavior [ RunTime:0.067004s ]
INFO: [ view_parse ] --END-- [ RunTime:0.067004s ]
INFO: [ view_filter ] --START--
INFO: Run Behavior\WriteHtmlCacheBehavior [ RunTime:0.000000s ]
INFO: Run Behavior\TokenBuildBehavior [ RunTime:0.001000s ]
INFO: [ view_filter ] --END-- [ RunTime:0.002000s ]
INFO: [ app_end ] --START--
INFO: Run Behavior\ShowPageTraceBehavior [ RunTime:0.001000s ]
INFO: [ app_end ] --END-- [ RunTime:0.001000s ]

[ 2018-02-04T16:50:45+08:00 ] ::1 /gaochao/Backend/Tbook/Tbook/import.html
INFO: [ app_init ] --START--
INFO: Run Behavior\BuildLiteBehavior [ RunTime:0.000000s ]
INFO: [ app_init ] --END-- [ RunTime:0.000000s ]
INFO: [ app_begin ] --START--
INFO: Run Behavior\ReadHtmlCacheBehavior [ RunTime:0.001000s ]
INFO: Run Behavior\CheckLangBehavior [ RunTime:0.002001s ]
INFO: [ app_begin ] --END-- [ RunTime:0.003001s ]
SQL: SHOW COLUMNS FROM `sr_tbook` [ RunTime:0.0130s ]
NOTIC: [2] call_user_func() expects parameter 1 to be a valid callback, no array or string given C:\xampp\htdocs\gaochao\Core\Library\Think\Upload.class.php 第 186 行.
NOTIC: [8] Undefined variable: options C:\xampp\htdocs\gaochao\Core\Library\Vendor\PHPEXCEL\PHPExcel\Settings.php 第 384 行.
NOTIC: [8] Undefined variable: options C:\xampp\htdocs\gaochao\Core\Library\Vendor\PHPEXCEL\PHPExcel\Settings.php 第 384 行.
NOTIC: [8] Undefined variable: options C:\xampp\htdocs\gaochao\Core\Library\Vendor\PHPEXCEL\PHPExcel\Settings.php 第 384 行.
NOTIC: [8] Undefined variable: options C:\xampp\htdocs\gaochao\Core\Library\Vendor\PHPEXCEL\PHPExcel\Settings.php 第 384 行.
NOTIC: [8] Undefined variable: options C:\xampp\htdocs\gaochao\Core\Library\Vendor\PHPEXCEL\PHPExcel\Settings.php 第 384 行.
NOTIC: [8] Undefined variable: options C:\xampp\htdocs\gaochao\Core\Library\Vendor\PHPEXCEL\PHPExcel\Settings.php 第 384 行.
NOTIC: [8] Undefined variable: options C:\xampp\htdocs\gaochao\Core\Library\Vendor\PHPEXCEL\PHPExcel\Settings.php 第 384 行.
NOTIC: [8] Undefined variable: options C:\xampp\htdocs\gaochao\Core\Library\Vendor\PHPEXCEL\PHPExcel\Settings.php 第 384 行.
NOTIC: [8] Undefined variable: options C:\xampp\htdocs\gaochao\Core\Library\Vendor\PHPEXCEL\PHPExcel\Settings.php 第 384 行.
NOTIC: [2] Use of undefined constant s - assumed 's' (this will throw an Error in a future version of PHP) C:\xampp\htdocs\gaochao\Core\Library\Vendor\PHPEXCEL\PHPExcel\Cell\DefaultValueBinder.php 第 63 行.
NOTIC: [2] Use of undefined constant s - assumed 's' (this will throw an Error in a future version of PHP) C:\xampp\htdocs\gaochao\Core\Library\Vendor\PHPEXCEL\PHPExcel\Cell\DefaultValueBinder.php 第 63 行.
NOTIC: [8] Undefined variable: options C:\xampp\htdocs\gaochao\Core\Library\Vendor\PHPEXCEL\PHPExcel\Settings.php 第 384 行.
NOTIC: [8] Undefined variable: options C:\xampp\htdocs\gaochao\Core\Library\Vendor\PHPEXCEL\PHPExcel\Settings.php 第 384 行.
NOTIC: [8] Undefined variable: options C:\xampp\htdocs\gaochao\Core\Library\Vendor\PHPEXCEL\PHPExcel\Settings.php 第 384 行.
NOTIC: [8] Undefined variable: options C:\xampp\htdocs\gaochao\Core\Library\Vendor\PHPEXCEL\PHPExcel\Settings.php 第 384 行.
NOTIC: [8] Undefined variable: options C:\xampp\htdocs\gaochao\Core\Library\Vendor\PHPEXCEL\PHPExcel\Settings.php 第 384 行.
NOTIC: [8] Undefined index: callback C:\xampp\htdocs\gaochao\Application\Common\Controller\ExcelController.class.php 第 195 行.
NOTIC: [8] Undefined index: callback C:\xampp\htdocs\gaochao\Application\Common\Controller\ExcelController.class.php 第 195 行.
NOTIC: [8] Undefined index: callback C:\xampp\htdocs\gaochao\Application\Common\Controller\ExcelController.class.php 第 195 行.
NOTIC: [8] Undefined index: callback C:\xampp\htdocs\gaochao\Application\Common\Controller\ExcelController.class.php 第 195 行.
SQL: SHOW COLUMNS FROM `sr_tbook` [ RunTime:0.0240s ]
SQL: INSERT INTO `sr_tbook` (`title`,`number`,`sort`,`address`,`add_time`) VALUES ('吉安中南大酒店','15170255838','7999','江西省吉安市泰和县','2018-02-04 16:50:44') [ RunTime:0.0590s ]
INFO: [ view_parse ] --START--
INFO: [ template_filter ] --START--
INFO: Run Behavior\ContentReplaceBehavior [ RunTime:0.000000s ]
INFO: [ template_filter ] --END-- [ RunTime:0.000000s ]
INFO: Run Behavior\ParseTemplateBehavior [ RunTime:0.084005s ]
INFO: [ view_parse ] --END-- [ RunTime:0.084005s ]
INFO: [ view_filter ] --START--
INFO: Run Behavior\WriteHtmlCacheBehavior [ RunTime:0.001000s ]
INFO: Run Behavior\TokenBuildBehavior [ RunTime:0.001000s ]
INFO: [ view_filter ] --END-- [ RunTime:0.003000s ]
INFO: [ app_end ] --START--
INFO: Run Behavior\ShowPageTraceBehavior [ RunTime:0.002001s ]
INFO: [ app_end ] --END-- [ RunTime:0.002001s ]

[ 2018-02-04T16:50:49+08:00 ] ::1 /gaochao/Backend/Tbook/Tbook/index.html
INFO: [ app_init ] --START--
INFO: Run Behavior\BuildLiteBehavior [ RunTime:0.000000s ]
INFO: [ app_init ] --END-- [ RunTime:0.001000s ]
INFO: [ app_begin ] --START--
INFO: Run Behavior\ReadHtmlCacheBehavior [ RunTime:0.000000s ]
INFO: Run Behavior\CheckLangBehavior [ RunTime:0.002000s ]
INFO: [ app_begin ] --END-- [ RunTime:0.002000s ]
SQL: SHOW COLUMNS FROM `sr_tbook` [ RunTime:0.0150s ]
SQL: SHOW COLUMNS FROM `sr_action_log` [ RunTime:0.0180s ]
SQL: INSERT INTO `sr_action_log` (`url`,`username`,`menu_id`,`title`,`action`,`ip`,`admin_id`,`add_time`) VALUES ('Backend/Tbook/Tbook/index','admin','860','平台管理 &gt; 电话本 &gt; 电话列表 &gt; ','浏览','0.0.0.0','1','2018-02-04 16:50:49') [ RunTime:0.0610s ]
SQL: SELECT COUNT(*) AS tp_count FROM `sr_tbook` WHERE `is_del` = 0 AND `add_time` BETWEEN 0 AND '2018-02-04 16:50:49' LIMIT 1   [ RunTime:0.0010s ]
SQL: SELECT `id`,`title`,`number`,`is_hid`,`is_del`,`sort`,`add_time`,`address` FROM `sr_tbook` WHERE `is_del` = 0 AND `add_time` BETWEEN 0 AND '2018-02-04 16:50:49' ORDER BY sort desc,add_time desc LIMIT 0,10   [ RunTime:0.0010s ]
INFO: [ view_parse ] --START--
INFO: [ template_filter ] --START--
INFO: Run Behavior\ContentReplaceBehavior [ RunTime:0.000000s ]
INFO: [ template_filter ] --END-- [ RunTime:0.000000s ]
NOTIC: [8] Undefined variable: keywords C:\xampp\htdocs\gaochao\Runtime\Cache\Backend\ff9d2712b95994b38aa019297c5f0ac9.php 第 197 行.
INFO: Run Behavior\ParseTemplateBehavior [ RunTime:0.038002s ]
INFO: [ view_parse ] --END-- [ RunTime:0.038002s ]
INFO: [ view_filter ] --START--
INFO: Run Behavior\WriteHtmlCacheBehavior [ RunTime:0.000000s ]
INFO: Run Behavior\TokenBuildBehavior [ RunTime:0.001000s ]
INFO: [ view_filter ] --END-- [ RunTime:0.002000s ]
INFO: [ app_end ] --START--
INFO: Run Behavior\ShowPageTraceBehavior [ RunTime:0.002000s ]
INFO: [ app_end ] --END-- [ RunTime:0.002000s ]

[ 2018-02-04T16:50:55+08:00 ] ::1 /gaochao/Backend/Tbook/Tbook/import.html
INFO: [ app_init ] --START--
INFO: Run Behavior\BuildLiteBehavior [ RunTime:0.000000s ]
INFO: [ app_init ] --END-- [ RunTime:0.001000s ]
INFO: [ app_begin ] --START--
INFO: Run Behavior\ReadHtmlCacheBehavior [ RunTime:0.002000s ]
INFO: Run Behavior\CheckLangBehavior [ RunTime:0.002000s ]
INFO: [ app_begin ] --END-- [ RunTime:0.004000s ]
SQL: SHOW COLUMNS FROM `sr_tbook` [ RunTime:0.0200s ]
INFO: [ view_parse ] --START--
INFO: [ template_filter ] --START--
INFO: Run Behavior\ContentReplaceBehavior [ RunTime:0.000000s ]
INFO: [ template_filter ] --END-- [ RunTime:0.000000s ]
INFO: Run Behavior\ParseTemplateBehavior [ RunTime:0.016001s ]
INFO: [ view_parse ] --END-- [ RunTime:0.016001s ]
INFO: [ view_filter ] --START--
INFO: Run Behavior\WriteHtmlCacheBehavior [ RunTime:0.001000s ]
INFO: Run Behavior\TokenBuildBehavior [ RunTime:0.000000s ]
INFO: [ view_filter ] --END-- [ RunTime:0.001000s ]
INFO: [ app_end ] --START--
INFO: Run Behavior\ShowPageTraceBehavior [ RunTime:0.001000s ]
INFO: [ app_end ] --END-- [ RunTime:0.001000s ]

[ 2018-02-04T16:51:15+08:00 ] ::1 /gaochao/Backend/Tbook/Tbook/import.html
INFO: [ app_init ] --START--
INFO: Run Behavior\BuildLiteBehavior [ RunTime:0.000000s ]
INFO: [ app_init ] --END-- [ RunTime:0.001000s ]
INFO: [ app_begin ] --START--
INFO: Run Behavior\ReadHtmlCacheBehavior [ RunTime:0.001000s ]
INFO: Run Behavior\CheckLangBehavior [ RunTime:0.001000s ]
INFO: [ app_begin ] --END-- [ RunTime:0.002000s ]
SQL: SHOW COLUMNS FROM `sr_tbook` [ RunTime:0.0160s ]
NOTIC: [2] call_user_func() expects parameter 1 to be a valid callback, no array or string given C:\xampp\htdocs\gaochao\Core\Library\Think\Upload.class.php 第 186 行.
NOTIC: [8] Undefined variable: options C:\xampp\htdocs\gaochao\Core\Library\Vendor\PHPEXCEL\PHPExcel\Settings.php 第 384 行.
NOTIC: [8] Undefined variable: options C:\xampp\htdocs\gaochao\Core\Library\Vendor\PHPEXCEL\PHPExcel\Settings.php 第 384 行.
NOTIC: [8] Undefined variable: options C:\xampp\htdocs\gaochao\Core\Library\Vendor\PHPEXCEL\PHPExcel\Settings.php 第 384 行.
NOTIC: [8] Undefined variable: options C:\xampp\htdocs\gaochao\Core\Library\Vendor\PHPEXCEL\PHPExcel\Settings.php 第 384 行.
NOTIC: [8] Undefined variable: options C:\xampp\htdocs\gaochao\Core\Library\Vendor\PHPEXCEL\PHPExcel\Settings.php 第 384 行.
NOTIC: [8] Undefined variable: options C:\xampp\htdocs\gaochao\Core\Library\Vendor\PHPEXCEL\PHPExcel\Settings.php 第 384 行.
NOTIC: [8] Undefined variable: options C:\xampp\htdocs\gaochao\Core\Library\Vendor\PHPEXCEL\PHPExcel\Settings.php 第 384 行.
NOTIC: [8] Undefined variable: options C:\xampp\htdocs\gaochao\Core\Library\Vendor\PHPEXCEL\PHPExcel\Settings.php 第 384 行.
NOTIC: [8] Undefined variable: options C:\xampp\htdocs\gaochao\Core\Library\Vendor\PHPEXCEL\PHPExcel\Settings.php 第 384 行.
NOTIC: [2] Use of undefined constant s - assumed 's' (this will throw an Error in a future version of PHP) C:\xampp\htdocs\gaochao\Core\Library\Vendor\PHPEXCEL\PHPExcel\Cell\DefaultValueBinder.php 第 63 行.
NOTIC: [2] Use of undefined constant s - assumed 's' (this will throw an Error in a future version of PHP) C:\xampp\htdocs\gaochao\Core\Library\Vendor\PHPEXCEL\PHPExcel\Cell\DefaultValueBinder.php 第 63 行.
NOTIC: [8] Undefined variable: options C:\xampp\htdocs\gaochao\Core\Library\Vendor\PHPEXCEL\PHPExcel\Settings.php 第 384 行.
NOTIC: [8] Undefined variable: options C:\xampp\htdocs\gaochao\Core\Library\Vendor\PHPEXCEL\PHPExcel\Settings.php 第 384 行.
NOTIC: [8] Undefined variable: options C:\xampp\htdocs\gaochao\Core\Library\Vendor\PHPEXCEL\PHPExcel\Settings.php 第 384 行.
NOTIC: [8] Undefined variable: options C:\xampp\htdocs\gaochao\Core\Library\Vendor\PHPEXCEL\PHPExcel\Settings.php 第 384 行.
NOTIC: [8] Undefined variable: options C:\xampp\htdocs\gaochao\Core\Library\Vendor\PHPEXCEL\PHPExcel\Settings.php 第 384 行.
NOTIC: [8] Undefined index: callback C:\xampp\htdocs\gaochao\Application\Common\Controller\ExcelController.class.php 第 195 行.
NOTIC: [8] Undefined index: callback C:\xampp\htdocs\gaochao\Application\Common\Controller\ExcelController.class.php 第 195 行.
NOTIC: [8] Undefined index: callback C:\xampp\htdocs\gaochao\Application\Common\Controller\ExcelController.class.php 第 195 行.
NOTIC: [8] Undefined index: callback C:\xampp\htdocs\gaochao\Application\Common\Controller\ExcelController.class.php 第 195 行.
SQL: SHOW COLUMNS FROM `sr_tbook` [ RunTime:0.0160s ]
SQL: Delete from `sr_tbook` [ RunTime:0.0620s ]
SQL: INSERT INTO `sr_tbook` (`title`,`number`,`sort`,`address`,`add_time`) VALUES ('吉安中南大酒店','15170255838','7999','江西省吉安市泰和县','2018-02-04 16:51:15') [ RunTime:0.1200s ]
INFO: [ view_parse ] --START--
INFO: [ template_filter ] --START--
INFO: Run Behavior\ContentReplaceBehavior [ RunTime:0.000000s ]
INFO: [ template_filter ] --END-- [ RunTime:0.000000s ]
INFO: Run Behavior\ParseTemplateBehavior [ RunTime:0.015000s ]
INFO: [ view_parse ] --END-- [ RunTime:0.015000s ]
INFO: [ view_filter ] --START--
INFO: Run Behavior\WriteHtmlCacheBehavior [ RunTime:0.000000s ]
INFO: Run Behavior\TokenBuildBehavior [ RunTime:0.001000s ]
INFO: [ view_filter ] --END-- [ RunTime:0.001000s ]
INFO: [ app_end ] --START--
INFO: Run Behavior\ShowPageTraceBehavior [ RunTime:0.002001s ]
INFO: [ app_end ] --END-- [ RunTime:0.002001s ]

[ 2018-02-04T16:51:19+08:00 ] ::1 /gaochao/Backend/Tbook/Tbook/index.html
INFO: [ app_init ] --START--
INFO: Run Behavior\BuildLiteBehavior [ RunTime:0.001000s ]
INFO: [ app_init ] --END-- [ RunTime:0.002000s ]
INFO: [ app_begin ] --START--
INFO: Run Behavior\ReadHtmlCacheBehavior [ RunTime:0.001000s ]
INFO: Run Behavior\CheckLangBehavior [ RunTime:0.002000s ]
INFO: [ app_begin ] --END-- [ RunTime:0.003000s ]
SQL: SHOW COLUMNS FROM `sr_tbook` [ RunTime:0.0170s ]
SQL: SHOW COLUMNS FROM `sr_action_log` [ RunTime:0.0150s ]
SQL: INSERT INTO `sr_action_log` (`url`,`username`,`menu_id`,`title`,`action`,`ip`,`admin_id`,`add_time`) VALUES ('Backend/Tbook/Tbook/index','admin','860','平台管理 &gt; 电话本 &gt; 电话列表 &gt; ','浏览','0.0.0.0','1','2018-02-04 16:51:19') [ RunTime:0.0180s ]
SQL: SELECT COUNT(*) AS tp_count FROM `sr_tbook` WHERE `is_del` = 0 AND `add_time` BETWEEN 0 AND '2018-02-04 16:51:19' LIMIT 1   [ RunTime:0.0000s ]
SQL: SELECT `id`,`title`,`number`,`is_hid`,`is_del`,`sort`,`add_time`,`address` FROM `sr_tbook` WHERE `is_del` = 0 AND `add_time` BETWEEN 0 AND '2018-02-04 16:51:19' ORDER BY sort desc,add_time desc LIMIT 0,10   [ RunTime:0.0010s ]
INFO: [ view_parse ] --START--
INFO: [ template_filter ] --START--
INFO: Run Behavior\ContentReplaceBehavior [ RunTime:0.000000s ]
INFO: [ template_filter ] --END-- [ RunTime:0.000000s ]
NOTIC: [8] Undefined variable: keywords C:\xampp\htdocs\gaochao\Runtime\Cache\Backend\ff9d2712b95994b38aa019297c5f0ac9.php 第 197 行.
INFO: Run Behavior\ParseTemplateBehavior [ RunTime:0.019001s ]
INFO: [ view_parse ] --END-- [ RunTime:0.019001s ]
INFO: [ view_filter ] --START--
INFO: Run Behavior\WriteHtmlCacheBehavior [ RunTime:0.000000s ]
INFO: Run Behavior\TokenBuildBehavior [ RunTime:0.001000s ]
INFO: [ view_filter ] --END-- [ RunTime:0.001000s ]
INFO: [ app_end ] --START--
INFO: Run Behavior\ShowPageTraceBehavior [ RunTime:0.001000s ]
INFO: [ app_end ] --END-- [ RunTime:0.001000s ]

[ 2018-02-04T16:51:21+08:00 ] ::1 /gaochao/Backend/Tbook/Tbook/import.html
INFO: [ app_init ] --START--
INFO: Run Behavior\BuildLiteBehavior [ RunTime:0.000000s ]
INFO: [ app_init ] --END-- [ RunTime:0.001000s ]
INFO: [ app_begin ] --START--
INFO: Run Behavior\ReadHtmlCacheBehavior [ RunTime:0.000000s ]
INFO: Run Behavior\CheckLangBehavior [ RunTime:0.002001s ]
INFO: [ app_begin ] --END-- [ RunTime:0.004001s ]
SQL: SHOW COLUMNS FROM `sr_tbook` [ RunTime:0.0080s ]
INFO: [ view_parse ] --START--
INFO: [ template_filter ] --START--
INFO: Run Behavior\ContentReplaceBehavior [ RunTime:0.000000s ]
INFO: [ template_filter ] --END-- [ RunTime:0.000000s ]
INFO: Run Behavior\ParseTemplateBehavior [ RunTime:0.013001s ]
INFO: [ view_parse ] --END-- [ RunTime:0.014001s ]
INFO: [ view_filter ] --START--
INFO: Run Behavior\WriteHtmlCacheBehavior [ RunTime:0.000000s ]
INFO: Run Behavior\TokenBuildBehavior [ RunTime:0.001000s ]
INFO: [ view_filter ] --END-- [ RunTime:0.001000s ]
INFO: [ app_end ] --START--
INFO: Run Behavior\ShowPageTraceBehavior [ RunTime:0.001000s ]
INFO: [ app_end ] --END-- [ RunTime:0.001000s ]

[ 2018-02-04T16:51:46+08:00 ] ::1 /gaochao/Backend/Tbook/Tbook/import.html
INFO: [ app_init ] --START--
INFO: Run Behavior\BuildLiteBehavior [ RunTime:0.001000s ]
INFO: [ app_init ] --END-- [ RunTime:0.001000s ]
INFO: [ app_begin ] --START--
INFO: Run Behavior\ReadHtmlCacheBehavior [ RunTime:0.000000s ]
INFO: Run Behavior\CheckLangBehavior [ RunTime:0.002000s ]
INFO: [ app_begin ] --END-- [ RunTime:0.002000s ]
SQL: SHOW COLUMNS FROM `sr_tbook` [ RunTime:0.0200s ]
NOTIC: [2] call_user_func() expects parameter 1 to be a valid callback, no array or string given C:\xampp\htdocs\gaochao\Core\Library\Think\Upload.class.php 第 186 行.
NOTIC: [8] Undefined index: callback C:\xampp\htdocs\gaochao\Application\Common\Controller\ExcelController.class.php 第 195 行.
NOTIC: [8] Undefined index: callback C:\xampp\htdocs\gaochao\Application\Common\Controller\ExcelController.class.php 第 195 行.
NOTIC: [8] Undefined index: callback C:\xampp\htdocs\gaochao\Application\Common\Controller\ExcelController.class.php 第 195 行.
NOTIC: [8] Undefined index: callback C:\xampp\htdocs\gaochao\Application\Common\Controller\ExcelController.class.php 第 195 行.
SQL: SHOW COLUMNS FROM `sr_tbook` [ RunTime:0.0180s ]
SQL: Delete from `sr_tbook` [ RunTime:0.0250s ]
SQL: INSERT INTO `sr_tbook` (`title`,`number`,`sort`,`address`,`add_time`) VALUES ('吉安中南大酒店','15170255838','7999','江西省吉安市泰和县','2018-02-04 16:51:46') [ RunTime:0.0290s ]
INFO: [ view_parse ] --START--
INFO: [ template_filter ] --START--
INFO: Run Behavior\ContentReplaceBehavior [ RunTime:0.000000s ]
INFO: [ template_filter ] --END-- [ RunTime:0.000000s ]
INFO: Run Behavior\ParseTemplateBehavior [ RunTime:0.020001s ]
INFO: [ view_parse ] --END-- [ RunTime:0.020001s ]
INFO: [ view_filter ] --START--
INFO: Run Behavior\WriteHtmlCacheBehavior [ RunTime:0.001000s ]
INFO: Run Behavior\TokenBuildBehavior [ RunTime:0.002000s ]
INFO: [ view_filter ] --END-- [ RunTime:0.003000s ]
INFO: [ app_end ] --START--
INFO: Run Behavior\ShowPageTraceBehavior [ RunTime:0.002000s ]
INFO: [ app_end ] --END-- [ RunTime:0.002000s ]

[ 2018-02-04T16:51:51+08:00 ] ::1 /gaochao/Backend/Tbook/Tbook/index.html
INFO: [ app_init ] --START--
INFO: Run Behavior\BuildLiteBehavior [ RunTime:0.000000s ]
INFO: [ app_init ] --END-- [ RunTime:0.001000s ]
INFO: [ app_begin ] --START--
INFO: Run Behavior\ReadHtmlCacheBehavior [ RunTime:0.001000s ]
INFO: Run Behavior\CheckLangBehavior [ RunTime:0.002001s ]
INFO: [ app_begin ] --END-- [ RunTime:0.003001s ]
SQL: SHOW COLUMNS FROM `sr_tbook` [ RunTime:0.0150s ]
SQL: SHOW COLUMNS FROM `sr_action_log` [ RunTime:0.0170s ]
SQL: INSERT INTO `sr_action_log` (`url`,`username`,`menu_id`,`title`,`action`,`ip`,`admin_id`,`add_time`) VALUES ('Backend/Tbook/Tbook/index','admin','860','平台管理 &gt; 电话本 &gt; 电话列表 &gt; ','浏览','0.0.0.0','1','2018-02-04 16:51:51') [ RunTime:0.0490s ]
SQL: SELECT COUNT(*) AS tp_count FROM `sr_tbook` WHERE `is_del` = 0 AND `add_time` BETWEEN 0 AND '2018-02-04 16:51:51' LIMIT 1   [ RunTime:0.0000s ]
SQL: SELECT `id`,`title`,`number`,`is_hid`,`is_del`,`sort`,`add_time`,`address` FROM `sr_tbook` WHERE `is_del` = 0 AND `add_time` BETWEEN 0 AND '2018-02-04 16:51:51' ORDER BY sort desc,add_time desc LIMIT 0,10   [ RunTime:0.0000s ]
INFO: [ view_parse ] --START--
INFO: [ template_filter ] --START--
INFO: Run Behavior\ContentReplaceBehavior [ RunTime:0.000000s ]
INFO: [ template_filter ] --END-- [ RunTime:0.000000s ]
NOTIC: [8] Undefined variable: keywords C:\xampp\htdocs\gaochao\Runtime\Cache\Backend\ff9d2712b95994b38aa019297c5f0ac9.php 第 197 行.
INFO: Run Behavior\ParseTemplateBehavior [ RunTime:0.020001s ]
INFO: [ view_parse ] --END-- [ RunTime:0.020001s ]
INFO: [ view_filter ] --START--
INFO: Run Behavior\WriteHtmlCacheBehavior [ RunTime:0.001000s ]
INFO: Run Behavior\TokenBuildBehavior [ RunTime:0.000000s ]
INFO: [ view_filter ] --END-- [ RunTime:0.001000s ]
INFO: [ app_end ] --START--
INFO: Run Behavior\ShowPageTraceBehavior [ RunTime:0.001000s ]
INFO: [ app_end ] --END-- [ RunTime:0.001000s ]

[ 2018-02-04T16:53:05+08:00 ] 192.168.1.100 //gaochao/Backend
INFO: [ app_init ] --START--
INFO: Run Behavior\BuildLiteBehavior [ RunTime:0.000000s ]
INFO: [ app_init ] --END-- [ RunTime:0.001000s ]
INFO: [ app_begin ] --START--
INFO: Run Behavior\ReadHtmlCacheBehavior [ RunTime:0.001001s ]
INFO: Run Behavior\CheckLangBehavior [ RunTime:0.001000s ]
INFO: [ app_begin ] --END-- [ RunTime:0.002001s ]
NOTIC: [8] Undefined index: backend_wuye C:\xampp\htdocs\gaochao\Core\Common\functions.php 第 1437 行.
INFO: [ view_parse ] --START--
INFO: [ template_filter ] --START--
INFO: Run Behavior\ContentReplaceBehavior [ RunTime:0.000000s ]
INFO: [ template_filter ] --END-- [ RunTime:0.000000s ]
INFO: Run Behavior\ParseTemplateBehavior [ RunTime:0.136008s ]
INFO: [ view_parse ] --END-- [ RunTime:0.136008s ]
INFO: [ view_filter ] --START--
INFO: Run Behavior\WriteHtmlCacheBehavior [ RunTime:0.001000s ]
INFO: Run Behavior\TokenBuildBehavior [ RunTime:0.001000s ]
INFO: [ view_filter ] --END-- [ RunTime:0.002000s ]
INFO: [ app_end ] --START--
INFO: Run Behavior\ShowPageTraceBehavior [ RunTime:0.001000s ]
INFO: [ app_end ] --END-- [ RunTime:0.001000s ]

[ 2018-02-04T16:53:06+08:00 ] 192.168.1.100 /gaochao/Backend/Base/Public/verify.html
INFO: [ app_init ] --START--
INFO: Run Behavior\BuildLiteBehavior [ RunTime:0.001000s ]
INFO: [ app_init ] --END-- [ RunTime:0.001000s ]
INFO: [ app_begin ] --START--
INFO: Run Behavior\ReadHtmlCacheBehavior [ RunTime:0.001000s ]
INFO: Run Behavior\CheckLangBehavior [ RunTime:0.002000s ]
INFO: [ app_begin ] --END-- [ RunTime:0.003000s ]
NOTIC: [8] Undefined index: backend_wuye C:\xampp\htdocs\gaochao\Core\Common\functions.php 第 1437 行.
INFO: [ app_end ] --START--
INFO: Run Behavior\ShowPageTraceBehavior [ RunTime:0.002000s ]
INFO: [ app_end ] --END-- [ RunTime:0.002000s ]

[ 2018-02-04T16:53:22+08:00 ] 192.168.1.100 /gaochao/Backend/Base/Public/login.html
INFO: [ app_init ] --START--
INFO: Run Behavior\BuildLiteBehavior [ RunTime:0.000000s ]
INFO: [ app_init ] --END-- [ RunTime:0.000000s ]
INFO: [ app_begin ] --START--
INFO: Run Behavior\ReadHtmlCacheBehavior [ RunTime:0.001000s ]
INFO: Run Behavior\CheckLangBehavior [ RunTime:0.001000s ]
INFO: [ app_begin ] --END-- [ RunTime:0.002000s ]
SQL: SHOW COLUMNS FROM `sr_admin` [ RunTime:0.0100s ]
SQL: SELECT `id`,`email`,`mobile`,`nickname`,`username`,`role_id`,`department_id`,`password`,`salt`,`description`,`rules`,`add_time`,`update_time`,`admin_id`,`is_hid`,`is_del`,`login_ip`,`login_time`,`sort`,`last_login_ip`,`last_login_time`,`district_id` FROM `sr_admin` WHERE `username` = 'admin' AND `is_del` = 0 LIMIT 1   [ RunTime:0.0010s ]
SQL: UPDATE `sr_admin` SET `login_time`='2018-02-04 16:53:22',`login_ip`='192.168.1.100',`last_login_time`='2018-02-04 16:49:50',`last_login_ip`='0.0.0.0',`update_time`='2018-02-04 16:53:22' WHERE `id` = 1 [ RunTime:0.1050s ]
SQL: SHOW COLUMNS FROM `sr_action_log` [ RunTime:0.0100s ]
SQL: INSERT INTO `sr_action_log` (`url`,`username`,`menu_id`,`title`,`action`,`ip`,`admin_id`,`add_time`) VALUES ('Backend/Base/Public/login','admin','0','','登录','192.168.1.100','1','2018-02-04 16:53:22') [ RunTime:0.0290s ]

[ 2018-02-04T16:53:23+08:00 ] 192.168.1.100 /gaochao/Backend
INFO: [ app_init ] --START--
INFO: Run Behavior\BuildLiteBehavior [ RunTime:0.000000s ]
INFO: [ app_init ] --END-- [ RunTime:0.000000s ]
INFO: [ app_begin ] --START--
INFO: Run Behavior\ReadHtmlCacheBehavior [ RunTime:0.001000s ]
INFO: Run Behavior\CheckLangBehavior [ RunTime:0.001000s ]
INFO: [ app_begin ] --END-- [ RunTime:0.002000s ]
INFO: [ view_parse ] --START--
INFO: [ template_filter ] --START--
INFO: Run Behavior\ContentReplaceBehavior [ RunTime:0.000000s ]
INFO: [ template_filter ] --END-- [ RunTime:0.000000s ]
INFO: Run Behavior\ParseTemplateBehavior [ RunTime:0.010001s ]
INFO: [ view_parse ] --END-- [ RunTime:0.010001s ]
INFO: [ view_filter ] --START--
INFO: Run Behavior\WriteHtmlCacheBehavior [ RunTime:0.001000s ]
INFO: Run Behavior\TokenBuildBehavior [ RunTime:0.001000s ]
INFO: [ view_filter ] --END-- [ RunTime:0.002000s ]
INFO: [ app_end ] --START--
INFO: Run Behavior\ShowPageTraceBehavior [ RunTime:0.001000s ]
INFO: [ app_end ] --END-- [ RunTime:0.001000s ]

[ 2018-02-04T16:53:24+08:00 ] 192.168.1.100 /gaochao/Backend/Base/Index/index.html
INFO: [ app_init ] --START--
INFO: Run Behavior\BuildLiteBehavior [ RunTime:0.000000s ]
INFO: [ app_init ] --END-- [ RunTime:0.000000s ]
INFO: [ app_begin ] --START--
INFO: Run Behavior\ReadHtmlCacheBehavior [ RunTime:0.001000s ]
INFO: Run Behavior\CheckLangBehavior [ RunTime:0.001000s ]
INFO: [ app_begin ] --END-- [ RunTime:0.002000s ]
SQL: SHOW COLUMNS FROM `sr_menu` [ RunTime:0.0090s ]
SQL: SELECT `id`,`pid`,`path`,`level`,`title`,`url`,`description`,`class`,`display_position`,`sort`,`is_hid`,`is_del`,`is_dev`,`addtime`,`updatetime` FROM `sr_menu` WHERE `is_hid` = 0 AND `is_del` = 0 ORDER BY sort desc,id asc  [ RunTime:0.0040s ]
SQL: SHOW COLUMNS FROM `sr_capital_record` [ RunTime:0.0110s ]
SQL: SHOW COLUMNS FROM `sr_action_log` [ RunTime:0.0090s ]
SQL: INSERT INTO `sr_action_log` (`url`,`username`,`menu_id`,`title`,`action`,`ip`,`admin_id`,`add_time`) VALUES ('Backend/Base/Index/index','admin','359','平台管理 &gt; 系统首页 &gt; 系统首页','浏览','192.168.1.100','1','2018-02-04 16:53:24') [ RunTime:0.0200s ]
SQL: SHOW COLUMNS FROM `sr_order` [ RunTime:0.0100s ]
SQL: SELECT count(id) tp_sum FROM `sr_order` WHERE `status` = 20 AND `is_del` = 0 AND `is_hid` = 0 LIMIT 1   [ RunTime:0.0010s ]
SQL: SELECT SUM(`money_total`) tp_sum FROM `sr_order` WHERE `status` > 20 AND `is_del` = 0 AND `is_hid` = 0 LIMIT 1   [ RunTime:0.0010s ]
SQL: SHOW COLUMNS FROM `sr_member` [ RunTime:0.0090s ]
SQL: SELECT count(id) tp_sum FROM `sr_member` LIMIT 1   [ RunTime:0.0010s ]
SQL: SHOW COLUMNS FROM `sr_product` [ RunTime:0.0100s ]
SQL: SELECT count(id) tp_sum FROM `sr_product` LIMIT 1   [ RunTime:0.0000s ]
SQL: SELECT o.id AS id,o.order_no AS order_no,o.money_total AS money_total,o.add_time AS add_time,o.status AS status,m.username AS username FROM sr_order o LEFT JOIN sr_member m ON m.id=o.member_id WHERE o.is_del = 0 AND o.is_hid = 0 AND o.status IN (10,20,40,70) ORDER BY o.add_time desc LIMIT 7   [ RunTime:0.0010s ]
SQL: SELECT `id`,`username`,`mobile`,`register_ip`,`register_time` FROM `sr_member` WHERE `is_del` = 0 AND `is_hid` = 0 ORDER BY register_time desc LIMIT 7   [ RunTime:0.0010s ]
SQL: SELECT count(*) as c,`status`,DATE_FORMAT(`add_time`, "%Y-%m-%d") as date FROM `sr_order` WHERE `is_del` = 0 AND `is_hid` = 0 AND `status` IN (5,10,20,30,40,50,60,70) AND (`add_time` LIKE '2018-01-05%' OR `add_time` LIKE '2018-01-06%' OR `add_time` LIKE '2018-01-07%' OR `add_time` LIKE '2018-01-08%' OR `add_time` LIKE '2018-01-09%' OR `add_time` LIKE '2018-01-10%' OR `add_time` LIKE '2018-01-11%' OR `add_time` LIKE '2018-01-12%' OR `add_time` LIKE '2018-01-13%' OR `add_time` LIKE '2018-01-14%' OR `add_time` LIKE '2018-01-15%' OR `add_time` LIKE '2018-01-16%' OR `add_time` LIKE '2018-01-17%' OR `add_time` LIKE '2018-01-18%' OR `add_time` LIKE '2018-01-19%' OR `add_time` LIKE '2018-01-20%' OR `add_time` LIKE '2018-01-21%' OR `add_time` LIKE '2018-01-22%' OR `add_time` LIKE '2018-01-23%' OR `add_time` LIKE '2018-01-24%' OR `add_time` LIKE '2018-01-25%' OR `add_time` LIKE '2018-01-26%' OR `add_time` LIKE '2018-01-27%' OR `add_time` LIKE '2018-01-28%' OR `add_time` LIKE '2018-01-29%' OR `add_time` LIKE '2018-01-30%' OR `add_time` LIKE '2018-01-31%' OR `add_time` LIKE '2018-02-01%' OR `add_time` LIKE '2018-02-02%' OR `add_time` LIKE '2018-02-03%' OR `add_time` LIKE '2018-02-04%') GROUP BY `date`,`status`  [ RunTime:0.0080s ]
INFO: [ view_parse ] --START--
INFO: [ template_filter ] --START--
INFO: Run Behavior\ContentReplaceBehavior [ RunTime:0.000000s ]
INFO: [ template_filter ] --END-- [ RunTime:0.000000s ]
NOTIC: [8] Undefined index: order_5 C:\xampp\htdocs\gaochao\Runtime\Cache\Backend\32f31cafcace70025c62f10a867e9d20.php 第 392 行.
NOTIC: [2] array_values() expects parameter 1 to be array, null given C:\xampp\htdocs\gaochao\Runtime\Cache\Backend\32f31cafcace70025c62f10a867e9d20.php 第 392 行.
NOTIC: [8] Undefined index: order_10 C:\xampp\htdocs\gaochao\Runtime\Cache\Backend\32f31cafcace70025c62f10a867e9d20.php 第 406 行.
NOTIC: [2] array_values() expects parameter 1 to be array, null given C:\xampp\htdocs\gaochao\Runtime\Cache\Backend\32f31cafcace70025c62f10a867e9d20.php 第 406 行.
NOTIC: [8] Undefined index: order_20 C:\xampp\htdocs\gaochao\Runtime\Cache\Backend\32f31cafcace70025c62f10a867e9d20.php 第 420 行.
NOTIC: [2] array_values() expects parameter 1 to be array, null given C:\xampp\htdocs\gaochao\Runtime\Cache\Backend\32f31cafcace70025c62f10a867e9d20.php 第 420 行.
NOTIC: [8] Undefined index: order_30 C:\xampp\htdocs\gaochao\Runtime\Cache\Backend\32f31cafcace70025c62f10a867e9d20.php 第 434 行.
NOTIC: [2] array_values() expects parameter 1 to be array, null given C:\xampp\htdocs\gaochao\Runtime\Cache\Backend\32f31cafcace70025c62f10a867e9d20.php 第 434 行.
NOTIC: [8] Undefined index: order_40 C:\xampp\htdocs\gaochao\Runtime\Cache\Backend\32f31cafcace70025c62f10a867e9d20.php 第 448 行.
NOTIC: [2] array_values() expects parameter 1 to be array, null given C:\xampp\htdocs\gaochao\Runtime\Cache\Backend\32f31cafcace70025c62f10a867e9d20.php 第 448 行.
NOTIC: [8] Undefined index: order_50 C:\xampp\htdocs\gaochao\Runtime\Cache\Backend\32f31cafcace70025c62f10a867e9d20.php 第 462 行.
NOTIC: [2] array_values() expects parameter 1 to be array, null given C:\xampp\htdocs\gaochao\Runtime\Cache\Backend\32f31cafcace70025c62f10a867e9d20.php 第 462 行.
NOTIC: [8] Undefined index: order_60 C:\xampp\htdocs\gaochao\Runtime\Cache\Backend\32f31cafcace70025c62f10a867e9d20.php 第 476 行.
NOTIC: [2] array_values() expects parameter 1 to be array, null given C:\xampp\htdocs\gaochao\Runtime\Cache\Backend\32f31cafcace70025c62f10a867e9d20.php 第 476 行.
NOTIC: [8] Undefined index: order_70 C:\xampp\htdocs\gaochao\Runtime\Cache\Backend\32f31cafcace70025c62f10a867e9d20.php 第 490 行.
NOTIC: [2] array_values() expects parameter 1 to be array, null given C:\xampp\htdocs\gaochao\Runtime\Cache\Backend\32f31cafcace70025c62f10a867e9d20.php 第 490 行.
INFO: Run Behavior\ParseTemplateBehavior [ RunTime:0.499029s ]
INFO: [ view_parse ] --END-- [ RunTime:0.499029s ]
INFO: [ view_filter ] --START--
INFO: Run Behavior\WriteHtmlCacheBehavior [ RunTime:0.001000s ]
INFO: Run Behavior\TokenBuildBehavior [ RunTime:0.001000s ]
INFO: [ view_filter ] --END-- [ RunTime:0.003000s ]
INFO: [ app_end ] --START--
INFO: Run Behavior\ShowPageTraceBehavior [ RunTime:0.002000s ]
INFO: [ app_end ] --END-- [ RunTime:0.002000s ]

[ 2018-02-04T16:53:25+08:00 ] 192.168.1.100 /gaochao/Backend/Base/Index/
INFO: [ app_init ] --START--
INFO: Run Behavior\BuildLiteBehavior [ RunTime:0.000000s ]
INFO: [ app_init ] --END-- [ RunTime:0.001000s ]
INFO: [ app_begin ] --START--
INFO: Run Behavior\ReadHtmlCacheBehavior [ RunTime:0.001000s ]
INFO: Run Behavior\CheckLangBehavior [ RunTime:0.001000s ]
INFO: [ app_begin ] --END-- [ RunTime:0.002000s ]
SQL: SHOW COLUMNS FROM `sr_capital_record` [ RunTime:0.0090s ]
SQL: SHOW COLUMNS FROM `sr_action_log` [ RunTime:0.0100s ]
SQL: INSERT INTO `sr_action_log` (`url`,`username`,`menu_id`,`title`,`action`,`ip`,`admin_id`,`add_time`) VALUES ('Backend/Base/Index/index','admin','359','平台管理 &gt; 系统首页 &gt; 系统首页','浏览','192.168.1.100','1','2018-02-04 16:53:25') [ RunTime:0.1670s ]
SQL: SHOW COLUMNS FROM `sr_order` [ RunTime:0.0170s ]
SQL: SELECT count(id) tp_sum FROM `sr_order` WHERE `status` = 20 AND `is_del` = 0 AND `is_hid` = 0 LIMIT 1   [ RunTime:0.0010s ]
SQL: SELECT SUM(`money_total`) tp_sum FROM `sr_order` WHERE `status` > 20 AND `is_del` = 0 AND `is_hid` = 0 LIMIT 1   [ RunTime:0.0010s ]
SQL: SHOW COLUMNS FROM `sr_member` [ RunTime:0.0130s ]
SQL: SELECT count(id) tp_sum FROM `sr_member` LIMIT 1   [ RunTime:0.0000s ]
SQL: SHOW COLUMNS FROM `sr_product` [ RunTime:0.0130s ]
SQL: SELECT count(id) tp_sum FROM `sr_product` LIMIT 1   [ RunTime:0.0000s ]
SQL: SELECT o.id AS id,o.order_no AS order_no,o.money_total AS money_total,o.add_time AS add_time,o.status AS status,m.username AS username FROM sr_order o LEFT JOIN sr_member m ON m.id=o.member_id WHERE o.is_del = 0 AND o.is_hid = 0 AND o.status IN (10,20,40,70) ORDER BY o.add_time desc LIMIT 7   [ RunTime:0.0010s ]
SQL: SELECT `id`,`username`,`mobile`,`register_ip`,`register_time` FROM `sr_member` WHERE `is_del` = 0 AND `is_hid` = 0 ORDER BY register_time desc LIMIT 7   [ RunTime:0.0010s ]
SQL: SELECT count(*) as c,`status`,DATE_FORMAT(`add_time`, "%Y-%m-%d") as date FROM `sr_order` WHERE `is_del` = 0 AND `is_hid` = 0 AND `status` IN (5,10,20,30,40,50,60,70) AND (`add_time` LIKE '2018-01-05%' OR `add_time` LIKE '2018-01-06%' OR `add_time` LIKE '2018-01-07%' OR `add_time` LIKE '2018-01-08%' OR `add_time` LIKE '2018-01-09%' OR `add_time` LIKE '2018-01-10%' OR `add_time` LIKE '2018-01-11%' OR `add_time` LIKE '2018-01-12%' OR `add_time` LIKE '2018-01-13%' OR `add_time` LIKE '2018-01-14%' OR `add_time` LIKE '2018-01-15%' OR `add_time` LIKE '2018-01-16%' OR `add_time` LIKE '2018-01-17%' OR `add_time` LIKE '2018-01-18%' OR `add_time` LIKE '2018-01-19%' OR `add_time` LIKE '2018-01-20%' OR `add_time` LIKE '2018-01-21%' OR `add_time` LIKE '2018-01-22%' OR `add_time` LIKE '2018-01-23%' OR `add_time` LIKE '2018-01-24%' OR `add_time` LIKE '2018-01-25%' OR `add_time` LIKE '2018-01-26%' OR `add_time` LIKE '2018-01-27%' OR `add_time` LIKE '2018-01-28%' OR `add_time` LIKE '2018-01-29%' OR `add_time` LIKE '2018-01-30%' OR `add_time` LIKE '2018-01-31%' OR `add_time` LIKE '2018-02-01%' OR `add_time` LIKE '2018-02-02%' OR `add_time` LIKE '2018-02-03%' OR `add_time` LIKE '2018-02-04%') GROUP BY `date`,`status`  [ RunTime:0.0070s ]
INFO: [ view_parse ] --START--
INFO: [ template_filter ] --START--
INFO: Run Behavior\ContentReplaceBehavior [ RunTime:0.001000s ]
INFO: [ template_filter ] --END-- [ RunTime:0.001000s ]
NOTIC: [8] Undefined index: order_5 C:\xampp\htdocs\gaochao\Runtime\Cache\Backend\32f31cafcace70025c62f10a867e9d20.php 第 392 行.
NOTIC: [2] array_values() expects parameter 1 to be array, null given C:\xampp\htdocs\gaochao\Runtime\Cache\Backend\32f31cafcace70025c62f10a867e9d20.php 第 392 行.
NOTIC: [8] Undefined index: order_10 C:\xampp\htdocs\gaochao\Runtime\Cache\Backend\32f31cafcace70025c62f10a867e9d20.php 第 406 行.
NOTIC: [2] array_values() expects parameter 1 to be array, null given C:\xampp\htdocs\gaochao\Runtime\Cache\Backend\32f31cafcace70025c62f10a867e9d20.php 第 406 行.
NOTIC: [8] Undefined index: order_20 C:\xampp\htdocs\gaochao\Runtime\Cache\Backend\32f31cafcace70025c62f10a867e9d20.php 第 420 行.
NOTIC: [2] array_values() expects parameter 1 to be array, null given C:\xampp\htdocs\gaochao\Runtime\Cache\Backend\32f31cafcace70025c62f10a867e9d20.php 第 420 行.
NOTIC: [8] Undefined index: order_30 C:\xampp\htdocs\gaochao\Runtime\Cache\Backend\32f31cafcace70025c62f10a867e9d20.php 第 434 行.
NOTIC: [2] array_values() expects parameter 1 to be array, null given C:\xampp\htdocs\gaochao\Runtime\Cache\Backend\32f31cafcace70025c62f10a867e9d20.php 第 434 行.
NOTIC: [8] Undefined index: order_40 C:\xampp\htdocs\gaochao\Runtime\Cache\Backend\32f31cafcace70025c62f10a867e9d20.php 第 448 行.
NOTIC: [2] array_values() expects parameter 1 to be array, null given C:\xampp\htdocs\gaochao\Runtime\Cache\Backend\32f31cafcace70025c62f10a867e9d20.php 第 448 行.
NOTIC: [8] Undefined index: order_50 C:\xampp\htdocs\gaochao\Runtime\Cache\Backend\32f31cafcace70025c62f10a867e9d20.php 第 462 行.
NOTIC: [2] array_values() expects parameter 1 to be array, null given C:\xampp\htdocs\gaochao\Runtime\Cache\Backend\32f31cafcace70025c62f10a867e9d20.php 第 462 行.
NOTIC: [8] Undefined index: order_60 C:\xampp\htdocs\gaochao\Runtime\Cache\Backend\32f31cafcace70025c62f10a867e9d20.php 第 476 行.
NOTIC: [2] array_values() expects parameter 1 to be array, null given C:\xampp\htdocs\gaochao\Runtime\Cache\Backend\32f31cafcace70025c62f10a867e9d20.php 第 476 行.
NOTIC: [8] Undefined index: order_70 C:\xampp\htdocs\gaochao\Runtime\Cache\Backend\32f31cafcace70025c62f10a867e9d20.php 第 490 行.
NOTIC: [2] array_values() expects parameter 1 to be array, null given C:\xampp\htdocs\gaochao\Runtime\Cache\Backend\32f31cafcace70025c62f10a867e9d20.php 第 490 行.
INFO: Run Behavior\ParseTemplateBehavior [ RunTime:0.028002s ]
INFO: [ view_parse ] --END-- [ RunTime:0.028002s ]
INFO: [ view_filter ] --START--
INFO: Run Behavior\WriteHtmlCacheBehavior [ RunTime:0.001000s ]
INFO: Run Behavior\TokenBuildBehavior [ RunTime:0.001000s ]
INFO: [ view_filter ] --END-- [ RunTime:0.002000s ]
INFO: [ app_end ] --START--
INFO: Run Behavior\ShowPageTraceBehavior [ RunTime:0.001000s ]
INFO: [ app_end ] --END-- [ RunTime:0.001000s ]

[ 2018-02-04T16:53:27+08:00 ] 192.168.1.100 /gaochao/Backend/Tbook/Tbook/index.html
INFO: [ app_init ] --START--
INFO: Run Behavior\BuildLiteBehavior [ RunTime:0.000000s ]
INFO: [ app_init ] --END-- [ RunTime:0.001000s ]
INFO: [ app_begin ] --START--
INFO: Run Behavior\ReadHtmlCacheBehavior [ RunTime:0.000000s ]
INFO: Run Behavior\CheckLangBehavior [ RunTime:0.001000s ]
INFO: [ app_begin ] --END-- [ RunTime:0.002000s ]
SQL: SHOW COLUMNS FROM `sr_tbook` [ RunTime:0.0090s ]
SQL: SHOW COLUMNS FROM `sr_action_log` [ RunTime:0.0090s ]
SQL: INSERT INTO `sr_action_log` (`url`,`username`,`menu_id`,`title`,`action`,`ip`,`admin_id`,`add_time`) VALUES ('Backend/Tbook/Tbook/index','admin','860','平台管理 &gt; 电话本 &gt; 电话列表 &gt; ','浏览','192.168.1.100','1','2018-02-04 16:53:27') [ RunTime:0.0230s ]
SQL: SELECT COUNT(*) AS tp_count FROM `sr_tbook` WHERE `is_del` = 0 AND `add_time` BETWEEN 0 AND '2018-02-04 16:53:27' LIMIT 1   [ RunTime:0.0000s ]
SQL: SELECT `id`,`title`,`number`,`is_hid`,`is_del`,`sort`,`add_time`,`address` FROM `sr_tbook` WHERE `is_del` = 0 AND `add_time` BETWEEN 0 AND '2018-02-04 16:53:27' ORDER BY sort desc,add_time desc LIMIT 0,10   [ RunTime:0.0010s ]
INFO: [ view_parse ] --START--
INFO: [ template_filter ] --START--
INFO: Run Behavior\ContentReplaceBehavior [ RunTime:0.000000s ]
INFO: [ template_filter ] --END-- [ RunTime:0.000000s ]
NOTIC: [8] Undefined variable: keywords C:\xampp\htdocs\gaochao\Runtime\Cache\Backend\ff9d2712b95994b38aa019297c5f0ac9.php 第 197 行.
INFO: Run Behavior\ParseTemplateBehavior [ RunTime:0.017001s ]
INFO: [ view_parse ] --END-- [ RunTime:0.017001s ]
INFO: [ view_filter ] --START--
INFO: Run Behavior\WriteHtmlCacheBehavior [ RunTime:0.000000s ]
INFO: Run Behavior\TokenBuildBehavior [ RunTime:0.001000s ]
INFO: [ view_filter ] --END-- [ RunTime:0.001000s ]
INFO: [ app_end ] --START--
INFO: Run Behavior\ShowPageTraceBehavior [ RunTime:0.001000s ]
INFO: [ app_end ] --END-- [ RunTime:0.001000s ]

[ 2018-02-04T16:53:27+08:00 ] 192.168.1.100 /gaochao/Backend/Tbook/Tbook/
INFO: [ app_init ] --START--
INFO: Run Behavior\BuildLiteBehavior [ RunTime:0.000000s ]
INFO: [ app_init ] --END-- [ RunTime:0.001000s ]
INFO: [ app_begin ] --START--
INFO: Run Behavior\ReadHtmlCacheBehavior [ RunTime:0.000000s ]
INFO: Run Behavior\CheckLangBehavior [ RunTime:0.002000s ]
INFO: [ app_begin ] --END-- [ RunTime:0.002000s ]
SQL: SHOW COLUMNS FROM `sr_tbook` [ RunTime:0.0090s ]
SQL: SHOW COLUMNS FROM `sr_action_log` [ RunTime:0.0100s ]
SQL: INSERT INTO `sr_action_log` (`url`,`username`,`menu_id`,`title`,`action`,`ip`,`admin_id`,`add_time`) VALUES ('Backend/Tbook/Tbook/index','admin','860','平台管理 &gt; 电话本 &gt; 电话列表 &gt; ','浏览','192.168.1.100','1','2018-02-04 16:53:27') [ RunTime:0.0180s ]
SQL: SELECT COUNT(*) AS tp_count FROM `sr_tbook` WHERE `is_del` = 0 AND `add_time` BETWEEN 0 AND '2018-02-04 16:53:27' LIMIT 1   [ RunTime:0.0000s ]
SQL: SELECT `id`,`title`,`number`,`is_hid`,`is_del`,`sort`,`add_time`,`address` FROM `sr_tbook` WHERE `is_del` = 0 AND `add_time` BETWEEN 0 AND '2018-02-04 16:53:27' ORDER BY sort desc,add_time desc LIMIT 0,10   [ RunTime:0.0000s ]
INFO: [ view_parse ] --START--
INFO: [ template_filter ] --START--
INFO: Run Behavior\ContentReplaceBehavior [ RunTime:0.001000s ]
INFO: [ template_filter ] --END-- [ RunTime:0.001000s ]
NOTIC: [8] Undefined variable: keywords C:\xampp\htdocs\gaochao\Runtime\Cache\Backend\ff9d2712b95994b38aa019297c5f0ac9.php 第 197 行.
INFO: Run Behavior\ParseTemplateBehavior [ RunTime:0.018001s ]
INFO: [ view_parse ] --END-- [ RunTime:0.018001s ]
INFO: [ view_filter ] --START--
INFO: Run Behavior\WriteHtmlCacheBehavior [ RunTime:0.001000s ]
INFO: Run Behavior\TokenBuildBehavior [ RunTime:0.000000s ]
INFO: [ view_filter ] --END-- [ RunTime:0.001000s ]
INFO: [ app_end ] --START--
INFO: Run Behavior\ShowPageTraceBehavior [ RunTime:0.000000s ]
INFO: [ app_end ] --END-- [ RunTime:0.001001s ]

[ 2018-02-04T16:56:53+08:00 ] 192.168.1.100 /gaochao/Backend/Tbook/Tbook/import.html
INFO: [ app_init ] --START--
INFO: Run Behavior\BuildLiteBehavior [ RunTime:0.000000s ]
INFO: [ app_init ] --END-- [ RunTime:0.001000s ]
INFO: [ app_begin ] --START--
INFO: Run Behavior\ReadHtmlCacheBehavior [ RunTime:0.001000s ]
INFO: Run Behavior\CheckLangBehavior [ RunTime:0.002000s ]
INFO: [ app_begin ] --END-- [ RunTime:0.003000s ]
SQL: SHOW COLUMNS FROM `sr_tbook` [ RunTime:0.0070s ]
INFO: [ view_parse ] --START--
INFO: [ template_filter ] --START--
INFO: Run Behavior\ContentReplaceBehavior [ RunTime:0.000000s ]
INFO: [ template_filter ] --END-- [ RunTime:0.000000s ]
INFO: Run Behavior\ParseTemplateBehavior [ RunTime:0.029001s ]
INFO: [ view_parse ] --END-- [ RunTime:0.029001s ]
INFO: [ view_filter ] --START--
INFO: Run Behavior\WriteHtmlCacheBehavior [ RunTime:0.000000s ]
INFO: Run Behavior\TokenBuildBehavior [ RunTime:0.001000s ]
INFO: [ view_filter ] --END-- [ RunTime:0.001000s ]
INFO: [ app_end ] --START--
INFO: Run Behavior\ShowPageTraceBehavior [ RunTime:0.001000s ]
INFO: [ app_end ] --END-- [ RunTime:0.001000s ]

[ 2018-02-04T16:57:26+08:00 ] 192.168.1.100 /gaochao/Backend/Tbook/Tbook/import.html
INFO: [ app_init ] --START--
INFO: Run Behavior\BuildLiteBehavior [ RunTime:0.000000s ]
INFO: [ app_init ] --END-- [ RunTime:0.000000s ]
INFO: [ app_begin ] --START--
INFO: Run Behavior\ReadHtmlCacheBehavior [ RunTime:0.000000s ]
INFO: Run Behavior\CheckLangBehavior [ RunTime:0.002000s ]
INFO: [ app_begin ] --END-- [ RunTime:0.002000s ]
SQL: SHOW COLUMNS FROM `sr_tbook` [ RunTime:0.0090s ]
NOTIC: [2] call_user_func() expects parameter 1 to be a valid callback, no array or string given C:\xampp\htdocs\gaochao\Core\Library\Think\Upload.class.php 第 186 行.
NOTIC: [8] Undefined index: callback C:\xampp\htdocs\gaochao\Application\Common\Controller\ExcelController.class.php 第 195 行.
NOTIC: [8] Undefined index: callback C:\xampp\htdocs\gaochao\Application\Common\Controller\ExcelController.class.php 第 195 行.
NOTIC: [8] Undefined index: callback C:\xampp\htdocs\gaochao\Application\Common\Controller\ExcelController.class.php 第 195 行.
NOTIC: [8] Undefined index: callback C:\xampp\htdocs\gaochao\Application\Common\Controller\ExcelController.class.php 第 195 行.
SQL: SHOW COLUMNS FROM `sr_tbook` [ RunTime:0.0180s ]
SQL: INSERT INTO `sr_tbook` (`title`,`number`,`sort`,`address`,`add_time`) VALUES ('吉州安保','15170255838','1000','江西省吉安市泰和县','2018-02-04 16:57:26') [ RunTime:0.0810s ]
INFO: [ view_parse ] --START--
INFO: [ template_filter ] --START--
INFO: Run Behavior\ContentReplaceBehavior [ RunTime:0.001000s ]
INFO: [ template_filter ] --END-- [ RunTime:0.001000s ]
INFO: Run Behavior\ParseTemplateBehavior [ RunTime:0.076005s ]
INFO: [ view_parse ] --END-- [ RunTime:0.076005s ]
INFO: [ view_filter ] --START--
INFO: Run Behavior\WriteHtmlCacheBehavior [ RunTime:0.001000s ]
INFO: Run Behavior\TokenBuildBehavior [ RunTime:0.001000s ]
INFO: [ view_filter ] --END-- [ RunTime:0.002000s ]
INFO: [ app_end ] --START--
INFO: Run Behavior\ShowPageTraceBehavior [ RunTime:0.001000s ]
INFO: [ app_end ] --END-- [ RunTime:0.001000s ]

[ 2018-02-04T16:57:31+08:00 ] 192.168.1.100 /gaochao/Backend/Tbook/Tbook/index.html
INFO: [ app_init ] --START--
INFO: Run Behavior\BuildLiteBehavior [ RunTime:0.000000s ]
INFO: [ app_init ] --END-- [ RunTime:0.001000s ]
INFO: [ app_begin ] --START--
INFO: Run Behavior\ReadHtmlCacheBehavior [ RunTime:0.001000s ]
INFO: Run Behavior\CheckLangBehavior [ RunTime:0.001000s ]
INFO: [ app_begin ] --END-- [ RunTime:0.002000s ]
SQL: SHOW COLUMNS FROM `sr_tbook` [ RunTime:0.0100s ]
SQL: SHOW COLUMNS FROM `sr_action_log` [ RunTime:0.0100s ]
SQL: INSERT INTO `sr_action_log` (`url`,`username`,`menu_id`,`title`,`action`,`ip`,`admin_id`,`add_time`) VALUES ('Backend/Tbook/Tbook/index','admin','860','平台管理 &gt; 电话本 &gt; 电话列表 &gt; ','浏览','192.168.1.100','1','2018-02-04 16:57:31') [ RunTime:0.0490s ]
SQL: SELECT COUNT(*) AS tp_count FROM `sr_tbook` WHERE `is_del` = 0 AND `add_time` BETWEEN 0 AND '2018-02-04 16:57:31' LIMIT 1   [ RunTime:0.0000s ]
SQL: SELECT `id`,`title`,`number`,`is_hid`,`is_del`,`sort`,`add_time`,`address` FROM `sr_tbook` WHERE `is_del` = 0 AND `add_time` BETWEEN 0 AND '2018-02-04 16:57:31' ORDER BY sort desc,add_time desc LIMIT 0,10   [ RunTime:0.0010s ]
INFO: [ view_parse ] --START--
INFO: [ template_filter ] --START--
INFO: Run Behavior\ContentReplaceBehavior [ RunTime:0.000000s ]
INFO: [ template_filter ] --END-- [ RunTime:0.000000s ]
NOTIC: [8] Undefined variable: keywords C:\xampp\htdocs\gaochao\Runtime\Cache\Backend\ff9d2712b95994b38aa019297c5f0ac9.php 第 197 行.
INFO: Run Behavior\ParseTemplateBehavior [ RunTime:0.179010s ]
INFO: [ view_parse ] --END-- [ RunTime:0.179010s ]
INFO: [ view_filter ] --START--
INFO: Run Behavior\WriteHtmlCacheBehavior [ RunTime:0.001000s ]
INFO: Run Behavior\TokenBuildBehavior [ RunTime:0.000000s ]
INFO: [ view_filter ] --END-- [ RunTime:0.001000s ]
INFO: [ app_end ] --START--
INFO: Run Behavior\ShowPageTraceBehavior [ RunTime:0.001000s ]
INFO: [ app_end ] --END-- [ RunTime:0.001000s ]

[ 2018-02-04T16:57:31+08:00 ] 192.168.1.100 /gaochao/Backend/Tbook/Tbook/
INFO: [ app_init ] --START--
INFO: Run Behavior\BuildLiteBehavior [ RunTime:0.000000s ]
INFO: [ app_init ] --END-- [ RunTime:0.001000s ]
INFO: [ app_begin ] --START--
INFO: Run Behavior\ReadHtmlCacheBehavior [ RunTime:0.001000s ]
INFO: Run Behavior\CheckLangBehavior [ RunTime:0.001000s ]
INFO: [ app_begin ] --END-- [ RunTime:0.002000s ]
SQL: SHOW COLUMNS FROM `sr_tbook` [ RunTime:0.0090s ]
SQL: SHOW COLUMNS FROM `sr_action_log` [ RunTime:0.0080s ]
SQL: INSERT INTO `sr_action_log` (`url`,`username`,`menu_id`,`title`,`action`,`ip`,`admin_id`,`add_time`) VALUES ('Backend/Tbook/Tbook/index','admin','860','平台管理 &gt; 电话本 &gt; 电话列表 &gt; ','浏览','192.168.1.100','1','2018-02-04 16:57:31') [ RunTime:0.0340s ]
SQL: SELECT COUNT(*) AS tp_count FROM `sr_tbook` WHERE `is_del` = 0 AND `add_time` BETWEEN 0 AND '2018-02-04 16:57:31' LIMIT 1   [ RunTime:0.0010s ]
SQL: SELECT `id`,`title`,`number`,`is_hid`,`is_del`,`sort`,`add_time`,`address` FROM `sr_tbook` WHERE `is_del` = 0 AND `add_time` BETWEEN 0 AND '2018-02-04 16:57:31' ORDER BY sort desc,add_time desc LIMIT 0,10   [ RunTime:0.0010s ]
INFO: [ view_parse ] --START--
INFO: [ template_filter ] --START--
INFO: Run Behavior\ContentReplaceBehavior [ RunTime:0.000000s ]
INFO: [ template_filter ] --END-- [ RunTime:0.000000s ]
NOTIC: [8] Undefined variable: keywords C:\xampp\htdocs\gaochao\Runtime\Cache\Backend\ff9d2712b95994b38aa019297c5f0ac9.php 第 197 行.
INFO: Run Behavior\ParseTemplateBehavior [ RunTime:0.015000s ]
INFO: [ view_parse ] --END-- [ RunTime:0.015000s ]
INFO: [ view_filter ] --START--
INFO: Run Behavior\WriteHtmlCacheBehavior [ RunTime:0.001000s ]
INFO: Run Behavior\TokenBuildBehavior [ RunTime:0.000000s ]
INFO: [ view_filter ] --END-- [ RunTime:0.001000s ]
INFO: [ app_end ] --START--
INFO: Run Behavior\ShowPageTraceBehavior [ RunTime:0.000000s ]
INFO: [ app_end ] --END-- [ RunTime:0.000000s ]

[ 2018-02-04T16:57:33+08:00 ] 192.168.1.100 /gaochao/Backend/Tbook/Tbook/import.html
INFO: [ app_init ] --START--
INFO: Run Behavior\BuildLiteBehavior [ RunTime:0.000000s ]
INFO: [ app_init ] --END-- [ RunTime:0.001000s ]
INFO: [ app_begin ] --START--
INFO: Run Behavior\ReadHtmlCacheBehavior [ RunTime:0.001001s ]
INFO: Run Behavior\CheckLangBehavior [ RunTime:0.001000s ]
INFO: [ app_begin ] --END-- [ RunTime:0.003001s ]
SQL: SHOW COLUMNS FROM `sr_tbook` [ RunTime:0.0100s ]
INFO: [ view_parse ] --START--
INFO: [ template_filter ] --START--
INFO: Run Behavior\ContentReplaceBehavior [ RunTime:0.000000s ]
INFO: [ template_filter ] --END-- [ RunTime:0.000000s ]
INFO: Run Behavior\ParseTemplateBehavior [ RunTime:0.007000s ]
INFO: [ view_parse ] --END-- [ RunTime:0.007000s ]
INFO: [ view_filter ] --START--
INFO: Run Behavior\WriteHtmlCacheBehavior [ RunTime:0.001000s ]
INFO: Run Behavior\TokenBuildBehavior [ RunTime:0.000000s ]
INFO: [ view_filter ] --END-- [ RunTime:0.001000s ]
INFO: [ app_end ] --START--
INFO: Run Behavior\ShowPageTraceBehavior [ RunTime:0.001000s ]
INFO: [ app_end ] --END-- [ RunTime:0.001000s ]

[ 2018-02-04T16:57:44+08:00 ] 192.168.1.100 /gaochao/Backend/Tbook/Tbook/import.html
INFO: [ app_init ] --START--
INFO: Run Behavior\BuildLiteBehavior [ RunTime:0.000000s ]
INFO: [ app_init ] --END-- [ RunTime:0.000000s ]
INFO: [ app_begin ] --START--
INFO: Run Behavior\ReadHtmlCacheBehavior [ RunTime:0.001000s ]
INFO: Run Behavior\CheckLangBehavior [ RunTime:0.001000s ]
INFO: [ app_begin ] --END-- [ RunTime:0.002000s ]
SQL: SHOW COLUMNS FROM `sr_tbook` [ RunTime:0.0100s ]
NOTIC: [2] call_user_func() expects parameter 1 to be a valid callback, no array or string given C:\xampp\htdocs\gaochao\Core\Library\Think\Upload.class.php 第 186 行.
NOTIC: [8] Undefined variable: options C:\xampp\htdocs\gaochao\Core\Library\Vendor\PHPEXCEL\PHPExcel\Settings.php 第 384 行.
NOTIC: [8] Undefined variable: options C:\xampp\htdocs\gaochao\Core\Library\Vendor\PHPEXCEL\PHPExcel\Settings.php 第 384 行.
NOTIC: [8] Undefined variable: options C:\xampp\htdocs\gaochao\Core\Library\Vendor\PHPEXCEL\PHPExcel\Settings.php 第 384 行.
NOTIC: [8] Undefined variable: options C:\xampp\htdocs\gaochao\Core\Library\Vendor\PHPEXCEL\PHPExcel\Settings.php 第 384 行.
NOTIC: [8] Undefined variable: options C:\xampp\htdocs\gaochao\Core\Library\Vendor\PHPEXCEL\PHPExcel\Settings.php 第 384 行.
NOTIC: [8] Undefined variable: options C:\xampp\htdocs\gaochao\Core\Library\Vendor\PHPEXCEL\PHPExcel\Settings.php 第 384 行.
NOTIC: [8] Undefined variable: options C:\xampp\htdocs\gaochao\Core\Library\Vendor\PHPEXCEL\PHPExcel\Settings.php 第 384 行.
NOTIC: [8] Undefined variable: options C:\xampp\htdocs\gaochao\Core\Library\Vendor\PHPEXCEL\PHPExcel\Settings.php 第 384 行.
NOTIC: [8] Undefined variable: options C:\xampp\htdocs\gaochao\Core\Library\Vendor\PHPEXCEL\PHPExcel\Settings.php 第 384 行.
NOTIC: [2] Use of undefined constant s - assumed 's' (this will throw an Error in a future version of PHP) C:\xampp\htdocs\gaochao\Core\Library\Vendor\PHPEXCEL\PHPExcel\Cell\DefaultValueBinder.php 第 63 行.
NOTIC: [2] Use of undefined constant s - assumed 's' (this will throw an Error in a future version of PHP) C:\xampp\htdocs\gaochao\Core\Library\Vendor\PHPEXCEL\PHPExcel\Cell\DefaultValueBinder.php 第 63 行.
NOTIC: [8] Undefined variable: options C:\xampp\htdocs\gaochao\Core\Library\Vendor\PHPEXCEL\PHPExcel\Settings.php 第 384 行.
NOTIC: [8] Undefined variable: options C:\xampp\htdocs\gaochao\Core\Library\Vendor\PHPEXCEL\PHPExcel\Settings.php 第 384 行.
NOTIC: [8] Undefined variable: options C:\xampp\htdocs\gaochao\Core\Library\Vendor\PHPEXCEL\PHPExcel\Settings.php 第 384 行.
NOTIC: [8] Undefined variable: options C:\xampp\htdocs\gaochao\Core\Library\Vendor\PHPEXCEL\PHPExcel\Settings.php 第 384 行.
NOTIC: [8] Undefined variable: options C:\xampp\htdocs\gaochao\Core\Library\Vendor\PHPEXCEL\PHPExcel\Settings.php 第 384 行.
NOTIC: [8] Undefined index: callback C:\xampp\htdocs\gaochao\Application\Common\Controller\ExcelController.class.php 第 195 行.
NOTIC: [8] Undefined index: callback C:\xampp\htdocs\gaochao\Application\Common\Controller\ExcelController.class.php 第 195 行.
NOTIC: [8] Undefined index: callback C:\xampp\htdocs\gaochao\Application\Common\Controller\ExcelController.class.php 第 195 行.
NOTIC: [8] Undefined index: callback C:\xampp\htdocs\gaochao\Application\Common\Controller\ExcelController.class.php 第 195 行.
SQL: SHOW COLUMNS FROM `sr_tbook` [ RunTime:0.0160s ]
SQL: INSERT INTO `sr_tbook` (`title`,`number`,`sort`,`address`,`add_time`) VALUES ('吉州安保','15170255838','1000','江西省吉安市泰和县','2018-02-04 16:57:44') [ RunTime:0.0190s ]
INFO: [ view_parse ] --START--
INFO: [ template_filter ] --START--
INFO: Run Behavior\ContentReplaceBehavior [ RunTime:0.000000s ]
INFO: [ template_filter ] --END-- [ RunTime:0.000000s ]
INFO: Run Behavior\ParseTemplateBehavior [ RunTime:0.009001s ]
INFO: [ view_parse ] --END-- [ RunTime:0.009001s ]
INFO: [ view_filter ] --START--
INFO: Run Behavior\WriteHtmlCacheBehavior [ RunTime:0.000000s ]
INFO: Run Behavior\TokenBuildBehavior [ RunTime:0.001000s ]
INFO: [ view_filter ] --END-- [ RunTime:0.001000s ]
INFO: [ app_end ] --START--
INFO: Run Behavior\ShowPageTraceBehavior [ RunTime:0.001000s ]
INFO: [ app_end ] --END-- [ RunTime:0.001000s ]

[ 2018-02-04T16:57:48+08:00 ] 192.168.1.100 /gaochao/Backend/Tbook/Tbook/index.html
INFO: [ app_init ] --START--
INFO: Run Behavior\BuildLiteBehavior [ RunTime:0.000000s ]
INFO: [ app_init ] --END-- [ RunTime:0.001000s ]
INFO: [ app_begin ] --START--
INFO: Run Behavior\ReadHtmlCacheBehavior [ RunTime:0.000000s ]
INFO: Run Behavior\CheckLangBehavior [ RunTime:0.002001s ]
INFO: [ app_begin ] --END-- [ RunTime:0.002001s ]
SQL: SHOW COLUMNS FROM `sr_tbook` [ RunTime:0.0080s ]
SQL: SHOW COLUMNS FROM `sr_action_log` [ RunTime:0.0100s ]
SQL: INSERT INTO `sr_action_log` (`url`,`username`,`menu_id`,`title`,`action`,`ip`,`admin_id`,`add_time`) VALUES ('Backend/Tbook/Tbook/index','admin','860','平台管理 &gt; 电话本 &gt; 电话列表 &gt; ','浏览','192.168.1.100','1','2018-02-04 16:57:48') [ RunTime:0.0340s ]
SQL: SELECT COUNT(*) AS tp_count FROM `sr_tbook` WHERE `is_del` = 0 AND `add_time` BETWEEN 0 AND '2018-02-04 16:57:48' LIMIT 1   [ RunTime:0.0000s ]
SQL: SELECT `id`,`title`,`number`,`is_hid`,`is_del`,`sort`,`add_time`,`address` FROM `sr_tbook` WHERE `is_del` = 0 AND `add_time` BETWEEN 0 AND '2018-02-04 16:57:48' ORDER BY sort desc,add_time desc LIMIT 0,10   [ RunTime:0.0010s ]
INFO: [ view_parse ] --START--
INFO: [ template_filter ] --START--
INFO: Run Behavior\ContentReplaceBehavior [ RunTime:0.000000s ]
INFO: [ template_filter ] --END-- [ RunTime:0.000000s ]
NOTIC: [8] Undefined variable: keywords C:\xampp\htdocs\gaochao\Runtime\Cache\Backend\ff9d2712b95994b38aa019297c5f0ac9.php 第 197 行.
INFO: Run Behavior\ParseTemplateBehavior [ RunTime:0.015001s ]
INFO: [ view_parse ] --END-- [ RunTime:0.015001s ]
INFO: [ view_filter ] --START--
INFO: Run Behavior\WriteHtmlCacheBehavior [ RunTime:0.001000s ]
INFO: Run Behavior\TokenBuildBehavior [ RunTime:0.000000s ]
INFO: [ view_filter ] --END-- [ RunTime:0.001000s ]
INFO: [ app_end ] --START--
INFO: Run Behavior\ShowPageTraceBehavior [ RunTime:0.000000s ]
INFO: [ app_end ] --END-- [ RunTime:0.000000s ]

[ 2018-02-04T16:57:49+08:00 ] 192.168.1.100 /gaochao/Backend/Tbook/Tbook/
INFO: [ app_init ] --START--
INFO: Run Behavior\BuildLiteBehavior [ RunTime:0.000000s ]
INFO: [ app_init ] --END-- [ RunTime:0.000000s ]
INFO: [ app_begin ] --START--
INFO: Run Behavior\ReadHtmlCacheBehavior [ RunTime:0.001000s ]
INFO: Run Behavior\CheckLangBehavior [ RunTime:0.001000s ]
INFO: [ app_begin ] --END-- [ RunTime:0.002000s ]
SQL: SHOW COLUMNS FROM `sr_tbook` [ RunTime:0.0090s ]
SQL: SHOW COLUMNS FROM `sr_action_log` [ RunTime:0.0100s ]
SQL: INSERT INTO `sr_action_log` (`url`,`username`,`menu_id`,`title`,`action`,`ip`,`admin_id`,`add_time`) VALUES ('Backend/Tbook/Tbook/index','admin','860','平台管理 &gt; 电话本 &gt; 电话列表 &gt; ','浏览','192.168.1.100','1','2018-02-04 16:57:48') [ RunTime:0.0410s ]
SQL: SELECT COUNT(*) AS tp_count FROM `sr_tbook` WHERE `is_del` = 0 AND `add_time` BETWEEN 0 AND '2018-02-04 16:57:48' LIMIT 1   [ RunTime:0.0000s ]
SQL: SELECT `id`,`title`,`number`,`is_hid`,`is_del`,`sort`,`add_time`,`address` FROM `sr_tbook` WHERE `is_del` = 0 AND `add_time` BETWEEN 0 AND '2018-02-04 16:57:48' ORDER BY sort desc,add_time desc LIMIT 0,10   [ RunTime:0.0010s ]
INFO: [ view_parse ] --START--
INFO: [ template_filter ] --START--
INFO: Run Behavior\ContentReplaceBehavior [ RunTime:0.000000s ]
INFO: [ template_filter ] --END-- [ RunTime:0.000000s ]
NOTIC: [8] Undefined variable: keywords C:\xampp\htdocs\gaochao\Runtime\Cache\Backend\ff9d2712b95994b38aa019297c5f0ac9.php 第 197 行.
INFO: Run Behavior\ParseTemplateBehavior [ RunTime:0.016001s ]
INFO: [ view_parse ] --END-- [ RunTime:0.016001s ]
INFO: [ view_filter ] --START--
INFO: Run Behavior\WriteHtmlCacheBehavior [ RunTime:0.001000s ]
INFO: Run Behavior\TokenBuildBehavior [ RunTime:0.000000s ]
INFO: [ view_filter ] --END-- [ RunTime:0.001000s ]
INFO: [ app_end ] --START--
INFO: Run Behavior\ShowPageTraceBehavior [ RunTime:0.001000s ]
INFO: [ app_end ] --END-- [ RunTime:0.001000s ]

[ 2018-02-04T16:58:32+08:00 ] ::1 /gaochao/Backend/System/Menu/index.html
INFO: [ app_init ] --START--
INFO: Run Behavior\BuildLiteBehavior [ RunTime:0.000000s ]
INFO: [ app_init ] --END-- [ RunTime:0.001000s ]
INFO: [ app_begin ] --START--
INFO: Run Behavior\ReadHtmlCacheBehavior [ RunTime:0.001000s ]
INFO: Run Behavior\CheckLangBehavior [ RunTime:0.001001s ]
INFO: [ app_begin ] --END-- [ RunTime:0.002001s ]
SQL: SHOW COLUMNS FROM `sr_menu` [ RunTime:0.0080s ]
SQL: SHOW COLUMNS FROM `sr_action_log` [ RunTime:0.0060s ]
SQL: INSERT INTO `sr_action_log` (`url`,`username`,`menu_id`,`title`,`action`,`ip`,`admin_id`,`add_time`) VALUES ('Backend/System/Menu/index','admin','3','系统设置 &gt; 菜单管理 &gt; 菜单管理 &gt; ','浏览','0.0.0.0','1','2018-02-04 16:58:32') [ RunTime:0.0740s ]
SQL: SELECT `id`,`pid`,`path`,`level`,`title`,`url`,`description`,`class`,`display_position`,`sort`,`is_hid`,`is_del`,`is_dev`,`addtime`,`updatetime` FROM `sr_menu` WHERE `pid` = 0 AND `is_del` = 0 ORDER BY sort desc  [ RunTime:0.0760s ]
INFO: [ view_parse ] --START--
INFO: [ template_filter ] --START--
INFO: Run Behavior\ContentReplaceBehavior [ RunTime:0.000000s ]
INFO: [ template_filter ] --END-- [ RunTime:0.000000s ]
NOTIC: [8] Undefined index:  C:\xampp\htdocs\gaochao\Runtime\Cache\Backend\3322c804277f7b3b885fa5133c82783b.php 第 194 行.
INFO: Run Behavior\ParseTemplateBehavior [ RunTime:0.080004s ]
INFO: [ view_parse ] --END-- [ RunTime:0.080004s ]
INFO: [ view_filter ] --START--
INFO: Run Behavior\WriteHtmlCacheBehavior [ RunTime:0.001000s ]
INFO: Run Behavior\TokenBuildBehavior [ RunTime:0.001000s ]
INFO: [ view_filter ] --END-- [ RunTime:0.002000s ]
INFO: [ app_end ] --START--
INFO: Run Behavior\ShowPageTraceBehavior [ RunTime:0.001000s ]
INFO: [ app_end ] --END-- [ RunTime:0.001000s ]

[ 2018-02-04T16:58:35+08:00 ] ::1 /gaochao/Backend/Base/Index/index.html
INFO: [ app_init ] --START--
INFO: Run Behavior\BuildLiteBehavior [ RunTime:0.000000s ]
INFO: [ app_init ] --END-- [ RunTime:0.000000s ]
INFO: [ app_begin ] --START--
INFO: Run Behavior\ReadHtmlCacheBehavior [ RunTime:0.001000s ]
INFO: Run Behavior\CheckLangBehavior [ RunTime:0.001000s ]
INFO: [ app_begin ] --END-- [ RunTime:0.002000s ]
SQL: SHOW COLUMNS FROM `sr_capital_record` [ RunTime:0.0160s ]
SQL: SHOW COLUMNS FROM `sr_action_log` [ RunTime:0.0110s ]
SQL: INSERT INTO `sr_action_log` (`url`,`username`,`menu_id`,`title`,`action`,`ip`,`admin_id`,`add_time`) VALUES ('Backend/Base/Index/index','admin','359','平台管理 &gt; 系统首页 &gt; 系统首页','浏览','0.0.0.0','1','2018-02-04 16:58:34') [ RunTime:0.0880s ]
SQL: SHOW COLUMNS FROM `sr_order` [ RunTime:0.0160s ]
SQL: SELECT count(id) tp_sum FROM `sr_order` WHERE `status` = 20 AND `is_del` = 0 AND `is_hid` = 0 LIMIT 1   [ RunTime:0.0010s ]
SQL: SELECT SUM(`money_total`) tp_sum FROM `sr_order` WHERE `status` > 20 AND `is_del` = 0 AND `is_hid` = 0 LIMIT 1   [ RunTime:0.0010s ]
SQL: SHOW COLUMNS FROM `sr_member` [ RunTime:0.0160s ]
SQL: SELECT count(id) tp_sum FROM `sr_member` LIMIT 1   [ RunTime:0.0020s ]
SQL: SHOW COLUMNS FROM `sr_product` [ RunTime:0.0130s ]
SQL: SELECT count(id) tp_sum FROM `sr_product` LIMIT 1   [ RunTime:0.0000s ]
SQL: SELECT o.id AS id,o.order_no AS order_no,o.money_total AS money_total,o.add_time AS add_time,o.status AS status,m.username AS username FROM sr_order o LEFT JOIN sr_member m ON m.id=o.member_id WHERE o.is_del = 0 AND o.is_hid = 0 AND o.status IN (10,20,40,70) ORDER BY o.add_time desc LIMIT 7   [ RunTime:0.0010s ]
SQL: SELECT `id`,`username`,`mobile`,`register_ip`,`register_time` FROM `sr_member` WHERE `is_del` = 0 AND `is_hid` = 0 ORDER BY register_time desc LIMIT 7   [ RunTime:0.0010s ]
SQL: SELECT count(*) as c,`status`,DATE_FORMAT(`add_time`, "%Y-%m-%d") as date FROM `sr_order` WHERE `is_del` = 0 AND `is_hid` = 0 AND `status` IN (5,10,20,30,40,50,60,70) AND (`add_time` LIKE '2018-01-05%' OR `add_time` LIKE '2018-01-06%' OR `add_time` LIKE '2018-01-07%' OR `add_time` LIKE '2018-01-08%' OR `add_time` LIKE '2018-01-09%' OR `add_time` LIKE '2018-01-10%' OR `add_time` LIKE '2018-01-11%' OR `add_time` LIKE '2018-01-12%' OR `add_time` LIKE '2018-01-13%' OR `add_time` LIKE '2018-01-14%' OR `add_time` LIKE '2018-01-15%' OR `add_time` LIKE '2018-01-16%' OR `add_time` LIKE '2018-01-17%' OR `add_time` LIKE '2018-01-18%' OR `add_time` LIKE '2018-01-19%' OR `add_time` LIKE '2018-01-20%' OR `add_time` LIKE '2018-01-21%' OR `add_time` LIKE '2018-01-22%' OR `add_time` LIKE '2018-01-23%' OR `add_time` LIKE '2018-01-24%' OR `add_time` LIKE '2018-01-25%' OR `add_time` LIKE '2018-01-26%' OR `add_time` LIKE '2018-01-27%' OR `add_time` LIKE '2018-01-28%' OR `add_time` LIKE '2018-01-29%' OR `add_time` LIKE '2018-01-30%' OR `add_time` LIKE '2018-01-31%' OR `add_time` LIKE '2018-02-01%' OR `add_time` LIKE '2018-02-02%' OR `add_time` LIKE '2018-02-03%' OR `add_time` LIKE '2018-02-04%') GROUP BY `date`,`status`  [ RunTime:0.0100s ]
INFO: [ view_parse ] --START--
INFO: [ template_filter ] --START--
INFO: Run Behavior\ContentReplaceBehavior [ RunTime:0.000000s ]
INFO: [ template_filter ] --END-- [ RunTime:0.001000s ]
NOTIC: [8] Undefined index: order_5 C:\xampp\htdocs\gaochao\Runtime\Cache\Backend\32f31cafcace70025c62f10a867e9d20.php 第 392 行.
NOTIC: [2] array_values() expects parameter 1 to be array, null given C:\xampp\htdocs\gaochao\Runtime\Cache\Backend\32f31cafcace70025c62f10a867e9d20.php 第 392 行.
NOTIC: [8] Undefined index: order_10 C:\xampp\htdocs\gaochao\Runtime\Cache\Backend\32f31cafcace70025c62f10a867e9d20.php 第 406 行.
NOTIC: [2] array_values() expects parameter 1 to be array, null given C:\xampp\htdocs\gaochao\Runtime\Cache\Backend\32f31cafcace70025c62f10a867e9d20.php 第 406 行.
NOTIC: [8] Undefined index: order_20 C:\xampp\htdocs\gaochao\Runtime\Cache\Backend\32f31cafcace70025c62f10a867e9d20.php 第 420 行.
NOTIC: [2] array_values() expects parameter 1 to be array, null given C:\xampp\htdocs\gaochao\Runtime\Cache\Backend\32f31cafcace70025c62f10a867e9d20.php 第 420 行.
NOTIC: [8] Undefined index: order_30 C:\xampp\htdocs\gaochao\Runtime\Cache\Backend\32f31cafcace70025c62f10a867e9d20.php 第 434 行.
NOTIC: [2] array_values() expects parameter 1 to be array, null given C:\xampp\htdocs\gaochao\Runtime\Cache\Backend\32f31cafcace70025c62f10a867e9d20.php 第 434 行.
NOTIC: [8] Undefined index: order_40 C:\xampp\htdocs\gaochao\Runtime\Cache\Backend\32f31cafcace70025c62f10a867e9d20.php 第 448 行.
NOTIC: [2] array_values() expects parameter 1 to be array, null given C:\xampp\htdocs\gaochao\Runtime\Cache\Backend\32f31cafcace70025c62f10a867e9d20.php 第 448 行.
NOTIC: [8] Undefined index: order_50 C:\xampp\htdocs\gaochao\Runtime\Cache\Backend\32f31cafcace70025c62f10a867e9d20.php 第 462 行.
NOTIC: [2] array_values() expects parameter 1 to be array, null given C:\xampp\htdocs\gaochao\Runtime\Cache\Backend\32f31cafcace70025c62f10a867e9d20.php 第 462 行.
NOTIC: [8] Undefined index: order_60 C:\xampp\htdocs\gaochao\Runtime\Cache\Backend\32f31cafcace70025c62f10a867e9d20.php 第 476 行.
NOTIC: [2] array_values() expects parameter 1 to be array, null given C:\xampp\htdocs\gaochao\Runtime\Cache\Backend\32f31cafcace70025c62f10a867e9d20.php 第 476 行.
NOTIC: [8] Undefined index: order_70 C:\xampp\htdocs\gaochao\Runtime\Cache\Backend\32f31cafcace70025c62f10a867e9d20.php 第 490 行.
NOTIC: [2] array_values() expects parameter 1 to be array, null given C:\xampp\htdocs\gaochao\Runtime\Cache\Backend\32f31cafcace70025c62f10a867e9d20.php 第 490 行.
INFO: Run Behavior\ParseTemplateBehavior [ RunTime:0.526030s ]
INFO: [ view_parse ] --END-- [ RunTime:0.526030s ]
INFO: [ view_filter ] --START--
INFO: Run Behavior\WriteHtmlCacheBehavior [ RunTime:0.001000s ]
INFO: Run Behavior\TokenBuildBehavior [ RunTime:0.001000s ]
INFO: [ view_filter ] --END-- [ RunTime:0.003000s ]
INFO: [ app_end ] --START--
INFO: Run Behavior\ShowPageTraceBehavior [ RunTime:0.003000s ]
INFO: [ app_end ] --END-- [ RunTime:0.003000s ]

[ 2018-02-04T16:58:38+08:00 ] ::1 /gaochao/Backend/Member/Member/index.html
INFO: [ app_init ] --START--
INFO: Run Behavior\BuildLiteBehavior [ RunTime:0.000000s ]
INFO: [ app_init ] --END-- [ RunTime:0.000000s ]
INFO: [ app_begin ] --START--
INFO: Run Behavior\ReadHtmlCacheBehavior [ RunTime:0.001000s ]
INFO: Run Behavior\CheckLangBehavior [ RunTime:0.001001s ]
INFO: [ app_begin ] --END-- [ RunTime:0.002001s ]
SQL: SHOW COLUMNS FROM `sr_member` [ RunTime:0.0100s ]
SQL: SHOW COLUMNS FROM `sr_action_log` [ RunTime:0.0140s ]
SQL: INSERT INTO `sr_action_log` (`url`,`username`,`menu_id`,`title`,`action`,`ip`,`admin_id`,`add_time`) VALUES ('Backend/Member/Member/index','admin','116','平台管理 &gt; 用户管理 &gt; 住客列表 &gt; ','浏览','0.0.0.0','1','2018-02-04 16:58:37') [ RunTime:0.0340s ]
SQL: SHOW COLUMNS FROM `sr_member` [ RunTime:0.0100s ]
SQL: SHOW COLUMNS FROM `sr_district` [ RunTime:0.1640s ]
SQL: SELECT COUNT(*) AS tp_count FROM sr_member m LEFT JOIN sr_district d ON d.id=m.district_id WHERE m.is_del = 0 AND m.type = 1 LIMIT 1   [ RunTime:0.0010s ]
SQL: SELECT m.id AS id,m.pid AS pid,m.type AS type,m.email AS email,m.mobile AS mobile,m.nickname AS nickname,m.username AS username,m.sex AS sex,m.birthday AS birthday,m.idcard AS idcard,m.headimg AS headimg,m.signature AS signature,m.password AS password,m.district_id AS district_id,m.building_no AS building_no,m.room_no AS room_no,m.register_code AS register_code,m.login_ip AS login_ip,m.login_time AS login_time,m.register_ip AS register_ip,m.register_time AS register_time,m.is_hid AS is_hid,m.is_del AS is_del,m.age AS age,m.state AS state,d.title AS district_title FROM sr_member m LEFT JOIN sr_district d ON d.id=m.district_id WHERE m.is_del = 0 AND m.type = 1 ORDER BY m.register_time desc LIMIT 0,10   [ RunTime:0.0020s ]
INFO: [ view_parse ] --START--
INFO: [ template_filter ] --START--
INFO: Run Behavior\ContentReplaceBehavior [ RunTime:0.000000s ]
INFO: [ template_filter ] --END-- [ RunTime:0.000000s ]
NOTIC: [8] Undefined variable: keyword C:\xampp\htdocs\gaochao\Runtime\Cache\Backend\5e46ff442e144fa8b2a5c2ba67c9c42d.php 第 197 行.
NOTIC: [2] Invalid argument supplied for foreach() C:\xampp\htdocs\gaochao\Runtime\Cache\Backend\5e46ff442e144fa8b2a5c2ba67c9c42d.php 第 208 行.
NOTIC: [8] Uninitialized string offset: 1 C:\xampp\htdocs\gaochao\Runtime\Cache\Backend\5e46ff442e144fa8b2a5c2ba67c9c42d.php 第 256 行.
NOTIC: [2] Illegal string offset 'title' C:\xampp\htdocs\gaochao\Runtime\Cache\Backend\5e46ff442e144fa8b2a5c2ba67c9c42d.php 第 256 行.
NOTIC: [8] Uninitialized string offset: 0 C:\xampp\htdocs\gaochao\Runtime\Cache\Backend\5e46ff442e144fa8b2a5c2ba67c9c42d.php 第 256 行.
NOTIC: [8] Uninitialized string offset: 1 C:\xampp\htdocs\gaochao\Runtime\Cache\Backend\5e46ff442e144fa8b2a5c2ba67c9c42d.php 第 256 行.
NOTIC: [2] Illegal string offset 'title' C:\xampp\htdocs\gaochao\Runtime\Cache\Backend\5e46ff442e144fa8b2a5c2ba67c9c42d.php 第 256 行.
NOTIC: [8] Uninitialized string offset: 0 C:\xampp\htdocs\gaochao\Runtime\Cache\Backend\5e46ff442e144fa8b2a5c2ba67c9c42d.php 第 256 行.
NOTIC: [8] Uninitialized string offset: 1 C:\xampp\htdocs\gaochao\Runtime\Cache\Backend\5e46ff442e144fa8b2a5c2ba67c9c42d.php 第 256 行.
NOTIC: [2] Illegal string offset 'title' C:\xampp\htdocs\gaochao\Runtime\Cache\Backend\5e46ff442e144fa8b2a5c2ba67c9c42d.php 第 256 行.
NOTIC: [8] Uninitialized string offset: 0 C:\xampp\htdocs\gaochao\Runtime\Cache\Backend\5e46ff442e144fa8b2a5c2ba67c9c42d.php 第 256 行.
NOTIC: [8] Uninitialized string offset: 1 C:\xampp\htdocs\gaochao\Runtime\Cache\Backend\5e46ff442e144fa8b2a5c2ba67c9c42d.php 第 256 行.
NOTIC: [2] Illegal string offset 'title' C:\xampp\htdocs\gaochao\Runtime\Cache\Backend\5e46ff442e144fa8b2a5c2ba67c9c42d.php 第 256 行.
NOTIC: [8] Uninitialized string offset: 0 C:\xampp\htdocs\gaochao\Runtime\Cache\Backend\5e46ff442e144fa8b2a5c2ba67c9c42d.php 第 256 行.
NOTIC: [8] Uninitialized string offset: 1 C:\xampp\htdocs\gaochao\Runtime\Cache\Backend\5e46ff442e144fa8b2a5c2ba67c9c42d.php 第 256 行.
NOTIC: [2] Illegal string offset 'title' C:\xampp\htdocs\gaochao\Runtime\Cache\Backend\5e46ff442e144fa8b2a5c2ba67c9c42d.php 第 256 行.
NOTIC: [8] Uninitialized string offset: 0 C:\xampp\htdocs\gaochao\Runtime\Cache\Backend\5e46ff442e144fa8b2a5c2ba67c9c42d.php 第 256 行.
INFO: Run Behavior\ParseTemplateBehavior [ RunTime:0.467027s ]
INFO: [ view_parse ] --END-- [ RunTime:0.467027s ]
INFO: [ view_filter ] --START--
INFO: Run Behavior\WriteHtmlCacheBehavior [ RunTime:0.001000s ]
INFO: Run Behavior\TokenBuildBehavior [ RunTime:0.001000s ]
INFO: [ view_filter ] --END-- [ RunTime:0.002000s ]
INFO: [ app_end ] --START--
INFO: Run Behavior\ShowPageTraceBehavior [ RunTime:0.003000s ]
INFO: [ app_end ] --END-- [ RunTime:0.003000s ]

[ 2018-02-04T17:00:37+08:00 ] ::1 /gaochao/Backend/System/Menu/index.html
INFO: [ app_init ] --START--
INFO: Run Behavior\BuildLiteBehavior [ RunTime:0.000000s ]
INFO: [ app_init ] --END-- [ RunTime:0.001000s ]
INFO: [ app_begin ] --START--
INFO: Run Behavior\ReadHtmlCacheBehavior [ RunTime:0.000000s ]
INFO: Run Behavior\CheckLangBehavior [ RunTime:0.002000s ]
INFO: [ app_begin ] --END-- [ RunTime:0.003000s ]
SQL: SHOW COLUMNS FROM `sr_menu` [ RunTime:0.0090s ]
SQL: SHOW COLUMNS FROM `sr_action_log` [ RunTime:0.0090s ]
SQL: INSERT INTO `sr_action_log` (`url`,`username`,`menu_id`,`title`,`action`,`ip`,`admin_id`,`add_time`) VALUES ('Backend/System/Menu/index','admin','3','系统设置 &gt; 菜单管理 &gt; 菜单管理 &gt; ','浏览','0.0.0.0','1','2018-02-04 17:00:37') [ RunTime:0.0520s ]
SQL: SELECT `id`,`pid`,`path`,`level`,`title`,`url`,`description`,`class`,`display_position`,`sort`,`is_hid`,`is_del`,`is_dev`,`addtime`,`updatetime` FROM `sr_menu` WHERE `pid` = 0 AND `is_del` = 0 ORDER BY sort desc  [ RunTime:0.0010s ]
INFO: [ view_parse ] --START--
INFO: [ template_filter ] --START--
INFO: Run Behavior\ContentReplaceBehavior [ RunTime:0.001001s ]
INFO: [ template_filter ] --END-- [ RunTime:0.001001s ]
NOTIC: [8] Undefined index:  C:\xampp\htdocs\gaochao\Runtime\Cache\Backend\3322c804277f7b3b885fa5133c82783b.php 第 194 行.
INFO: Run Behavior\ParseTemplateBehavior [ RunTime:0.039002s ]
INFO: [ view_parse ] --END-- [ RunTime:0.039002s ]
INFO: [ view_filter ] --START--
INFO: Run Behavior\WriteHtmlCacheBehavior [ RunTime:0.001000s ]
INFO: Run Behavior\TokenBuildBehavior [ RunTime:0.001000s ]
INFO: [ view_filter ] --END-- [ RunTime:0.002000s ]
INFO: [ app_end ] --START--
INFO: Run Behavior\ShowPageTraceBehavior [ RunTime:0.002000s ]
INFO: [ app_end ] --END-- [ RunTime:0.002000s ]

