[ 2018-02-17T08:53:12+08:00 ] ::1 /gaochao/Backend/System/App/index.html
INFO: [ app_init ] --START--
INFO: Run Behavior\BuildLiteBehavior [ RunTime:0.000000s ]
INFO: [ app_init ] --END-- [ RunTime:0.281016s ]
INFO: [ app_begin ] --START--
INFO: Run Behavior\ReadHtmlCacheBehavior [ RunTime:0.029002s ]
INFO: Run Behavior\CheckLangBehavior [ RunTime:0.425024s ]
INFO: [ app_begin ] --END-- [ RunTime:0.454026s ]
SQL: SHOW COLUMNS FROM `sr_action_log` [ RunTime:1.5521s ]
SQL: INSERT INTO `sr_action_log` (`url`,`username`,`menu_id`,`title`,`action`,`ip`,`admin_id`,`add_time`) VALUES ('Backend/System/App/index','admin','868','系统设置 &gt; APP下载 &gt; 安卓APP','浏览','0.0.0.0','1','2018-02-17 08:53:02') [ RunTime:1.2721s ]
INFO: [ view_parse ] --START--
INFO: [ template_filter ] --START--
INFO: Run Behavior\ContentReplaceBehavior [ RunTime:0.000000s ]
INFO: [ template_filter ] --END-- [ RunTime:0.001000s ]
INFO: Run Behavior\ParseTemplateBehavior [ RunTime:1.929111s ]
INFO: [ view_parse ] --END-- [ RunTime:1.929111s ]
INFO: [ view_filter ] --START--
INFO: Run Behavior\WriteHtmlCacheBehavior [ RunTime:0.124007s ]
INFO: Run Behavior\TokenBuildBehavior [ RunTime:0.017001s ]
INFO: [ view_filter ] --END-- [ RunTime:0.141008s ]
INFO: [ app_end ] --START--
INFO: Run Behavior\ShowPageTraceBehavior [ RunTime:0.195011s ]
INFO: [ app_end ] --END-- [ RunTime:0.195011s ]

[ 2018-02-17T09:00:57+08:00 ] ::1 /gaochao/Backend/System/App/index.html
INFO: [ app_init ] --START--
INFO: Run Behavior\BuildLiteBehavior [ RunTime:0.000000s ]
INFO: [ app_init ] --END-- [ RunTime:0.249014s ]
INFO: [ app_begin ] --START--
INFO: Run Behavior\ReadHtmlCacheBehavior [ RunTime:0.088005s ]
INFO: Run Behavior\CheckLangBehavior [ RunTime:0.126008s ]
INFO: [ app_begin ] --END-- [ RunTime:0.215013s ]
SQL: SHOW COLUMNS FROM `sr_action_log` [ RunTime:0.0910s ]
SQL: INSERT INTO `sr_action_log` (`url`,`username`,`menu_id`,`title`,`action`,`ip`,`admin_id`,`add_time`) VALUES ('Backend/System/App/index','admin','868','系统设置 &gt; APP下载 &gt; 安卓APP','浏览','0.0.0.0','1','2018-02-17 09:00:56') [ RunTime:0.0770s ]
INFO: [ view_parse ] --START--
INFO: [ template_filter ] --START--
INFO: Run Behavior\ContentReplaceBehavior [ RunTime:0.001000s ]
INFO: [ template_filter ] --END-- [ RunTime:0.001000s ]
INFO: Run Behavior\ParseTemplateBehavior [ RunTime:0.400022s ]
INFO: [ view_parse ] --END-- [ RunTime:0.400022s ]
INFO: [ view_filter ] --START--
INFO: Run Behavior\WriteHtmlCacheBehavior [ RunTime:0.034001s ]
INFO: Run Behavior\TokenBuildBehavior [ RunTime:0.002001s ]
INFO: [ view_filter ] --END-- [ RunTime:0.037003s ]
INFO: [ app_end ] --START--
INFO: Run Behavior\ShowPageTraceBehavior [ RunTime:0.015000s ]
INFO: [ app_end ] --END-- [ RunTime:0.015000s ]

[ 2018-02-17T09:01:11+08:00 ] ::1 /gaochao/Backend/System/App/index.html
INFO: [ app_init ] --START--
INFO: Run Behavior\BuildLiteBehavior [ RunTime:0.000000s ]
INFO: [ app_init ] --END-- [ RunTime:0.001000s ]
INFO: [ app_begin ] --START--
INFO: Run Behavior\ReadHtmlCacheBehavior [ RunTime:0.002000s ]
INFO: Run Behavior\CheckLangBehavior [ RunTime:0.035002s ]
INFO: [ app_begin ] --END-- [ RunTime:0.037002s ]
SQL: SHOW COLUMNS FROM `sr_action_log` [ RunTime:0.0350s ]
SQL: INSERT INTO `sr_action_log` (`url`,`username`,`menu_id`,`title`,`action`,`ip`,`admin_id`,`add_time`) VALUES ('Backend/System/App/index','admin','868','系统设置 &gt; APP下载 &gt; 安卓APP','浏览','0.0.0.0','1','2018-02-17 09:01:10') [ RunTime:0.0380s ]
INFO: [ view_parse ] --START--
INFO: [ template_filter ] --START--
INFO: Run Behavior\ContentReplaceBehavior [ RunTime:0.001000s ]
INFO: [ template_filter ] --END-- [ RunTime:0.001000s ]
INFO: Run Behavior\ParseTemplateBehavior [ RunTime:0.159009s ]
INFO: [ view_parse ] --END-- [ RunTime:0.159009s ]
INFO: [ view_filter ] --START--
INFO: Run Behavior\WriteHtmlCacheBehavior [ RunTime:0.001000s ]
INFO: Run Behavior\TokenBuildBehavior [ RunTime:0.001000s ]
INFO: [ view_filter ] --END-- [ RunTime:0.002000s ]
INFO: [ app_end ] --START--
INFO: Run Behavior\ShowPageTraceBehavior [ RunTime:0.004001s ]
INFO: [ app_end ] --END-- [ RunTime:0.004001s ]

[ 2018-02-17T09:02:30+08:00 ] ::1 /gaochao/Backend/System/App/index.html
INFO: [ app_init ] --START--
INFO: Run Behavior\BuildLiteBehavior [ RunTime:0.000000s ]
INFO: [ app_init ] --END-- [ RunTime:0.001000s ]
INFO: [ app_begin ] --START--
INFO: Run Behavior\ReadHtmlCacheBehavior [ RunTime:0.001000s ]
INFO: Run Behavior\CheckLangBehavior [ RunTime:0.001000s ]
INFO: [ app_begin ] --END-- [ RunTime:0.002000s ]
NOTIC: [2] finfo_file(): Empty filename or path C:\xampp\htdocs\gaochao\Core\Library\Think\Upload.class.php 第 168 行.
INFO: [ view_parse ] --START--
INFO: [ template_filter ] --START--
INFO: Run Behavior\ContentReplaceBehavior [ RunTime:0.000000s ]
INFO: [ template_filter ] --END-- [ RunTime:0.000000s ]
INFO: Run Behavior\ParseTemplateBehavior [ RunTime:0.127007s ]
INFO: [ view_parse ] --END-- [ RunTime:0.127007s ]
INFO: [ view_filter ] --START--
INFO: Run Behavior\WriteHtmlCacheBehavior [ RunTime:0.002000s ]
INFO: Run Behavior\TokenBuildBehavior [ RunTime:0.001000s ]
INFO: [ view_filter ] --END-- [ RunTime:0.003000s ]

[ 2018-02-17T09:02:35+08:00 ] ::1 /gaochao/Backend/System/App/index.html
INFO: [ app_init ] --START--
INFO: Run Behavior\BuildLiteBehavior [ RunTime:0.000000s ]
INFO: [ app_init ] --END-- [ RunTime:0.001001s ]
INFO: [ app_begin ] --START--
INFO: Run Behavior\ReadHtmlCacheBehavior [ RunTime:0.002000s ]
INFO: Run Behavior\CheckLangBehavior [ RunTime:0.004001s ]
INFO: [ app_begin ] --END-- [ RunTime:0.006001s ]
SQL: SHOW COLUMNS FROM `sr_action_log` [ RunTime:0.0200s ]
SQL: INSERT INTO `sr_action_log` (`url`,`username`,`menu_id`,`title`,`action`,`ip`,`admin_id`,`add_time`) VALUES ('Backend/System/App/index','admin','868','系统设置 &gt; APP下载 &gt; 安卓APP','浏览','0.0.0.0','1','2018-02-17 09:02:35') [ RunTime:0.0520s ]
INFO: [ view_parse ] --START--
INFO: [ template_filter ] --START--
INFO: Run Behavior\ContentReplaceBehavior [ RunTime:0.001000s ]
INFO: [ template_filter ] --END-- [ RunTime:0.001000s ]
INFO: Run Behavior\ParseTemplateBehavior [ RunTime:0.020001s ]
INFO: [ view_parse ] --END-- [ RunTime:0.020001s ]
INFO: [ view_filter ] --START--
INFO: Run Behavior\WriteHtmlCacheBehavior [ RunTime:0.001001s ]
INFO: Run Behavior\TokenBuildBehavior [ RunTime:0.000000s ]
INFO: [ view_filter ] --END-- [ RunTime:0.001001s ]
INFO: [ app_end ] --START--
INFO: Run Behavior\ShowPageTraceBehavior [ RunTime:0.002000s ]
INFO: [ app_end ] --END-- [ RunTime:0.002000s ]

