[ 2018-07-12T15:21:41+08:00 ] ::1 /gaochao/Backend
INFO: [ app_init ] --START--
INFO: Run Behavior\BuildLiteBehavior [ RunTime:0.000008s ]
INFO: [ app_init ] --END-- [ RunTime:0.000288s ]
INFO: [ app_begin ] --START--
INFO: Run Behavior\ReadHtmlCacheBehavior [ RunTime:0.000540s ]
INFO: Run Behavior\CheckLangBehavior [ RunTime:0.001129s ]
INFO: [ app_begin ] --END-- [ RunTime:0.001723s ]
NOTIC: [8] Undefined index: backend_wuye C:\xampp\htdocs\gaochao\Core\Common\functions.php 第 1437 行.
INFO: [ view_parse ] --START--
INFO: [ template_filter ] --START--
INFO: Run Behavior\ContentReplaceBehavior [ RunTime:0.000044s ]
INFO: [ template_filter ] --END-- [ RunTime:0.000079s ]
INFO: Run Behavior\ParseTemplateBehavior [ RunTime:0.028725s ]
INFO: [ view_parse ] --END-- [ RunTime:0.028790s ]
INFO: [ view_filter ] --START--
INFO: Run Behavior\WriteHtmlCacheBehavior [ RunTime:0.001110s ]
INFO: Run Behavior\TokenBuildBehavior [ RunTime:0.000915s ]
INFO: [ view_filter ] --END-- [ RunTime:0.002119s ]
INFO: [ app_end ] --START--
INFO: Run Behavior\ShowPageTraceBehavior [ RunTime:0.000809s ]
INFO: [ app_end ] --END-- [ RunTime:0.000854s ]

[ 2018-07-12T15:21:41+08:00 ] ::1 /gaochao/Backend/Base/Public/verify.html
INFO: [ app_init ] --START--
INFO: Run Behavior\BuildLiteBehavior [ RunTime:0.000007s ]
INFO: [ app_init ] --END-- [ RunTime:0.000239s ]
INFO: [ app_begin ] --START--
INFO: Run Behavior\ReadHtmlCacheBehavior [ RunTime:0.000437s ]
INFO: Run Behavior\CheckLangBehavior [ RunTime:0.000676s ]
INFO: [ app_begin ] --END-- [ RunTime:0.001163s ]
NOTIC: [8] Undefined index: backend_wuye C:\xampp\htdocs\gaochao\Core\Common\functions.php 第 1437 行.
INFO: [ app_end ] --START--
INFO: Run Behavior\ShowPageTraceBehavior [ RunTime:0.000562s ]
INFO: [ app_end ] --END-- [ RunTime:0.000602s ]

[ 2018-07-12T15:21:45+08:00 ] ::1 /gaochao/Backend/Base/Public/login.html
INFO: [ app_init ] --START--
INFO: Run Behavior\BuildLiteBehavior [ RunTime:0.000006s ]
INFO: [ app_init ] --END-- [ RunTime:0.000265s ]
INFO: [ app_begin ] --START--
INFO: Run Behavior\ReadHtmlCacheBehavior [ RunTime:0.000357s ]
INFO: Run Behavior\CheckLangBehavior [ RunTime:0.000526s ]
INFO: [ app_begin ] --END-- [ RunTime:0.000919s ]
SQL: SHOW COLUMNS FROM `sr_admin` [ RunTime:0.0061s ]
SQL: SELECT `id`,`email`,`mobile`,`nickname`,`username`,`role_id`,`department_id`,`password`,`salt`,`description`,`rules`,`add_time`,`update_time`,`admin_id`,`is_hid`,`is_del`,`login_ip`,`login_time`,`sort`,`last_login_ip`,`last_login_time`,`district_ids` FROM `sr_admin` WHERE `username` = 'xiaobin' AND `is_del` = 0 LIMIT 1   [ RunTime:0.0008s ]
SQL: UPDATE `sr_admin` SET `login_time`='2018-07-12 15:21:45',`login_ip`='0.0.0.0',`last_login_time`='2018-07-11 16:52:47',`last_login_ip`='0.0.0.0',`update_time`='2018-07-12 15:21:45' WHERE `id` = 20 [ RunTime:0.0034s ]
SQL: SHOW COLUMNS FROM `sr_admin_role` [ RunTime:0.0034s ]
SQL: SELECT `id`,`pid`,`title`,`remark`,`menu_ids`,`is_hid`,`is_del`,`sort`,`admin_id`,`add_time`,`update_time` FROM `sr_admin_role` WHERE `id` = 2 AND `is_del` = 0 LIMIT 1   [ RunTime:0.0002s ]
SQL: SHOW COLUMNS FROM `sr_action_log` [ RunTime:0.0037s ]
SQL: INSERT INTO `sr_action_log` (`url`,`username`,`menu_id`,`title`,`action`,`ip`,`admin_id`,`add_time`) VALUES ('Backend/Base/Public/login','xiaobin','0','','登录','0.0.0.0','20','2018-07-12 15:21:45') [ RunTime:0.0040s ]

[ 2018-07-12T15:21:46+08:00 ] ::1 /gaochao/Backend
INFO: [ app_init ] --START--
INFO: Run Behavior\BuildLiteBehavior [ RunTime:0.000010s ]
INFO: [ app_init ] --END-- [ RunTime:0.000402s ]
INFO: [ app_begin ] --START--
INFO: Run Behavior\ReadHtmlCacheBehavior [ RunTime:0.000583s ]
INFO: Run Behavior\CheckLangBehavior [ RunTime:0.000846s ]
INFO: [ app_begin ] --END-- [ RunTime:0.001490s ]
INFO: [ view_parse ] --START--
INFO: [ template_filter ] --START--
INFO: Run Behavior\ContentReplaceBehavior [ RunTime:0.000039s ]
INFO: [ template_filter ] --END-- [ RunTime:0.000067s ]
INFO: Run Behavior\ParseTemplateBehavior [ RunTime:0.007925s ]
INFO: [ view_parse ] --END-- [ RunTime:0.007970s ]
INFO: [ view_filter ] --START--
INFO: Run Behavior\WriteHtmlCacheBehavior [ RunTime:0.000179s ]
INFO: Run Behavior\TokenBuildBehavior [ RunTime:0.000235s ]
INFO: [ view_filter ] --END-- [ RunTime:0.000439s ]
INFO: [ app_end ] --START--
INFO: Run Behavior\ShowPageTraceBehavior [ RunTime:0.000419s ]
INFO: [ app_end ] --END-- [ RunTime:0.000436s ]

[ 2018-07-12T15:21:47+08:00 ] ::1 /gaochao/Backend/Base/Index/index.html
INFO: [ app_init ] --START--
INFO: Run Behavior\BuildLiteBehavior [ RunTime:0.000006s ]
INFO: [ app_init ] --END-- [ RunTime:0.000226s ]
INFO: [ app_begin ] --START--
INFO: Run Behavior\ReadHtmlCacheBehavior [ RunTime:0.000338s ]
INFO: Run Behavior\CheckLangBehavior [ RunTime:0.000513s ]
INFO: [ app_begin ] --END-- [ RunTime:0.000884s ]
SQL: SHOW COLUMNS FROM `sr_menu` [ RunTime:0.0045s ]
SQL: SELECT `id`,`pid`,`path`,`level`,`title`,`url`,`description`,`class`,`display_position`,`sort`,`is_hid`,`is_del`,`is_dev`,`addtime`,`updatetime` FROM `sr_menu` WHERE `id` IN ('','74','776','777','778','779','780','781','782','813','817','818','115','841','842','843','844','851','853','888','846','847','848','849','889','116','117','118','119','890','122','123','124','125','126','723','769','770','771','772','773','774','775','795','796','797','826','908','898','899','900','901','902','903','904','905','906','930','931','932','933','934','935','936','943','944','945','978','980','937','938','939','940','941','942','946','947','983','968','969','970','971','972','973','984','993','985','986','987','988','989','990','991','948','950','951','952','953','954','955','974','975','949','956','957','958','959','960','961','976','977','979','992','747','749','750','751','761','755','748','752','768','753','754','762','1007','1027','1028','1029','1030','1031','1032','1033','1034','1035','1036','1037','1038','1008','1009','1010','1011','1012','1013','1014','1015','1016','1017','1018','1019','1020','1021','1024','1025','1026','1022','1023') AND `is_hid` = 0 AND `is_del` = 0 ORDER BY sort desc,id asc  [ RunTime:0.0032s ]
SQL: SHOW COLUMNS FROM `sr_capital_record` [ RunTime:0.0047s ]
SQL: SHOW COLUMNS FROM `sr_action_log` [ RunTime:0.0023s ]
SQL: INSERT INTO `sr_action_log` (`url`,`username`,`menu_id`,`title`,`action`,`ip`,`admin_id`,`add_time`) VALUES ('Backend/Base/Index/index','xiaobin','359','平台管理 &gt; 系统首页 &gt; 系统首页','浏览','0.0.0.0','20','2018-07-12 15:21:47') [ RunTime:0.0033s ]
SQL: SHOW COLUMNS FROM `sr_member` [ RunTime:0.0022s ]
SQL: SELECT `id`,`username`,`mobile`,`register_ip`,`register_time` FROM `sr_member` WHERE `is_del` = 0 AND `is_hid` = 0 AND `district_id` IN ('21','18','13') ORDER BY register_time desc LIMIT 7   [ RunTime:0.0020s ]
SQL: SHOW COLUMNS FROM `sr_district` [ RunTime:0.0024s ]
SQL: SELECT `id`,`title` FROM `sr_district` WHERE `is_del` = 0 AND `is_hid` = 0 AND `id` IN ('21','18','13')  [ RunTime:0.0002s ]
NOTIC: [8] Undefined variable: info C:\xampp\htdocs\gaochao\Application\Backend\Controller\Base\IndexController.class.php 第 77 行.
SQL: SELECT count(`id`) as c,`type` FROM `sr_member` WHERE `is_del` = 0 AND `district_id` IN ('21','18','13') GROUP BY type  [ RunTime:0.0004s ]
SQL: SHOW COLUMNS FROM `sr_trifle` [ RunTime:0.0022s ]
SQL: SELECT `id`,`trifle_service_id`,`member_id`,`district_id`,`content`,`status`,`is_hid`,`is_del`,`add_time`,`deal_time`,`remember_id`,`building_no`,`room_no`,`reply`,`is_reply` FROM `sr_trifle` WHERE `is_del` = 0 AND `status` = 1 AND `district_id` IN ('21','18','13')  [ RunTime:0.0004s ]
SQL: SELECT `id`,`trifle_service_id`,`member_id`,`district_id`,`content`,`status`,`is_hid`,`is_del`,`add_time`,`deal_time`,`remember_id`,`building_no`,`room_no`,`reply`,`is_reply` FROM `sr_trifle` WHERE `is_del` = 0 AND `status` = 2 AND `district_id` IN ('21','18','13')  [ RunTime:0.0003s ]
SQL: SHOW COLUMNS FROM `sr_clean` [ RunTime:0.0018s ]
SQL: SELECT `id`,`clean_service_id`,`member_id`,`district_id`,`content`,`status`,`is_hid`,`is_del`,`add_time`,`deal_time`,`remember_id`,`building_no`,`room_no`,`reply`,`is_reply` FROM `sr_clean` WHERE `is_del` = 0 AND `status` = 1 AND `district_id` IN ('21','18','13')  [ RunTime:0.0004s ]
SQL: SELECT `id`,`clean_service_id`,`member_id`,`district_id`,`content`,`status`,`is_hid`,`is_del`,`add_time`,`deal_time`,`remember_id`,`building_no`,`room_no`,`reply`,`is_reply` FROM `sr_clean` WHERE `is_del` = 0 AND `status` = 2 AND `district_id` IN ('21','18','13')  [ RunTime:0.0002s ]
NOTIC: [2] Invalid argument supplied for foreach() C:\xampp\htdocs\gaochao\Application\Backend\Controller\Base\IndexController.class.php 第 690 行.
SQL: SHOW COLUMNS FROM `sr_complaint` [ RunTime:0.0031s ]
SQL: SELECT `id`,`member_id`,`district_id`,`content`,`add_time`,`is_hid`,`is_del` FROM `sr_complaint` WHERE `is_del` = 0 AND `district_id` IN ('21','18','13')  [ RunTime:0.0002s ]
NOTIC: [2] Invalid argument supplied for foreach() C:\xampp\htdocs\gaochao\Application\Backend\Controller\Base\IndexController.class.php 第 722 行.
SQL: SHOW COLUMNS FROM `sr_pay_order` [ RunTime:0.0041s ]
SQL: SELECT `id`,`uid`,`type`,`order_no`,`deal_no`,`deal_title`,`detail_title`,`money_total`,`member_id`,`district_id`,`mobile`,`username`,`room_no`,`pay_start_time`,`pay_end_time`,`remark`,`status`,`pay_no`,`pay_type`,`add_time`,`pay_time`,`is_hid`,`is_del` FROM `sr_pay_order` WHERE `is_del` = 0 AND `status` = 2 AND `district_id` IN ('21','18','13')  [ RunTime:0.0210s ]
SQL: SELECT `id`,`uid`,`type`,`order_no`,`deal_no`,`deal_title`,`detail_title`,`money_total`,`member_id`,`district_id`,`mobile`,`username`,`room_no`,`pay_start_time`,`pay_end_time`,`remark`,`status`,`pay_no`,`pay_type`,`add_time`,`pay_time`,`is_hid`,`is_del` FROM `sr_pay_order` WHERE `is_del` = 0 AND `district_id` IN ('21','18','13')  [ RunTime:0.0102s ]
SQL: SELECT `id`,`uid`,`type`,`order_no`,`deal_no`,`deal_title`,`detail_title`,`money_total`,`member_id`,`district_id`,`mobile`,`username`,`room_no`,`pay_start_time`,`pay_end_time`,`remark`,`status`,`pay_no`,`pay_type`,`add_time`,`pay_time`,`is_hid`,`is_del` FROM `sr_pay_order` WHERE `is_del` = 0 AND `status` = 2 AND `district_id` IN ('21','18','13')  [ RunTime:0.0084s ]
SQL: SHOW COLUMNS FROM `sr_salary` [ RunTime:0.0038s ]
SQL: SELECT `id`,`uid`,`district_id`,`username`,`mobile`,`job`,`entry_time`,`day_num`,`all_work`,`in_work`,`salary`,`achievements`,`allowance`,`subsidy`,`overtime_total`,`ready_total`,`total`,`debit`,`real_total`,`salary_time`,`is_hid`,`is_del`,`remark` FROM `sr_salary` WHERE `is_del` = 0 AND `district_id` IN ('21','18','13')  [ RunTime:0.0013s ]
SQL: SHOW COLUMNS FROM `sr_reimburse` [ RunTime:0.0042s ]
SQL: SELECT `id`,`district_id`,`mobile`,`username`,`type`,`reason`,`occur_time`,`cost`,`add_time`,`is_confirm`,`is_hid`,`is_del`,`remark`,`image` FROM `sr_reimburse` WHERE `is_del` = 0  [ RunTime:0.0004s ]
SQL: SHOW COLUMNS FROM `sr_comprehensive` [ RunTime:0.0033s ]
SQL: SELECT `id`,`district_id`,`username`,`type`,`cost`,`cost_time`,`is_hid`,`is_del`,`remark`,`image` FROM `sr_comprehensive` WHERE `is_del` = 0 AND `district_id` IN ('21','18','13')  [ RunTime:0.0003s ]
NOTIC: [8] Undefined offset: 11 C:\xampp\htdocs\gaochao\Application\Backend\Controller\Base\IndexController.class.php 第 187 行.
NOTIC: [8] Undefined offset: 14 C:\xampp\htdocs\gaochao\Application\Backend\Controller\Base\IndexController.class.php 第 178 行.
NOTIC: [8] Undefined offset: 14 C:\xampp\htdocs\gaochao\Application\Backend\Controller\Base\IndexController.class.php 第 183 行.
NOTIC: [8] Undefined offset: 11 C:\xampp\htdocs\gaochao\Application\Backend\Controller\Base\IndexController.class.php 第 178 行.
NOTIC: [8] Undefined offset: 11 C:\xampp\htdocs\gaochao\Application\Backend\Controller\Base\IndexController.class.php 第 183 行.
SQL: SELECT sum(`money_total`) as c FROM `sr_pay_order` WHERE `is_del` = 0 AND `status` = 2 AND `district_id` IN ('21','18','13') LIMIT 1   [ RunTime:0.0024s ]
SQL: SELECT `id`,`district_id`,`mobile`,`username`,`type`,`reason`,`occur_time`,`cost`,`add_time`,`is_confirm`,`is_hid`,`is_del`,`remark`,`image` FROM `sr_reimburse` WHERE `is_del` = 0 AND `district_id` IN ('21','18','13')  [ RunTime:0.0004s ]
SQL: SELECT sum(`real_total`) as c FROM `sr_salary` WHERE `is_del` = 0 AND `district_id` IN ('21','18','13') LIMIT 1   [ RunTime:0.0002s ]
INFO: [ view_parse ] --START--
INFO: [ template_filter ] --START--
INFO: Run Behavior\ContentReplaceBehavior [ RunTime:0.000233s ]
INFO: [ template_filter ] --END-- [ RunTime:0.000261s ]
NOTIC: [8] Undefined offset: 2 C:\xampp\htdocs\gaochao\Runtime\Cache\Backend\6715f8e1fd8ef0218ff4724c740d5efd.php 第 1 行.
NOTIC: [8] Undefined offset: 2 C:\xampp\htdocs\gaochao\Runtime\Cache\Backend\6715f8e1fd8ef0218ff4724c740d5efd.php 第 1 行.
NOTIC: [8] Undefined index:  C:\xampp\htdocs\gaochao\Runtime\Cache\Backend\6715f8e1fd8ef0218ff4724c740d5efd.php 第 197 行.
INFO: Run Behavior\ParseTemplateBehavior [ RunTime:0.038051s ]
INFO: [ view_parse ] --END-- [ RunTime:0.038079s ]
INFO: [ view_filter ] --START--
INFO: Run Behavior\WriteHtmlCacheBehavior [ RunTime:0.000237s ]
INFO: Run Behavior\TokenBuildBehavior [ RunTime:0.000260s ]
INFO: [ view_filter ] --END-- [ RunTime:0.000524s ]

[ 2018-07-12T15:21:49+08:00 ] ::1 /gaochao/Backend/Property/Trifle/index.html
INFO: [ app_init ] --START--
INFO: Run Behavior\BuildLiteBehavior [ RunTime:0.000006s ]
INFO: [ app_init ] --END-- [ RunTime:0.000240s ]
INFO: [ app_begin ] --START--
INFO: Run Behavior\ReadHtmlCacheBehavior [ RunTime:0.000394s ]
INFO: Run Behavior\CheckLangBehavior [ RunTime:0.000694s ]
INFO: [ app_begin ] --END-- [ RunTime:0.001149s ]
SQL: SHOW COLUMNS FROM `sr_trifle` [ RunTime:0.0021s ]
SQL: SHOW COLUMNS FROM `sr_action_log` [ RunTime:0.0129s ]
SQL: INSERT INTO `sr_action_log` (`url`,`username`,`menu_id`,`title`,`action`,`ip`,`admin_id`,`add_time`) VALUES ('Backend/Property/Trifle/index','xiaobin','749','物业管理 &gt; 小事帮忙 &gt; 小事列表 &gt; ','浏览','0.0.0.0','20','2018-07-12 15:21:49') [ RunTime:0.0024s ]
SQL: SHOW COLUMNS FROM `sr_trifle` [ RunTime:0.0023s ]
SQL: SHOW COLUMNS FROM `sr_member` [ RunTime:0.0048s ]
SQL: SHOW COLUMNS FROM `sr_district` [ RunTime:0.0026s ]
SQL: SELECT COUNT(*) AS tp_count FROM sr_trifle t LEFT JOIN sr_member m ON m.id=t.member_id LEFT JOIN sr_district d ON d.id=t.district_id WHERE t.is_del = 0 AND t.district_id IN ('21','18','13') AND t.add_time BETWEEN 0 AND '2018-07-12 15:21:49' LIMIT 1   [ RunTime:0.0005s ]
SQL: SELECT t.id AS id,t.trifle_service_id AS trifle_service_id,t.member_id AS member_id,t.district_id AS district_id,t.content AS content,t.status AS status,t.is_hid AS is_hid,t.is_del AS is_del,t.add_time AS add_time,t.deal_time AS deal_time,t.remember_id AS remember_id,t.building_no AS building_no,t.room_no AS room_no,t.reply AS reply,t.is_reply AS is_reply,m.username AS username,m.mobile AS mobile,d.title AS title FROM sr_trifle t LEFT JOIN sr_member m ON m.id=t.member_id LEFT JOIN sr_district d ON d.id=t.district_id WHERE t.is_del = 0 AND t.district_id IN ('21','18','13') AND t.add_time BETWEEN 0 AND '2018-07-12 15:21:49' ORDER BY t.add_time desc LIMIT 0,10   [ RunTime:0.0037s ]
INFO: [ view_parse ] --START--
INFO: [ template_filter ] --START--
INFO: Run Behavior\ContentReplaceBehavior [ RunTime:0.000146s ]
INFO: [ template_filter ] --END-- [ RunTime:0.000176s ]
NOTIC: [8] Undefined variable: keywords C:\xampp\htdocs\gaochao\Runtime\Cache\Backend\8ea3b32592355b8efc382742d6e03232.php 第 198 行.
INFO: Run Behavior\ParseTemplateBehavior [ RunTime:0.011561s ]
INFO: [ view_parse ] --END-- [ RunTime:0.011596s ]
INFO: [ view_filter ] --START--
INFO: Run Behavior\WriteHtmlCacheBehavior [ RunTime:0.000305s ]
INFO: Run Behavior\TokenBuildBehavior [ RunTime:0.000273s ]
INFO: [ view_filter ] --END-- [ RunTime:0.000610s ]
INFO: [ app_end ] --START--
INFO: Run Behavior\ShowPageTraceBehavior [ RunTime:0.000748s ]
INFO: [ app_end ] --END-- [ RunTime:0.000781s ]

[ 2018-07-12T15:21:51+08:00 ] ::1 /gaochao/Backend/Property/Reimburse/index.html
INFO: [ app_init ] --START--
INFO: Run Behavior\BuildLiteBehavior [ RunTime:0.000008s ]
INFO: [ app_init ] --END-- [ RunTime:0.000256s ]
INFO: [ app_begin ] --START--
INFO: Run Behavior\ReadHtmlCacheBehavior [ RunTime:0.000347s ]
INFO: Run Behavior\CheckLangBehavior [ RunTime:0.000533s ]
INFO: [ app_begin ] --END-- [ RunTime:0.000916s ]
SQL: SHOW COLUMNS FROM `sr_reimburse` [ RunTime:0.0036s ]
SQL: SHOW COLUMNS FROM `sr_action_log` [ RunTime:0.0021s ]
SQL: INSERT INTO `sr_action_log` (`url`,`username`,`menu_id`,`title`,`action`,`ip`,`admin_id`,`add_time`) VALUES ('Backend/Property/Reimburse/index','xiaobin','956','物业管理 &gt; 报销列表 &gt; 报销列表 &gt; ','浏览','0.0.0.0','20','2018-07-12 15:21:50') [ RunTime:0.0029s ]
SQL: SHOW COLUMNS FROM `sr_district` [ RunTime:0.0034s ]
SQL: SELECT COUNT(*) AS tp_count FROM sr_reimburse m LEFT JOIN sr_district d ON d.id=m.district_id WHERE m.is_del = 0 AND m.district_id IN ('21','18','13') AND m.occur_time BETWEEN 0 AND '2018-07-12 15:21:50' LIMIT 1   [ RunTime:0.0004s ]
SQL: SELECT m.id AS id,m.district_id AS district_id,m.mobile AS mobile,m.username AS username,m.type AS type,m.reason AS reason,m.occur_time AS occur_time,m.cost AS cost,m.add_time AS add_time,m.is_confirm AS is_confirm,m.is_hid AS is_hid,m.is_del AS is_del,m.remark AS remark,m.image AS image,d.title AS district_title FROM sr_reimburse m LEFT JOIN sr_district d ON d.id=m.district_id WHERE m.is_del = 0 AND m.district_id IN ('21','18','13') AND m.occur_time BETWEEN 0 AND '2018-07-12 15:21:50' ORDER BY m.add_time desc LIMIT 0,10   [ RunTime:0.0005s ]
SQL: SELECT `id`,`title` FROM `sr_district` WHERE `is_del` = 0 AND `is_hid` = 0 AND `id` IN ('21','18','13')  [ RunTime:0.0003s ]
NOTIC: [8] Undefined variable: info C:\xampp\htdocs\gaochao\Application\Backend\Controller\Property\ReimburseController.class.php 第 30 行.
INFO: [ view_parse ] --START--
INFO: [ template_filter ] --START--
INFO: Run Behavior\ContentReplaceBehavior [ RunTime:0.000188s ]
INFO: [ template_filter ] --END-- [ RunTime:0.000238s ]
NOTIC: [8] Undefined variable: keywords C:\xampp\htdocs\gaochao\Runtime\Cache\Backend\bd7fa783403e038f3a98647dcbd7e1a2.php 第 198 行.
INFO: Run Behavior\ParseTemplateBehavior [ RunTime:0.013015s ]
INFO: [ view_parse ] --END-- [ RunTime:0.013054s ]
INFO: [ view_filter ] --START--
INFO: Run Behavior\WriteHtmlCacheBehavior [ RunTime:0.000381s ]
INFO: Run Behavior\TokenBuildBehavior [ RunTime:0.000275s ]
INFO: [ view_filter ] --END-- [ RunTime:0.000695s ]
INFO: [ app_end ] --START--
INFO: Run Behavior\ShowPageTraceBehavior [ RunTime:0.000633s ]
INFO: [ app_end ] --END-- [ RunTime:0.000663s ]

[ 2018-07-12T15:21:52+08:00 ] ::1 /gaochao/Backend/Property/Reimburse/add.html
INFO: [ app_init ] --START--
INFO: Run Behavior\BuildLiteBehavior [ RunTime:0.000037s ]
INFO: [ app_init ] --END-- [ RunTime:0.000814s ]
INFO: [ app_begin ] --START--
INFO: Run Behavior\ReadHtmlCacheBehavior [ RunTime:0.000396s ]
INFO: Run Behavior\CheckLangBehavior [ RunTime:0.000558s ]
INFO: [ app_begin ] --END-- [ RunTime:0.000998s ]
SQL: SHOW COLUMNS FROM `sr_reimburse` [ RunTime:0.0063s ]
SQL: SHOW COLUMNS FROM `sr_action_log` [ RunTime:0.0024s ]
SQL: INSERT INTO `sr_action_log` (`url`,`username`,`menu_id`,`title`,`action`,`ip`,`admin_id`,`add_time`) VALUES ('Backend/Property/Reimburse/index','xiaobin','957','物业管理 &gt; 报销列表 &gt; 报销列表 &gt; 添加','添加','0.0.0.0','20','2018-07-12 15:21:52') [ RunTime:0.0031s ]
SQL: SHOW COLUMNS FROM `sr_district` [ RunTime:0.0020s ]
SQL: SELECT `id`,`title` FROM `sr_district` WHERE `is_del` = 0 AND `is_hid` = 0 AND `id` IN ('21','18','13')  [ RunTime:0.0002s ]
SQL: SELECT `id` FROM `sr_reimburse` WHERE `is_del` = 0 AND `is_hid` = 0 AND `id` IN ('21','18','13')  [ RunTime:0.0001s ]
INFO: [ view_parse ] --START--
INFO: [ template_filter ] --START--
INFO: Run Behavior\ContentReplaceBehavior [ RunTime:0.000154s ]
INFO: [ template_filter ] --END-- [ RunTime:0.000184s ]
INFO: [ view_parse ] --START--
INFO: [ template_filter ] --START--
INFO: Run Behavior\ContentReplaceBehavior [ RunTime:0.000085s ]
INFO: [ template_filter ] --END-- [ RunTime:-0.005373s ]
SQL: SHOW COLUMNS FROM `sr_reimburse_image` [ RunTime:0.0037s ]
SQL: SELECT * FROM `sr_reimburse_image` WHERE `pid` = 0 AND `image` <> ''  [ RunTime:0.0002s ]
NOTIC: [2] Invalid argument supplied for foreach() C:\xampp\htdocs\gaochao\Runtime\Cache\Backend\01077016f708a161e42f2b32e2c7c611.php 第 3 行.
NOTIC: [2] Use of undefined constant name - assumed 'name' (this will throw an Error in a future version of PHP) C:\xampp\htdocs\gaochao\Runtime\Cache\Backend\01077016f708a161e42f2b32e2c7c611.php 第 202 行.
INFO: Run Behavior\ParseTemplateBehavior [ RunTime:0.007551s ]
INFO: [ view_parse ] --END-- [ RunTime:0.007579s ]
INFO: [ view_filter ] --START--
INFO: Run Behavior\WriteHtmlCacheBehavior [ RunTime:0.000292s ]
INFO: Run Behavior\TokenBuildBehavior [ RunTime:0.000257s ]
INFO: [ view_filter ] --END-- [ RunTime:0.000575s ]
INFO: Run Behavior\ParseTemplateBehavior [ RunTime:0.008218s ]
INFO: [ view_parse ] --END-- [ RunTime:0.007579s ]
INFO: [ view_filter ] --START--
INFO: Run Behavior\WriteHtmlCacheBehavior [ RunTime:0.000004s ]
INFO: Run Behavior\TokenBuildBehavior [ RunTime:0.000008s ]
INFO: [ view_filter ] --END-- [ RunTime:-0.000089s ]
INFO: [ app_end ] --START--
INFO: Run Behavior\ShowPageTraceBehavior [ RunTime:0.000529s ]
INFO: [ app_end ] --END-- [ RunTime:0.000556s ]

