[ 2018-02-08T16:44:45+08:00 ] 192.168.1.113 /gaochao/backend
INFO: [ app_init ] --START--
INFO: Run Behavior\BuildLiteBehavior [ RunTime:0.000000s ]
INFO: [ app_init ] --END-- [ RunTime:0.046800s ]
INFO: [ app_begin ] --START--
INFO: Run Behavior\ReadHtmlCacheBehavior [ RunTime:0.062400s ]
INFO: Run Behavior\CheckLangBehavior [ RunTime:0.140401s ]
INFO: [ app_begin ] --END-- [ RunTime:0.202801s ]
NOTIC: [8] Undefined index: backend_wuye C:\xampp\htdocs\gaochao\Core\Common\functions.php 第 1437 行.
INFO: [ view_parse ] --START--
INFO: [ template_filter ] --START--
INFO: Run Behavior\ContentReplaceBehavior [ RunTime:0.000000s ]
INFO: [ template_filter ] --END-- [ RunTime:0.000000s ]
INFO: Run Behavior\ParseTemplateBehavior [ RunTime:0.483601s ]
INFO: [ view_parse ] --END-- [ RunTime:0.483601s ]
INFO: [ view_filter ] --START--
INFO: Run Behavior\WriteHtmlCacheBehavior [ RunTime:0.046800s ]
INFO: Run Behavior\TokenBuildBehavior [ RunTime:0.031200s ]
INFO: [ view_filter ] --END-- [ RunTime:0.078000s ]
INFO: [ app_end ] --START--
INFO: Run Behavior\ShowPageTraceBehavior [ RunTime:0.031200s ]
INFO: [ app_end ] --END-- [ RunTime:0.031200s ]

[ 2018-02-08T16:44:46+08:00 ] 192.168.1.113 /gaochao/Backend/Base/Public/verify.html
INFO: [ app_init ] --START--
INFO: Run Behavior\BuildLiteBehavior [ RunTime:0.000000s ]
INFO: [ app_init ] --END-- [ RunTime:0.000000s ]
INFO: [ app_begin ] --START--
INFO: Run Behavior\ReadHtmlCacheBehavior [ RunTime:0.015600s ]
INFO: Run Behavior\CheckLangBehavior [ RunTime:0.000000s ]
INFO: [ app_begin ] --END-- [ RunTime:0.015600s ]
NOTIC: [8] Undefined index: backend_wuye C:\xampp\htdocs\gaochao\Core\Common\functions.php 第 1437 行.
INFO: [ app_end ] --START--
INFO: Run Behavior\ShowPageTraceBehavior [ RunTime:0.000000s ]
INFO: [ app_end ] --END-- [ RunTime:0.000000s ]

[ 2018-02-08T16:44:56+08:00 ] 192.168.1.113 /gaochao/Backend/Base/Public/login.html
INFO: [ app_init ] --START--
INFO: Run Behavior\BuildLiteBehavior [ RunTime:0.000000s ]
INFO: [ app_init ] --END-- [ RunTime:0.000000s ]
INFO: [ app_begin ] --START--
INFO: Run Behavior\ReadHtmlCacheBehavior [ RunTime:0.000000s ]
INFO: Run Behavior\CheckLangBehavior [ RunTime:0.000000s ]
INFO: [ app_begin ] --END-- [ RunTime:0.000000s ]
SQL: SHOW COLUMNS FROM `sr_admin` [ RunTime:0.0468s ]
SQL: SELECT `id`,`email`,`mobile`,`nickname`,`username`,`role_id`,`department_id`,`password`,`salt`,`description`,`rules`,`add_time`,`update_time`,`admin_id`,`is_hid`,`is_del`,`login_ip`,`login_time`,`sort`,`last_login_ip`,`last_login_time`,`district_id` FROM `sr_admin` WHERE `username` = 'admin' AND `is_del` = 0 LIMIT 1   [ RunTime:0.1872s ]

[ 2018-02-08T16:44:56+08:00 ] 192.168.1.113 /gaochao/Backend/Base/Public/verify.html?0.6710652456580015
INFO: [ app_init ] --START--
INFO: Run Behavior\BuildLiteBehavior [ RunTime:0.000000s ]
INFO: [ app_init ] --END-- [ RunTime:0.015600s ]
INFO: [ app_begin ] --START--
INFO: Run Behavior\ReadHtmlCacheBehavior [ RunTime:0.000000s ]
INFO: Run Behavior\CheckLangBehavior [ RunTime:0.000000s ]
INFO: [ app_begin ] --END-- [ RunTime:0.000000s ]
INFO: [ app_end ] --START--
INFO: Run Behavior\ShowPageTraceBehavior [ RunTime:0.000000s ]
INFO: [ app_end ] --END-- [ RunTime:0.000000s ]

[ 2018-02-08T16:45:06+08:00 ] 192.168.1.113 /gaochao/Backend/Base/Public/login.html
INFO: [ app_init ] --START--
INFO: Run Behavior\BuildLiteBehavior [ RunTime:0.000000s ]
INFO: [ app_init ] --END-- [ RunTime:0.000000s ]
INFO: [ app_begin ] --START--
INFO: Run Behavior\ReadHtmlCacheBehavior [ RunTime:0.000000s ]
INFO: Run Behavior\CheckLangBehavior [ RunTime:0.000000s ]
INFO: [ app_begin ] --END-- [ RunTime:0.000000s ]
SQL: SHOW COLUMNS FROM `sr_admin` [ RunTime:0.0000s ]
SQL: SELECT `id`,`email`,`mobile`,`nickname`,`username`,`role_id`,`department_id`,`password`,`salt`,`description`,`rules`,`add_time`,`update_time`,`admin_id`,`is_hid`,`is_del`,`login_ip`,`login_time`,`sort`,`last_login_ip`,`last_login_time`,`district_id` FROM `sr_admin` WHERE `username` = 'admin' AND `is_del` = 0 LIMIT 1   [ RunTime:0.0000s ]

[ 2018-02-08T16:45:06+08:00 ] 192.168.1.113 /gaochao/Backend/Base/Public/verify.html?0.07604014576766471
INFO: [ app_init ] --START--
INFO: Run Behavior\BuildLiteBehavior [ RunTime:0.000000s ]
INFO: [ app_init ] --END-- [ RunTime:0.000000s ]
INFO: [ app_begin ] --START--
INFO: Run Behavior\ReadHtmlCacheBehavior [ RunTime:0.000000s ]
INFO: Run Behavior\CheckLangBehavior [ RunTime:0.015600s ]
INFO: [ app_begin ] --END-- [ RunTime:0.015600s ]
INFO: [ app_end ] --START--
INFO: Run Behavior\ShowPageTraceBehavior [ RunTime:0.000000s ]
INFO: [ app_end ] --END-- [ RunTime:0.000000s ]

[ 2018-02-08T16:45:34+08:00 ] 192.168.1.113 /gaochao/Backend/Base/Public/login.html
INFO: [ app_init ] --START--
INFO: Run Behavior\BuildLiteBehavior [ RunTime:0.000000s ]
INFO: [ app_init ] --END-- [ RunTime:0.001000s ]
INFO: [ app_begin ] --START--
INFO: Run Behavior\ReadHtmlCacheBehavior [ RunTime:0.000000s ]
INFO: Run Behavior\CheckLangBehavior [ RunTime:0.002000s ]
INFO: [ app_begin ] --END-- [ RunTime:0.002000s ]
SQL: SHOW COLUMNS FROM `sr_admin` [ RunTime:0.0090s ]
SQL: SELECT `id`,`email`,`mobile`,`nickname`,`username`,`role_id`,`department_id`,`password`,`salt`,`description`,`rules`,`add_time`,`update_time`,`admin_id`,`is_hid`,`is_del`,`login_ip`,`login_time`,`sort`,`last_login_ip`,`last_login_time`,`district_id` FROM `sr_admin` WHERE `username` = 'admin' AND `is_del` = 0 LIMIT 1   [ RunTime:0.0000s ]
SQL: UPDATE `sr_admin` SET `login_time`='2018-02-08 16:45:32',`login_ip`='192.168.1.113',`last_login_time`='2018-02-07 10:23:44',`last_login_ip`='111.75.77.49',`update_time`='2018-02-08 16:45:32' WHERE `id` = 1 [ RunTime:0.2540s ]
SQL: SHOW COLUMNS FROM `sr_action_log` [ RunTime:0.0510s ]
SQL: INSERT INTO `sr_action_log` (`url`,`username`,`menu_id`,`title`,`action`,`ip`,`admin_id`,`add_time`) VALUES ('Backend/Base/Public/login','admin','0','','登录','192.168.1.113','1','2018-02-08 16:45:33') [ RunTime:0.6390s ]

[ 2018-02-08T16:45:35+08:00 ] 192.168.1.113 /gaochao/Backend
INFO: [ app_init ] --START--
INFO: Run Behavior\BuildLiteBehavior [ RunTime:0.000000s ]
INFO: [ app_init ] --END-- [ RunTime:0.001000s ]
INFO: [ app_begin ] --START--
INFO: Run Behavior\ReadHtmlCacheBehavior [ RunTime:0.001000s ]
INFO: Run Behavior\CheckLangBehavior [ RunTime:0.002000s ]
INFO: [ app_begin ] --END-- [ RunTime:0.003000s ]
INFO: [ view_parse ] --START--
INFO: [ template_filter ] --START--
INFO: Run Behavior\ContentReplaceBehavior [ RunTime:0.000000s ]
INFO: [ template_filter ] --END-- [ RunTime:0.000000s ]
INFO: Run Behavior\ParseTemplateBehavior [ RunTime:0.012001s ]
INFO: [ view_parse ] --END-- [ RunTime:0.012001s ]
INFO: [ view_filter ] --START--
INFO: Run Behavior\WriteHtmlCacheBehavior [ RunTime:0.001000s ]
INFO: Run Behavior\TokenBuildBehavior [ RunTime:0.000000s ]
INFO: [ view_filter ] --END-- [ RunTime:0.001000s ]
INFO: [ app_end ] --START--
INFO: Run Behavior\ShowPageTraceBehavior [ RunTime:0.001000s ]
INFO: [ app_end ] --END-- [ RunTime:0.001000s ]

[ 2018-02-08T16:45:44+08:00 ] 192.168.1.113 /gaochao/Backend/Base/Index/index.html
INFO: [ app_init ] --START--
INFO: Run Behavior\BuildLiteBehavior [ RunTime:0.000000s ]
INFO: [ app_init ] --END-- [ RunTime:0.001000s ]
INFO: [ app_begin ] --START--
INFO: Run Behavior\ReadHtmlCacheBehavior [ RunTime:0.001000s ]
INFO: Run Behavior\CheckLangBehavior [ RunTime:0.001000s ]
INFO: [ app_begin ] --END-- [ RunTime:0.002000s ]
SQL: SHOW COLUMNS FROM `sr_menu` [ RunTime:0.0480s ]
SQL: SELECT `id`,`pid`,`path`,`level`,`title`,`url`,`description`,`class`,`display_position`,`sort`,`is_hid`,`is_del`,`is_dev`,`addtime`,`updatetime` FROM `sr_menu` WHERE `is_hid` = 0 AND `is_del` = 0 ORDER BY sort desc,id asc  [ RunTime:0.6780s ]
SQL: SHOW COLUMNS FROM `sr_capital_record` [ RunTime:0.0830s ]
SQL: SHOW COLUMNS FROM `sr_action_log` [ RunTime:0.0100s ]
SQL: INSERT INTO `sr_action_log` (`url`,`username`,`menu_id`,`title`,`action`,`ip`,`admin_id`,`add_time`) VALUES ('Backend/Base/Index/index','admin','359','平台管理 &gt; 系统首页 &gt; 系统首页','浏览','192.168.1.113','1','2018-02-08 16:45:36') [ RunTime:0.1440s ]
SQL: SHOW COLUMNS FROM `sr_order` [ RunTime:0.2020s ]
SQL: SELECT count(id) tp_sum FROM `sr_order` WHERE `status` = 20 AND `is_del` = 0 AND `is_hid` = 0 LIMIT 1   [ RunTime:4.2932s ]
SQL: SELECT SUM(`money_total`) tp_sum FROM `sr_order` WHERE `status` > 20 AND `is_del` = 0 AND `is_hid` = 0 LIMIT 1   [ RunTime:0.0260s ]
SQL: SHOW COLUMNS FROM `sr_member` [ RunTime:0.0360s ]
SQL: SELECT count(id) tp_sum FROM `sr_member` LIMIT 1   [ RunTime:0.1530s ]
SQL: SHOW COLUMNS FROM `sr_product` [ RunTime:0.0190s ]
SQL: SELECT count(id) tp_sum FROM `sr_product` LIMIT 1   [ RunTime:0.1650s ]
SQL: SELECT o.id AS id,o.order_no AS order_no,o.money_total AS money_total,o.add_time AS add_time,o.status AS status,m.username AS username FROM sr_order o LEFT JOIN sr_member m ON m.id=o.member_id WHERE o.is_del = 0 AND o.is_hid = 0 AND o.status IN (10,20,40,70) ORDER BY o.add_time desc LIMIT 7   [ RunTime:0.1660s ]
SQL: SELECT `id`,`username`,`mobile`,`register_ip`,`register_time` FROM `sr_member` WHERE `is_del` = 0 AND `is_hid` = 0 ORDER BY register_time desc LIMIT 7   [ RunTime:0.0820s ]
SQL: SELECT count(*) as c,`status`,DATE_FORMAT(`add_time`, "%Y-%m-%d") as date FROM `sr_order` WHERE `is_del` = 0 AND `is_hid` = 0 AND `status` IN (5,10,20,30,40,50,60,70) AND (`add_time` LIKE '2018-01-09%' OR `add_time` LIKE '2018-01-10%' OR `add_time` LIKE '2018-01-11%' OR `add_time` LIKE '2018-01-12%' OR `add_time` LIKE '2018-01-13%' OR `add_time` LIKE '2018-01-14%' OR `add_time` LIKE '2018-01-15%' OR `add_time` LIKE '2018-01-16%' OR `add_time` LIKE '2018-01-17%' OR `add_time` LIKE '2018-01-18%' OR `add_time` LIKE '2018-01-19%' OR `add_time` LIKE '2018-01-20%' OR `add_time` LIKE '2018-01-21%' OR `add_time` LIKE '2018-01-22%' OR `add_time` LIKE '2018-01-23%' OR `add_time` LIKE '2018-01-24%' OR `add_time` LIKE '2018-01-25%' OR `add_time` LIKE '2018-01-26%' OR `add_time` LIKE '2018-01-27%' OR `add_time` LIKE '2018-01-28%' OR `add_time` LIKE '2018-01-29%' OR `add_time` LIKE '2018-01-30%' OR `add_time` LIKE '2018-01-31%' OR `add_time` LIKE '2018-02-01%' OR `add_time` LIKE '2018-02-02%' OR `add_time` LIKE '2018-02-03%' OR `add_time` LIKE '2018-02-04%' OR `add_time` LIKE '2018-02-05%' OR `add_time` LIKE '2018-02-06%' OR `add_time` LIKE '2018-02-07%' OR `add_time` LIKE '2018-02-08%') GROUP BY `date`,`status`  [ RunTime:0.3330s ]
NOTIC: [8] Undefined index: 2018-01-09 C:\xampp\htdocs\gaochao\Application\Backend\Controller\Base\IndexController.class.php 第 145 行.
NOTIC: [8] Undefined index: 2018-01-10 C:\xampp\htdocs\gaochao\Application\Backend\Controller\Base\IndexController.class.php 第 145 行.
NOTIC: [8] Undefined index: 2018-01-11 C:\xampp\htdocs\gaochao\Application\Backend\Controller\Base\IndexController.class.php 第 145 行.
NOTIC: [8] Undefined index: 2018-01-12 C:\xampp\htdocs\gaochao\Application\Backend\Controller\Base\IndexController.class.php 第 145 行.
NOTIC: [8] Undefined index: 2018-01-13 C:\xampp\htdocs\gaochao\Application\Backend\Controller\Base\IndexController.class.php 第 145 行.
NOTIC: [8] Undefined index: 2018-01-20 C:\xampp\htdocs\gaochao\Application\Backend\Controller\Base\IndexController.class.php 第 145 行.
NOTIC: [8] Undefined index: 2018-01-21 C:\xampp\htdocs\gaochao\Application\Backend\Controller\Base\IndexController.class.php 第 145 行.
NOTIC: [8] Undefined index: 2018-01-22 C:\xampp\htdocs\gaochao\Application\Backend\Controller\Base\IndexController.class.php 第 145 行.
NOTIC: [8] Undefined index: 2018-01-23 C:\xampp\htdocs\gaochao\Application\Backend\Controller\Base\IndexController.class.php 第 145 行.
NOTIC: [8] Undefined index: 2018-01-24 C:\xampp\htdocs\gaochao\Application\Backend\Controller\Base\IndexController.class.php 第 145 行.
NOTIC: [8] Undefined index: 2018-01-25 C:\xampp\htdocs\gaochao\Application\Backend\Controller\Base\IndexController.class.php 第 145 行.
NOTIC: [8] Undefined index: 2018-01-26 C:\xampp\htdocs\gaochao\Application\Backend\Controller\Base\IndexController.class.php 第 145 行.
NOTIC: [8] Undefined index: 2018-01-27 C:\xampp\htdocs\gaochao\Application\Backend\Controller\Base\IndexController.class.php 第 145 行.
NOTIC: [8] Undefined index: 2018-01-28 C:\xampp\htdocs\gaochao\Application\Backend\Controller\Base\IndexController.class.php 第 145 行.
NOTIC: [8] Undefined index: 2018-01-29 C:\xampp\htdocs\gaochao\Application\Backend\Controller\Base\IndexController.class.php 第 145 行.
NOTIC: [8] Undefined index: 2018-02-03 C:\xampp\htdocs\gaochao\Application\Backend\Controller\Base\IndexController.class.php 第 145 行.
NOTIC: [8] Undefined index: 2018-02-08 C:\xampp\htdocs\gaochao\Application\Backend\Controller\Base\IndexController.class.php 第 145 行.
NOTIC: [8] Undefined offset: 10 C:\xampp\htdocs\gaochao\Application\Backend\Controller\Base\IndexController.class.php 第 149 行.
NOTIC: [8] Undefined offset: 20 C:\xampp\htdocs\gaochao\Application\Backend\Controller\Base\IndexController.class.php 第 149 行.
NOTIC: [8] Undefined offset: 30 C:\xampp\htdocs\gaochao\Application\Backend\Controller\Base\IndexController.class.php 第 149 行.
NOTIC: [8] Undefined offset: 40 C:\xampp\htdocs\gaochao\Application\Backend\Controller\Base\IndexController.class.php 第 149 行.
NOTIC: [8] Undefined offset: 50 C:\xampp\htdocs\gaochao\Application\Backend\Controller\Base\IndexController.class.php 第 149 行.
NOTIC: [8] Undefined offset: 60 C:\xampp\htdocs\gaochao\Application\Backend\Controller\Base\IndexController.class.php 第 149 行.
NOTIC: [8] Undefined offset: 70 C:\xampp\htdocs\gaochao\Application\Backend\Controller\Base\IndexController.class.php 第 149 行.
NOTIC: [8] Undefined offset: 10 C:\xampp\htdocs\gaochao\Application\Backend\Controller\Base\IndexController.class.php 第 149 行.
NOTIC: [8] Undefined offset: 20 C:\xampp\htdocs\gaochao\Application\Backend\Controller\Base\IndexController.class.php 第 149 行.
NOTIC: [8] Undefined offset: 30 C:\xampp\htdocs\gaochao\Application\Backend\Controller\Base\IndexController.class.php 第 149 行.
NOTIC: [8] Undefined offset: 40 C:\xampp\htdocs\gaochao\Application\Backend\Controller\Base\IndexController.class.php 第 149 行.
NOTIC: [8] Undefined offset: 50 C:\xampp\htdocs\gaochao\Application\Backend\Controller\Base\IndexController.class.php 第 149 行.
NOTIC: [8] Undefined offset: 60 C:\xampp\htdocs\gaochao\Application\Backend\Controller\Base\IndexController.class.php 第 149 行.
NOTIC: [8] Undefined offset: 70 C:\xampp\htdocs\gaochao\Application\Backend\Controller\Base\IndexController.class.php 第 149 行.
NOTIC: [8] Undefined offset: 10 C:\xampp\htdocs\gaochao\Application\Backend\Controller\Base\IndexController.class.php 第 149 行.
NOTIC: [8] Undefined offset: 20 C:\xampp\htdocs\gaochao\Application\Backend\Controller\Base\IndexController.class.php 第 149 行.
NOTIC: [8] Undefined offset: 40 C:\xampp\htdocs\gaochao\Application\Backend\Controller\Base\IndexController.class.php 第 149 行.
NOTIC: [8] Undefined offset: 50 C:\xampp\htdocs\gaochao\Application\Backend\Controller\Base\IndexController.class.php 第 149 行.
NOTIC: [8] Undefined offset: 60 C:\xampp\htdocs\gaochao\Application\Backend\Controller\Base\IndexController.class.php 第 149 行.
NOTIC: [8] Undefined offset: 70 C:\xampp\htdocs\gaochao\Application\Backend\Controller\Base\IndexController.class.php 第 149 行.
NOTIC: [8] Undefined offset: 10 C:\xampp\htdocs\gaochao\Application\Backend\Controller\Base\IndexController.class.php 第 149 行.
NOTIC: [8] Undefined offset: 20 C:\xampp\htdocs\gaochao\Application\Backend\Controller\Base\IndexController.class.php 第 149 行.
NOTIC: [8] Undefined offset: 40 C:\xampp\htdocs\gaochao\Application\Backend\Controller\Base\IndexController.class.php 第 149 行.
NOTIC: [8] Undefined offset: 50 C:\xampp\htdocs\gaochao\Application\Backend\Controller\Base\IndexController.class.php 第 149 行.
NOTIC: [8] Undefined offset: 60 C:\xampp\htdocs\gaochao\Application\Backend\Controller\Base\IndexController.class.php 第 149 行.
NOTIC: [8] Undefined offset: 70 C:\xampp\htdocs\gaochao\Application\Backend\Controller\Base\IndexController.class.php 第 149 行.
NOTIC: [8] Undefined offset: 10 C:\xampp\htdocs\gaochao\Application\Backend\Controller\Base\IndexController.class.php 第 149 行.
NOTIC: [8] Undefined offset: 20 C:\xampp\htdocs\gaochao\Application\Backend\Controller\Base\IndexController.class.php 第 149 行.
NOTIC: [8] Undefined offset: 40 C:\xampp\htdocs\gaochao\Application\Backend\Controller\Base\IndexController.class.php 第 149 行.
NOTIC: [8] Undefined offset: 50 C:\xampp\htdocs\gaochao\Application\Backend\Controller\Base\IndexController.class.php 第 149 行.
NOTIC: [8] Undefined offset: 60 C:\xampp\htdocs\gaochao\Application\Backend\Controller\Base\IndexController.class.php 第 149 行.
NOTIC: [8] Undefined offset: 70 C:\xampp\htdocs\gaochao\Application\Backend\Controller\Base\IndexController.class.php 第 149 行.
NOTIC: [8] Undefined offset: 10 C:\xampp\htdocs\gaochao\Application\Backend\Controller\Base\IndexController.class.php 第 149 行.
NOTIC: [8] Undefined offset: 20 C:\xampp\htdocs\gaochao\Application\Backend\Controller\Base\IndexController.class.php 第 149 行.
NOTIC: [8] Undefined offset: 30 C:\xampp\htdocs\gaochao\Application\Backend\Controller\Base\IndexController.class.php 第 149 行.
NOTIC: [8] Undefined offset: 40 C:\xampp\htdocs\gaochao\Application\Backend\Controller\Base\IndexController.class.php 第 149 行.
NOTIC: [8] Undefined offset: 50 C:\xampp\htdocs\gaochao\Application\Backend\Controller\Base\IndexController.class.php 第 149 行.
NOTIC: [8] Undefined offset: 60 C:\xampp\htdocs\gaochao\Application\Backend\Controller\Base\IndexController.class.php 第 149 行.
NOTIC: [8] Undefined offset: 70 C:\xampp\htdocs\gaochao\Application\Backend\Controller\Base\IndexController.class.php 第 149 行.
NOTIC: [8] Undefined offset: 10 C:\xampp\htdocs\gaochao\Application\Backend\Controller\Base\IndexController.class.php 第 149 行.
NOTIC: [8] Undefined offset: 20 C:\xampp\htdocs\gaochao\Application\Backend\Controller\Base\IndexController.class.php 第 149 行.
NOTIC: [8] Undefined offset: 30 C:\xampp\htdocs\gaochao\Application\Backend\Controller\Base\IndexController.class.php 第 149 行.
NOTIC: [8] Undefined offset: 40 C:\xampp\htdocs\gaochao\Application\Backend\Controller\Base\IndexController.class.php 第 149 行.
NOTIC: [8] Undefined offset: 50 C:\xampp\htdocs\gaochao\Application\Backend\Controller\Base\IndexController.class.php 第 149 行.
NOTIC: [8] Undefined offset: 60 C:\xampp\htdocs\gaochao\Application\Backend\Controller\Base\IndexController.class.php 第 149 行.
NOTIC: [8] Undefined offset: 70 C:\xampp\htdocs\gaochao\Application\Backend\Controller\Base\IndexController.class.php 第 149 行.
NOTIC: [8] Undefined offset: 10 C:\xampp\htdocs\gaochao\Application\Backend\Controller\Base\IndexController.class.php 第 149 行.
NOTIC: [8] Undefined offset: 20 C:\xampp\htdocs\gaochao\Application\Backend\Controller\Base\IndexController.class.php 第 149 行.
NOTIC: [8] Undefined offset: 40 C:\xampp\htdocs\gaochao\Application\Backend\Controller\Base\IndexController.class.php 第 149 行.
NOTIC: [8] Undefined offset: 50 C:\xampp\htdocs\gaochao\Application\Backend\Controller\Base\IndexController.class.php 第 149 行.
NOTIC: [8] Undefined offset: 60 C:\xampp\htdocs\gaochao\Application\Backend\Controller\Base\IndexController.class.php 第 149 行.
NOTIC: [8] Undefined offset: 70 C:\xampp\htdocs\gaochao\Application\Backend\Controller\Base\IndexController.class.php 第 149 行.
NOTIC: [8] Undefined offset: 10 C:\xampp\htdocs\gaochao\Application\Backend\Controller\Base\IndexController.class.php 第 149 行.
NOTIC: [8] Undefined offset: 20 C:\xampp\htdocs\gaochao\Application\Backend\Controller\Base\IndexController.class.php 第 149 行.
NOTIC: [8] Undefined offset: 30 C:\xampp\htdocs\gaochao\Application\Backend\Controller\Base\IndexController.class.php 第 149 行.
NOTIC: [8] Undefined offset: 40 C:\xampp\htdocs\gaochao\Application\Backend\Controller\Base\IndexController.class.php 第 149 行.
NOTIC: [8] Undefined offset: 50 C:\xampp\htdocs\gaochao\Application\Backend\Controller\Base\IndexController.class.php 第 149 行.
NOTIC: [8] Undefined offset: 60 C:\xampp\htdocs\gaochao\Application\Backend\Controller\Base\IndexController.class.php 第 149 行.
NOTIC: [8] Undefined offset: 70 C:\xampp\htdocs\gaochao\Application\Backend\Controller\Base\IndexController.class.php 第 149 行.
NOTIC: [8] Undefined offset: 10 C:\xampp\htdocs\gaochao\Application\Backend\Controller\Base\IndexController.class.php 第 149 行.
NOTIC: [8] Undefined offset: 20 C:\xampp\htdocs\gaochao\Application\Backend\Controller\Base\IndexController.class.php 第 149 行.
NOTIC: [8] Undefined offset: 30 C:\xampp\htdocs\gaochao\Application\Backend\Controller\Base\IndexController.class.php 第 149 行.
NOTIC: [8] Undefined offset: 40 C:\xampp\htdocs\gaochao\Application\Backend\Controller\Base\IndexController.class.php 第 149 行.
NOTIC: [8] Undefined offset: 50 C:\xampp\htdocs\gaochao\Application\Backend\Controller\Base\IndexController.class.php 第 149 行.
NOTIC: [8] Undefined offset: 60 C:\xampp\htdocs\gaochao\Application\Backend\Controller\Base\IndexController.class.php 第 149 行.
NOTIC: [8] Undefined offset: 70 C:\xampp\htdocs\gaochao\Application\Backend\Controller\Base\IndexController.class.php 第 149 行.
NOTIC: [8] Undefined offset: 10 C:\xampp\htdocs\gaochao\Application\Backend\Controller\Base\IndexController.class.php 第 149 行.
NOTIC: [8] Undefined offset: 20 C:\xampp\htdocs\gaochao\Application\Backend\Controller\Base\IndexController.class.php 第 149 行.
NOTIC: [8] Undefined offset: 30 C:\xampp\htdocs\gaochao\Application\Backend\Controller\Base\IndexController.class.php 第 149 行.
NOTIC: [8] Undefined offset: 40 C:\xampp\htdocs\gaochao\Application\Backend\Controller\Base\IndexController.class.php 第 149 行.
NOTIC: [8] Undefined offset: 50 C:\xampp\htdocs\gaochao\Application\Backend\Controller\Base\IndexController.class.php 第 149 行.
NOTIC: [8] Undefined offset: 60 C:\xampp\htdocs\gaochao\Application\Backend\Controller\Base\IndexController.class.php 第 149 行.
NOTIC: [8] Undefined offset: 70 C:\xampp\htdocs\gaochao\Application\Backend\Controller\Base\IndexController.class.php 第 149 行.
NOTIC: [8] Undefined offset: 5 C:\xampp\htdocs\gaochao\Application\Backend\Controller\Base\IndexController.class.php 第 149 行.
NOTIC: [8] Undefined offset: 20 C:\xampp\htdocs\gaochao\Application\Backend\Controller\Base\IndexController.class.php 第 149 行.
NOTIC: [8] Undefined offset: 30 C:\xampp\htdocs\gaochao\Application\Backend\Controller\Base\IndexController.class.php 第 149 行.
NOTIC: [8] Undefined offset: 40 C:\xampp\htdocs\gaochao\Application\Backend\Controller\Base\IndexController.class.php 第 149 行.
NOTIC: [8] Undefined offset: 50 C:\xampp\htdocs\gaochao\Application\Backend\Controller\Base\IndexController.class.php 第 149 行.
NOTIC: [8] Undefined offset: 60 C:\xampp\htdocs\gaochao\Application\Backend\Controller\Base\IndexController.class.php 第 149 行.
NOTIC: [8] Undefined offset: 70 C:\xampp\htdocs\gaochao\Application\Backend\Controller\Base\IndexController.class.php 第 149 行.
NOTIC: [8] Undefined offset: 10 C:\xampp\htdocs\gaochao\Application\Backend\Controller\Base\IndexController.class.php 第 149 行.
NOTIC: [8] Undefined offset: 20 C:\xampp\htdocs\gaochao\Application\Backend\Controller\Base\IndexController.class.php 第 149 行.
NOTIC: [8] Undefined offset: 30 C:\xampp\htdocs\gaochao\Application\Backend\Controller\Base\IndexController.class.php 第 149 行.
NOTIC: [8] Undefined offset: 40 C:\xampp\htdocs\gaochao\Application\Backend\Controller\Base\IndexController.class.php 第 149 行.
NOTIC: [8] Undefined offset: 50 C:\xampp\htdocs\gaochao\Application\Backend\Controller\Base\IndexController.class.php 第 149 行.
NOTIC: [8] Undefined offset: 60 C:\xampp\htdocs\gaochao\Application\Backend\Controller\Base\IndexController.class.php 第 149 行.
NOTIC: [8] Undefined offset: 70 C:\xampp\htdocs\gaochao\Application\Backend\Controller\Base\IndexController.class.php 第 149 行.
NOTIC: [8] Undefined offset: 20 C:\xampp\htdocs\gaochao\Application\Backend\Controller\Base\IndexController.class.php 第 149 行.
NOTIC: [8] Undefined offset: 30 C:\xampp\htdocs\gaochao\Application\Backend\Controller\Base\IndexController.class.php 第 149 行.
NOTIC: [8] Undefined offset: 40 C:\xampp\htdocs\gaochao\Application\Backend\Controller\Base\IndexController.class.php 第 149 行.
NOTIC: [8] Undefined offset: 50 C:\xampp\htdocs\gaochao\Application\Backend\Controller\Base\IndexController.class.php 第 149 行.
NOTIC: [8] Undefined offset: 60 C:\xampp\htdocs\gaochao\Application\Backend\Controller\Base\IndexController.class.php 第 149 行.
NOTIC: [8] Undefined offset: 70 C:\xampp\htdocs\gaochao\Application\Backend\Controller\Base\IndexController.class.php 第 149 行.
INFO: [ view_parse ] --START--
INFO: [ template_filter ] --START--
INFO: Run Behavior\ContentReplaceBehavior [ RunTime:0.000000s ]
INFO: [ template_filter ] --END-- [ RunTime:0.000000s ]
INFO: Run Behavior\ParseTemplateBehavior [ RunTime:1.839105s ]
INFO: [ view_parse ] --END-- [ RunTime:1.839105s ]
INFO: [ view_filter ] --START--
INFO: Run Behavior\WriteHtmlCacheBehavior [ RunTime:0.001000s ]
INFO: Run Behavior\TokenBuildBehavior [ RunTime:0.001000s ]
INFO: [ view_filter ] --END-- [ RunTime:0.002000s ]
INFO: [ app_end ] --START--
INFO: Run Behavior\ShowPageTraceBehavior [ RunTime:0.002001s ]
INFO: [ app_end ] --END-- [ RunTime:0.002001s ]

[ 2018-02-08T16:45:54+08:00 ] 192.168.1.113 /gaochao/Backend/Product/Category/index.html
INFO: [ app_init ] --START--
INFO: Run Behavior\BuildLiteBehavior [ RunTime:0.000000s ]
INFO: [ app_init ] --END-- [ RunTime:0.000000s ]
INFO: [ app_begin ] --START--
INFO: Run Behavior\ReadHtmlCacheBehavior [ RunTime:0.001000s ]
INFO: Run Behavior\CheckLangBehavior [ RunTime:0.002000s ]
INFO: [ app_begin ] --END-- [ RunTime:0.003000s ]
SQL: SHOW COLUMNS FROM `sr_product_category` [ RunTime:0.0830s ]
SQL: SHOW COLUMNS FROM `sr_action_log` [ RunTime:0.0090s ]
SQL: INSERT INTO `sr_action_log` (`url`,`username`,`menu_id`,`title`,`action`,`ip`,`admin_id`,`add_time`) VALUES ('Backend/Product/Category/index','admin','685','商城管理 &gt; 分类管理 &gt; 分类列表 &gt; ','浏览','192.168.1.113','1','2018-02-08 16:45:53') [ RunTime:0.1760s ]
SQL: SELECT `id`,`pid`,`level`,`type_id`,`title`,`description`,`icon`,`sort`,`is_hid`,`is_del`,`add_time`,`update_time` FROM `sr_product_category` WHERE `is_del` = 0 ORDER BY sort desc  [ RunTime:0.2060s ]
INFO: [ view_parse ] --START--
INFO: [ template_filter ] --START--
INFO: Run Behavior\ContentReplaceBehavior [ RunTime:0.000000s ]
INFO: [ template_filter ] --END-- [ RunTime:0.000000s ]
INFO: Run Behavior\ParseTemplateBehavior [ RunTime:0.428024s ]
INFO: [ view_parse ] --END-- [ RunTime:0.428024s ]
INFO: [ view_filter ] --START--
INFO: Run Behavior\WriteHtmlCacheBehavior [ RunTime:0.014001s ]
INFO: Run Behavior\TokenBuildBehavior [ RunTime:0.002000s ]
INFO: [ view_filter ] --END-- [ RunTime:0.016001s ]
INFO: [ app_end ] --START--
INFO: Run Behavior\ShowPageTraceBehavior [ RunTime:0.002000s ]
INFO: [ app_end ] --END-- [ RunTime:0.002000s ]

[ 2018-02-08T16:45:56+08:00 ] 192.168.1.113 /gaochao/Backend/Waste/Waste/index.html
INFO: [ app_init ] --START--
INFO: Run Behavior\BuildLiteBehavior [ RunTime:0.001000s ]
INFO: [ app_init ] --END-- [ RunTime:0.001000s ]
INFO: [ app_begin ] --START--
INFO: Run Behavior\ReadHtmlCacheBehavior [ RunTime:0.001000s ]
INFO: Run Behavior\CheckLangBehavior [ RunTime:0.002000s ]
INFO: [ app_begin ] --END-- [ RunTime:0.003000s ]
SQL: SHOW COLUMNS FROM `sr_waste` [ RunTime:0.0090s ]
SQL: SHOW COLUMNS FROM `sr_action_log` [ RunTime:0.0100s ]
SQL: INSERT INTO `sr_action_log` (`url`,`username`,`menu_id`,`title`,`action`,`ip`,`admin_id`,`add_time`) VALUES ('Backend/Waste/Waste/index','admin','919','商城管理 &gt; 废品管理 &gt; 废品列表 &gt; ','浏览','192.168.1.113','1','2018-02-08 16:45:56') [ RunTime:0.0920s ]
SQL: SELECT COUNT(*) AS tp_count FROM `sr_waste` WHERE `is_del` = 0 AND `add_time` BETWEEN 0 AND '2018-02-08 16:45:56' LIMIT 1   [ RunTime:0.0010s ]
SQL: SELECT `id`,`title`,`price`,`unit`,`is_hid`,`is_del`,`sort`,`add_time`,`image`,`details` FROM `sr_waste` WHERE `is_del` = 0 AND `add_time` BETWEEN 0 AND '2018-02-08 16:45:56' ORDER BY sort desc,add_time desc LIMIT 0,10   [ RunTime:0.0010s ]
INFO: [ view_parse ] --START--
INFO: [ template_filter ] --START--
INFO: Run Behavior\ContentReplaceBehavior [ RunTime:0.000000s ]
INFO: [ template_filter ] --END-- [ RunTime:0.000000s ]
NOTIC: [8] Undefined variable: keywords C:\xampp\htdocs\gaochao\Runtime\Cache\Backend\c539f711ddd3eccad8a41e376e7997f5.php 第 197 行.
INFO: Run Behavior\ParseTemplateBehavior [ RunTime:0.040002s ]
INFO: [ view_parse ] --END-- [ RunTime:0.040002s ]
INFO: [ view_filter ] --START--
INFO: Run Behavior\WriteHtmlCacheBehavior [ RunTime:0.001000s ]
INFO: Run Behavior\TokenBuildBehavior [ RunTime:0.000000s ]
INFO: [ view_filter ] --END-- [ RunTime:0.001000s ]
INFO: [ app_end ] --START--
INFO: Run Behavior\ShowPageTraceBehavior [ RunTime:0.000000s ]
INFO: [ app_end ] --END-- [ RunTime:0.000000s ]

[ 2018-02-08T16:46:00+08:00 ] 192.168.1.113 /gaochao/Backend/Waste/Order/index.html
INFO: [ app_init ] --START--
INFO: Run Behavior\BuildLiteBehavior [ RunTime:0.000000s ]
INFO: [ app_init ] --END-- [ RunTime:0.000000s ]
INFO: [ app_begin ] --START--
INFO: Run Behavior\ReadHtmlCacheBehavior [ RunTime:0.001000s ]
INFO: Run Behavior\CheckLangBehavior [ RunTime:0.002000s ]
INFO: [ app_begin ] --END-- [ RunTime:0.003000s ]
SQL: SHOW COLUMNS FROM `sr_waste` [ RunTime:0.0110s ]
SQL: SHOW COLUMNS FROM `sr_action_log` [ RunTime:0.0100s ]
SQL: INSERT INTO `sr_action_log` (`url`,`username`,`menu_id`,`title`,`action`,`ip`,`admin_id`,`add_time`) VALUES ('Backend/Waste/Order/index','admin','925','商城管理 &gt; 废品管理 &gt; 废品订单 &gt; ','浏览','192.168.1.113','1','2018-02-08 16:45:59') [ RunTime:0.1600s ]
SQL: SHOW COLUMNS FROM `sr_waste_order` [ RunTime:0.0180s ]
SQL: SELECT COUNT(*) AS tp_count FROM `sr_waste_order` WHERE `is_del` = 0 AND `is_hid` = 0 AND `add_time` BETWEEN 0 AND '2018-02-08 16:45:59' LIMIT 1   [ RunTime:0.0010s ]
SQL: SELECT `id`,`type`,`order_no`,`username`,`mobile`,`waste_type`,`district_id`,`building_no`,`room_no`,`add_time`,`status`,`is_hid`,`is_del`,`details` FROM `sr_waste_order` WHERE `is_del` = 0 AND `is_hid` = 0 AND `add_time` BETWEEN 0 AND '2018-02-08 16:45:59' ORDER BY add_time desc LIMIT 0,10   [ RunTime:0.0010s ]
INFO: [ view_parse ] --START--
INFO: [ template_filter ] --START--
INFO: Run Behavior\ContentReplaceBehavior [ RunTime:0.001000s ]
INFO: [ template_filter ] --END-- [ RunTime:0.001000s ]
NOTIC: [8] Undefined variable: keywords C:\xampp\htdocs\gaochao\Runtime\Cache\Backend\f2d8e31ade6688d28cc935c3ad80d355.php 第 197 行.
NOTIC: [8] Undefined offset: 0 C:\xampp\htdocs\gaochao\Runtime\Cache\Backend\f2d8e31ade6688d28cc935c3ad80d355.php 第 271 行.
NOTIC: [8] Undefined index: pay_type C:\xampp\htdocs\gaochao\Runtime\Cache\Backend\f2d8e31ade6688d28cc935c3ad80d355.php 第 272 行.
NOTIC: [8] Undefined offset: 0 C:\xampp\htdocs\gaochao\Runtime\Cache\Backend\f2d8e31ade6688d28cc935c3ad80d355.php 第 271 行.
NOTIC: [8] Undefined index: pay_type C:\xampp\htdocs\gaochao\Runtime\Cache\Backend\f2d8e31ade6688d28cc935c3ad80d355.php 第 272 行.
NOTIC: [8] Undefined offset: 0 C:\xampp\htdocs\gaochao\Runtime\Cache\Backend\f2d8e31ade6688d28cc935c3ad80d355.php 第 271 行.
NOTIC: [8] Undefined index: pay_type C:\xampp\htdocs\gaochao\Runtime\Cache\Backend\f2d8e31ade6688d28cc935c3ad80d355.php 第 272 行.
INFO: Run Behavior\ParseTemplateBehavior [ RunTime:0.255015s ]
INFO: [ view_parse ] --END-- [ RunTime:0.255015s ]
INFO: [ view_filter ] --START--
INFO: Run Behavior\WriteHtmlCacheBehavior [ RunTime:0.000000s ]
INFO: Run Behavior\TokenBuildBehavior [ RunTime:0.001000s ]
INFO: [ view_filter ] --END-- [ RunTime:0.001000s ]
INFO: [ app_end ] --START--
INFO: Run Behavior\ShowPageTraceBehavior [ RunTime:0.001000s ]
INFO: [ app_end ] --END-- [ RunTime:0.001000s ]

