[ 2018-01-31T14:34:09+08:00 ] ::1 /gaochao/Uploads/Product/Default/default.png
INFO: [ app_init ] --START--
INFO: Run Behavior\BuildLiteBehavior [ RunTime:0.000000s ]
INFO: [ app_init ] --END-- [ RunTime:0.001000s ]

[ 2018-01-31T14:34:20+08:00 ] ::1 /gaochao/Uploads/Product/Photo/2017-09-23/S59c62468eace4.jpg
INFO: [ app_init ] --START--
INFO: Run Behavior\BuildLiteBehavior [ RunTime:0.000000s ]
INFO: [ app_init ] --END-- [ RunTime:0.001000s ]

[ 2018-01-31T14:34:20+08:00 ] ::1 /gaochao/Uploads/Product/Photo/2017-09-23/S59c6246927baa.jpg
INFO: [ app_init ] --START--
INFO: Run Behavior\BuildLiteBehavior [ RunTime:0.000000s ]
INFO: [ app_init ] --END-- [ RunTime:0.000000s ]

[ 2018-01-31T14:34:20+08:00 ] ::1 /gaochao/Uploads/Product/Photo/2017-09-23/S59c6246989c4a.jpg
INFO: [ app_init ] --START--
INFO: Run Behavior\BuildLiteBehavior [ RunTime:0.000000s ]
INFO: [ app_init ] --END-- [ RunTime:0.001000s ]

[ 2018-01-31T14:34:20+08:00 ] ::1 /gaochao/Uploads/Product/Photo/2017-09-23/S59c6246958275.jpg
INFO: [ app_init ] --START--
INFO: Run Behavior\BuildLiteBehavior [ RunTime:0.000000s ]
INFO: [ app_init ] --END-- [ RunTime:0.000000s ]

[ 2018-01-31T14:35:15+08:00 ] ::1 /gaochao/Uploads/Product/Default/default.png
INFO: [ app_init ] --START--
INFO: Run Behavior\BuildLiteBehavior [ RunTime:0.000000s ]
INFO: [ app_init ] --END-- [ RunTime:0.000000s ]

[ 2018-01-31T14:35:15+08:00 ] ::1 /gaochao/Uploads/Product/Default/default.png
INFO: [ app_init ] --START--
INFO: Run Behavior\BuildLiteBehavior [ RunTime:0.000000s ]
INFO: [ app_init ] --END-- [ RunTime:0.001000s ]

[ 2018-01-31T14:35:25+08:00 ] ::1 /gaochao/Uploads/Product/Default/default.png
INFO: [ app_init ] --START--
INFO: Run Behavior\BuildLiteBehavior [ RunTime:0.000000s ]
INFO: [ app_init ] --END-- [ RunTime:0.001000s ]

[ 2018-01-31T14:35:40+08:00 ] ::1 /gaochao/Uploads/Product/Photo/2017-09-23/S59c62468eace4.jpg
INFO: [ app_init ] --START--
INFO: Run Behavior\BuildLiteBehavior [ RunTime:0.000000s ]
INFO: [ app_init ] --END-- [ RunTime:0.000000s ]

[ 2018-01-31T14:35:40+08:00 ] ::1 /gaochao/Uploads/Product/Photo/2017-09-23/S59c6246927baa.jpg
INFO: [ app_init ] --START--
INFO: Run Behavior\BuildLiteBehavior [ RunTime:0.000000s ]
INFO: [ app_init ] --END-- [ RunTime:0.001000s ]

[ 2018-01-31T14:35:40+08:00 ] ::1 /gaochao/Uploads/Product/Photo/2017-09-23/S59c6246958275.jpg
INFO: [ app_init ] --START--
INFO: Run Behavior\BuildLiteBehavior [ RunTime:0.000000s ]
INFO: [ app_init ] --END-- [ RunTime:0.001000s ]

[ 2018-01-31T14:35:40+08:00 ] ::1 /gaochao/Uploads/Product/Photo/2017-09-23/S59c6246989c4a.jpg
INFO: [ app_init ] --START--
INFO: Run Behavior\BuildLiteBehavior [ RunTime:0.000000s ]
INFO: [ app_init ] --END-- [ RunTime:0.000000s ]

[ 2018-01-31T14:35:53+08:00 ] ::1 /gaochao/Uploads/Product/Default/default.png
INFO: [ app_init ] --START--
INFO: Run Behavior\BuildLiteBehavior [ RunTime:0.000000s ]
INFO: [ app_init ] --END-- [ RunTime:0.001000s ]

[ 2018-01-31T14:35:53+08:00 ] ::1 /gaochao/Uploads/Product/Default/default.png
INFO: [ app_init ] --START--
INFO: Run Behavior\BuildLiteBehavior [ RunTime:0.000000s ]
INFO: [ app_init ] --END-- [ RunTime:0.000000s ]

[ 2018-01-31T14:37:27+08:00 ] ::1 /gaochao/Uploads/Product/Default/default.png
INFO: [ app_init ] --START--
INFO: Run Behavior\BuildLiteBehavior [ RunTime:0.000000s ]
INFO: [ app_init ] --END-- [ RunTime:0.000000s ]

[ 2018-01-31T14:37:30+08:00 ] ::1 /gaochao/Uploads/Product/Default/default.png
INFO: [ app_init ] --START--
INFO: Run Behavior\BuildLiteBehavior [ RunTime:0.000000s ]
INFO: [ app_init ] --END-- [ RunTime:0.001000s ]

[ 2018-01-31T16:58:53+08:00 ] ::1 /gaochao/Uploads/Product/Default/default.png
INFO: [ app_init ] --START--
INFO: Run Behavior\BuildLiteBehavior [ RunTime:0.000000s ]
INFO: [ app_init ] --END-- [ RunTime:0.001000s ]

[ 2018-01-31T16:58:56+08:00 ] ::1 /gaochao/Uploads/Product/Default/default.png
INFO: [ app_init ] --START--
INFO: Run Behavior\BuildLiteBehavior [ RunTime:0.000000s ]
INFO: [ app_init ] --END-- [ RunTime:0.001000s ]

[ 2018-01-31T17:04:04+08:00 ] ::1 /gaochao/Uploads/Product/Default/default.png
INFO: [ app_init ] --START--
INFO: Run Behavior\BuildLiteBehavior [ RunTime:0.000000s ]
INFO: [ app_init ] --END-- [ RunTime:0.001000s ]

[ 2018-01-31T17:04:06+08:00 ] ::1 /gaochao/Uploads/Product/Default/default.png
INFO: [ app_init ] --START--
INFO: Run Behavior\BuildLiteBehavior [ RunTime:0.000000s ]
INFO: [ app_init ] --END-- [ RunTime:0.000000s ]

[ 2018-01-31T17:38:04+08:00 ] ::1 /gaochao/Uploads/Product/Default/default.png
INFO: [ app_init ] --START--
INFO: Run Behavior\BuildLiteBehavior [ RunTime:0.000000s ]
INFO: [ app_init ] --END-- [ RunTime:0.000000s ]

[ 2018-01-31T17:38:05+08:00 ] ::1 /gaochao/Uploads/Product/Default/default.png
INFO: [ app_init ] --START--
INFO: Run Behavior\BuildLiteBehavior [ RunTime:0.000000s ]
INFO: [ app_init ] --END-- [ RunTime:0.001001s ]

[ 2018-01-31T18:50:37+08:00 ] ::1 /gaochao/Uploads/Product/Category/S59a61b495e0ed.png
INFO: [ app_init ] --START--
INFO: Run Behavior\BuildLiteBehavior [ RunTime:0.000000s ]
INFO: [ app_init ] --END-- [ RunTime:0.001000s ]

