[ 2018-07-13T14:43:34+08:00 ] ::1 /gaochao/Uploads/Parking/20180713/M5b4849ff5a958.png
INFO: [ app_init ] --START--
INFO: Run Behavior\BuildLiteBehavior [ RunTime:0.000007s ]
INFO: [ app_init ] --END-- [ RunTime:0.000239s ]

[ 2018-07-13T14:43:38+08:00 ] ::1 /gaochao/Uploads/Parking/20180713/M5b4849ff5a958.png
INFO: [ app_init ] --START--
INFO: Run Behavior\BuildLiteBehavior [ RunTime:0.000006s ]
INFO: [ app_init ] --END-- [ RunTime:0.000227s ]

[ 2018-07-13T15:34:21+08:00 ] ::1 /gaochao/Uploads/Parking/20180713/M5b4855d92a001.png
INFO: [ app_init ] --START--
INFO: Run Behavior\BuildLiteBehavior [ RunTime:0.000008s ]
INFO: [ app_init ] --END-- [ RunTime:0.000287s ]

[ 2018-07-13T15:39:00+08:00 ] ::1 /gaochao/Uploads/Parking/20180713/M5b4856bba3f9f.png
INFO: [ app_init ] --START--
INFO: Run Behavior\BuildLiteBehavior [ RunTime:0.000006s ]
INFO: [ app_init ] --END-- [ RunTime:0.000223s ]

[ 2018-07-13T15:42:20+08:00 ] ::1 /gaochao/Uploads/Parking/20180713/M5b4857c7994ae.png
INFO: [ app_init ] --START--
INFO: Run Behavior\BuildLiteBehavior [ RunTime:0.000006s ]
INFO: [ app_init ] --END-- [ RunTime:0.000222s ]

[ 2018-07-13T15:42:20+08:00 ] ::1 /gaochao/Uploads/Parking/20180713/M5b4857c76e7ff.png
INFO: [ app_init ] --START--
INFO: Run Behavior\BuildLiteBehavior [ RunTime:0.000005s ]
INFO: [ app_init ] --END-- [ RunTime:0.000215s ]

[ 2018-07-13T15:43:12+08:00 ] ::1 /gaochao/Uploads/Parking/20180713/M5b4857c76e7ff.png
INFO: [ app_init ] --START--
INFO: Run Behavior\BuildLiteBehavior [ RunTime:0.000006s ]
INFO: [ app_init ] --END-- [ RunTime:0.000220s ]

[ 2018-07-13T15:43:12+08:00 ] ::1 /gaochao/Uploads/Parking/20180713/M5b4857c7994ae.png
INFO: [ app_init ] --START--
INFO: Run Behavior\BuildLiteBehavior [ RunTime:0.000136s ]
INFO: [ app_init ] --END-- [ RunTime:0.000596s ]

[ 2018-07-13T15:43:17+08:00 ] ::1 /gaochao/Uploads/Parking/20180713/M5b4857ffd9d96.png
INFO: [ app_init ] --START--
INFO: Run Behavior\BuildLiteBehavior [ RunTime:0.000007s ]
INFO: [ app_init ] --END-- [ RunTime:0.000239s ]

[ 2018-07-13T15:43:17+08:00 ] ::1 /gaochao/Uploads/Parking/20180713/M5b48580011ea5.png
INFO: [ app_init ] --START--
INFO: Run Behavior\BuildLiteBehavior [ RunTime:0.000006s ]
INFO: [ app_init ] --END-- [ RunTime:0.000337s ]

[ 2018-07-13T15:43:17+08:00 ] ::1 /gaochao/Uploads/Parking/20180713/M5b4858003e6d0.png
INFO: [ app_init ] --START--
INFO: Run Behavior\BuildLiteBehavior [ RunTime:0.000008s ]
INFO: [ app_init ] --END-- [ RunTime:0.000297s ]

[ 2018-07-13T15:43:22+08:00 ] ::1 /gaochao/Uploads/Parking/20180713/M5b4857ffd9d96.png
INFO: [ app_init ] --START--
INFO: Run Behavior\BuildLiteBehavior [ RunTime:0.000006s ]
INFO: [ app_init ] --END-- [ RunTime:0.000227s ]

[ 2018-07-13T15:44:06+08:00 ] ::1 /gaochao/Uploads/Parking/20180713/M5b484b529c3e9.png
INFO: [ app_init ] --START--
INFO: Run Behavior\BuildLiteBehavior [ RunTime:0.000007s ]
INFO: [ app_init ] --END-- [ RunTime:0.000235s ]

[ 2018-07-13T15:44:18+08:00 ] ::1 /gaochao/Uploads/Parking/20180713/M5b48580011ea5.png
INFO: [ app_init ] --START--
INFO: Run Behavior\BuildLiteBehavior [ RunTime:0.000008s ]
INFO: [ app_init ] --END-- [ RunTime:0.000475s ]

[ 2018-07-13T15:44:18+08:00 ] ::1 /gaochao/Uploads/Parking/20180713/M5b4857ffd9d96.png
INFO: [ app_init ] --START--
INFO: Run Behavior\BuildLiteBehavior [ RunTime:0.000008s ]
INFO: [ app_init ] --END-- [ RunTime:0.000461s ]

[ 2018-07-13T15:44:18+08:00 ] ::1 /gaochao/Uploads/Parking/20180713/M5b4858003e6d0.png
INFO: [ app_init ] --START--
INFO: Run Behavior\BuildLiteBehavior [ RunTime:0.000006s ]
INFO: [ app_init ] --END-- [ RunTime:0.000241s ]

[ 2018-07-13T15:44:21+08:00 ] ::1 /gaochao/Uploads/Parking/20180713/M5b4857ffd9d96.png
INFO: [ app_init ] --START--
INFO: Run Behavior\BuildLiteBehavior [ RunTime:0.000007s ]
INFO: [ app_init ] --END-- [ RunTime:0.000239s ]

[ 2018-07-13T15:44:42+08:00 ] ::1 /gaochao/Uploads/Parking/20180713/M5b4857ffd9d96.png
INFO: [ app_init ] --START--
INFO: Run Behavior\BuildLiteBehavior [ RunTime:0.000006s ]
INFO: [ app_init ] --END-- [ RunTime:0.000260s ]

[ 2018-07-13T15:45:05+08:00 ] ::1 /gaochao/Uploads/Parking/20180713/M5b4857ffd9d96.png
INFO: [ app_init ] --START--
INFO: Run Behavior\BuildLiteBehavior [ RunTime:0.000007s ]
INFO: [ app_init ] --END-- [ RunTime:0.000220s ]

[ 2018-07-13T15:47:23+08:00 ] ::1 /gaochao/Uploads/Parking/20180713/M5b4857ffd9d96.png
INFO: [ app_init ] --START--
INFO: Run Behavior\BuildLiteBehavior [ RunTime:0.000007s ]
INFO: [ app_init ] --END-- [ RunTime:0.000264s ]

[ 2018-07-13T15:47:23+08:00 ] ::1 /gaochao/Uploads/Parking/20180713/M5b48580011ea5.png
INFO: [ app_init ] --START--
INFO: Run Behavior\BuildLiteBehavior [ RunTime:0.000005s ]
INFO: [ app_init ] --END-- [ RunTime:0.000247s ]

[ 2018-07-13T15:47:23+08:00 ] ::1 /gaochao/Uploads/Parking/20180713/M5b4858003e6d0.png
INFO: [ app_init ] --START--
INFO: Run Behavior\BuildLiteBehavior [ RunTime:0.000006s ]
INFO: [ app_init ] --END-- [ RunTime:0.000223s ]

[ 2018-07-13T15:49:54+08:00 ] ::1 /gaochao/Uploads/Parking/20180713/S5b4857ffd9d96.png
INFO: [ app_init ] --START--
INFO: Run Behavior\BuildLiteBehavior [ RunTime:0.000006s ]
INFO: [ app_init ] --END-- [ RunTime:0.000256s ]

[ 2018-07-13T15:49:54+08:00 ] ::1 /gaochao/Uploads/Parking/20180713/S5b48580011ea5.png
INFO: [ app_init ] --START--
INFO: Run Behavior\BuildLiteBehavior [ RunTime:0.000005s ]
INFO: [ app_init ] --END-- [ RunTime:0.000240s ]

[ 2018-07-13T15:49:54+08:00 ] ::1 /gaochao/Uploads/Parking/20180713/S5b4858003e6d0.png
INFO: [ app_init ] --START--
INFO: Run Behavior\BuildLiteBehavior [ RunTime:0.000005s ]
INFO: [ app_init ] --END-- [ RunTime:0.000223s ]

[ 2018-07-13T15:52:13+08:00 ] ::1 /gaochao/Uploads/Parking/20180713/M5b4857ffd9d96.png
INFO: [ app_init ] --START--
INFO: Run Behavior\BuildLiteBehavior [ RunTime:0.000007s ]
INFO: [ app_init ] --END-- [ RunTime:0.000244s ]

[ 2018-07-13T15:52:13+08:00 ] ::1 /gaochao/Uploads/Parking/20180713/M5b48580011ea5.png
INFO: [ app_init ] --START--
INFO: Run Behavior\BuildLiteBehavior [ RunTime:0.000006s ]
INFO: [ app_init ] --END-- [ RunTime:0.000248s ]

[ 2018-07-13T15:52:13+08:00 ] ::1 /gaochao/Uploads/Parking/20180713/M5b4858003e6d0.png
INFO: [ app_init ] --START--
INFO: Run Behavior\BuildLiteBehavior [ RunTime:0.000009s ]
INFO: [ app_init ] --END-- [ RunTime:0.000557s ]

[ 2018-07-13T15:53:50+08:00 ] ::1 /gaochao/Uploads/Parking/20180713/M5b48580011ea5.png
INFO: [ app_init ] --START--
INFO: Run Behavior\BuildLiteBehavior [ RunTime:0.000006s ]
INFO: [ app_init ] --END-- [ RunTime:0.000222s ]

[ 2018-07-13T15:53:50+08:00 ] ::1 /gaochao/Uploads/Parking/20180713/M5b4857ffd9d96.png
INFO: [ app_init ] --START--
INFO: Run Behavior\BuildLiteBehavior [ RunTime:0.000005s ]
INFO: [ app_init ] --END-- [ RunTime:0.000281s ]

[ 2018-07-13T15:53:50+08:00 ] ::1 /gaochao/Uploads/Parking/20180713/M5b4858003e6d0.png
INFO: [ app_init ] --START--
INFO: Run Behavior\BuildLiteBehavior [ RunTime:0.000006s ]
INFO: [ app_init ] --END-- [ RunTime:0.000215s ]

