[ 2018-02-12T08:23:49+08:00 ] 192.168.1.100 /gaochao/Uploads/Banner/5a77e96cc77ad.jpg
INFO: [ app_init ] --START--
INFO: Run Behavior\BuildLiteBehavior [ RunTime:0.000000s ]
INFO: [ app_init ] --END-- [ RunTime:0.000000s ]

[ 2018-02-12T08:30:29+08:00 ] 192.168.1.100 /gaochao/Uploads/Banner/5a77e96cc77ad.jpg
INFO: [ app_init ] --START--
INFO: Run Behavior\BuildLiteBehavior [ RunTime:0.000000s ]
INFO: [ app_init ] --END-- [ RunTime:0.000000s ]

[ 2018-02-12T08:41:03+08:00 ] 192.168.1.100 /gaochao/Uploads/Banner/5a77e96cc77ad.jpg
INFO: [ app_init ] --START--
INFO: Run Behavior\BuildLiteBehavior [ RunTime:0.000000s ]
INFO: [ app_init ] --END-- [ RunTime:0.000000s ]

[ 2018-02-12T08:44:11+08:00 ] 192.168.1.100 /gaochao/Uploads/Banner/5a77e96cc77ad.jpg
INFO: [ app_init ] --START--
INFO: Run Behavior\BuildLiteBehavior [ RunTime:0.000000s ]
INFO: [ app_init ] --END-- [ RunTime:0.000000s ]

[ 2018-02-12T08:44:16+08:00 ] 192.168.1.100 /gaochao/Uploads/Banner/5a77e96cc77ad.jpg
INFO: [ app_init ] --START--
INFO: Run Behavior\BuildLiteBehavior [ RunTime:0.000000s ]
INFO: [ app_init ] --END-- [ RunTime:0.000000s ]

[ 2018-02-12T08:44:16+08:00 ] 192.168.1.100 /gaochao/Uploads/Banner/5a77e96cc77ad.jpg
INFO: [ app_init ] --START--
INFO: Run Behavior\BuildLiteBehavior [ RunTime:0.000000s ]
INFO: [ app_init ] --END-- [ RunTime:0.000000s ]

[ 2018-02-12T08:47:36+08:00 ] 192.168.1.100 /gaochao/Uploads/Banner/5a77e96cc77ad.jpg
INFO: [ app_init ] --START--
INFO: Run Behavior\BuildLiteBehavior [ RunTime:0.000000s ]
INFO: [ app_init ] --END-- [ RunTime:0.015600s ]

[ 2018-02-12T08:50:33+08:00 ] 192.168.1.100 /gaochao/Uploads/Banner/5a77e96cc77ad.jpg
INFO: [ app_init ] --START--
INFO: Run Behavior\BuildLiteBehavior [ RunTime:0.000000s ]
INFO: [ app_init ] --END-- [ RunTime:0.000000s ]

[ 2018-02-12T08:50:48+08:00 ] 192.168.1.100 /gaochao/Uploads/Banner/5a77e96cc77ad.jpg
INFO: [ app_init ] --START--
INFO: Run Behavior\BuildLiteBehavior [ RunTime:0.000000s ]
INFO: [ app_init ] --END-- [ RunTime:0.000000s ]

[ 2018-02-12T09:25:08+08:00 ] 192.168.1.100 /gaochao/Uploads/Banner/5a77e96cc77ad.jpg
INFO: [ app_init ] --START--
INFO: Run Behavior\BuildLiteBehavior [ RunTime:0.000000s ]
INFO: [ app_init ] --END-- [ RunTime:0.000000s ]

[ 2018-02-12T09:40:37+08:00 ] 192.168.1.100 /gaochao/Uploads/Banner/5a77e96cc77ad.jpg
INFO: [ app_init ] --START--
INFO: Run Behavior\BuildLiteBehavior [ RunTime:0.000000s ]
INFO: [ app_init ] --END-- [ RunTime:0.000000s ]

[ 2018-02-12T09:43:50+08:00 ] 192.168.1.100 /gaochao/Uploads/Banner/5a77e96cc77ad.jpg
INFO: [ app_init ] --START--
INFO: Run Behavior\BuildLiteBehavior [ RunTime:0.000000s ]
INFO: [ app_init ] --END-- [ RunTime:0.000000s ]

[ 2018-02-12T09:47:49+08:00 ] 192.168.1.100 /gaochao/Uploads/Banner/5a77e96cc77ad.jpg
INFO: [ app_init ] --START--
INFO: Run Behavior\BuildLiteBehavior [ RunTime:0.000000s ]
INFO: [ app_init ] --END-- [ RunTime:0.000000s ]

[ 2018-02-12T09:56:35+08:00 ] 192.168.1.100 /gaochao/Uploads/Banner/5a77e96cc77ad.jpg
INFO: [ app_init ] --START--
INFO: Run Behavior\BuildLiteBehavior [ RunTime:0.000000s ]
INFO: [ app_init ] --END-- [ RunTime:0.000000s ]

[ 2018-02-12T09:56:37+08:00 ] 192.168.1.100 /gaochao/Uploads/Banner/5a77e96cc77ad.jpg
INFO: [ app_init ] --START--
INFO: Run Behavior\BuildLiteBehavior [ RunTime:0.000000s ]
INFO: [ app_init ] --END-- [ RunTime:0.000000s ]

[ 2018-02-12T10:09:00+08:00 ] 192.168.1.100 /gaochao/Uploads/Banner/5a77e96cc77ad.jpg
INFO: [ app_init ] --START--
INFO: Run Behavior\BuildLiteBehavior [ RunTime:0.000000s ]
INFO: [ app_init ] --END-- [ RunTime:0.000000s ]

[ 2018-02-12T10:54:44+08:00 ] 192.168.1.100 /gaochao/Uploads/Banner/5a77e96cc77ad.jpg
INFO: [ app_init ] --START--
INFO: Run Behavior\BuildLiteBehavior [ RunTime:0.000000s ]
INFO: [ app_init ] --END-- [ RunTime:0.000000s ]

[ 2018-02-12T11:01:39+08:00 ] 192.168.1.100 /gaochao/Uploads/Banner/5a77e96cc77ad.jpg
INFO: [ app_init ] --START--
INFO: Run Behavior\BuildLiteBehavior [ RunTime:0.000000s ]
INFO: [ app_init ] --END-- [ RunTime:0.000000s ]

[ 2018-02-12T11:01:52+08:00 ] 192.168.1.100 /gaochao/Uploads/Banner/5a77e96cc77ad.jpg
INFO: [ app_init ] --START--
INFO: Run Behavior\BuildLiteBehavior [ RunTime:0.000000s ]
INFO: [ app_init ] --END-- [ RunTime:0.000000s ]

[ 2018-02-12T11:01:58+08:00 ] 192.168.1.100 /gaochao/Uploads/Banner/5a77e96cc77ad.jpg
INFO: [ app_init ] --START--
INFO: Run Behavior\BuildLiteBehavior [ RunTime:0.000000s ]
INFO: [ app_init ] --END-- [ RunTime:0.000000s ]

[ 2018-02-12T11:01:58+08:00 ] 192.168.1.100 /gaochao/Uploads/Banner/5a77e96cc77ad.jpg
INFO: [ app_init ] --START--
INFO: Run Behavior\BuildLiteBehavior [ RunTime:0.000000s ]
INFO: [ app_init ] --END-- [ RunTime:0.000000s ]

[ 2018-02-12T11:03:17+08:00 ] 192.168.1.100 /gaochao/Uploads/Banner/5a77e96cc77ad.jpg
INFO: [ app_init ] --START--
INFO: Run Behavior\BuildLiteBehavior [ RunTime:0.000000s ]
INFO: [ app_init ] --END-- [ RunTime:0.000000s ]

[ 2018-02-12T11:05:25+08:00 ] 192.168.1.100 /gaochao/Uploads/Banner/5a77e96cc77ad.jpg
INFO: [ app_init ] --START--
INFO: Run Behavior\BuildLiteBehavior [ RunTime:0.000000s ]
INFO: [ app_init ] --END-- [ RunTime:0.000000s ]

[ 2018-02-12T11:09:10+08:00 ] 192.168.1.100 /gaochao/Uploads/Banner/5a77e96cc77ad.jpg
INFO: [ app_init ] --START--
INFO: Run Behavior\BuildLiteBehavior [ RunTime:0.000000s ]
INFO: [ app_init ] --END-- [ RunTime:0.000000s ]

[ 2018-02-12T11:16:39+08:00 ] 192.168.1.100 /gaochao/Uploads/Banner/5a77e96cc77ad.jpg
INFO: [ app_init ] --START--
INFO: Run Behavior\BuildLiteBehavior [ RunTime:0.000000s ]
INFO: [ app_init ] --END-- [ RunTime:0.000000s ]

[ 2018-02-12T11:21:26+08:00 ] 192.168.1.100 /gaochao/Uploads/Banner/5a77e96cc77ad.jpg
INFO: [ app_init ] --START--
INFO: Run Behavior\BuildLiteBehavior [ RunTime:0.000000s ]
INFO: [ app_init ] --END-- [ RunTime:0.000000s ]

[ 2018-02-12T11:26:59+08:00 ] 192.168.1.100 /gaochao/Uploads/Banner/5a77e96cc77ad.jpg
INFO: [ app_init ] --START--
INFO: Run Behavior\BuildLiteBehavior [ RunTime:0.000000s ]
INFO: [ app_init ] --END-- [ RunTime:0.000000s ]

[ 2018-02-12T11:30:36+08:00 ] 192.168.1.100 /gaochao/Uploads/Banner/5a77e96cc77ad.jpg
INFO: [ app_init ] --START--
INFO: Run Behavior\BuildLiteBehavior [ RunTime:0.000000s ]
INFO: [ app_init ] --END-- [ RunTime:0.000000s ]

[ 2018-02-12T11:32:54+08:00 ] 192.168.1.100 /gaochao/Uploads/Banner/5a77e96cc77ad.jpg
INFO: [ app_init ] --START--
INFO: Run Behavior\BuildLiteBehavior [ RunTime:0.000000s ]
INFO: [ app_init ] --END-- [ RunTime:0.000000s ]

[ 2018-02-12T11:34:59+08:00 ] 192.168.1.100 /gaochao/Uploads/Banner/5a77e96cc77ad.jpg
INFO: [ app_init ] --START--
INFO: Run Behavior\BuildLiteBehavior [ RunTime:0.000000s ]
INFO: [ app_init ] --END-- [ RunTime:0.000000s ]

[ 2018-02-12T11:39:29+08:00 ] 192.168.1.100 /gaochao/Uploads/Banner/5a77e96cc77ad.jpg
INFO: [ app_init ] --START--
INFO: Run Behavior\BuildLiteBehavior [ RunTime:0.000000s ]
INFO: [ app_init ] --END-- [ RunTime:0.000000s ]

[ 2018-02-12T11:39:35+08:00 ] 192.168.1.100 /gaochao/Uploads/Banner/5a77e96cc77ad.jpg
INFO: [ app_init ] --START--
INFO: Run Behavior\BuildLiteBehavior [ RunTime:0.000000s ]
INFO: [ app_init ] --END-- [ RunTime:0.000000s ]

[ 2018-02-12T11:41:49+08:00 ] 192.168.1.100 /gaochao/Uploads/Banner/5a77e96cc77ad.jpg
INFO: [ app_init ] --START--
INFO: Run Behavior\BuildLiteBehavior [ RunTime:0.000000s ]
INFO: [ app_init ] --END-- [ RunTime:0.000000s ]

[ 2018-02-12T11:42:41+08:00 ] 192.168.1.100 /gaochao/Uploads/Banner/5a77e96cc77ad.jpg
INFO: [ app_init ] --START--
INFO: Run Behavior\BuildLiteBehavior [ RunTime:0.000000s ]
INFO: [ app_init ] --END-- [ RunTime:0.000000s ]

[ 2018-02-12T11:47:58+08:00 ] 192.168.1.100 /gaochao/Uploads/Banner/5a77e96cc77ad.jpg
INFO: [ app_init ] --START--
INFO: Run Behavior\BuildLiteBehavior [ RunTime:0.000000s ]
INFO: [ app_init ] --END-- [ RunTime:0.000000s ]

[ 2018-02-12T11:50:57+08:00 ] 192.168.1.100 /gaochao/Uploads/Banner/5a77e96cc77ad.jpg
INFO: [ app_init ] --START--
INFO: Run Behavior\BuildLiteBehavior [ RunTime:0.000000s ]
INFO: [ app_init ] --END-- [ RunTime:0.000000s ]

[ 2018-02-12T11:55:33+08:00 ] 192.168.1.100 /gaochao/Uploads/Banner/5a77e96cc77ad.jpg
INFO: [ app_init ] --START--
INFO: Run Behavior\BuildLiteBehavior [ RunTime:0.000000s ]
INFO: [ app_init ] --END-- [ RunTime:0.000000s ]

[ 2018-02-12T11:58:27+08:00 ] 192.168.1.100 /gaochao/Uploads/Banner/5a77e96cc77ad.jpg
INFO: [ app_init ] --START--
INFO: Run Behavior\BuildLiteBehavior [ RunTime:0.000000s ]
INFO: [ app_init ] --END-- [ RunTime:0.000000s ]

[ 2018-02-12T13:31:44+08:00 ] 192.168.1.100 /gaochao/Uploads/Banner/5a77e96cc77ad.jpg
INFO: [ app_init ] --START--
INFO: Run Behavior\BuildLiteBehavior [ RunTime:0.000000s ]
INFO: [ app_init ] --END-- [ RunTime:0.000000s ]

[ 2018-02-12T13:31:58+08:00 ] 192.168.1.100 /gaochao/Uploads/Banner/5a77e96cc77ad.jpg
INFO: [ app_init ] --START--
INFO: Run Behavior\BuildLiteBehavior [ RunTime:0.000000s ]
INFO: [ app_init ] --END-- [ RunTime:0.000000s ]

[ 2018-02-12T13:38:05+08:00 ] 192.168.1.100 /gaochao/Uploads/Banner/5a77e96cc77ad.jpg
INFO: [ app_init ] --START--
INFO: Run Behavior\BuildLiteBehavior [ RunTime:0.000000s ]
INFO: [ app_init ] --END-- [ RunTime:0.000000s ]

[ 2018-02-12T13:42:07+08:00 ] 192.168.1.100 /gaochao/Uploads/Banner/5a77e96cc77ad.jpg
INFO: [ app_init ] --START--
INFO: Run Behavior\BuildLiteBehavior [ RunTime:0.000000s ]
INFO: [ app_init ] --END-- [ RunTime:0.000000s ]

[ 2018-02-12T13:42:16+08:00 ] 192.168.1.100 /gaochao/Uploads/Banner/5a77e96cc77ad.jpg
INFO: [ app_init ] --START--
INFO: Run Behavior\BuildLiteBehavior [ RunTime:0.000000s ]
INFO: [ app_init ] --END-- [ RunTime:0.000000s ]

[ 2018-02-12T13:42:43+08:00 ] 192.168.1.100 /gaochao/Uploads/Banner/5a77e96cc77ad.jpg
INFO: [ app_init ] --START--
INFO: Run Behavior\BuildLiteBehavior [ RunTime:0.000000s ]
INFO: [ app_init ] --END-- [ RunTime:0.000000s ]

[ 2018-02-12T13:51:28+08:00 ] 192.168.1.100 /gaochao/Uploads/Banner/5a77e96cc77ad.jpg
INFO: [ app_init ] --START--
INFO: Run Behavior\BuildLiteBehavior [ RunTime:0.000000s ]
INFO: [ app_init ] --END-- [ RunTime:0.000000s ]

[ 2018-02-12T13:56:16+08:00 ] 192.168.1.100 /gaochao/Uploads/Banner/5a77e96cc77ad.jpg
INFO: [ app_init ] --START--
INFO: Run Behavior\BuildLiteBehavior [ RunTime:0.000000s ]
INFO: [ app_init ] --END-- [ RunTime:0.000000s ]

[ 2018-02-12T13:57:12+08:00 ] 192.168.1.100 /gaochao/Uploads/Banner/5a77e96cc77ad.jpg
INFO: [ app_init ] --START--
INFO: Run Behavior\BuildLiteBehavior [ RunTime:0.000000s ]
INFO: [ app_init ] --END-- [ RunTime:0.000000s ]

[ 2018-02-12T13:57:39+08:00 ] 192.168.1.100 /gaochao/Uploads/Banner/5a77e96cc77ad.jpg
INFO: [ app_init ] --START--
INFO: Run Behavior\BuildLiteBehavior [ RunTime:0.000000s ]
INFO: [ app_init ] --END-- [ RunTime:0.000000s ]

[ 2018-02-12T13:59:07+08:00 ] 192.168.1.100 /gaochao/Uploads/Banner/5a77e96cc77ad.jpg
INFO: [ app_init ] --START--
INFO: Run Behavior\BuildLiteBehavior [ RunTime:0.000000s ]
INFO: [ app_init ] --END-- [ RunTime:0.000000s ]

[ 2018-02-12T14:05:15+08:00 ] 192.168.1.100 /gaochao/Uploads/Banner/5a77e96cc77ad.jpg
INFO: [ app_init ] --START--
INFO: Run Behavior\BuildLiteBehavior [ RunTime:0.000000s ]
INFO: [ app_init ] --END-- [ RunTime:0.000000s ]

[ 2018-02-12T14:20:32+08:00 ] 192.168.1.100 /gaochao/Uploads/Banner/5a77e96cc77ad.jpg
INFO: [ app_init ] --START--
INFO: Run Behavior\BuildLiteBehavior [ RunTime:0.000000s ]
INFO: [ app_init ] --END-- [ RunTime:0.000000s ]

[ 2018-02-12T14:20:35+08:00 ] 192.168.1.100 /gaochao/Uploads/Product/Category/59a61b495e0ed.png
INFO: [ app_init ] --START--
INFO: Run Behavior\BuildLiteBehavior [ RunTime:0.000000s ]
INFO: [ app_init ] --END-- [ RunTime:0.000000s ]

[ 2018-02-12T14:20:35+08:00 ] 192.168.1.100 /gaochao/Uploads/Product/Category/59e55cd302dd1.jpg
INFO: [ app_init ] --START--
INFO: Run Behavior\BuildLiteBehavior [ RunTime:0.000000s ]
INFO: [ app_init ] --END-- [ RunTime:0.000000s ]

[ 2018-02-12T14:20:38+08:00 ] 192.168.1.100 /gaochao/Uploads/Banner/5a77e96cc77ad.jpg
INFO: [ app_init ] --START--
INFO: Run Behavior\BuildLiteBehavior [ RunTime:0.000000s ]
INFO: [ app_init ] --END-- [ RunTime:0.000000s ]

[ 2018-02-12T14:20:42+08:00 ] 192.168.1.100 /gaochao/Uploads/Banner/5a77e96cc77ad.jpg
INFO: [ app_init ] --START--
INFO: Run Behavior\BuildLiteBehavior [ RunTime:0.000000s ]
INFO: [ app_init ] --END-- [ RunTime:0.000000s ]

[ 2018-02-12T14:20:48+08:00 ] 192.168.1.100 /gaochao/Uploads/Banner/5a77e96cc77ad.jpg
INFO: [ app_init ] --START--
INFO: Run Behavior\BuildLiteBehavior [ RunTime:0.000000s ]
INFO: [ app_init ] --END-- [ RunTime:0.000000s ]

[ 2018-02-12T14:21:18+08:00 ] 192.168.1.100 /gaochao/Uploads/Product/Category/59a61b495e0ed.png
INFO: [ app_init ] --START--
INFO: Run Behavior\BuildLiteBehavior [ RunTime:0.000000s ]
INFO: [ app_init ] --END-- [ RunTime:0.000000s ]

[ 2018-02-12T14:21:18+08:00 ] 192.168.1.100 /gaochao/Uploads/Banner/5a77e96cc77ad.jpg
INFO: [ app_init ] --START--
INFO: Run Behavior\BuildLiteBehavior [ RunTime:0.000000s ]
INFO: [ app_init ] --END-- [ RunTime:0.000000s ]

[ 2018-02-12T14:21:18+08:00 ] 192.168.1.100 /gaochao/Uploads/Product/Category/59e55cd302dd1.jpg
INFO: [ app_init ] --START--
INFO: Run Behavior\BuildLiteBehavior [ RunTime:0.000000s ]
INFO: [ app_init ] --END-- [ RunTime:0.000000s ]

[ 2018-02-12T14:37:21+08:00 ] 192.168.1.100 /gaochao/Uploads/Product/Category/59a61b495e0ed.png
INFO: [ app_init ] --START--
INFO: Run Behavior\BuildLiteBehavior [ RunTime:0.000000s ]
INFO: [ app_init ] --END-- [ RunTime:0.046800s ]

[ 2018-02-12T14:37:21+08:00 ] 192.168.1.100 /gaochao/Uploads/Product/Category/59e55cd302dd1.jpg
INFO: [ app_init ] --START--
INFO: Run Behavior\BuildLiteBehavior [ RunTime:0.000000s ]
INFO: [ app_init ] --END-- [ RunTime:0.046800s ]

[ 2018-02-12T14:37:21+08:00 ] 192.168.1.100 /gaochao/Uploads/Banner/5a77e96cc77ad.jpg
INFO: [ app_init ] --START--
INFO: Run Behavior\BuildLiteBehavior [ RunTime:0.000000s ]
INFO: [ app_init ] --END-- [ RunTime:0.046800s ]

[ 2018-02-12T14:39:06+08:00 ] 192.168.1.100 /gaochao/Uploads/Product/Category/59a61b495e0ed.png
INFO: [ app_init ] --START--
INFO: Run Behavior\BuildLiteBehavior [ RunTime:0.000000s ]
INFO: [ app_init ] --END-- [ RunTime:0.000000s ]

[ 2018-02-12T14:39:06+08:00 ] 192.168.1.100 /gaochao/Uploads/Banner/5a77e96cc77ad.jpg
INFO: [ app_init ] --START--
INFO: Run Behavior\BuildLiteBehavior [ RunTime:0.000000s ]
INFO: [ app_init ] --END-- [ RunTime:0.000000s ]

[ 2018-02-12T14:39:06+08:00 ] 192.168.1.100 /gaochao/Uploads/Product/Category/59e55cd302dd1.jpg
INFO: [ app_init ] --START--
INFO: Run Behavior\BuildLiteBehavior [ RunTime:0.000000s ]
INFO: [ app_init ] --END-- [ RunTime:0.000000s ]

[ 2018-02-12T14:39:44+08:00 ] 192.168.1.100 /gaochao/Home/Index/Index/about.html
INFO: [ app_init ] --START--
INFO: Run Behavior\BuildLiteBehavior [ RunTime:0.000000s ]
INFO: [ app_init ] --END-- [ RunTime:0.000000s ]
INFO: [ app_begin ] --START--
INFO: Run Behavior\ReadHtmlCacheBehavior [ RunTime:0.000000s ]
INFO: Run Behavior\CheckLangBehavior [ RunTime:0.000000s ]
INFO: [ app_begin ] --END-- [ RunTime:0.000000s ]
INFO: [ view_parse ] --START--
INFO: [ template_filter ] --START--
INFO: Run Behavior\ContentReplaceBehavior [ RunTime:0.000000s ]
INFO: [ template_filter ] --END-- [ RunTime:0.000000s ]
NOTIC: [8] Undefined variable: seo C:\xampp\htdocs\gaochao\Runtime\Cache\Home\b3b7d4acf831ff115496bc3939e5e9c3.php 第 9 行.
NOTIC: [8] Undefined variable: seo C:\xampp\htdocs\gaochao\Runtime\Cache\Home\b3b7d4acf831ff115496bc3939e5e9c3.php 第 10 行.
NOTIC: [8] Undefined variable: seo C:\xampp\htdocs\gaochao\Runtime\Cache\Home\b3b7d4acf831ff115496bc3939e5e9c3.php 第 11 行.
INFO: Run Behavior\ParseTemplateBehavior [ RunTime:1.341602s ]
INFO: [ view_parse ] --END-- [ RunTime:1.341602s ]
INFO: [ view_filter ] --START--
INFO: Run Behavior\WriteHtmlCacheBehavior [ RunTime:0.078000s ]
INFO: Run Behavior\TokenBuildBehavior [ RunTime:0.000000s ]
INFO: [ view_filter ] --END-- [ RunTime:0.078000s ]
INFO: [ app_end ] --START--
INFO: Run Behavior\ShowPageTraceBehavior [ RunTime:0.156001s ]
INFO: [ app_end ] --END-- [ RunTime:0.156001s ]

[ 2018-02-12T14:40:05+08:00 ] 192.168.1.100 /gaochao/Uploads/Product/Category/59e55cd302dd1.jpg
INFO: [ app_init ] --START--
INFO: Run Behavior\BuildLiteBehavior [ RunTime:0.000000s ]
INFO: [ app_init ] --END-- [ RunTime:0.000000s ]

[ 2018-02-12T14:40:05+08:00 ] 192.168.1.100 /gaochao/Uploads/Banner/5a77e96cc77ad.jpg
INFO: [ app_init ] --START--
INFO: Run Behavior\BuildLiteBehavior [ RunTime:0.000000s ]
INFO: [ app_init ] --END-- [ RunTime:0.000000s ]

[ 2018-02-12T14:40:05+08:00 ] 192.168.1.100 /gaochao/Uploads/Product/Category/59a61b495e0ed.png
INFO: [ app_init ] --START--
INFO: Run Behavior\BuildLiteBehavior [ RunTime:0.000000s ]
INFO: [ app_init ] --END-- [ RunTime:0.000000s ]

[ 2018-02-12T14:40:09+08:00 ] 192.168.1.100 /gaochao/Uploads/Product/Category/59a61b495e0ed.png
INFO: [ app_init ] --START--
INFO: Run Behavior\BuildLiteBehavior [ RunTime:0.000000s ]
INFO: [ app_init ] --END-- [ RunTime:0.015600s ]

[ 2018-02-12T14:40:09+08:00 ] 192.168.1.100 /gaochao/Uploads/Banner/5a77e96cc77ad.jpg
INFO: [ app_init ] --START--
INFO: Run Behavior\BuildLiteBehavior [ RunTime:0.000000s ]
INFO: [ app_init ] --END-- [ RunTime:0.000000s ]

[ 2018-02-12T14:40:09+08:00 ] 192.168.1.100 /gaochao/Uploads/Product/Category/59e55cd302dd1.jpg
INFO: [ app_init ] --START--
INFO: Run Behavior\BuildLiteBehavior [ RunTime:0.000000s ]
INFO: [ app_init ] --END-- [ RunTime:0.000000s ]

[ 2018-02-12T14:40:11+08:00 ] 192.168.1.100 /gaochao/Uploads/Parking/5a7a8807a035f.png
INFO: [ app_init ] --START--
INFO: Run Behavior\BuildLiteBehavior [ RunTime:0.000000s ]
INFO: [ app_init ] --END-- [ RunTime:0.000000s ]

[ 2018-02-12T14:40:11+08:00 ] 192.168.1.100 /gaochao/Uploads/Parking/5a7a87b995e64.png
INFO: [ app_init ] --START--
INFO: Run Behavior\BuildLiteBehavior [ RunTime:0.000000s ]
INFO: [ app_init ] --END-- [ RunTime:0.000000s ]

[ 2018-02-12T14:40:11+08:00 ] 192.168.1.100 /gaochao/Uploads/Parking/5a7a72728d0b8.png
INFO: [ app_init ] --START--
INFO: Run Behavior\BuildLiteBehavior [ RunTime:0.000000s ]
INFO: [ app_init ] --END-- [ RunTime:0.000000s ]

[ 2018-02-12T14:40:11+08:00 ] 192.168.1.100 /gaochao/Uploads/Parking/5a7a87dfd82c7.png
INFO: [ app_init ] --START--
INFO: Run Behavior\BuildLiteBehavior [ RunTime:0.000000s ]
INFO: [ app_init ] --END-- [ RunTime:0.000000s ]

[ 2018-02-12T14:40:13+08:00 ] 192.168.1.100 /gaochao/Uploads/Product/Category/59a61b495e0ed.png
INFO: [ app_init ] --START--
INFO: Run Behavior\BuildLiteBehavior [ RunTime:0.000000s ]
INFO: [ app_init ] --END-- [ RunTime:0.000000s ]

[ 2018-02-12T14:40:13+08:00 ] 192.168.1.100 /gaochao/Uploads/Product/Category/59e55cd302dd1.jpg
INFO: [ app_init ] --START--
INFO: Run Behavior\BuildLiteBehavior [ RunTime:0.000000s ]
INFO: [ app_init ] --END-- [ RunTime:0.000000s ]

[ 2018-02-12T14:40:13+08:00 ] 192.168.1.100 /gaochao/Uploads/Banner/5a77e96cc77ad.jpg
INFO: [ app_init ] --START--
INFO: Run Behavior\BuildLiteBehavior [ RunTime:0.000000s ]
INFO: [ app_init ] --END-- [ RunTime:0.000000s ]

[ 2018-02-12T14:40:18+08:00 ] 192.168.1.100 /gaochao/Uploads/Product/Category/59a61b495e0ed.png
INFO: [ app_init ] --START--
INFO: Run Behavior\BuildLiteBehavior [ RunTime:0.000000s ]
INFO: [ app_init ] --END-- [ RunTime:0.000000s ]

[ 2018-02-12T14:40:18+08:00 ] 192.168.1.100 /gaochao/Uploads/Product/Category/59e55cd302dd1.jpg
INFO: [ app_init ] --START--
INFO: Run Behavior\BuildLiteBehavior [ RunTime:0.000000s ]
INFO: [ app_init ] --END-- [ RunTime:0.000000s ]

[ 2018-02-12T14:40:18+08:00 ] 192.168.1.100 /gaochao/Uploads/Banner/5a77e96cc77ad.jpg
INFO: [ app_init ] --START--
INFO: Run Behavior\BuildLiteBehavior [ RunTime:0.000000s ]
INFO: [ app_init ] --END-- [ RunTime:0.000000s ]

[ 2018-02-12T14:40:26+08:00 ] 192.168.1.100 /gaochao/Uploads/Banner/5a77e96cc77ad.jpg
INFO: [ app_init ] --START--
INFO: Run Behavior\BuildLiteBehavior [ RunTime:0.000000s ]
INFO: [ app_init ] --END-- [ RunTime:0.000000s ]

[ 2018-02-12T14:40:26+08:00 ] 192.168.1.100 /gaochao/Uploads/Product/Category/59a61b495e0ed.png
INFO: [ app_init ] --START--
INFO: Run Behavior\BuildLiteBehavior [ RunTime:0.000000s ]
INFO: [ app_init ] --END-- [ RunTime:0.000000s ]

[ 2018-02-12T14:40:26+08:00 ] 192.168.1.100 /gaochao/Uploads/Product/Category/59e55cd302dd1.jpg
INFO: [ app_init ] --START--
INFO: Run Behavior\BuildLiteBehavior [ RunTime:0.000000s ]
INFO: [ app_init ] --END-- [ RunTime:0.000000s ]

[ 2018-02-12T14:41:34+08:00 ] 192.168.1.100 /gaochao/Uploads/Product/Category/59e55cd302dd1.jpg
INFO: [ app_init ] --START--
INFO: Run Behavior\BuildLiteBehavior [ RunTime:0.000000s ]
INFO: [ app_init ] --END-- [ RunTime:0.000000s ]

[ 2018-02-12T20:30:43+08:00 ] 192.168.1.100 /gaochao/Uploads/Banner/5a77e96cc77ad.jpg
INFO: [ app_init ] --START--
INFO: Run Behavior\BuildLiteBehavior [ RunTime:0.022001s ]
INFO: [ app_init ] --END-- [ RunTime:0.023001s ]

