[ 2018-02-24T09:05:25+08:00 ] 192.168.1.102 /gaochao/
INFO: [ app_init ] --START--
INFO: Run Behavior\BuildLiteBehavior [ RunTime:0.000000s ]
INFO: [ app_init ] --END-- [ RunTime:0.159009s ]
INFO: [ app_begin ] --START--
INFO: Run Behavior\ReadHtmlCacheBehavior [ RunTime:0.048003s ]
INFO: Run Behavior\CheckLangBehavior [ RunTime:0.277016s ]
INFO: [ app_begin ] --END-- [ RunTime:0.325019s ]
SQL: SHOW COLUMNS FROM `sr_config` [ RunTime:3.1552s ]
SQL: SELECT `value` FROM `sr_config` WHERE `name` = 'US_ADDRESS' LIMIT 1   [ RunTime:0.4840s ]
SQL: SELECT `value` FROM `sr_config` WHERE `name` = 'US_EMAIL' LIMIT 1   [ RunTime:0.0170s ]
SQL: SELECT `value` FROM `sr_config` WHERE `name` = 'US_TELPHONE' LIMIT 1   [ RunTime:0.0130s ]
SQL: SELECT `value` FROM `sr_config` WHERE `name` = 'CONTACT_NUMBER' LIMIT 1   [ RunTime:0.0090s ]
SQL: SELECT `value` FROM `sr_config` WHERE `name` = 'COPY_RIGHT' LIMIT 1   [ RunTime:0.0110s ]
SQL: SELECT `value` FROM `sr_config` WHERE `name` = 'WEB_URL' LIMIT 1   [ RunTime:0.0010s ]
INFO: [ view_parse ] --START--
INFO: [ template_filter ] --START--
INFO: Run Behavior\ContentReplaceBehavior [ RunTime:0.037002s ]
INFO: [ template_filter ] --END-- [ RunTime:0.038002s ]
INFO: Run Behavior\ParseTemplateBehavior [ RunTime:0.784045s ]
INFO: [ view_parse ] --END-- [ RunTime:0.784045s ]
INFO: [ view_filter ] --START--
INFO: Run Behavior\WriteHtmlCacheBehavior [ RunTime:0.034002s ]
INFO: Run Behavior\TokenBuildBehavior [ RunTime:0.039002s ]
INFO: [ view_filter ] --END-- [ RunTime:0.073004s ]
INFO: [ app_end ] --START--
INFO: Run Behavior\ShowPageTraceBehavior [ RunTime:0.062003s ]
INFO: [ app_end ] --END-- [ RunTime:0.062003s ]

[ 2018-02-24T09:58:54+08:00 ] 192.168.1.102 /gaochao/
INFO: [ app_init ] --START--
INFO: Run Behavior\BuildLiteBehavior [ RunTime:0.000000s ]
INFO: [ app_init ] --END-- [ RunTime:0.062400s ]
INFO: [ app_begin ] --START--
INFO: Run Behavior\ReadHtmlCacheBehavior [ RunTime:0.015600s ]
INFO: Run Behavior\CheckLangBehavior [ RunTime:0.062400s ]
INFO: [ app_begin ] --END-- [ RunTime:0.078000s ]
SQL: SHOW COLUMNS FROM `sr_config` [ RunTime:0.2964s ]
SQL: SELECT `value` FROM `sr_config` WHERE `name` = 'US_ADDRESS' LIMIT 1   [ RunTime:0.0000s ]
SQL: SELECT `value` FROM `sr_config` WHERE `name` = 'US_EMAIL' LIMIT 1   [ RunTime:0.0000s ]
SQL: SELECT `value` FROM `sr_config` WHERE `name` = 'US_TELPHONE' LIMIT 1   [ RunTime:0.0000s ]
SQL: SELECT `value` FROM `sr_config` WHERE `name` = 'CONTACT_NUMBER' LIMIT 1   [ RunTime:0.0000s ]
SQL: SELECT `value` FROM `sr_config` WHERE `name` = 'COPY_RIGHT' LIMIT 1   [ RunTime:0.0000s ]
SQL: SELECT `value` FROM `sr_config` WHERE `name` = 'WEB_URL' LIMIT 1   [ RunTime:0.0156s ]
INFO: [ view_parse ] --START--
INFO: [ template_filter ] --START--
INFO: Run Behavior\ContentReplaceBehavior [ RunTime:0.000000s ]
INFO: [ template_filter ] --END-- [ RunTime:0.000000s ]
INFO: Run Behavior\ParseTemplateBehavior [ RunTime:0.468001s ]
INFO: [ view_parse ] --END-- [ RunTime:0.468001s ]
INFO: [ view_filter ] --START--
INFO: Run Behavior\WriteHtmlCacheBehavior [ RunTime:0.124800s ]
INFO: Run Behavior\TokenBuildBehavior [ RunTime:0.000000s ]
INFO: [ view_filter ] --END-- [ RunTime:0.124800s ]
INFO: [ app_end ] --START--
INFO: Run Behavior\ShowPageTraceBehavior [ RunTime:0.046800s ]
INFO: [ app_end ] --END-- [ RunTime:0.046800s ]

[ 2018-02-24T09:59:42+08:00 ] 192.168.1.102 /gaochao/
INFO: [ app_init ] --START--
INFO: Run Behavior\BuildLiteBehavior [ RunTime:0.000000s ]
INFO: [ app_init ] --END-- [ RunTime:0.015600s ]
INFO: [ app_begin ] --START--
INFO: Run Behavior\ReadHtmlCacheBehavior [ RunTime:0.000000s ]
INFO: Run Behavior\CheckLangBehavior [ RunTime:0.000000s ]
INFO: [ app_begin ] --END-- [ RunTime:0.000000s ]
SQL: SHOW COLUMNS FROM `sr_config` [ RunTime:0.1404s ]
SQL: SELECT `value` FROM `sr_config` WHERE `name` = 'US_ADDRESS' LIMIT 1   [ RunTime:0.0000s ]
SQL: SELECT `value` FROM `sr_config` WHERE `name` = 'US_EMAIL' LIMIT 1   [ RunTime:0.0000s ]
SQL: SELECT `value` FROM `sr_config` WHERE `name` = 'US_TELPHONE' LIMIT 1   [ RunTime:0.0000s ]
SQL: SELECT `value` FROM `sr_config` WHERE `name` = 'CONTACT_NUMBER' LIMIT 1   [ RunTime:0.0000s ]
SQL: SELECT `value` FROM `sr_config` WHERE `name` = 'COPY_RIGHT' LIMIT 1   [ RunTime:0.0156s ]
SQL: SELECT `value` FROM `sr_config` WHERE `name` = 'WEB_URL' LIMIT 1   [ RunTime:0.0000s ]
INFO: [ view_parse ] --START--
INFO: [ template_filter ] --START--
INFO: Run Behavior\ContentReplaceBehavior [ RunTime:0.000000s ]
INFO: [ template_filter ] --END-- [ RunTime:0.000000s ]
INFO: Run Behavior\ParseTemplateBehavior [ RunTime:0.452401s ]
INFO: [ view_parse ] --END-- [ RunTime:0.452401s ]
INFO: [ view_filter ] --START--
INFO: Run Behavior\WriteHtmlCacheBehavior [ RunTime:0.000000s ]
INFO: Run Behavior\TokenBuildBehavior [ RunTime:0.000000s ]
INFO: [ view_filter ] --END-- [ RunTime:0.000000s ]
INFO: [ app_end ] --START--
INFO: Run Behavior\ShowPageTraceBehavior [ RunTime:0.000000s ]
INFO: [ app_end ] --END-- [ RunTime:0.000000s ]

[ 2018-02-24T10:04:10+08:00 ] 192.168.1.102 /gaochao/
INFO: [ app_init ] --START--
INFO: Run Behavior\BuildLiteBehavior [ RunTime:0.000000s ]
INFO: [ app_init ] --END-- [ RunTime:0.015600s ]
INFO: [ app_begin ] --START--
INFO: Run Behavior\ReadHtmlCacheBehavior [ RunTime:0.015600s ]
INFO: Run Behavior\CheckLangBehavior [ RunTime:0.031200s ]
INFO: [ app_begin ] --END-- [ RunTime:0.046800s ]
SQL: SHOW COLUMNS FROM `sr_config` [ RunTime:0.2028s ]
SQL: SELECT `value` FROM `sr_config` WHERE `name` = 'US_ADDRESS' LIMIT 1   [ RunTime:0.0000s ]
SQL: SELECT `value` FROM `sr_config` WHERE `name` = 'US_EMAIL' LIMIT 1   [ RunTime:0.0000s ]
SQL: SELECT `value` FROM `sr_config` WHERE `name` = 'US_TELPHONE' LIMIT 1   [ RunTime:0.0000s ]
SQL: SELECT `value` FROM `sr_config` WHERE `name` = 'CONTACT_NUMBER' LIMIT 1   [ RunTime:0.0000s ]
SQL: SELECT `value` FROM `sr_config` WHERE `name` = 'COPY_RIGHT' LIMIT 1   [ RunTime:0.0000s ]
SQL: SELECT `value` FROM `sr_config` WHERE `name` = 'WEB_URL' LIMIT 1   [ RunTime:0.0000s ]
INFO: [ view_parse ] --START--
INFO: [ template_filter ] --START--
INFO: Run Behavior\ContentReplaceBehavior [ RunTime:0.000000s ]
INFO: [ template_filter ] --END-- [ RunTime:0.000000s ]
INFO: Run Behavior\ParseTemplateBehavior [ RunTime:0.405601s ]
INFO: [ view_parse ] --END-- [ RunTime:0.405601s ]
INFO: [ view_filter ] --START--
INFO: Run Behavior\WriteHtmlCacheBehavior [ RunTime:0.156000s ]
INFO: Run Behavior\TokenBuildBehavior [ RunTime:0.000000s ]
INFO: [ view_filter ] --END-- [ RunTime:0.156000s ]
INFO: [ app_end ] --START--
INFO: Run Behavior\ShowPageTraceBehavior [ RunTime:0.031200s ]
INFO: [ app_end ] --END-- [ RunTime:0.031200s ]

[ 2018-02-24T10:04:20+08:00 ] 192.168.1.102 /gaochao/Public/Home/css/grabbing.png
INFO: [ app_init ] --START--
INFO: Run Behavior\BuildLiteBehavior [ RunTime:0.000000s ]
INFO: [ app_init ] --END-- [ RunTime:0.000000s ]

[ 2018-02-24T10:11:42+08:00 ] 192.168.1.102 /gaochao/
INFO: [ app_init ] --START--
INFO: Run Behavior\BuildLiteBehavior [ RunTime:0.000000s ]
INFO: [ app_init ] --END-- [ RunTime:0.035002s ]
INFO: [ app_begin ] --START--
INFO: Run Behavior\ReadHtmlCacheBehavior [ RunTime:0.049003s ]
INFO: Run Behavior\CheckLangBehavior [ RunTime:0.406023s ]
INFO: [ app_begin ] --END-- [ RunTime:0.456026s ]
SQL: SHOW COLUMNS FROM `sr_config` [ RunTime:0.0640s ]
SQL: SELECT `value` FROM `sr_config` WHERE `name` = 'US_ADDRESS' LIMIT 1   [ RunTime:0.0000s ]
SQL: SELECT `value` FROM `sr_config` WHERE `name` = 'US_EMAIL' LIMIT 1   [ RunTime:0.0010s ]
SQL: SELECT `value` FROM `sr_config` WHERE `name` = 'US_TELPHONE' LIMIT 1   [ RunTime:0.0000s ]
SQL: SELECT `value` FROM `sr_config` WHERE `name` = 'CONTACT_NUMBER' LIMIT 1   [ RunTime:0.0010s ]
SQL: SELECT `value` FROM `sr_config` WHERE `name` = 'COPY_RIGHT' LIMIT 1   [ RunTime:0.0000s ]
SQL: SELECT `value` FROM `sr_config` WHERE `name` = 'WEB_URL' LIMIT 1   [ RunTime:0.0010s ]
INFO: [ view_parse ] --START--
INFO: [ template_filter ] --START--
INFO: Run Behavior\ContentReplaceBehavior [ RunTime:0.001000s ]
INFO: [ template_filter ] --END-- [ RunTime:0.001000s ]
INFO: Run Behavior\ParseTemplateBehavior [ RunTime:0.302017s ]
INFO: [ view_parse ] --END-- [ RunTime:0.302017s ]
INFO: [ view_filter ] --START--
INFO: Run Behavior\WriteHtmlCacheBehavior [ RunTime:0.048003s ]
INFO: Run Behavior\TokenBuildBehavior [ RunTime:0.024001s ]
INFO: [ view_filter ] --END-- [ RunTime:0.072004s ]
INFO: [ app_end ] --START--
INFO: Run Behavior\ShowPageTraceBehavior [ RunTime:0.058003s ]
INFO: [ app_end ] --END-- [ RunTime:0.058003s ]

[ 2018-02-24T10:12:21+08:00 ] 192.168.1.102 /gaochao/
INFO: [ app_init ] --START--
INFO: Run Behavior\BuildLiteBehavior [ RunTime:0.000000s ]
INFO: [ app_init ] --END-- [ RunTime:0.001000s ]
INFO: [ app_begin ] --START--
INFO: Run Behavior\ReadHtmlCacheBehavior [ RunTime:0.001000s ]
INFO: Run Behavior\CheckLangBehavior [ RunTime:0.002000s ]
INFO: [ app_begin ] --END-- [ RunTime:0.003000s ]
SQL: SHOW COLUMNS FROM `sr_config` [ RunTime:0.0090s ]
SQL: SELECT `value` FROM `sr_config` WHERE `name` = 'US_ADDRESS' LIMIT 1   [ RunTime:0.0010s ]
SQL: SELECT `value` FROM `sr_config` WHERE `name` = 'US_EMAIL' LIMIT 1   [ RunTime:0.0000s ]
SQL: SELECT `value` FROM `sr_config` WHERE `name` = 'US_TELPHONE' LIMIT 1   [ RunTime:0.0010s ]
SQL: SELECT `value` FROM `sr_config` WHERE `name` = 'CONTACT_NUMBER' LIMIT 1   [ RunTime:0.0000s ]
SQL: SELECT `value` FROM `sr_config` WHERE `name` = 'COPY_RIGHT' LIMIT 1   [ RunTime:0.0000s ]
SQL: SELECT `value` FROM `sr_config` WHERE `name` = 'WEB_URL' LIMIT 1   [ RunTime:0.0010s ]
INFO: [ view_parse ] --START--
INFO: [ template_filter ] --START--
INFO: Run Behavior\ContentReplaceBehavior [ RunTime:0.000000s ]
INFO: [ template_filter ] --END-- [ RunTime:0.000000s ]
INFO: Run Behavior\ParseTemplateBehavior [ RunTime:0.012001s ]
INFO: [ view_parse ] --END-- [ RunTime:0.012001s ]
INFO: [ view_filter ] --START--
INFO: Run Behavior\WriteHtmlCacheBehavior [ RunTime:0.000000s ]
INFO: Run Behavior\TokenBuildBehavior [ RunTime:0.001000s ]
INFO: [ view_filter ] --END-- [ RunTime:0.001000s ]
INFO: [ app_end ] --START--
INFO: Run Behavior\ShowPageTraceBehavior [ RunTime:0.001000s ]
INFO: [ app_end ] --END-- [ RunTime:0.001000s ]

[ 2018-02-24T10:12:36+08:00 ] 192.168.1.102 /gaochao/Public/Home/css/grabbing.png
INFO: [ app_init ] --START--
INFO: Run Behavior\BuildLiteBehavior [ RunTime:0.000000s ]
INFO: [ app_init ] --END-- [ RunTime:0.001000s ]

[ 2018-02-24T10:15:48+08:00 ] 192.168.1.106 /gaochao/
INFO: [ app_init ] --START--
INFO: Run Behavior\BuildLiteBehavior [ RunTime:0.000000s ]
INFO: [ app_init ] --END-- [ RunTime:0.001000s ]
INFO: [ app_begin ] --START--
INFO: Run Behavior\ReadHtmlCacheBehavior [ RunTime:0.001000s ]
INFO: Run Behavior\CheckLangBehavior [ RunTime:0.003000s ]
INFO: [ app_begin ] --END-- [ RunTime:0.005000s ]
SQL: SHOW COLUMNS FROM `sr_config` [ RunTime:0.0650s ]
SQL: SELECT `value` FROM `sr_config` WHERE `name` = 'US_ADDRESS' LIMIT 1   [ RunTime:0.0010s ]
SQL: SELECT `value` FROM `sr_config` WHERE `name` = 'US_EMAIL' LIMIT 1   [ RunTime:0.0010s ]
SQL: SELECT `value` FROM `sr_config` WHERE `name` = 'US_TELPHONE' LIMIT 1   [ RunTime:0.0020s ]
SQL: SELECT `value` FROM `sr_config` WHERE `name` = 'CONTACT_NUMBER' LIMIT 1   [ RunTime:0.0010s ]
SQL: SELECT `value` FROM `sr_config` WHERE `name` = 'COPY_RIGHT' LIMIT 1   [ RunTime:0.0000s ]
SQL: SELECT `value` FROM `sr_config` WHERE `name` = 'WEB_URL' LIMIT 1   [ RunTime:0.0010s ]
INFO: [ view_parse ] --START--
INFO: [ template_filter ] --START--
INFO: Run Behavior\ContentReplaceBehavior [ RunTime:0.000000s ]
INFO: [ template_filter ] --END-- [ RunTime:0.001000s ]
INFO: Run Behavior\ParseTemplateBehavior [ RunTime:0.021001s ]
INFO: [ view_parse ] --END-- [ RunTime:0.021001s ]
INFO: [ view_filter ] --START--
INFO: Run Behavior\WriteHtmlCacheBehavior [ RunTime:0.001000s ]
INFO: Run Behavior\TokenBuildBehavior [ RunTime:0.001000s ]
INFO: [ view_filter ] --END-- [ RunTime:0.002000s ]
INFO: [ app_end ] --START--
INFO: Run Behavior\ShowPageTraceBehavior [ RunTime:0.002000s ]
INFO: [ app_end ] --END-- [ RunTime:0.002000s ]

[ 2018-02-24T10:17:10+08:00 ] 192.168.1.106 /gaochao/Public/Home/css/nivo-lightbox/close@2x.png
INFO: [ app_init ] --START--
INFO: Run Behavior\BuildLiteBehavior [ RunTime:0.000000s ]
INFO: [ app_init ] --END-- [ RunTime:0.001000s ]

[ 2018-02-24T10:17:10+08:00 ] 192.168.1.106 /gaochao/Public/Home/css/nivo-lightbox/prev@2x.png
INFO: [ app_init ] --START--
INFO: Run Behavior\BuildLiteBehavior [ RunTime:0.000000s ]
INFO: [ app_init ] --END-- [ RunTime:0.001000s ]

[ 2018-02-24T10:17:11+08:00 ] 192.168.1.106 /gaochao/Public/Home/css/nivo-lightbox/next@2x.png
INFO: [ app_init ] --START--
INFO: Run Behavior\BuildLiteBehavior [ RunTime:0.003001s ]
INFO: [ app_init ] --END-- [ RunTime:0.011001s ]

[ 2018-02-24T10:17:49+08:00 ] 192.168.1.106 /gaochao/
INFO: [ app_init ] --START--
INFO: Run Behavior\BuildLiteBehavior [ RunTime:0.000000s ]
INFO: [ app_init ] --END-- [ RunTime:0.001000s ]
INFO: [ app_begin ] --START--
INFO: Run Behavior\ReadHtmlCacheBehavior [ RunTime:0.001000s ]
INFO: Run Behavior\CheckLangBehavior [ RunTime:0.031002s ]
INFO: [ app_begin ] --END-- [ RunTime:0.032002s ]
SQL: SHOW COLUMNS FROM `sr_config` [ RunTime:0.0160s ]
SQL: SELECT `value` FROM `sr_config` WHERE `name` = 'US_ADDRESS' LIMIT 1   [ RunTime:0.0010s ]
SQL: SELECT `value` FROM `sr_config` WHERE `name` = 'US_EMAIL' LIMIT 1   [ RunTime:0.0010s ]
SQL: SELECT `value` FROM `sr_config` WHERE `name` = 'US_TELPHONE' LIMIT 1   [ RunTime:0.0000s ]
SQL: SELECT `value` FROM `sr_config` WHERE `name` = 'CONTACT_NUMBER' LIMIT 1   [ RunTime:0.0000s ]
SQL: SELECT `value` FROM `sr_config` WHERE `name` = 'COPY_RIGHT' LIMIT 1   [ RunTime:0.0010s ]
SQL: SELECT `value` FROM `sr_config` WHERE `name` = 'WEB_URL' LIMIT 1   [ RunTime:0.0000s ]
INFO: [ view_parse ] --START--
INFO: [ template_filter ] --START--
INFO: Run Behavior\ContentReplaceBehavior [ RunTime:0.001000s ]
INFO: [ template_filter ] --END-- [ RunTime:0.001000s ]
INFO: Run Behavior\ParseTemplateBehavior [ RunTime:0.242014s ]
INFO: [ view_parse ] --END-- [ RunTime:0.242014s ]
INFO: [ view_filter ] --START--
INFO: Run Behavior\WriteHtmlCacheBehavior [ RunTime:0.001000s ]
INFO: Run Behavior\TokenBuildBehavior [ RunTime:0.001000s ]
INFO: [ view_filter ] --END-- [ RunTime:0.002000s ]
INFO: [ app_end ] --START--
INFO: Run Behavior\ShowPageTraceBehavior [ RunTime:0.002000s ]
INFO: [ app_end ] --END-- [ RunTime:0.002000s ]

[ 2018-02-24T11:04:33+08:00 ] 192.168.1.106 /gaochao/
INFO: [ app_init ] --START--
INFO: Run Behavior\BuildLiteBehavior [ RunTime:0.000000s ]
INFO: [ app_init ] --END-- [ RunTime:0.058003s ]
INFO: [ app_begin ] --START--
INFO: Run Behavior\ReadHtmlCacheBehavior [ RunTime:0.024001s ]
INFO: Run Behavior\CheckLangBehavior [ RunTime:0.052003s ]
INFO: [ app_begin ] --END-- [ RunTime:0.076004s ]
SQL: SHOW COLUMNS FROM `sr_config` [ RunTime:0.0330s ]
SQL: SELECT `value` FROM `sr_config` WHERE `name` = 'US_ADDRESS' LIMIT 1   [ RunTime:0.0010s ]
SQL: SELECT `value` FROM `sr_config` WHERE `name` = 'US_EMAIL' LIMIT 1   [ RunTime:0.0010s ]
SQL: SELECT `value` FROM `sr_config` WHERE `name` = 'US_TELPHONE' LIMIT 1   [ RunTime:0.0010s ]
SQL: SELECT `value` FROM `sr_config` WHERE `name` = 'CONTACT_NUMBER' LIMIT 1   [ RunTime:0.0000s ]
SQL: SELECT `value` FROM `sr_config` WHERE `name` = 'COPY_RIGHT' LIMIT 1   [ RunTime:0.0000s ]
SQL: SELECT `value` FROM `sr_config` WHERE `name` = 'WEB_URL' LIMIT 1   [ RunTime:0.0010s ]
INFO: [ view_parse ] --START--
INFO: [ template_filter ] --START--
INFO: Run Behavior\ContentReplaceBehavior [ RunTime:0.000000s ]
INFO: [ template_filter ] --END-- [ RunTime:0.000000s ]
INFO: Run Behavior\ParseTemplateBehavior [ RunTime:0.299017s ]
INFO: [ view_parse ] --END-- [ RunTime:0.300017s ]
INFO: [ view_filter ] --START--
INFO: Run Behavior\WriteHtmlCacheBehavior [ RunTime:0.045003s ]
INFO: Run Behavior\TokenBuildBehavior [ RunTime:0.005000s ]
INFO: [ view_filter ] --END-- [ RunTime:0.050003s ]
INFO: [ app_end ] --START--
INFO: Run Behavior\ShowPageTraceBehavior [ RunTime:0.036002s ]
INFO: [ app_end ] --END-- [ RunTime:0.036002s ]

[ 2018-02-24T11:04:42+08:00 ] 192.168.1.106 /gaochao/Home/Index/Index/download_app.html
INFO: [ app_init ] --START--
INFO: Run Behavior\BuildLiteBehavior [ RunTime:0.000000s ]
INFO: [ app_init ] --END-- [ RunTime:0.001000s ]
INFO: [ app_begin ] --START--
INFO: Run Behavior\ReadHtmlCacheBehavior [ RunTime:0.001000s ]
INFO: Run Behavior\CheckLangBehavior [ RunTime:0.003000s ]
INFO: [ app_begin ] --END-- [ RunTime:0.004000s ]
SQL: SHOW COLUMNS FROM `sr_config` [ RunTime:0.0150s ]
SQL: SELECT `value` FROM `sr_config` WHERE `name` = 'APP_VERSION' LIMIT 1   [ RunTime:0.0220s ]
SQL: SELECT `value` FROM `sr_config` WHERE `name` = 'APP_UPLOAD_URL' LIMIT 1   [ RunTime:0.0010s ]

[ 2018-02-24T11:05:03+08:00 ] 192.168.1.106 /gaochao/Home/Index/Index/download_app.html
INFO: [ app_init ] --START--
INFO: Run Behavior\BuildLiteBehavior [ RunTime:0.000000s ]
INFO: [ app_init ] --END-- [ RunTime:0.001000s ]
INFO: [ app_begin ] --START--
INFO: Run Behavior\ReadHtmlCacheBehavior [ RunTime:0.002000s ]
INFO: Run Behavior\CheckLangBehavior [ RunTime:0.004001s ]
INFO: [ app_begin ] --END-- [ RunTime:0.006001s ]
SQL: SHOW COLUMNS FROM `sr_config` [ RunTime:0.0090s ]
SQL: SELECT `value` FROM `sr_config` WHERE `name` = 'APP_VERSION' LIMIT 1   [ RunTime:0.0010s ]
SQL: SELECT `value` FROM `sr_config` WHERE `name` = 'APP_UPLOAD_URL' LIMIT 1   [ RunTime:0.0000s ]

[ 2018-02-24T11:12:35+08:00 ] 192.168.1.102 /gaochao/
INFO: [ app_init ] --START--
INFO: Run Behavior\BuildLiteBehavior [ RunTime:0.000000s ]
INFO: [ app_init ] --END-- [ RunTime:0.036002s ]
INFO: [ app_begin ] --START--
INFO: Run Behavior\ReadHtmlCacheBehavior [ RunTime:0.003000s ]
INFO: Run Behavior\CheckLangBehavior [ RunTime:0.018001s ]
INFO: [ app_begin ] --END-- [ RunTime:0.021001s ]
SQL: SHOW COLUMNS FROM `sr_config` [ RunTime:0.0890s ]
SQL: SELECT `value` FROM `sr_config` WHERE `name` = 'US_ADDRESS' LIMIT 1   [ RunTime:0.0010s ]
SQL: SELECT `value` FROM `sr_config` WHERE `name` = 'US_EMAIL' LIMIT 1   [ RunTime:0.0010s ]
SQL: SELECT `value` FROM `sr_config` WHERE `name` = 'US_TELPHONE' LIMIT 1   [ RunTime:0.0000s ]
SQL: SELECT `value` FROM `sr_config` WHERE `name` = 'CONTACT_NUMBER' LIMIT 1   [ RunTime:0.0010s ]
SQL: SELECT `value` FROM `sr_config` WHERE `name` = 'COPY_RIGHT' LIMIT 1   [ RunTime:0.0010s ]
SQL: SELECT `value` FROM `sr_config` WHERE `name` = 'WEB_URL' LIMIT 1   [ RunTime:0.0000s ]
INFO: [ view_parse ] --START--
INFO: [ template_filter ] --START--
INFO: Run Behavior\ContentReplaceBehavior [ RunTime:0.001000s ]
INFO: [ template_filter ] --END-- [ RunTime:0.001000s ]
INFO: Run Behavior\ParseTemplateBehavior [ RunTime:0.305018s ]
INFO: [ view_parse ] --END-- [ RunTime:0.305018s ]
INFO: [ view_filter ] --START--
INFO: Run Behavior\WriteHtmlCacheBehavior [ RunTime:0.049003s ]
INFO: Run Behavior\TokenBuildBehavior [ RunTime:0.021001s ]
INFO: [ view_filter ] --END-- [ RunTime:0.070004s ]
INFO: [ app_end ] --START--
INFO: Run Behavior\ShowPageTraceBehavior [ RunTime:0.229013s ]
INFO: [ app_end ] --END-- [ RunTime:0.229013s ]

[ 2018-02-24T11:12:55+08:00 ] 192.168.1.102 /gaochao/Public/Home/css/grabbing.png
INFO: [ app_init ] --START--
INFO: Run Behavior\BuildLiteBehavior [ RunTime:0.000000s ]
INFO: [ app_init ] --END-- [ RunTime:0.000000s ]

[ 2018-02-24T11:15:23+08:00 ] 192.168.1.102 /gaochao/
INFO: [ app_init ] --START--
INFO: Run Behavior\BuildLiteBehavior [ RunTime:0.000000s ]
INFO: [ app_init ] --END-- [ RunTime:0.001000s ]
INFO: [ app_begin ] --START--
INFO: Run Behavior\ReadHtmlCacheBehavior [ RunTime:0.001000s ]
INFO: Run Behavior\CheckLangBehavior [ RunTime:0.099006s ]
INFO: [ app_begin ] --END-- [ RunTime:0.100006s ]
SQL: SHOW COLUMNS FROM `sr_config` [ RunTime:0.0180s ]
SQL: SELECT `value` FROM `sr_config` WHERE `name` = 'US_ADDRESS' LIMIT 1   [ RunTime:0.0000s ]
SQL: SELECT `value` FROM `sr_config` WHERE `name` = 'US_EMAIL' LIMIT 1   [ RunTime:0.0000s ]
SQL: SELECT `value` FROM `sr_config` WHERE `name` = 'US_TELPHONE' LIMIT 1   [ RunTime:0.0000s ]
SQL: SELECT `value` FROM `sr_config` WHERE `name` = 'CONTACT_NUMBER' LIMIT 1   [ RunTime:0.0010s ]
SQL: SELECT `value` FROM `sr_config` WHERE `name` = 'COPY_RIGHT' LIMIT 1   [ RunTime:0.0010s ]
SQL: SELECT `value` FROM `sr_config` WHERE `name` = 'WEB_URL' LIMIT 1   [ RunTime:0.0010s ]
INFO: [ view_parse ] --START--
INFO: [ template_filter ] --START--
INFO: Run Behavior\ContentReplaceBehavior [ RunTime:0.001000s ]
INFO: [ template_filter ] --END-- [ RunTime:0.001000s ]
INFO: Run Behavior\ParseTemplateBehavior [ RunTime:0.374022s ]
INFO: [ view_parse ] --END-- [ RunTime:0.374022s ]
INFO: [ view_filter ] --START--
INFO: Run Behavior\WriteHtmlCacheBehavior [ RunTime:0.001000s ]
INFO: Run Behavior\TokenBuildBehavior [ RunTime:0.001000s ]
INFO: [ view_filter ] --END-- [ RunTime:0.002000s ]
INFO: [ app_end ] --START--
INFO: Run Behavior\ShowPageTraceBehavior [ RunTime:0.002000s ]
INFO: [ app_end ] --END-- [ RunTime:0.002000s ]

[ 2018-02-24T11:16:45+08:00 ] 192.168.1.102 /gaochao/
INFO: [ app_init ] --START--
INFO: Run Behavior\BuildLiteBehavior [ RunTime:0.000000s ]
INFO: [ app_init ] --END-- [ RunTime:0.001000s ]
INFO: [ app_begin ] --START--
INFO: Run Behavior\ReadHtmlCacheBehavior [ RunTime:0.002000s ]
INFO: Run Behavior\CheckLangBehavior [ RunTime:0.003000s ]
INFO: [ app_begin ] --END-- [ RunTime:0.005000s ]
SQL: SHOW COLUMNS FROM `sr_config` [ RunTime:0.0170s ]
SQL: SELECT `value` FROM `sr_config` WHERE `name` = 'US_ADDRESS' LIMIT 1   [ RunTime:0.0000s ]
SQL: SELECT `value` FROM `sr_config` WHERE `name` = 'US_EMAIL' LIMIT 1   [ RunTime:0.0010s ]
SQL: SELECT `value` FROM `sr_config` WHERE `name` = 'US_TELPHONE' LIMIT 1   [ RunTime:0.0000s ]
SQL: SELECT `value` FROM `sr_config` WHERE `name` = 'CONTACT_NUMBER' LIMIT 1   [ RunTime:0.0010s ]
SQL: SELECT `value` FROM `sr_config` WHERE `name` = 'COPY_RIGHT' LIMIT 1   [ RunTime:0.0000s ]
SQL: SELECT `value` FROM `sr_config` WHERE `name` = 'WEB_URL' LIMIT 1   [ RunTime:0.0000s ]
INFO: [ view_parse ] --START--
INFO: [ template_filter ] --START--
INFO: Run Behavior\ContentReplaceBehavior [ RunTime:0.000000s ]
INFO: [ template_filter ] --END-- [ RunTime:0.000000s ]
INFO: Run Behavior\ParseTemplateBehavior [ RunTime:0.042003s ]
INFO: [ view_parse ] --END-- [ RunTime:0.042003s ]
INFO: [ view_filter ] --START--
INFO: Run Behavior\WriteHtmlCacheBehavior [ RunTime:0.001000s ]
INFO: Run Behavior\TokenBuildBehavior [ RunTime:0.001000s ]
INFO: [ view_filter ] --END-- [ RunTime:0.002000s ]
INFO: [ app_end ] --START--
INFO: Run Behavior\ShowPageTraceBehavior [ RunTime:0.001000s ]
INFO: [ app_end ] --END-- [ RunTime:0.001000s ]

[ 2018-02-24T11:17:24+08:00 ] 192.168.1.102 /gaochao/
INFO: [ app_init ] --START--
INFO: Run Behavior\BuildLiteBehavior [ RunTime:0.000000s ]
INFO: [ app_init ] --END-- [ RunTime:0.001000s ]
INFO: [ app_begin ] --START--
INFO: Run Behavior\ReadHtmlCacheBehavior [ RunTime:0.002000s ]
INFO: Run Behavior\CheckLangBehavior [ RunTime:0.040002s ]
INFO: [ app_begin ] --END-- [ RunTime:0.042002s ]
SQL: SHOW COLUMNS FROM `sr_config` [ RunTime:0.0140s ]
SQL: SELECT `value` FROM `sr_config` WHERE `name` = 'US_ADDRESS' LIMIT 1   [ RunTime:0.0010s ]
SQL: SELECT `value` FROM `sr_config` WHERE `name` = 'US_EMAIL' LIMIT 1   [ RunTime:0.0000s ]
SQL: SELECT `value` FROM `sr_config` WHERE `name` = 'US_TELPHONE' LIMIT 1   [ RunTime:0.0010s ]
SQL: SELECT `value` FROM `sr_config` WHERE `name` = 'CONTACT_NUMBER' LIMIT 1   [ RunTime:0.0000s ]
SQL: SELECT `value` FROM `sr_config` WHERE `name` = 'COPY_RIGHT' LIMIT 1   [ RunTime:0.0010s ]
SQL: SELECT `value` FROM `sr_config` WHERE `name` = 'WEB_URL' LIMIT 1   [ RunTime:0.0000s ]
INFO: [ view_parse ] --START--
INFO: [ template_filter ] --START--
INFO: Run Behavior\ContentReplaceBehavior [ RunTime:0.000000s ]
INFO: [ template_filter ] --END-- [ RunTime:0.000000s ]
INFO: Run Behavior\ParseTemplateBehavior [ RunTime:0.129007s ]
INFO: [ view_parse ] --END-- [ RunTime:0.129007s ]
INFO: [ view_filter ] --START--
INFO: Run Behavior\WriteHtmlCacheBehavior [ RunTime:0.002000s ]
INFO: Run Behavior\TokenBuildBehavior [ RunTime:0.001000s ]
INFO: [ view_filter ] --END-- [ RunTime:0.003000s ]
INFO: [ app_end ] --START--
INFO: Run Behavior\ShowPageTraceBehavior [ RunTime:0.002000s ]
INFO: [ app_end ] --END-- [ RunTime:0.002000s ]

[ 2018-02-24T11:19:17+08:00 ] 192.168.1.102 /gaochao/
INFO: [ app_init ] --START--
INFO: Run Behavior\BuildLiteBehavior [ RunTime:0.000000s ]
INFO: [ app_init ] --END-- [ RunTime:0.001000s ]
INFO: [ app_begin ] --START--
INFO: Run Behavior\ReadHtmlCacheBehavior [ RunTime:0.001000s ]
INFO: Run Behavior\CheckLangBehavior [ RunTime:0.001000s ]
INFO: [ app_begin ] --END-- [ RunTime:0.002000s ]
SQL: SHOW COLUMNS FROM `sr_config` [ RunTime:0.0230s ]
SQL: SELECT `value` FROM `sr_config` WHERE `name` = 'US_ADDRESS' LIMIT 1   [ RunTime:0.0000s ]
SQL: SELECT `value` FROM `sr_config` WHERE `name` = 'US_EMAIL' LIMIT 1   [ RunTime:0.0010s ]
SQL: SELECT `value` FROM `sr_config` WHERE `name` = 'US_TELPHONE' LIMIT 1   [ RunTime:0.0000s ]
SQL: SELECT `value` FROM `sr_config` WHERE `name` = 'CONTACT_NUMBER' LIMIT 1   [ RunTime:0.0000s ]
SQL: SELECT `value` FROM `sr_config` WHERE `name` = 'COPY_RIGHT' LIMIT 1   [ RunTime:0.0010s ]
SQL: SELECT `value` FROM `sr_config` WHERE `name` = 'WEB_URL' LIMIT 1   [ RunTime:0.0000s ]
INFO: [ view_parse ] --START--
INFO: [ template_filter ] --START--
INFO: Run Behavior\ContentReplaceBehavior [ RunTime:0.000000s ]
INFO: [ template_filter ] --END-- [ RunTime:0.000000s ]
INFO: Run Behavior\ParseTemplateBehavior [ RunTime:0.011001s ]
INFO: [ view_parse ] --END-- [ RunTime:0.011001s ]
INFO: [ view_filter ] --START--
INFO: Run Behavior\WriteHtmlCacheBehavior [ RunTime:0.000000s ]
INFO: Run Behavior\TokenBuildBehavior [ RunTime:0.001000s ]
INFO: [ view_filter ] --END-- [ RunTime:0.001000s ]
INFO: [ app_end ] --START--
INFO: Run Behavior\ShowPageTraceBehavior [ RunTime:0.001000s ]
INFO: [ app_end ] --END-- [ RunTime:0.001000s ]

[ 2018-02-24T11:19:34+08:00 ] 192.168.1.102 /gaochao/
INFO: [ app_init ] --START--
INFO: Run Behavior\BuildLiteBehavior [ RunTime:0.000000s ]
INFO: [ app_init ] --END-- [ RunTime:0.001000s ]
INFO: [ app_begin ] --START--
INFO: Run Behavior\ReadHtmlCacheBehavior [ RunTime:0.001000s ]
INFO: Run Behavior\CheckLangBehavior [ RunTime:0.001000s ]
INFO: [ app_begin ] --END-- [ RunTime:0.002000s ]
SQL: SHOW COLUMNS FROM `sr_config` [ RunTime:0.0080s ]
SQL: SELECT `value` FROM `sr_config` WHERE `name` = 'US_ADDRESS' LIMIT 1   [ RunTime:0.0000s ]
SQL: SELECT `value` FROM `sr_config` WHERE `name` = 'US_EMAIL' LIMIT 1   [ RunTime:0.0010s ]
SQL: SELECT `value` FROM `sr_config` WHERE `name` = 'US_TELPHONE' LIMIT 1   [ RunTime:0.0000s ]
SQL: SELECT `value` FROM `sr_config` WHERE `name` = 'CONTACT_NUMBER' LIMIT 1   [ RunTime:0.0000s ]
SQL: SELECT `value` FROM `sr_config` WHERE `name` = 'COPY_RIGHT' LIMIT 1   [ RunTime:0.0010s ]
SQL: SELECT `value` FROM `sr_config` WHERE `name` = 'WEB_URL' LIMIT 1   [ RunTime:0.0000s ]
INFO: [ view_parse ] --START--
INFO: [ template_filter ] --START--
INFO: Run Behavior\ContentReplaceBehavior [ RunTime:0.001000s ]
INFO: [ template_filter ] --END-- [ RunTime:0.001000s ]
INFO: Run Behavior\ParseTemplateBehavior [ RunTime:0.361021s ]
INFO: [ view_parse ] --END-- [ RunTime:0.361021s ]
INFO: [ view_filter ] --START--
INFO: Run Behavior\WriteHtmlCacheBehavior [ RunTime:0.001000s ]
INFO: Run Behavior\TokenBuildBehavior [ RunTime:0.002000s ]
INFO: [ view_filter ] --END-- [ RunTime:0.003000s ]
INFO: [ app_end ] --START--
INFO: Run Behavior\ShowPageTraceBehavior [ RunTime:0.002000s ]
INFO: [ app_end ] --END-- [ RunTime:0.002000s ]

[ 2018-02-24T11:19:50+08:00 ] 192.168.1.102 /gaochao/
INFO: [ app_init ] --START--
INFO: Run Behavior\BuildLiteBehavior [ RunTime:0.000000s ]
INFO: [ app_init ] --END-- [ RunTime:0.001000s ]
INFO: [ app_begin ] --START--
INFO: Run Behavior\ReadHtmlCacheBehavior [ RunTime:0.001000s ]
INFO: Run Behavior\CheckLangBehavior [ RunTime:0.001000s ]
INFO: [ app_begin ] --END-- [ RunTime:0.002000s ]
SQL: SHOW COLUMNS FROM `sr_config` [ RunTime:0.0100s ]
SQL: SELECT `value` FROM `sr_config` WHERE `name` = 'US_ADDRESS' LIMIT 1   [ RunTime:0.0010s ]
SQL: SELECT `value` FROM `sr_config` WHERE `name` = 'US_EMAIL' LIMIT 1   [ RunTime:0.0000s ]
SQL: SELECT `value` FROM `sr_config` WHERE `name` = 'US_TELPHONE' LIMIT 1   [ RunTime:0.0000s ]
SQL: SELECT `value` FROM `sr_config` WHERE `name` = 'CONTACT_NUMBER' LIMIT 1   [ RunTime:0.0000s ]
SQL: SELECT `value` FROM `sr_config` WHERE `name` = 'COPY_RIGHT' LIMIT 1   [ RunTime:0.0000s ]
SQL: SELECT `value` FROM `sr_config` WHERE `name` = 'WEB_URL' LIMIT 1   [ RunTime:0.0000s ]
INFO: [ view_parse ] --START--
INFO: [ template_filter ] --START--
INFO: Run Behavior\ContentReplaceBehavior [ RunTime:0.000000s ]
INFO: [ template_filter ] --END-- [ RunTime:0.000000s ]
INFO: Run Behavior\ParseTemplateBehavior [ RunTime:0.014000s ]
INFO: [ view_parse ] --END-- [ RunTime:0.014000s ]
INFO: [ view_filter ] --START--
INFO: Run Behavior\WriteHtmlCacheBehavior [ RunTime:0.001001s ]
INFO: Run Behavior\TokenBuildBehavior [ RunTime:0.000000s ]
INFO: [ view_filter ] --END-- [ RunTime:0.001001s ]
INFO: [ app_end ] --START--
INFO: Run Behavior\ShowPageTraceBehavior [ RunTime:0.000000s ]
INFO: [ app_end ] --END-- [ RunTime:0.001000s ]

[ 2018-02-24T11:20:58+08:00 ] 192.168.1.102 /gaochao/
INFO: [ app_init ] --START--
INFO: Run Behavior\BuildLiteBehavior [ RunTime:0.000000s ]
INFO: [ app_init ] --END-- [ RunTime:0.000000s ]
INFO: [ app_begin ] --START--
INFO: Run Behavior\ReadHtmlCacheBehavior [ RunTime:0.001000s ]
INFO: Run Behavior\CheckLangBehavior [ RunTime:0.001000s ]
INFO: [ app_begin ] --END-- [ RunTime:0.002000s ]
SQL: SHOW COLUMNS FROM `sr_config` [ RunTime:0.0090s ]
SQL: SELECT `value` FROM `sr_config` WHERE `name` = 'US_ADDRESS' LIMIT 1   [ RunTime:0.0000s ]
SQL: SELECT `value` FROM `sr_config` WHERE `name` = 'US_EMAIL' LIMIT 1   [ RunTime:0.0010s ]
SQL: SELECT `value` FROM `sr_config` WHERE `name` = 'US_TELPHONE' LIMIT 1   [ RunTime:0.0000s ]
SQL: SELECT `value` FROM `sr_config` WHERE `name` = 'CONTACT_NUMBER' LIMIT 1   [ RunTime:0.0000s ]
SQL: SELECT `value` FROM `sr_config` WHERE `name` = 'COPY_RIGHT' LIMIT 1   [ RunTime:0.0010s ]
SQL: SELECT `value` FROM `sr_config` WHERE `name` = 'WEB_URL' LIMIT 1   [ RunTime:0.0000s ]
INFO: [ view_parse ] --START--
INFO: [ template_filter ] --START--
INFO: Run Behavior\ContentReplaceBehavior [ RunTime:0.001000s ]
INFO: [ template_filter ] --END-- [ RunTime:0.001000s ]
INFO: Run Behavior\ParseTemplateBehavior [ RunTime:0.012001s ]
INFO: [ view_parse ] --END-- [ RunTime:0.012001s ]
INFO: [ view_filter ] --START--
INFO: Run Behavior\WriteHtmlCacheBehavior [ RunTime:0.000000s ]
INFO: Run Behavior\TokenBuildBehavior [ RunTime:0.001000s ]
INFO: [ view_filter ] --END-- [ RunTime:0.001000s ]
INFO: [ app_end ] --START--
INFO: Run Behavior\ShowPageTraceBehavior [ RunTime:0.001000s ]
INFO: [ app_end ] --END-- [ RunTime:0.002000s ]

[ 2018-02-24T11:21:13+08:00 ] 192.168.1.102 /gaochao/
INFO: [ app_init ] --START--
INFO: Run Behavior\BuildLiteBehavior [ RunTime:0.000000s ]
INFO: [ app_init ] --END-- [ RunTime:0.001000s ]
INFO: [ app_begin ] --START--
INFO: Run Behavior\ReadHtmlCacheBehavior [ RunTime:0.001000s ]
INFO: Run Behavior\CheckLangBehavior [ RunTime:0.002000s ]
INFO: [ app_begin ] --END-- [ RunTime:0.003000s ]
SQL: SHOW COLUMNS FROM `sr_config` [ RunTime:0.0080s ]
SQL: SELECT `value` FROM `sr_config` WHERE `name` = 'US_ADDRESS' LIMIT 1   [ RunTime:0.0000s ]
SQL: SELECT `value` FROM `sr_config` WHERE `name` = 'US_EMAIL' LIMIT 1   [ RunTime:0.0000s ]
SQL: SELECT `value` FROM `sr_config` WHERE `name` = 'US_TELPHONE' LIMIT 1   [ RunTime:0.0010s ]
SQL: SELECT `value` FROM `sr_config` WHERE `name` = 'CONTACT_NUMBER' LIMIT 1   [ RunTime:0.0000s ]
SQL: SELECT `value` FROM `sr_config` WHERE `name` = 'COPY_RIGHT' LIMIT 1   [ RunTime:0.0000s ]
SQL: SELECT `value` FROM `sr_config` WHERE `name` = 'WEB_URL' LIMIT 1   [ RunTime:0.0010s ]
INFO: [ view_parse ] --START--
INFO: [ template_filter ] --START--
INFO: Run Behavior\ContentReplaceBehavior [ RunTime:0.000000s ]
INFO: [ template_filter ] --END-- [ RunTime:0.000000s ]
INFO: Run Behavior\ParseTemplateBehavior [ RunTime:0.011001s ]
INFO: [ view_parse ] --END-- [ RunTime:0.011001s ]
INFO: [ view_filter ] --START--
INFO: Run Behavior\WriteHtmlCacheBehavior [ RunTime:0.000000s ]
INFO: Run Behavior\TokenBuildBehavior [ RunTime:0.001000s ]
INFO: [ view_filter ] --END-- [ RunTime:0.001000s ]
INFO: [ app_end ] --START--
INFO: Run Behavior\ShowPageTraceBehavior [ RunTime:0.001000s ]
INFO: [ app_end ] --END-- [ RunTime:0.001000s ]

[ 2018-02-24T11:21:26+08:00 ] 192.168.1.102 /gaochao/
INFO: [ app_init ] --START--
INFO: Run Behavior\BuildLiteBehavior [ RunTime:0.000000s ]
INFO: [ app_init ] --END-- [ RunTime:0.000000s ]
INFO: [ app_begin ] --START--
INFO: Run Behavior\ReadHtmlCacheBehavior [ RunTime:0.001000s ]
INFO: Run Behavior\CheckLangBehavior [ RunTime:0.002000s ]
INFO: [ app_begin ] --END-- [ RunTime:0.003000s ]
SQL: SHOW COLUMNS FROM `sr_config` [ RunTime:0.0090s ]
SQL: SELECT `value` FROM `sr_config` WHERE `name` = 'US_ADDRESS' LIMIT 1   [ RunTime:0.0010s ]
SQL: SELECT `value` FROM `sr_config` WHERE `name` = 'US_EMAIL' LIMIT 1   [ RunTime:0.0000s ]
SQL: SELECT `value` FROM `sr_config` WHERE `name` = 'US_TELPHONE' LIMIT 1   [ RunTime:0.0000s ]
SQL: SELECT `value` FROM `sr_config` WHERE `name` = 'CONTACT_NUMBER' LIMIT 1   [ RunTime:0.0010s ]
SQL: SELECT `value` FROM `sr_config` WHERE `name` = 'COPY_RIGHT' LIMIT 1   [ RunTime:0.0000s ]
SQL: SELECT `value` FROM `sr_config` WHERE `name` = 'WEB_URL' LIMIT 1   [ RunTime:0.0000s ]
INFO: [ view_parse ] --START--
INFO: [ template_filter ] --START--
INFO: Run Behavior\ContentReplaceBehavior [ RunTime:0.001000s ]
INFO: [ template_filter ] --END-- [ RunTime:0.001000s ]
INFO: Run Behavior\ParseTemplateBehavior [ RunTime:0.034002s ]
INFO: [ view_parse ] --END-- [ RunTime:0.034002s ]
INFO: [ view_filter ] --START--
INFO: Run Behavior\WriteHtmlCacheBehavior [ RunTime:0.000000s ]
INFO: Run Behavior\TokenBuildBehavior [ RunTime:0.001000s ]
INFO: [ view_filter ] --END-- [ RunTime:0.001000s ]
INFO: [ app_end ] --START--
INFO: Run Behavior\ShowPageTraceBehavior [ RunTime:0.001000s ]
INFO: [ app_end ] --END-- [ RunTime:0.001000s ]

[ 2018-02-24T11:21:34+08:00 ] 192.168.1.102 /gaochao/
INFO: [ app_init ] --START--
INFO: Run Behavior\BuildLiteBehavior [ RunTime:0.000000s ]
INFO: [ app_init ] --END-- [ RunTime:0.000000s ]
INFO: [ app_begin ] --START--
INFO: Run Behavior\ReadHtmlCacheBehavior [ RunTime:0.001000s ]
INFO: Run Behavior\CheckLangBehavior [ RunTime:0.002000s ]
INFO: [ app_begin ] --END-- [ RunTime:0.003000s ]
SQL: SHOW COLUMNS FROM `sr_config` [ RunTime:0.0080s ]
SQL: SELECT `value` FROM `sr_config` WHERE `name` = 'US_ADDRESS' LIMIT 1   [ RunTime:0.0000s ]
SQL: SELECT `value` FROM `sr_config` WHERE `name` = 'US_EMAIL' LIMIT 1   [ RunTime:0.0010s ]
SQL: SELECT `value` FROM `sr_config` WHERE `name` = 'US_TELPHONE' LIMIT 1   [ RunTime:0.0000s ]
SQL: SELECT `value` FROM `sr_config` WHERE `name` = 'CONTACT_NUMBER' LIMIT 1   [ RunTime:0.0000s ]
SQL: SELECT `value` FROM `sr_config` WHERE `name` = 'COPY_RIGHT' LIMIT 1   [ RunTime:0.0010s ]
SQL: SELECT `value` FROM `sr_config` WHERE `name` = 'WEB_URL' LIMIT 1   [ RunTime:0.0000s ]
INFO: [ view_parse ] --START--
INFO: [ template_filter ] --START--
INFO: Run Behavior\ContentReplaceBehavior [ RunTime:0.001000s ]
INFO: [ template_filter ] --END-- [ RunTime:0.001000s ]
INFO: Run Behavior\ParseTemplateBehavior [ RunTime:0.011000s ]
INFO: [ view_parse ] --END-- [ RunTime:0.011000s ]
INFO: [ view_filter ] --START--
INFO: Run Behavior\WriteHtmlCacheBehavior [ RunTime:0.001001s ]
INFO: Run Behavior\TokenBuildBehavior [ RunTime:0.001000s ]
INFO: [ view_filter ] --END-- [ RunTime:0.002001s ]
INFO: [ app_end ] --START--
INFO: Run Behavior\ShowPageTraceBehavior [ RunTime:0.001000s ]
INFO: [ app_end ] --END-- [ RunTime:0.001000s ]

[ 2018-02-24T11:21:47+08:00 ] 192.168.1.102 /gaochao/
INFO: [ app_init ] --START--
INFO: Run Behavior\BuildLiteBehavior [ RunTime:0.000000s ]
INFO: [ app_init ] --END-- [ RunTime:0.001000s ]
INFO: [ app_begin ] --START--
INFO: Run Behavior\ReadHtmlCacheBehavior [ RunTime:0.001000s ]
INFO: Run Behavior\CheckLangBehavior [ RunTime:0.003000s ]
INFO: [ app_begin ] --END-- [ RunTime:0.004000s ]
SQL: SHOW COLUMNS FROM `sr_config` [ RunTime:0.0120s ]
SQL: SELECT `value` FROM `sr_config` WHERE `name` = 'US_ADDRESS' LIMIT 1   [ RunTime:0.0010s ]
SQL: SELECT `value` FROM `sr_config` WHERE `name` = 'US_EMAIL' LIMIT 1   [ RunTime:0.0000s ]
SQL: SELECT `value` FROM `sr_config` WHERE `name` = 'US_TELPHONE' LIMIT 1   [ RunTime:0.0010s ]
SQL: SELECT `value` FROM `sr_config` WHERE `name` = 'CONTACT_NUMBER' LIMIT 1   [ RunTime:0.0000s ]
SQL: SELECT `value` FROM `sr_config` WHERE `name` = 'COPY_RIGHT' LIMIT 1   [ RunTime:0.0000s ]
SQL: SELECT `value` FROM `sr_config` WHERE `name` = 'WEB_URL' LIMIT 1   [ RunTime:0.0010s ]
INFO: [ view_parse ] --START--
INFO: [ template_filter ] --START--
INFO: Run Behavior\ContentReplaceBehavior [ RunTime:0.001000s ]
INFO: [ template_filter ] --END-- [ RunTime:0.001000s ]
INFO: Run Behavior\ParseTemplateBehavior [ RunTime:0.011001s ]
INFO: [ view_parse ] --END-- [ RunTime:0.011001s ]
INFO: [ view_filter ] --START--
INFO: Run Behavior\WriteHtmlCacheBehavior [ RunTime:0.000000s ]
INFO: Run Behavior\TokenBuildBehavior [ RunTime:0.001000s ]
INFO: [ view_filter ] --END-- [ RunTime:0.001000s ]
INFO: [ app_end ] --START--
INFO: Run Behavior\ShowPageTraceBehavior [ RunTime:0.001000s ]
INFO: [ app_end ] --END-- [ RunTime:0.001000s ]

[ 2018-02-24T11:22:01+08:00 ] 192.168.1.102 /gaochao/
INFO: [ app_init ] --START--
INFO: Run Behavior\BuildLiteBehavior [ RunTime:0.000000s ]
INFO: [ app_init ] --END-- [ RunTime:0.001000s ]
INFO: [ app_begin ] --START--
INFO: Run Behavior\ReadHtmlCacheBehavior [ RunTime:0.000000s ]
INFO: Run Behavior\CheckLangBehavior [ RunTime:0.001000s ]
INFO: [ app_begin ] --END-- [ RunTime:0.002000s ]
SQL: SHOW COLUMNS FROM `sr_config` [ RunTime:0.0100s ]
SQL: SELECT `value` FROM `sr_config` WHERE `name` = 'US_ADDRESS' LIMIT 1   [ RunTime:0.0000s ]
SQL: SELECT `value` FROM `sr_config` WHERE `name` = 'US_EMAIL' LIMIT 1   [ RunTime:0.0000s ]
SQL: SELECT `value` FROM `sr_config` WHERE `name` = 'US_TELPHONE' LIMIT 1   [ RunTime:0.0010s ]
SQL: SELECT `value` FROM `sr_config` WHERE `name` = 'CONTACT_NUMBER' LIMIT 1   [ RunTime:0.0000s ]
SQL: SELECT `value` FROM `sr_config` WHERE `name` = 'COPY_RIGHT' LIMIT 1   [ RunTime:0.0000s ]
SQL: SELECT `value` FROM `sr_config` WHERE `name` = 'WEB_URL' LIMIT 1   [ RunTime:0.0010s ]
INFO: [ view_parse ] --START--
INFO: [ template_filter ] --START--
INFO: Run Behavior\ContentReplaceBehavior [ RunTime:0.001000s ]
INFO: [ template_filter ] --END-- [ RunTime:0.001000s ]
INFO: Run Behavior\ParseTemplateBehavior [ RunTime:0.011000s ]
INFO: [ view_parse ] --END-- [ RunTime:0.011000s ]
INFO: [ view_filter ] --START--
INFO: Run Behavior\WriteHtmlCacheBehavior [ RunTime:0.000000s ]
INFO: Run Behavior\TokenBuildBehavior [ RunTime:0.001000s ]
INFO: [ view_filter ] --END-- [ RunTime:0.001000s ]
INFO: [ app_end ] --START--
INFO: Run Behavior\ShowPageTraceBehavior [ RunTime:0.001001s ]
INFO: [ app_end ] --END-- [ RunTime:0.001001s ]

[ 2018-02-24T11:22:16+08:00 ] 192.168.1.102 /gaochao/
INFO: [ app_init ] --START--
INFO: Run Behavior\BuildLiteBehavior [ RunTime:0.000000s ]
INFO: [ app_init ] --END-- [ RunTime:0.001000s ]
INFO: [ app_begin ] --START--
INFO: Run Behavior\ReadHtmlCacheBehavior [ RunTime:0.001000s ]
INFO: Run Behavior\CheckLangBehavior [ RunTime:0.002000s ]
INFO: [ app_begin ] --END-- [ RunTime:0.003000s ]
SQL: SHOW COLUMNS FROM `sr_config` [ RunTime:0.0100s ]
SQL: SELECT `value` FROM `sr_config` WHERE `name` = 'US_ADDRESS' LIMIT 1   [ RunTime:0.0010s ]
SQL: SELECT `value` FROM `sr_config` WHERE `name` = 'US_EMAIL' LIMIT 1   [ RunTime:0.0000s ]
SQL: SELECT `value` FROM `sr_config` WHERE `name` = 'US_TELPHONE' LIMIT 1   [ RunTime:0.0010s ]
SQL: SELECT `value` FROM `sr_config` WHERE `name` = 'CONTACT_NUMBER' LIMIT 1   [ RunTime:0.0000s ]
SQL: SELECT `value` FROM `sr_config` WHERE `name` = 'COPY_RIGHT' LIMIT 1   [ RunTime:0.0010s ]
SQL: SELECT `value` FROM `sr_config` WHERE `name` = 'WEB_URL' LIMIT 1   [ RunTime:0.0000s ]
INFO: [ view_parse ] --START--
INFO: [ template_filter ] --START--
INFO: Run Behavior\ContentReplaceBehavior [ RunTime:0.001000s ]
INFO: [ template_filter ] --END-- [ RunTime:0.001000s ]
INFO: Run Behavior\ParseTemplateBehavior [ RunTime:0.011001s ]
INFO: [ view_parse ] --END-- [ RunTime:0.011001s ]
INFO: [ view_filter ] --START--
INFO: Run Behavior\WriteHtmlCacheBehavior [ RunTime:0.001000s ]
INFO: Run Behavior\TokenBuildBehavior [ RunTime:0.000000s ]
INFO: [ view_filter ] --END-- [ RunTime:0.001000s ]
INFO: [ app_end ] --START--
INFO: Run Behavior\ShowPageTraceBehavior [ RunTime:0.000000s ]
INFO: [ app_end ] --END-- [ RunTime:0.001000s ]

[ 2018-02-24T11:22:29+08:00 ] 192.168.1.102 /gaochao/
INFO: [ app_init ] --START--
INFO: Run Behavior\BuildLiteBehavior [ RunTime:0.000000s ]
INFO: [ app_init ] --END-- [ RunTime:0.001000s ]
INFO: [ app_begin ] --START--
INFO: Run Behavior\ReadHtmlCacheBehavior [ RunTime:0.001000s ]
INFO: Run Behavior\CheckLangBehavior [ RunTime:0.001000s ]
INFO: [ app_begin ] --END-- [ RunTime:0.002000s ]
SQL: SHOW COLUMNS FROM `sr_config` [ RunTime:0.0090s ]
SQL: SELECT `value` FROM `sr_config` WHERE `name` = 'US_ADDRESS' LIMIT 1   [ RunTime:0.0000s ]
SQL: SELECT `value` FROM `sr_config` WHERE `name` = 'US_EMAIL' LIMIT 1   [ RunTime:0.0010s ]
SQL: SELECT `value` FROM `sr_config` WHERE `name` = 'US_TELPHONE' LIMIT 1   [ RunTime:0.0000s ]
SQL: SELECT `value` FROM `sr_config` WHERE `name` = 'CONTACT_NUMBER' LIMIT 1   [ RunTime:0.0000s ]
SQL: SELECT `value` FROM `sr_config` WHERE `name` = 'COPY_RIGHT' LIMIT 1   [ RunTime:0.0010s ]
SQL: SELECT `value` FROM `sr_config` WHERE `name` = 'WEB_URL' LIMIT 1   [ RunTime:0.0000s ]
INFO: [ view_parse ] --START--
INFO: [ template_filter ] --START--
INFO: Run Behavior\ContentReplaceBehavior [ RunTime:0.000000s ]
INFO: [ template_filter ] --END-- [ RunTime:0.000000s ]
INFO: Run Behavior\ParseTemplateBehavior [ RunTime:0.011000s ]
INFO: [ view_parse ] --END-- [ RunTime:0.011000s ]
INFO: [ view_filter ] --START--
INFO: Run Behavior\WriteHtmlCacheBehavior [ RunTime:0.001000s ]
INFO: Run Behavior\TokenBuildBehavior [ RunTime:0.000000s ]
INFO: [ view_filter ] --END-- [ RunTime:0.001000s ]
INFO: [ app_end ] --START--
INFO: Run Behavior\ShowPageTraceBehavior [ RunTime:0.001000s ]
INFO: [ app_end ] --END-- [ RunTime:0.001000s ]

[ 2018-02-24T11:22:42+08:00 ] 192.168.1.102 /gaochao/
INFO: [ app_init ] --START--
INFO: Run Behavior\BuildLiteBehavior [ RunTime:0.000000s ]
INFO: [ app_init ] --END-- [ RunTime:0.001000s ]
INFO: [ app_begin ] --START--
INFO: Run Behavior\ReadHtmlCacheBehavior [ RunTime:0.002000s ]
INFO: Run Behavior\CheckLangBehavior [ RunTime:0.057004s ]
INFO: [ app_begin ] --END-- [ RunTime:0.059004s ]
SQL: SHOW COLUMNS FROM `sr_config` [ RunTime:0.0180s ]
SQL: SELECT `value` FROM `sr_config` WHERE `name` = 'US_ADDRESS' LIMIT 1   [ RunTime:0.0020s ]
SQL: SELECT `value` FROM `sr_config` WHERE `name` = 'US_EMAIL' LIMIT 1   [ RunTime:0.0010s ]
SQL: SELECT `value` FROM `sr_config` WHERE `name` = 'US_TELPHONE' LIMIT 1   [ RunTime:0.0010s ]
SQL: SELECT `value` FROM `sr_config` WHERE `name` = 'CONTACT_NUMBER' LIMIT 1   [ RunTime:0.0010s ]
SQL: SELECT `value` FROM `sr_config` WHERE `name` = 'COPY_RIGHT' LIMIT 1   [ RunTime:0.0000s ]
SQL: SELECT `value` FROM `sr_config` WHERE `name` = 'WEB_URL' LIMIT 1   [ RunTime:0.1290s ]
INFO: [ view_parse ] --START--
INFO: [ template_filter ] --START--
INFO: Run Behavior\ContentReplaceBehavior [ RunTime:0.017001s ]
INFO: [ template_filter ] --END-- [ RunTime:0.017001s ]
INFO: Run Behavior\ParseTemplateBehavior [ RunTime:0.575033s ]
INFO: [ view_parse ] --END-- [ RunTime:0.575033s ]
INFO: [ view_filter ] --START--
INFO: Run Behavior\WriteHtmlCacheBehavior [ RunTime:0.001000s ]
INFO: Run Behavior\TokenBuildBehavior [ RunTime:0.001000s ]
INFO: [ view_filter ] --END-- [ RunTime:0.002000s ]
INFO: [ app_end ] --START--
INFO: Run Behavior\ShowPageTraceBehavior [ RunTime:0.001000s ]
INFO: [ app_end ] --END-- [ RunTime:0.002000s ]

[ 2018-02-24T11:26:10+08:00 ] 192.168.1.102 /gaochao/
INFO: [ app_init ] --START--
INFO: Run Behavior\BuildLiteBehavior [ RunTime:0.000000s ]
INFO: [ app_init ] --END-- [ RunTime:0.000000s ]
INFO: [ app_begin ] --START--
INFO: Run Behavior\ReadHtmlCacheBehavior [ RunTime:0.001001s ]
INFO: Run Behavior\CheckLangBehavior [ RunTime:0.001000s ]
INFO: [ app_begin ] --END-- [ RunTime:0.002001s ]
SQL: SHOW COLUMNS FROM `sr_config` [ RunTime:0.0090s ]
SQL: SELECT `value` FROM `sr_config` WHERE `name` = 'US_ADDRESS' LIMIT 1   [ RunTime:0.0020s ]
SQL: SELECT `value` FROM `sr_config` WHERE `name` = 'US_EMAIL' LIMIT 1   [ RunTime:0.0000s ]
SQL: SELECT `value` FROM `sr_config` WHERE `name` = 'US_TELPHONE' LIMIT 1   [ RunTime:0.0010s ]
SQL: SELECT `value` FROM `sr_config` WHERE `name` = 'CONTACT_NUMBER' LIMIT 1   [ RunTime:0.0000s ]
SQL: SELECT `value` FROM `sr_config` WHERE `name` = 'COPY_RIGHT' LIMIT 1   [ RunTime:0.0000s ]
SQL: SELECT `value` FROM `sr_config` WHERE `name` = 'WEB_URL' LIMIT 1   [ RunTime:0.0010s ]
INFO: [ view_parse ] --START--
INFO: [ template_filter ] --START--
INFO: Run Behavior\ContentReplaceBehavior [ RunTime:0.000000s ]
INFO: [ template_filter ] --END-- [ RunTime:0.000000s ]
INFO: Run Behavior\ParseTemplateBehavior [ RunTime:0.017001s ]
INFO: [ view_parse ] --END-- [ RunTime:0.017001s ]
INFO: [ view_filter ] --START--
INFO: Run Behavior\WriteHtmlCacheBehavior [ RunTime:0.001000s ]
INFO: Run Behavior\TokenBuildBehavior [ RunTime:0.000000s ]
INFO: [ view_filter ] --END-- [ RunTime:0.001000s ]
INFO: [ app_end ] --START--
INFO: Run Behavior\ShowPageTraceBehavior [ RunTime:0.001000s ]
INFO: [ app_end ] --END-- [ RunTime:0.001000s ]

[ 2018-02-24T11:26:11+08:00 ] 192.168.1.102 /gaochao/Public/Home/img/team5.png
INFO: [ app_init ] --START--
INFO: Run Behavior\BuildLiteBehavior [ RunTime:0.000000s ]
INFO: [ app_init ] --END-- [ RunTime:0.001000s ]

[ 2018-02-24T11:26:48+08:00 ] 192.168.1.102 /gaochao/
INFO: [ app_init ] --START--
INFO: Run Behavior\BuildLiteBehavior [ RunTime:0.000000s ]
INFO: [ app_init ] --END-- [ RunTime:0.001000s ]
INFO: [ app_begin ] --START--
INFO: Run Behavior\ReadHtmlCacheBehavior [ RunTime:0.002000s ]
INFO: Run Behavior\CheckLangBehavior [ RunTime:0.002001s ]
INFO: [ app_begin ] --END-- [ RunTime:0.004001s ]
SQL: SHOW COLUMNS FROM `sr_config` [ RunTime:0.0090s ]
SQL: SELECT `value` FROM `sr_config` WHERE `name` = 'US_ADDRESS' LIMIT 1   [ RunTime:0.0000s ]
SQL: SELECT `value` FROM `sr_config` WHERE `name` = 'US_EMAIL' LIMIT 1   [ RunTime:0.0000s ]
SQL: SELECT `value` FROM `sr_config` WHERE `name` = 'US_TELPHONE' LIMIT 1   [ RunTime:0.0000s ]
SQL: SELECT `value` FROM `sr_config` WHERE `name` = 'CONTACT_NUMBER' LIMIT 1   [ RunTime:0.0000s ]
SQL: SELECT `value` FROM `sr_config` WHERE `name` = 'COPY_RIGHT' LIMIT 1   [ RunTime:0.0010s ]
SQL: SELECT `value` FROM `sr_config` WHERE `name` = 'WEB_URL' LIMIT 1   [ RunTime:0.0000s ]
INFO: [ view_parse ] --START--
INFO: [ template_filter ] --START--
INFO: Run Behavior\ContentReplaceBehavior [ RunTime:0.001000s ]
INFO: [ template_filter ] --END-- [ RunTime:0.001000s ]
INFO: Run Behavior\ParseTemplateBehavior [ RunTime:0.012001s ]
INFO: [ view_parse ] --END-- [ RunTime:0.012001s ]
INFO: [ view_filter ] --START--
INFO: Run Behavior\WriteHtmlCacheBehavior [ RunTime:0.000000s ]
INFO: Run Behavior\TokenBuildBehavior [ RunTime:0.001000s ]
INFO: [ view_filter ] --END-- [ RunTime:0.001000s ]
INFO: [ app_end ] --START--
INFO: Run Behavior\ShowPageTraceBehavior [ RunTime:0.001000s ]
INFO: [ app_end ] --END-- [ RunTime:0.001000s ]

[ 2018-02-24T11:27:58+08:00 ] 192.168.1.102 /gaochao/
INFO: [ app_init ] --START--
INFO: Run Behavior\BuildLiteBehavior [ RunTime:0.001000s ]
INFO: [ app_init ] --END-- [ RunTime:0.001000s ]
INFO: [ app_begin ] --START--
INFO: Run Behavior\ReadHtmlCacheBehavior [ RunTime:0.001000s ]
INFO: Run Behavior\CheckLangBehavior [ RunTime:0.002000s ]
INFO: [ app_begin ] --END-- [ RunTime:0.004001s ]
SQL: SHOW COLUMNS FROM `sr_config` [ RunTime:0.2940s ]
SQL: SELECT `value` FROM `sr_config` WHERE `name` = 'US_ADDRESS' LIMIT 1   [ RunTime:0.0010s ]
SQL: SELECT `value` FROM `sr_config` WHERE `name` = 'US_EMAIL' LIMIT 1   [ RunTime:0.0010s ]
SQL: SELECT `value` FROM `sr_config` WHERE `name` = 'US_TELPHONE' LIMIT 1   [ RunTime:0.0010s ]
SQL: SELECT `value` FROM `sr_config` WHERE `name` = 'CONTACT_NUMBER' LIMIT 1   [ RunTime:0.0000s ]
SQL: SELECT `value` FROM `sr_config` WHERE `name` = 'COPY_RIGHT' LIMIT 1   [ RunTime:0.0010s ]
SQL: SELECT `value` FROM `sr_config` WHERE `name` = 'WEB_URL' LIMIT 1   [ RunTime:0.0010s ]
INFO: [ view_parse ] --START--
INFO: [ template_filter ] --START--
INFO: Run Behavior\ContentReplaceBehavior [ RunTime:0.001000s ]
INFO: [ template_filter ] --END-- [ RunTime:0.001000s ]
INFO: Run Behavior\ParseTemplateBehavior [ RunTime:0.023002s ]
INFO: [ view_parse ] --END-- [ RunTime:0.023002s ]
INFO: [ view_filter ] --START--
INFO: Run Behavior\WriteHtmlCacheBehavior [ RunTime:0.001000s ]
INFO: Run Behavior\TokenBuildBehavior [ RunTime:0.002000s ]
INFO: [ view_filter ] --END-- [ RunTime:0.003000s ]
INFO: [ app_end ] --START--
INFO: Run Behavior\ShowPageTraceBehavior [ RunTime:0.002000s ]
INFO: [ app_end ] --END-- [ RunTime:0.002000s ]

[ 2018-02-24T11:28:03+08:00 ] 192.168.1.102 /gaochao/Public/Home/css/grabbing.png
INFO: [ app_init ] --START--
INFO: Run Behavior\BuildLiteBehavior [ RunTime:0.000000s ]
INFO: [ app_init ] --END-- [ RunTime:0.001000s ]

[ 2018-02-24T11:29:55+08:00 ] 192.168.1.102 /gaochao/
INFO: [ app_init ] --START--
INFO: Run Behavior\BuildLiteBehavior [ RunTime:0.000000s ]
INFO: [ app_init ] --END-- [ RunTime:0.001000s ]
INFO: [ app_begin ] --START--
INFO: Run Behavior\ReadHtmlCacheBehavior [ RunTime:0.000000s ]
INFO: Run Behavior\CheckLangBehavior [ RunTime:0.002000s ]
INFO: [ app_begin ] --END-- [ RunTime:0.002000s ]
SQL: SHOW COLUMNS FROM `sr_config` [ RunTime:0.0070s ]
SQL: SELECT `value` FROM `sr_config` WHERE `name` = 'US_ADDRESS' LIMIT 1   [ RunTime:0.0010s ]
SQL: SELECT `value` FROM `sr_config` WHERE `name` = 'US_EMAIL' LIMIT 1   [ RunTime:0.0000s ]
SQL: SELECT `value` FROM `sr_config` WHERE `name` = 'US_TELPHONE' LIMIT 1   [ RunTime:0.0000s ]
SQL: SELECT `value` FROM `sr_config` WHERE `name` = 'CONTACT_NUMBER' LIMIT 1   [ RunTime:0.0010s ]
SQL: SELECT `value` FROM `sr_config` WHERE `name` = 'COPY_RIGHT' LIMIT 1   [ RunTime:0.0000s ]
SQL: SELECT `value` FROM `sr_config` WHERE `name` = 'WEB_URL' LIMIT 1   [ RunTime:0.0000s ]
INFO: [ view_parse ] --START--
INFO: [ template_filter ] --START--
INFO: Run Behavior\ContentReplaceBehavior [ RunTime:0.000000s ]
INFO: [ template_filter ] --END-- [ RunTime:0.000000s ]
INFO: Run Behavior\ParseTemplateBehavior [ RunTime:0.012001s ]
INFO: [ view_parse ] --END-- [ RunTime:0.012001s ]
INFO: [ view_filter ] --START--
INFO: Run Behavior\WriteHtmlCacheBehavior [ RunTime:0.001000s ]
INFO: Run Behavior\TokenBuildBehavior [ RunTime:0.000000s ]
INFO: [ view_filter ] --END-- [ RunTime:0.001000s ]
INFO: [ app_end ] --START--
INFO: Run Behavior\ShowPageTraceBehavior [ RunTime:0.000000s ]
INFO: [ app_end ] --END-- [ RunTime:0.001000s ]

[ 2018-02-24T11:33:23+08:00 ] 192.168.1.102 /gaochao/
INFO: [ app_init ] --START--
INFO: Run Behavior\BuildLiteBehavior [ RunTime:0.000000s ]
INFO: [ app_init ] --END-- [ RunTime:0.001000s ]
INFO: [ app_begin ] --START--
INFO: Run Behavior\ReadHtmlCacheBehavior [ RunTime:0.001001s ]
INFO: Run Behavior\CheckLangBehavior [ RunTime:0.001000s ]
INFO: [ app_begin ] --END-- [ RunTime:0.002001s ]
SQL: SHOW COLUMNS FROM `sr_config` [ RunTime:0.0110s ]
SQL: SELECT `value` FROM `sr_config` WHERE `name` = 'US_ADDRESS' LIMIT 1   [ RunTime:0.0010s ]
SQL: SELECT `value` FROM `sr_config` WHERE `name` = 'US_EMAIL' LIMIT 1   [ RunTime:0.0000s ]
SQL: SELECT `value` FROM `sr_config` WHERE `name` = 'US_TELPHONE' LIMIT 1   [ RunTime:0.0000s ]
SQL: SELECT `value` FROM `sr_config` WHERE `name` = 'CONTACT_NUMBER' LIMIT 1   [ RunTime:0.0000s ]
SQL: SELECT `value` FROM `sr_config` WHERE `name` = 'COPY_RIGHT' LIMIT 1   [ RunTime:0.0000s ]
SQL: SELECT `value` FROM `sr_config` WHERE `name` = 'WEB_URL' LIMIT 1   [ RunTime:0.0010s ]
INFO: [ view_parse ] --START--
INFO: [ template_filter ] --START--
INFO: Run Behavior\ContentReplaceBehavior [ RunTime:0.001000s ]
INFO: [ template_filter ] --END-- [ RunTime:0.001000s ]
INFO: Run Behavior\ParseTemplateBehavior [ RunTime:0.012001s ]
INFO: [ view_parse ] --END-- [ RunTime:0.012001s ]
INFO: [ view_filter ] --START--
INFO: Run Behavior\WriteHtmlCacheBehavior [ RunTime:0.001000s ]
INFO: Run Behavior\TokenBuildBehavior [ RunTime:0.001000s ]
INFO: [ view_filter ] --END-- [ RunTime:0.002000s ]
INFO: [ app_end ] --START--
INFO: Run Behavior\ShowPageTraceBehavior [ RunTime:0.001000s ]
INFO: [ app_end ] --END-- [ RunTime:0.001000s ]

[ 2018-02-24T11:38:25+08:00 ] 192.168.1.102 /gaochao/
INFO: [ app_init ] --START--
INFO: Run Behavior\BuildLiteBehavior [ RunTime:0.000000s ]
INFO: [ app_init ] --END-- [ RunTime:0.147008s ]
INFO: [ app_begin ] --START--
INFO: Run Behavior\ReadHtmlCacheBehavior [ RunTime:0.016001s ]
INFO: Run Behavior\CheckLangBehavior [ RunTime:0.047003s ]
INFO: [ app_begin ] --END-- [ RunTime:0.064004s ]
SQL: SHOW COLUMNS FROM `sr_config` [ RunTime:0.0160s ]
SQL: SELECT `value` FROM `sr_config` WHERE `name` = 'US_ADDRESS' LIMIT 1   [ RunTime:0.0010s ]
SQL: SELECT `value` FROM `sr_config` WHERE `name` = 'US_EMAIL' LIMIT 1   [ RunTime:0.0010s ]
SQL: SELECT `value` FROM `sr_config` WHERE `name` = 'US_TELPHONE' LIMIT 1   [ RunTime:0.0010s ]
SQL: SELECT `value` FROM `sr_config` WHERE `name` = 'CONTACT_NUMBER' LIMIT 1   [ RunTime:0.0010s ]
SQL: SELECT `value` FROM `sr_config` WHERE `name` = 'COPY_RIGHT' LIMIT 1   [ RunTime:0.0010s ]
SQL: SELECT `value` FROM `sr_config` WHERE `name` = 'WEB_URL' LIMIT 1   [ RunTime:0.0010s ]
INFO: [ view_parse ] --START--
INFO: [ template_filter ] --START--
INFO: Run Behavior\ContentReplaceBehavior [ RunTime:0.001000s ]
INFO: [ template_filter ] --END-- [ RunTime:0.001000s ]
INFO: Run Behavior\ParseTemplateBehavior [ RunTime:0.269016s ]
INFO: [ view_parse ] --END-- [ RunTime:0.270016s ]
INFO: [ view_filter ] --START--
INFO: Run Behavior\WriteHtmlCacheBehavior [ RunTime:0.073004s ]
INFO: Run Behavior\TokenBuildBehavior [ RunTime:0.022001s ]
INFO: [ view_filter ] --END-- [ RunTime:0.095005s ]
INFO: [ app_end ] --START--
INFO: Run Behavior\ShowPageTraceBehavior [ RunTime:0.016001s ]
INFO: [ app_end ] --END-- [ RunTime:0.016001s ]

[ 2018-02-24T11:44:49+08:00 ] 192.168.1.102 /gaochao/Public/Home/css/grabbing.png
INFO: [ app_init ] --START--
INFO: Run Behavior\BuildLiteBehavior [ RunTime:0.000000s ]
INFO: [ app_init ] --END-- [ RunTime:0.024002s ]

[ 2018-02-24T11:45:59+08:00 ] 192.168.1.102 /gaochao/
INFO: [ app_init ] --START--
INFO: Run Behavior\BuildLiteBehavior [ RunTime:0.000000s ]
INFO: [ app_init ] --END-- [ RunTime:0.001000s ]
INFO: [ app_begin ] --START--
INFO: Run Behavior\ReadHtmlCacheBehavior [ RunTime:0.019001s ]
INFO: Run Behavior\CheckLangBehavior [ RunTime:0.050003s ]
INFO: [ app_begin ] --END-- [ RunTime:0.069004s ]
SQL: SHOW COLUMNS FROM `sr_config` [ RunTime:0.0130s ]
SQL: SELECT `value` FROM `sr_config` WHERE `name` = 'US_ADDRESS' LIMIT 1   [ RunTime:0.0010s ]
SQL: SELECT `value` FROM `sr_config` WHERE `name` = 'US_EMAIL' LIMIT 1   [ RunTime:0.0000s ]
SQL: SELECT `value` FROM `sr_config` WHERE `name` = 'US_TELPHONE' LIMIT 1   [ RunTime:0.0000s ]
SQL: SELECT `value` FROM `sr_config` WHERE `name` = 'CONTACT_NUMBER' LIMIT 1   [ RunTime:0.0010s ]
SQL: SELECT `value` FROM `sr_config` WHERE `name` = 'COPY_RIGHT' LIMIT 1   [ RunTime:0.0010s ]
SQL: SELECT `value` FROM `sr_config` WHERE `name` = 'WEB_URL' LIMIT 1   [ RunTime:0.0000s ]
INFO: [ view_parse ] --START--
INFO: [ template_filter ] --START--
INFO: Run Behavior\ContentReplaceBehavior [ RunTime:0.000000s ]
INFO: [ template_filter ] --END-- [ RunTime:0.000000s ]
INFO: Run Behavior\ParseTemplateBehavior [ RunTime:0.172010s ]
INFO: [ view_parse ] --END-- [ RunTime:0.172010s ]
INFO: [ view_filter ] --START--
INFO: Run Behavior\WriteHtmlCacheBehavior [ RunTime:0.065003s ]
INFO: Run Behavior\TokenBuildBehavior [ RunTime:0.027002s ]
INFO: [ view_filter ] --END-- [ RunTime:0.092005s ]
INFO: [ app_end ] --START--
INFO: Run Behavior\ShowPageTraceBehavior [ RunTime:0.046002s ]
INFO: [ app_end ] --END-- [ RunTime:0.046002s ]

[ 2018-02-24T11:46:43+08:00 ] 192.168.1.102 /gaochao/Public/Home/css/grabbing.png
INFO: [ app_init ] --START--
INFO: Run Behavior\BuildLiteBehavior [ RunTime:0.000000s ]
INFO: [ app_init ] --END-- [ RunTime:0.001000s ]

[ 2018-02-24T12:04:45+08:00 ] 192.168.1.102 /gaochao/
INFO: [ app_init ] --START--
INFO: Run Behavior\BuildLiteBehavior [ RunTime:0.000000s ]
INFO: [ app_init ] --END-- [ RunTime:0.047003s ]
INFO: [ app_begin ] --START--
INFO: Run Behavior\ReadHtmlCacheBehavior [ RunTime:0.003000s ]
INFO: Run Behavior\CheckLangBehavior [ RunTime:0.107006s ]
INFO: [ app_begin ] --END-- [ RunTime:0.110006s ]
SQL: SHOW COLUMNS FROM `sr_config` [ RunTime:0.0530s ]
SQL: SELECT `value` FROM `sr_config` WHERE `name` = 'US_ADDRESS' LIMIT 1   [ RunTime:0.0010s ]
SQL: SELECT `value` FROM `sr_config` WHERE `name` = 'US_EMAIL' LIMIT 1   [ RunTime:0.0010s ]
SQL: SELECT `value` FROM `sr_config` WHERE `name` = 'US_TELPHONE' LIMIT 1   [ RunTime:0.0000s ]
SQL: SELECT `value` FROM `sr_config` WHERE `name` = 'CONTACT_NUMBER' LIMIT 1   [ RunTime:0.0010s ]
SQL: SELECT `value` FROM `sr_config` WHERE `name` = 'COPY_RIGHT' LIMIT 1   [ RunTime:0.0010s ]
SQL: SELECT `value` FROM `sr_config` WHERE `name` = 'WEB_URL' LIMIT 1   [ RunTime:0.0010s ]
INFO: [ view_parse ] --START--
INFO: [ template_filter ] --START--
INFO: Run Behavior\ContentReplaceBehavior [ RunTime:0.000000s ]
INFO: [ template_filter ] --END-- [ RunTime:0.001000s ]
INFO: Run Behavior\ParseTemplateBehavior [ RunTime:0.180010s ]
INFO: [ view_parse ] --END-- [ RunTime:0.180010s ]
INFO: [ view_filter ] --START--
INFO: Run Behavior\WriteHtmlCacheBehavior [ RunTime:0.046003s ]
INFO: Run Behavior\TokenBuildBehavior [ RunTime:0.028002s ]
INFO: [ view_filter ] --END-- [ RunTime:0.074005s ]
INFO: [ app_end ] --START--
INFO: Run Behavior\ShowPageTraceBehavior [ RunTime:0.100005s ]
INFO: [ app_end ] --END-- [ RunTime:0.100005s ]

[ 2018-02-24T12:05:54+08:00 ] 192.168.1.102 /gaochao/
INFO: [ app_init ] --START--
INFO: Run Behavior\BuildLiteBehavior [ RunTime:0.000000s ]
INFO: [ app_init ] --END-- [ RunTime:0.000000s ]
INFO: [ app_begin ] --START--
INFO: Run Behavior\ReadHtmlCacheBehavior [ RunTime:0.001000s ]
INFO: Run Behavior\CheckLangBehavior [ RunTime:0.001001s ]
INFO: [ app_begin ] --END-- [ RunTime:0.002001s ]
SQL: SHOW COLUMNS FROM `sr_config` [ RunTime:0.0100s ]
SQL: SELECT `value` FROM `sr_config` WHERE `name` = 'US_ADDRESS' LIMIT 1   [ RunTime:0.0010s ]
SQL: SELECT `value` FROM `sr_config` WHERE `name` = 'US_EMAIL' LIMIT 1   [ RunTime:0.0000s ]
SQL: SELECT `value` FROM `sr_config` WHERE `name` = 'US_TELPHONE' LIMIT 1   [ RunTime:0.0010s ]
SQL: SELECT `value` FROM `sr_config` WHERE `name` = 'CONTACT_NUMBER' LIMIT 1   [ RunTime:0.0000s ]
SQL: SELECT `value` FROM `sr_config` WHERE `name` = 'COPY_RIGHT' LIMIT 1   [ RunTime:0.0000s ]
SQL: SELECT `value` FROM `sr_config` WHERE `name` = 'WEB_URL' LIMIT 1   [ RunTime:0.0010s ]
INFO: [ view_parse ] --START--
INFO: [ template_filter ] --START--
INFO: Run Behavior\ContentReplaceBehavior [ RunTime:0.000000s ]
INFO: [ template_filter ] --END-- [ RunTime:0.000000s ]
INFO: Run Behavior\ParseTemplateBehavior [ RunTime:0.011000s ]
INFO: [ view_parse ] --END-- [ RunTime:0.011000s ]
INFO: [ view_filter ] --START--
INFO: Run Behavior\WriteHtmlCacheBehavior [ RunTime:0.001000s ]
INFO: Run Behavior\TokenBuildBehavior [ RunTime:0.000000s ]
INFO: [ view_filter ] --END-- [ RunTime:0.001000s ]
INFO: [ app_end ] --START--
INFO: Run Behavior\ShowPageTraceBehavior [ RunTime:0.001000s ]
INFO: [ app_end ] --END-- [ RunTime:0.001000s ]

[ 2018-02-24T12:55:01+08:00 ] 192.168.1.102 /gaochao/
INFO: [ app_init ] --START--
INFO: Run Behavior\BuildLiteBehavior [ RunTime:0.000000s ]
INFO: [ app_init ] --END-- [ RunTime:0.057003s ]
INFO: [ app_begin ] --START--
INFO: Run Behavior\ReadHtmlCacheBehavior [ RunTime:0.003000s ]
INFO: Run Behavior\CheckLangBehavior [ RunTime:0.084005s ]
INFO: [ app_begin ] --END-- [ RunTime:0.087005s ]
SQL: SHOW COLUMNS FROM `sr_config` [ RunTime:0.0160s ]
SQL: SELECT `value` FROM `sr_config` WHERE `name` = 'US_ADDRESS' LIMIT 1   [ RunTime:0.0000s ]
SQL: SELECT `value` FROM `sr_config` WHERE `name` = 'US_EMAIL' LIMIT 1   [ RunTime:0.0000s ]
SQL: SELECT `value` FROM `sr_config` WHERE `name` = 'US_TELPHONE' LIMIT 1   [ RunTime:0.0010s ]
SQL: SELECT `value` FROM `sr_config` WHERE `name` = 'CONTACT_NUMBER' LIMIT 1   [ RunTime:0.0010s ]
SQL: SELECT `value` FROM `sr_config` WHERE `name` = 'COPY_RIGHT' LIMIT 1   [ RunTime:0.0000s ]
SQL: SELECT `value` FROM `sr_config` WHERE `name` = 'WEB_URL' LIMIT 1   [ RunTime:0.0010s ]
INFO: [ view_parse ] --START--
INFO: [ template_filter ] --START--
INFO: Run Behavior\ContentReplaceBehavior [ RunTime:0.000000s ]
INFO: [ template_filter ] --END-- [ RunTime:0.000000s ]
INFO: Run Behavior\ParseTemplateBehavior [ RunTime:0.181010s ]
INFO: [ view_parse ] --END-- [ RunTime:0.181010s ]
INFO: [ view_filter ] --START--
INFO: Run Behavior\WriteHtmlCacheBehavior [ RunTime:0.008001s ]
INFO: Run Behavior\TokenBuildBehavior [ RunTime:0.011000s ]
INFO: [ view_filter ] --END-- [ RunTime:0.019001s ]
INFO: [ app_end ] --START--
INFO: Run Behavior\ShowPageTraceBehavior [ RunTime:0.017001s ]
INFO: [ app_end ] --END-- [ RunTime:0.017001s ]

[ 2018-02-24T13:05:30+08:00 ] 192.168.1.102 /gaochao/
INFO: [ app_init ] --START--
INFO: Run Behavior\BuildLiteBehavior [ RunTime:0.000000s ]
INFO: [ app_init ] --END-- [ RunTime:0.042002s ]
INFO: [ app_begin ] --START--
INFO: Run Behavior\ReadHtmlCacheBehavior [ RunTime:0.020001s ]
INFO: Run Behavior\CheckLangBehavior [ RunTime:0.056003s ]
INFO: [ app_begin ] --END-- [ RunTime:0.076004s ]
SQL: SHOW COLUMNS FROM `sr_config` [ RunTime:0.7680s ]
SQL: SELECT `value` FROM `sr_config` WHERE `name` = 'US_ADDRESS' LIMIT 1   [ RunTime:0.1490s ]
SQL: SELECT `value` FROM `sr_config` WHERE `name` = 'US_EMAIL' LIMIT 1   [ RunTime:0.0010s ]
SQL: SELECT `value` FROM `sr_config` WHERE `name` = 'US_TELPHONE' LIMIT 1   [ RunTime:0.0010s ]
SQL: SELECT `value` FROM `sr_config` WHERE `name` = 'CONTACT_NUMBER' LIMIT 1   [ RunTime:0.0010s ]
SQL: SELECT `value` FROM `sr_config` WHERE `name` = 'COPY_RIGHT' LIMIT 1   [ RunTime:0.0000s ]
SQL: SELECT `value` FROM `sr_config` WHERE `name` = 'WEB_URL' LIMIT 1   [ RunTime:0.0010s ]
INFO: [ view_parse ] --START--
INFO: [ template_filter ] --START--
INFO: Run Behavior\ContentReplaceBehavior [ RunTime:0.000000s ]
INFO: [ template_filter ] --END-- [ RunTime:0.001000s ]
INFO: Run Behavior\ParseTemplateBehavior [ RunTime:0.323019s ]
INFO: [ view_parse ] --END-- [ RunTime:0.323019s ]
INFO: [ view_filter ] --START--
INFO: Run Behavior\WriteHtmlCacheBehavior [ RunTime:0.045002s ]
INFO: Run Behavior\TokenBuildBehavior [ RunTime:0.002001s ]
INFO: [ view_filter ] --END-- [ RunTime:0.047003s ]
INFO: [ app_end ] --START--
INFO: Run Behavior\ShowPageTraceBehavior [ RunTime:0.047002s ]
INFO: [ app_end ] --END-- [ RunTime:0.047002s ]

