[ 2018-07-05T10:27:07+08:00 ] 192.168.1.103 /gaochao/Uploads/Banner/5a77e96cc77ad.jpg
INFO: [ app_init ] --START--
INFO: Run Behavior\BuildLiteBehavior [ RunTime:0.000011s ]
INFO: [ app_init ] --END-- [ RunTime:0.000398s ]

[ 2018-07-05T10:27:07+08:00 ] 192.168.1.103 /gaochao/Uploads/Forum/ForumThread/2018-05-18/5afe2db0babca.jpg
INFO: [ app_init ] --START--
INFO: Run Behavior\BuildLiteBehavior [ RunTime:0.000011s ]
INFO: [ app_init ] --END-- [ RunTime:0.000406s ]

[ 2018-07-05T10:27:11+08:00 ] 192.168.1.103 /gaochao/Uploads/Banner/5a77e96cc77ad.jpg
INFO: [ app_init ] --START--
INFO: Run Behavior\BuildLiteBehavior [ RunTime:0.000009s ]
INFO: [ app_init ] --END-- [ RunTime:0.000392s ]

[ 2018-07-05T10:42:57+08:00 ] 192.168.1.103 /gaochao/Uploads/Banner/5a77e96cc77ad.jpg
INFO: [ app_init ] --START--
INFO: Run Behavior\BuildLiteBehavior [ RunTime:0.000008s ]
INFO: [ app_init ] --END-- [ RunTime:0.000363s ]

[ 2018-07-05T10:42:57+08:00 ] 192.168.1.103 /gaochao/Uploads/Forum/ForumThread/2018-05-18/5afe2db0babca.jpg
INFO: [ app_init ] --START--
INFO: Run Behavior\BuildLiteBehavior [ RunTime:0.000007s ]
INFO: [ app_init ] --END-- [ RunTime:0.000352s ]

[ 2018-07-05T11:32:28+08:00 ] 192.168.1.103 /gaochao/Uploads/Banner/5a77e96cc77ad.jpg
INFO: [ app_init ] --START--
INFO: Run Behavior\BuildLiteBehavior [ RunTime:0.000016s ]
INFO: [ app_init ] --END-- [ RunTime:0.000555s ]

[ 2018-07-05T11:32:29+08:00 ] 192.168.1.103 /gaochao/Uploads/Forum/ForumThread/2018-05-18/5afe2db0babca.jpg
INFO: [ app_init ] --START--
INFO: Run Behavior\BuildLiteBehavior [ RunTime:0.000010s ]
INFO: [ app_init ] --END-- [ RunTime:0.000455s ]

[ 2018-07-05T11:32:30+08:00 ] 192.168.1.103 /gaochao/Uploads/Forum/ForumThread/2018-05-05/5aecfa9c2749b.jpg
INFO: [ app_init ] --START--
INFO: Run Behavior\BuildLiteBehavior [ RunTime:0.000008s ]
INFO: [ app_init ] --END-- [ RunTime:0.000315s ]

[ 2018-07-05T11:32:30+08:00 ] 192.168.1.103 /gaochao/Uploads/Forum/ForumThread/2018-05-04/5aebb11a08c1d.jpg
INFO: [ app_init ] --START--
INFO: Run Behavior\BuildLiteBehavior [ RunTime:0.000010s ]
INFO: [ app_init ] --END-- [ RunTime:0.000457s ]

[ 2018-07-05T11:32:30+08:00 ] 192.168.1.103 /gaochao/Uploads/Forum/ForumThread/2018-03-07/5a9f583640051.jpg
INFO: [ app_init ] --START--
INFO: Run Behavior\BuildLiteBehavior [ RunTime:0.000010s ]
INFO: [ app_init ] --END-- [ RunTime:0.000473s ]

[ 2018-07-05T11:32:30+08:00 ] 192.168.1.103 /gaochao/Uploads/Forum/ForumThread/2018-03-17/5aacbddb3824e.jpg
INFO: [ app_init ] --START--
INFO: Run Behavior\BuildLiteBehavior [ RunTime:0.000010s ]
INFO: [ app_init ] --END-- [ RunTime:0.000455s ]

[ 2018-07-05T11:32:31+08:00 ] 192.168.1.103 /gaochao/Uploads/Forum/ForumThread/2018-03-28/5abb4300f08ff.jpg
INFO: [ app_init ] --START--
INFO: Run Behavior\BuildLiteBehavior [ RunTime:0.000008s ]
INFO: [ app_init ] --END-- [ RunTime:0.000364s ]

[ 2018-07-05T11:32:31+08:00 ] 192.168.1.103 /gaochao/Uploads/Forum/ForumThread/2018-05-18/5afe2db0babca.jpg
INFO: [ app_init ] --START--
INFO: Run Behavior\BuildLiteBehavior [ RunTime:0.000009s ]
INFO: [ app_init ] --END-- [ RunTime:0.000357s ]

[ 2018-07-05T11:32:32+08:00 ] 192.168.1.103 /gaochao/Uploads/Banner/5a77e96cc77ad.jpg
INFO: [ app_init ] --START--
INFO: Run Behavior\BuildLiteBehavior [ RunTime:0.000011s ]
INFO: [ app_init ] --END-- [ RunTime:0.000458s ]

[ 2018-07-05T14:41:59+08:00 ] 192.168.1.103 /gaochao/Uploads/Forum/ForumThread/2018-05-18/5afe2db0babca.jpg
INFO: [ app_init ] --START--
INFO: Run Behavior\BuildLiteBehavior [ RunTime:0.000042s ]
INFO: [ app_init ] --END-- [ RunTime:0.000503s ]

[ 2018-07-05T14:41:59+08:00 ] 192.168.1.103 /gaochao/Uploads/Banner/5a77e96cc77ad.jpg
INFO: [ app_init ] --START--
INFO: Run Behavior\BuildLiteBehavior [ RunTime:0.000015s ]
INFO: [ app_init ] --END-- [ RunTime:0.000530s ]

[ 2018-07-05T14:43:18+08:00 ] 192.168.1.103 /gaochao/Uploads/Banner/5a77e96cc77ad.jpg
INFO: [ app_init ] --START--
INFO: Run Behavior\BuildLiteBehavior [ RunTime:0.000008s ]
INFO: [ app_init ] --END-- [ RunTime:0.000364s ]

[ 2018-07-05T14:43:18+08:00 ] 192.168.1.103 /gaochao/Uploads/Forum/ForumThread/2018-05-18/5afe2db0babca.jpg
INFO: [ app_init ] --START--
INFO: Run Behavior\BuildLiteBehavior [ RunTime:0.000007s ]
INFO: [ app_init ] --END-- [ RunTime:0.000344s ]

[ 2018-07-05T15:58:10+08:00 ] ::1 /gaochao/Public/Backend/js/js/clockface.js
INFO: [ app_init ] --START--
INFO: Run Behavior\BuildLiteBehavior [ RunTime:0.000046s ]
INFO: [ app_init ] --END-- [ RunTime:0.000354s ]
INFO: [ app_begin ] --START--
INFO: Run Behavior\ReadHtmlCacheBehavior [ RunTime:0.000608s ]
INFO: Run Behavior\CheckLangBehavior [ RunTime:0.001072s ]
INFO: [ app_begin ] --END-- [ RunTime:0.001778s ]
ERR: 模板不存在:./Application/Home/View/Public/Backend/js.html

[ 2018-07-05T15:58:10+08:00 ] ::1 /gaochao/Public/Backend/css/css/clockface.css
INFO: [ app_init ] --START--
INFO: Run Behavior\BuildLiteBehavior [ RunTime:0.000065s ]
INFO: [ app_init ] --END-- [ RunTime:0.001904s ]
INFO: [ app_begin ] --START--
INFO: Run Behavior\ReadHtmlCacheBehavior [ RunTime:0.000447s ]
INFO: Run Behavior\CheckLangBehavior [ RunTime:0.000712s ]
INFO: [ app_begin ] --END-- [ RunTime:0.001202s ]
ERR: 模板不存在:./Application/Home/View/Public/Backend/css.html

[ 2018-07-05T15:58:10+08:00 ] ::1 /gaochao/Public/Backend/css/css/clockface.css
INFO: [ app_init ] --START--
INFO: Run Behavior\BuildLiteBehavior [ RunTime:0.000007s ]
INFO: [ app_init ] --END-- [ RunTime:0.000233s ]
INFO: [ app_begin ] --START--
INFO: Run Behavior\ReadHtmlCacheBehavior [ RunTime:0.000358s ]
INFO: Run Behavior\CheckLangBehavior [ RunTime:0.000524s ]
INFO: [ app_begin ] --END-- [ RunTime:0.000921s ]
ERR: 模板不存在:./Application/Home/View/Public/Backend/css.html

[ 2018-07-05T15:58:10+08:00 ] ::1 /gaochao/Public/Backend/js/js/clockface.js
INFO: [ app_init ] --START--
INFO: Run Behavior\BuildLiteBehavior [ RunTime:0.000058s ]
INFO: [ app_init ] --END-- [ RunTime:0.000422s ]
INFO: [ app_begin ] --START--
INFO: Run Behavior\ReadHtmlCacheBehavior [ RunTime:0.000481s ]
INFO: Run Behavior\CheckLangBehavior [ RunTime:0.000656s ]
INFO: [ app_begin ] --END-- [ RunTime:0.001176s ]
ERR: 模板不存在:./Application/Home/View/Public/Backend/js.html

[ 2018-07-05T15:58:18+08:00 ] ::1 /gaochao/Public/Backend/css/css/clockface.css
INFO: [ app_init ] --START--
INFO: Run Behavior\BuildLiteBehavior [ RunTime:0.000009s ]
INFO: [ app_init ] --END-- [ RunTime:0.001072s ]
INFO: [ app_begin ] --START--
INFO: Run Behavior\ReadHtmlCacheBehavior [ RunTime:0.000329s ]
INFO: Run Behavior\CheckLangBehavior [ RunTime:0.000555s ]
INFO: [ app_begin ] --END-- [ RunTime:0.000923s ]
ERR: 模板不存在:./Application/Home/View/Public/Backend/css.html

[ 2018-07-05T15:58:22+08:00 ] ::1 /gaochao/Public/Backend/css/css/clockface.css
INFO: [ app_init ] --START--
INFO: Run Behavior\BuildLiteBehavior [ RunTime:0.000006s ]
INFO: [ app_init ] --END-- [ RunTime:0.000223s ]
INFO: [ app_begin ] --START--
INFO: Run Behavior\ReadHtmlCacheBehavior [ RunTime:0.000341s ]
INFO: Run Behavior\CheckLangBehavior [ RunTime:0.000530s ]
INFO: [ app_begin ] --END-- [ RunTime:0.000906s ]
ERR: 模板不存在:./Application/Home/View/Public/Backend/css.html

[ 2018-07-05T15:58:22+08:00 ] ::1 /gaochao/Public/Backend/js/js/clockface.js
INFO: [ app_init ] --START--
INFO: Run Behavior\BuildLiteBehavior [ RunTime:0.000006s ]
INFO: [ app_init ] --END-- [ RunTime:0.000241s ]
INFO: [ app_begin ] --START--
INFO: Run Behavior\ReadHtmlCacheBehavior [ RunTime:0.000399s ]
INFO: Run Behavior\CheckLangBehavior [ RunTime:0.000542s ]
INFO: [ app_begin ] --END-- [ RunTime:0.000987s ]
ERR: 模板不存在:./Application/Home/View/Public/Backend/js.html

[ 2018-07-05T15:58:22+08:00 ] ::1 /gaochao/Public/Backend/css/css/clockface.css
INFO: [ app_init ] --START--
INFO: Run Behavior\BuildLiteBehavior [ RunTime:0.000010s ]
INFO: [ app_init ] --END-- [ RunTime:0.000248s ]
INFO: [ app_begin ] --START--
INFO: Run Behavior\ReadHtmlCacheBehavior [ RunTime:0.000362s ]
INFO: Run Behavior\CheckLangBehavior [ RunTime:0.000596s ]
INFO: [ app_begin ] --END-- [ RunTime:0.001003s ]
ERR: 模板不存在:./Application/Home/View/Public/Backend/css.html

[ 2018-07-05T15:58:22+08:00 ] ::1 /gaochao/Public/Backend/js/js/clockface.js
INFO: [ app_init ] --START--
INFO: Run Behavior\BuildLiteBehavior [ RunTime:0.000008s ]
INFO: [ app_init ] --END-- [ RunTime:0.000239s ]
INFO: [ app_begin ] --START--
INFO: Run Behavior\ReadHtmlCacheBehavior [ RunTime:0.000504s ]
INFO: Run Behavior\CheckLangBehavior [ RunTime:0.000579s ]
INFO: [ app_begin ] --END-- [ RunTime:0.001134s ]
ERR: 模板不存在:./Application/Home/View/Public/Backend/js.html

[ 2018-07-05T16:25:12+08:00 ] ::1 /gaochao/
INFO: [ app_init ] --START--
INFO: Run Behavior\BuildLiteBehavior [ RunTime:0.000007s ]
INFO: [ app_init ] --END-- [ RunTime:0.000271s ]
INFO: [ app_begin ] --START--
INFO: Run Behavior\ReadHtmlCacheBehavior [ RunTime:0.002006s ]
INFO: Run Behavior\CheckLangBehavior [ RunTime:0.001318s ]
INFO: [ app_begin ] --END-- [ RunTime:0.003410s ]
SQL: SHOW COLUMNS FROM `sr_config` [ RunTime:0.0026s ]
SQL: SELECT `value` FROM `sr_config` WHERE `name` = 'US_ADDRESS' LIMIT 1   [ RunTime:0.0012s ]
SQL: SELECT `value` FROM `sr_config` WHERE `name` = 'US_EMAIL' LIMIT 1   [ RunTime:0.0001s ]
SQL: SELECT `value` FROM `sr_config` WHERE `name` = 'US_TELPHONE' LIMIT 1   [ RunTime:0.0001s ]
SQL: SELECT `value` FROM `sr_config` WHERE `name` = 'CONTACT_NUMBER' LIMIT 1   [ RunTime:0.0002s ]
SQL: SELECT `value` FROM `sr_config` WHERE `name` = 'COPY_RIGHT' LIMIT 1   [ RunTime:0.0001s ]
SQL: SELECT `value` FROM `sr_config` WHERE `name` = 'WEB_URL' LIMIT 1   [ RunTime:0.0001s ]
INFO: [ view_parse ] --START--
INFO: [ template_filter ] --START--
INFO: Run Behavior\ContentReplaceBehavior [ RunTime:0.000239s ]
INFO: [ template_filter ] --END-- [ RunTime:0.000271s ]
INFO: Run Behavior\ParseTemplateBehavior [ RunTime:0.009379s ]
INFO: [ view_parse ] --END-- [ RunTime:0.009477s ]
INFO: [ view_filter ] --START--
INFO: Run Behavior\WriteHtmlCacheBehavior [ RunTime:0.000355s ]
INFO: Run Behavior\TokenBuildBehavior [ RunTime:0.000335s ]
INFO: [ view_filter ] --END-- [ RunTime:0.000719s ]
INFO: [ app_end ] --START--
INFO: Run Behavior\ShowPageTraceBehavior [ RunTime:0.000758s ]
INFO: [ app_end ] --END-- [ RunTime:0.000790s ]

