[ 2018-02-22T10:22:52+08:00 ] 192.168.1.100 /gaochao/Uploads/Banner/5a77e96cc77ad.jpg
INFO: [ app_init ] --START--
INFO: Run Behavior\BuildLiteBehavior [ RunTime:0.000000s ]
INFO: [ app_init ] --END-- [ RunTime:0.000000s ]

[ 2018-02-22T10:25:13+08:00 ] 192.168.1.100 /gaochao/Uploads/Banner/5a77e96cc77ad.jpg
INFO: [ app_init ] --START--
INFO: Run Behavior\BuildLiteBehavior [ RunTime:0.000000s ]
INFO: [ app_init ] --END-- [ RunTime:0.000000s ]

[ 2018-02-22T10:47:57+08:00 ] 192.168.1.100 /gaochao/Uploads/Banner/5a77e96cc77ad.jpg
INFO: [ app_init ] --START--
INFO: Run Behavior\BuildLiteBehavior [ RunTime:0.000000s ]
INFO: [ app_init ] --END-- [ RunTime:0.000000s ]

[ 2018-02-22T10:48:28+08:00 ] 192.168.1.100 /gaochao/Home/Index/Index/about.html
INFO: [ app_init ] --START--
INFO: Run Behavior\BuildLiteBehavior [ RunTime:0.000000s ]
INFO: [ app_init ] --END-- [ RunTime:0.000000s ]
INFO: [ app_begin ] --START--
INFO: Run Behavior\ReadHtmlCacheBehavior [ RunTime:0.000000s ]
INFO: Run Behavior\CheckLangBehavior [ RunTime:0.046800s ]
INFO: [ app_begin ] --END-- [ RunTime:0.046800s ]
INFO: [ view_parse ] --START--
INFO: [ template_filter ] --START--
INFO: Run Behavior\ContentReplaceBehavior [ RunTime:0.000000s ]
INFO: [ template_filter ] --END-- [ RunTime:0.000000s ]
NOTIC: [8] Undefined variable: seo C:\xampp\htdocs\gaochao\Runtime\Cache\Home\b3b7d4acf831ff115496bc3939e5e9c3.php 第 9 行.
NOTIC: [8] Undefined variable: seo C:\xampp\htdocs\gaochao\Runtime\Cache\Home\b3b7d4acf831ff115496bc3939e5e9c3.php 第 10 行.
NOTIC: [8] Undefined variable: seo C:\xampp\htdocs\gaochao\Runtime\Cache\Home\b3b7d4acf831ff115496bc3939e5e9c3.php 第 11 行.
INFO: Run Behavior\ParseTemplateBehavior [ RunTime:1.670004s ]
INFO: [ view_parse ] --END-- [ RunTime:1.670004s ]
INFO: [ view_filter ] --START--
INFO: Run Behavior\WriteHtmlCacheBehavior [ RunTime:0.062400s ]
INFO: Run Behavior\TokenBuildBehavior [ RunTime:0.031200s ]
INFO: [ view_filter ] --END-- [ RunTime:0.093600s ]
INFO: [ app_end ] --START--
INFO: Run Behavior\ShowPageTraceBehavior [ RunTime:0.046800s ]
INFO: [ app_end ] --END-- [ RunTime:0.046800s ]

[ 2018-02-22T11:36:48+08:00 ] 192.168.1.100 /gaochao/Uploads/Banner/5a77e96cc77ad.jpg
INFO: [ app_init ] --START--
INFO: Run Behavior\BuildLiteBehavior [ RunTime:0.000000s ]
INFO: [ app_init ] --END-- [ RunTime:0.000000s ]

[ 2018-02-22T11:39:45+08:00 ] 192.168.1.100 /gaochao/Uploads/Banner/5a77e96cc77ad.jpg
INFO: [ app_init ] --START--
INFO: Run Behavior\BuildLiteBehavior [ RunTime:0.000000s ]
INFO: [ app_init ] --END-- [ RunTime:0.000000s ]

[ 2018-02-22T12:16:42+08:00 ] 192.168.1.100 /gaochao/Uploads/Product/Category/59e55cd302dd1.jpg
INFO: [ app_init ] --START--
INFO: Run Behavior\BuildLiteBehavior [ RunTime:0.000000s ]
INFO: [ app_init ] --END-- [ RunTime:0.000000s ]

[ 2018-02-22T12:16:42+08:00 ] 192.168.1.100 /gaochao/Uploads/Product/Category/59a61b495e0ed.png
INFO: [ app_init ] --START--
INFO: Run Behavior\BuildLiteBehavior [ RunTime:0.000000s ]
INFO: [ app_init ] --END-- [ RunTime:0.000000s ]

[ 2018-02-22T12:16:43+08:00 ] 192.168.1.100 /gaochao/Uploads/Banner/5a77e96cc77ad.jpg
INFO: [ app_init ] --START--
INFO: Run Behavior\BuildLiteBehavior [ RunTime:0.000000s ]
INFO: [ app_init ] --END-- [ RunTime:0.000000s ]

[ 2018-02-22T16:14:17+08:00 ] 192.168.1.100 /gaochao/Uploads/Banner/5a77e96cc77ad.jpg
INFO: [ app_init ] --START--
INFO: Run Behavior\BuildLiteBehavior [ RunTime:0.000000s ]
INFO: [ app_init ] --END-- [ RunTime:0.000000s ]

[ 2018-02-22T16:14:26+08:00 ] 192.168.1.100 /gaochao/Uploads/Banner/5a77e96cc77ad.jpg
INFO: [ app_init ] --START--
INFO: Run Behavior\BuildLiteBehavior [ RunTime:0.000000s ]
INFO: [ app_init ] --END-- [ RunTime:0.000000s ]

[ 2018-02-22T16:19:07+08:00 ] 192.168.1.100 /gaochao/Uploads/Banner/5a77e96cc77ad.jpg
INFO: [ app_init ] --START--
INFO: Run Behavior\BuildLiteBehavior [ RunTime:0.000000s ]
INFO: [ app_init ] --END-- [ RunTime:0.000000s ]

[ 2018-02-22T16:20:06+08:00 ] 192.168.1.100 /gaochao/Uploads/Banner/5a77e96cc77ad.jpg
INFO: [ app_init ] --START--
INFO: Run Behavior\BuildLiteBehavior [ RunTime:0.000000s ]
INFO: [ app_init ] --END-- [ RunTime:0.000000s ]

[ 2018-02-22T16:20:23+08:00 ] 192.168.1.100 /gaochao/Uploads/Banner/5a77e96cc77ad.jpg
INFO: [ app_init ] --START--
INFO: Run Behavior\BuildLiteBehavior [ RunTime:0.000000s ]
INFO: [ app_init ] --END-- [ RunTime:0.000000s ]

[ 2018-02-22T16:20:45+08:00 ] 192.168.1.100 /gaochao/Uploads/Banner/5a77e96cc77ad.jpg
INFO: [ app_init ] --START--
INFO: Run Behavior\BuildLiteBehavior [ RunTime:0.000000s ]
INFO: [ app_init ] --END-- [ RunTime:0.000000s ]

[ 2018-02-22T16:20:46+08:00 ] 192.168.1.100 /gaochao/Uploads/Banner/5a77e96cc77ad.jpg
INFO: [ app_init ] --START--
INFO: Run Behavior\BuildLiteBehavior [ RunTime:0.000000s ]
INFO: [ app_init ] --END-- [ RunTime:0.000000s ]

[ 2018-02-22T16:20:57+08:00 ] 192.168.1.100 /gaochao/Uploads/Banner/5a77e96cc77ad.jpg
INFO: [ app_init ] --START--
INFO: Run Behavior\BuildLiteBehavior [ RunTime:0.000000s ]
INFO: [ app_init ] --END-- [ RunTime:0.001000s ]

[ 2018-02-22T16:22:17+08:00 ] 192.168.1.100 /gaochao/Uploads/Banner/5a77e96cc77ad.jpg
INFO: [ app_init ] --START--
INFO: Run Behavior\BuildLiteBehavior [ RunTime:0.000000s ]
INFO: [ app_init ] --END-- [ RunTime:0.001000s ]

[ 2018-02-22T16:22:25+08:00 ] 192.168.1.100 /gaochao/Uploads/Banner/5a77e96cc77ad.jpg
INFO: [ app_init ] --START--
INFO: Run Behavior\BuildLiteBehavior [ RunTime:0.000000s ]
INFO: [ app_init ] --END-- [ RunTime:0.000000s ]

[ 2018-02-22T16:23:21+08:00 ] 192.168.1.100 /gaochao/Uploads/Banner/5a77e96cc77ad.jpg
INFO: [ app_init ] --START--
INFO: Run Behavior\BuildLiteBehavior [ RunTime:0.000000s ]
INFO: [ app_init ] --END-- [ RunTime:0.000000s ]

[ 2018-02-22T16:25:50+08:00 ] 192.168.1.100 /gaochao/Uploads/Banner/5a77e96cc77ad.jpg
INFO: [ app_init ] --START--
INFO: Run Behavior\BuildLiteBehavior [ RunTime:0.000000s ]
INFO: [ app_init ] --END-- [ RunTime:0.015600s ]

[ 2018-02-22T16:28:18+08:00 ] 192.168.1.100 /gaochao/Uploads/Banner/5a77e96cc77ad.jpg
INFO: [ app_init ] --START--
INFO: Run Behavior\BuildLiteBehavior [ RunTime:0.000000s ]
INFO: [ app_init ] --END-- [ RunTime:0.000000s ]

[ 2018-02-22T16:30:55+08:00 ] 192.168.1.100 /gaochao/Uploads/Banner/5a77e96cc77ad.jpg
INFO: [ app_init ] --START--
INFO: Run Behavior\BuildLiteBehavior [ RunTime:0.000000s ]
INFO: [ app_init ] --END-- [ RunTime:0.000000s ]

[ 2018-02-22T16:30:58+08:00 ] 192.168.1.100 /gaochao/Uploads/Banner/5a77e96cc77ad.jpg
INFO: [ app_init ] --START--
INFO: Run Behavior\BuildLiteBehavior [ RunTime:0.000000s ]
INFO: [ app_init ] --END-- [ RunTime:0.015600s ]

[ 2018-02-22T16:32:40+08:00 ] 192.168.1.100 /gaochao/Uploads/Banner/5a77e96cc77ad.jpg
INFO: [ app_init ] --START--
INFO: Run Behavior\BuildLiteBehavior [ RunTime:0.000000s ]
INFO: [ app_init ] --END-- [ RunTime:0.000000s ]

[ 2018-02-22T17:04:43+08:00 ] 192.168.1.100 /gaochao/Uploads/Banner/5a77e96cc77ad.jpg
INFO: [ app_init ] --START--
INFO: Run Behavior\BuildLiteBehavior [ RunTime:0.000000s ]
INFO: [ app_init ] --END-- [ RunTime:0.000000s ]

[ 2018-02-22T17:04:43+08:00 ] 192.168.1.100 /gaochao/Uploads/Banner/5a77e96cc77ad.jpg
INFO: [ app_init ] --START--
INFO: Run Behavior\BuildLiteBehavior [ RunTime:0.000000s ]
INFO: [ app_init ] --END-- [ RunTime:0.000000s ]

[ 2018-02-22T17:06:26+08:00 ] 192.168.1.100 /gaochao/Uploads/Banner/5a77e96cc77ad.jpg
INFO: [ app_init ] --START--
INFO: Run Behavior\BuildLiteBehavior [ RunTime:0.000000s ]
INFO: [ app_init ] --END-- [ RunTime:0.000000s ]

[ 2018-02-22T17:06:50+08:00 ] 192.168.1.100 /gaochao/Uploads/Banner/5a77e96cc77ad.jpg
INFO: [ app_init ] --START--
INFO: Run Behavior\BuildLiteBehavior [ RunTime:0.000000s ]
INFO: [ app_init ] --END-- [ RunTime:0.000000s ]

[ 2018-02-22T17:08:32+08:00 ] 192.168.1.100 /gaochao/Uploads/Banner/5a77e96cc77ad.jpg
INFO: [ app_init ] --START--
INFO: Run Behavior\BuildLiteBehavior [ RunTime:0.000000s ]
INFO: [ app_init ] --END-- [ RunTime:0.001000s ]

[ 2018-02-22T17:10:13+08:00 ] 192.168.1.100 /gaochao/Uploads/Banner/5a77e96cc77ad.jpg
INFO: [ app_init ] --START--
INFO: Run Behavior\BuildLiteBehavior [ RunTime:0.000000s ]
INFO: [ app_init ] --END-- [ RunTime:0.000000s ]

[ 2018-02-22T17:16:40+08:00 ] 192.168.1.100 /gaochao/Uploads/Banner/5a77e96cc77ad.jpg
INFO: [ app_init ] --START--
INFO: Run Behavior\BuildLiteBehavior [ RunTime:0.000000s ]
INFO: [ app_init ] --END-- [ RunTime:0.015600s ]

[ 2018-02-22T17:18:43+08:00 ] 192.168.1.100 /gaochao/Uploads/Banner/5a77e96cc77ad.jpg
INFO: [ app_init ] --START--
INFO: Run Behavior\BuildLiteBehavior [ RunTime:0.000000s ]
INFO: [ app_init ] --END-- [ RunTime:0.000000s ]

[ 2018-02-22T17:21:39+08:00 ] 192.168.1.100 /gaochao/Uploads/Banner/5a77e96cc77ad.jpg
INFO: [ app_init ] --START--
INFO: Run Behavior\BuildLiteBehavior [ RunTime:0.000000s ]
INFO: [ app_init ] --END-- [ RunTime:0.000000s ]

[ 2018-02-22T17:22:27+08:00 ] 192.168.1.100 /gaochao/Uploads/Banner/5a77e96cc77ad.jpg
INFO: [ app_init ] --START--
INFO: Run Behavior\BuildLiteBehavior [ RunTime:0.000000s ]
INFO: [ app_init ] --END-- [ RunTime:0.000000s ]

[ 2018-02-22T17:22:54+08:00 ] 192.168.1.100 /gaochao/Uploads/Banner/5a77e96cc77ad.jpg
INFO: [ app_init ] --START--
INFO: Run Behavior\BuildLiteBehavior [ RunTime:0.000000s ]
INFO: [ app_init ] --END-- [ RunTime:0.000000s ]

[ 2018-02-22T17:34:33+08:00 ] 192.168.1.100 /gaochao/Uploads/Banner/5a77e96cc77ad.jpg
INFO: [ app_init ] --START--
INFO: Run Behavior\BuildLiteBehavior [ RunTime:0.000000s ]
INFO: [ app_init ] --END-- [ RunTime:0.000000s ]

[ 2018-02-22T17:35:11+08:00 ] 192.168.1.100 /gaochao/Uploads/Banner/5a77e96cc77ad.jpg
INFO: [ app_init ] --START--
INFO: Run Behavior\BuildLiteBehavior [ RunTime:0.000000s ]
INFO: [ app_init ] --END-- [ RunTime:0.000000s ]

[ 2018-02-22T17:36:16+08:00 ] 192.168.1.100 /gaochao/Uploads/Banner/5a77e96cc77ad.jpg
INFO: [ app_init ] --START--
INFO: Run Behavior\BuildLiteBehavior [ RunTime:0.000000s ]
INFO: [ app_init ] --END-- [ RunTime:0.000000s ]

[ 2018-02-22T17:36:48+08:00 ] 192.168.1.100 /gaochao/Uploads/Banner/5a77e96cc77ad.jpg
INFO: [ app_init ] --START--
INFO: Run Behavior\BuildLiteBehavior [ RunTime:0.000000s ]
INFO: [ app_init ] --END-- [ RunTime:0.000000s ]

[ 2018-02-22T17:39:37+08:00 ] 192.168.1.100 /gaochao/Uploads/Banner/5a77e96cc77ad.jpg
INFO: [ app_init ] --START--
INFO: Run Behavior\BuildLiteBehavior [ RunTime:0.000000s ]
INFO: [ app_init ] --END-- [ RunTime:0.000000s ]

[ 2018-02-22T17:39:43+08:00 ] 192.168.1.100 /gaochao/Uploads/Banner/5a77e96cc77ad.jpg
INFO: [ app_init ] --START--
INFO: Run Behavior\BuildLiteBehavior [ RunTime:0.000000s ]
INFO: [ app_init ] --END-- [ RunTime:0.000000s ]

[ 2018-02-22T17:43:06+08:00 ] 192.168.1.100 /gaochao/Uploads/Banner/5a77e96cc77ad.jpg
INFO: [ app_init ] --START--
INFO: Run Behavior\BuildLiteBehavior [ RunTime:0.000000s ]
INFO: [ app_init ] --END-- [ RunTime:0.000000s ]

[ 2018-02-22T17:46:11+08:00 ] 192.168.1.100 /gaochao/Uploads/Banner/5a77e96cc77ad.jpg
INFO: [ app_init ] --START--
INFO: Run Behavior\BuildLiteBehavior [ RunTime:0.000000s ]
INFO: [ app_init ] --END-- [ RunTime:0.000000s ]

[ 2018-02-22T17:52:59+08:00 ] 192.168.1.100 /gaochao/Uploads/Banner/5a77e96cc77ad.jpg
INFO: [ app_init ] --START--
INFO: Run Behavior\BuildLiteBehavior [ RunTime:0.000000s ]
INFO: [ app_init ] --END-- [ RunTime:0.000000s ]

[ 2018-02-22T17:55:28+08:00 ] 192.168.1.100 /gaochao/Uploads/Banner/5a77e96cc77ad.jpg
INFO: [ app_init ] --START--
INFO: Run Behavior\BuildLiteBehavior [ RunTime:0.000000s ]
INFO: [ app_init ] --END-- [ RunTime:0.000000s ]

[ 2018-02-22T17:56:20+08:00 ] 192.168.1.100 /gaochao/Uploads/Banner/5a77e96cc77ad.jpg
INFO: [ app_init ] --START--
INFO: Run Behavior\BuildLiteBehavior [ RunTime:0.000000s ]
INFO: [ app_init ] --END-- [ RunTime:0.000000s ]

[ 2018-02-22T17:59:02+08:00 ] 192.168.1.100 /gaochao/Uploads/Banner/5a77e96cc77ad.jpg
INFO: [ app_init ] --START--
INFO: Run Behavior\BuildLiteBehavior [ RunTime:0.000000s ]
INFO: [ app_init ] --END-- [ RunTime:0.000000s ]

[ 2018-02-22T17:59:18+08:00 ] 192.168.1.100 /gaochao/Uploads/Banner/5a77e96cc77ad.jpg
INFO: [ app_init ] --START--
INFO: Run Behavior\BuildLiteBehavior [ RunTime:0.000000s ]
INFO: [ app_init ] --END-- [ RunTime:0.001000s ]

[ 2018-02-22T18:53:06+08:00 ] 192.168.1.100 /gaochao/Uploads/Banner/5a77e96cc77ad.jpg
INFO: [ app_init ] --START--
INFO: Run Behavior\BuildLiteBehavior [ RunTime:0.000000s ]
INFO: [ app_init ] --END-- [ RunTime:0.000000s ]

[ 2018-02-22T18:53:28+08:00 ] 192.168.1.100 /gaochao/Uploads/Banner/5a77e96cc77ad.jpg
INFO: [ app_init ] --START--
INFO: Run Behavior\BuildLiteBehavior [ RunTime:0.000000s ]
INFO: [ app_init ] --END-- [ RunTime:0.000000s ]

[ 2018-02-22T18:53:33+08:00 ] 192.168.1.100 /gaochao/Uploads/Banner/5a77e96cc77ad.jpg
INFO: [ app_init ] --START--
INFO: Run Behavior\BuildLiteBehavior [ RunTime:0.000000s ]
INFO: [ app_init ] --END-- [ RunTime:0.000000s ]

