[ 2018-07-18T10:42:31+08:00 ] ::1 /gaochao/Uploads/Parking/20180716/M5b4be784de001.png
INFO: [ app_init ] --START--
INFO: Run Behavior\BuildLiteBehavior [ RunTime:0.000006s ]
INFO: [ app_init ] --END-- [ RunTime:0.000227s ]

[ 2018-07-18T10:42:31+08:00 ] ::1 /gaochao/Uploads/Parking/20180716/M5b4be7850e66e.png
INFO: [ app_init ] --START--
INFO: Run Behavior\BuildLiteBehavior [ RunTime:0.000006s ]
INFO: [ app_init ] --END-- [ RunTime:0.000212s ]

[ 2018-07-18T10:42:34+08:00 ] ::1 /gaochao/Uploads/Parking/20180716/M5b4c6443d243b.png
INFO: [ app_init ] --START--
INFO: Run Behavior\BuildLiteBehavior [ RunTime:0.000006s ]
INFO: [ app_init ] --END-- [ RunTime:0.000235s ]

[ 2018-07-18T10:42:34+08:00 ] ::1 /gaochao/Uploads/Parking/20180716/M5b4c644408fd9.png
INFO: [ app_init ] --START--
INFO: Run Behavior\BuildLiteBehavior [ RunTime:0.000008s ]
INFO: [ app_init ] --END-- [ RunTime:0.000273s ]

[ 2018-07-18T10:42:34+08:00 ] ::1 /gaochao/Uploads/Parking/20180716/M5b4c644436c69.png
INFO: [ app_init ] --START--
INFO: Run Behavior\BuildLiteBehavior [ RunTime:0.000008s ]
INFO: [ app_init ] --END-- [ RunTime:0.000274s ]

[ 2018-07-18T10:50:40+08:00 ] ::1 /gaochao/Uploads/Parking/20180713/M5b4854d2d412c.png
INFO: [ app_init ] --START--
INFO: Run Behavior\BuildLiteBehavior [ RunTime:0.000007s ]
INFO: [ app_init ] --END-- [ RunTime:0.000243s ]

[ 2018-07-18T12:10:19+08:00 ] ::1 /gaochao/Uploads/Parking/M5b2af1e6975ec.jpg
INFO: [ app_init ] --START--
INFO: Run Behavior\BuildLiteBehavior [ RunTime:0.000008s ]
INFO: [ app_init ] --END-- [ RunTime:0.000228s ]

[ 2018-07-18T12:10:19+08:00 ] ::1 /gaochao/Uploads/Parking/S5b2af1e6975ec.jpg
INFO: [ app_init ] --START--
INFO: Run Behavior\BuildLiteBehavior [ RunTime:0.000006s ]
INFO: [ app_init ] --END-- [ RunTime:0.000233s ]

[ 2018-07-18T12:17:52+08:00 ] ::1 /gaochao/Uploads/Parking/S5b2af1e6975ec.jpg
INFO: [ app_init ] --START--
INFO: Run Behavior\BuildLiteBehavior [ RunTime:0.000049s ]
INFO: [ app_init ] --END-- [ RunTime:0.000338s ]

[ 2018-07-18T12:17:52+08:00 ] ::1 /gaochao/Uploads/Parking/M5b2af1e6975ec.jpg
INFO: [ app_init ] --START--
INFO: Run Behavior\BuildLiteBehavior [ RunTime:0.000018s ]
INFO: [ app_init ] --END-- [ RunTime:0.000382s ]

