[ 2018-08-02T10:20:44+08:00 ] 192.168.0.110 /gaochao/Uploads/Banner/5a77e96cc77ad.jpg
INFO: [ app_init ] --START--
INFO: Run Behavior\BuildLiteBehavior [ RunTime:0.000009s ]
INFO: [ app_init ] --END-- [ RunTime:0.000320s ]

[ 2018-08-02T10:20:48+08:00 ] 192.168.0.110 /gaochao/Uploads/Banner/5a77e96cc77ad.jpg
INFO: [ app_init ] --START--
INFO: Run Behavior\BuildLiteBehavior [ RunTime:0.000015s ]
INFO: [ app_init ] --END-- [ RunTime:0.000531s ]

[ 2018-08-02T10:20:51+08:00 ] 192.168.0.110 /gaochao/Uploads/Product/Category/59a61b495e0ed.png
INFO: [ app_init ] --START--
INFO: Run Behavior\BuildLiteBehavior [ RunTime:0.000010s ]
INFO: [ app_init ] --END-- [ RunTime:0.000400s ]

[ 2018-08-02T10:20:51+08:00 ] 192.168.0.110 /gaochao/Uploads/Product/Category/59e55cd302dd1.jpg
INFO: [ app_init ] --START--
INFO: Run Behavior\BuildLiteBehavior [ RunTime:0.000006s ]
INFO: [ app_init ] --END-- [ RunTime:0.000217s ]

[ 2018-08-02T10:20:52+08:00 ] 192.168.0.110 /gaochao/Uploads/Product/Category/59a61b495e0ed.png
INFO: [ app_init ] --START--
INFO: Run Behavior\BuildLiteBehavior [ RunTime:0.000006s ]
INFO: [ app_init ] --END-- [ RunTime:0.000223s ]

[ 2018-08-02T10:20:52+08:00 ] 192.168.0.110 /gaochao/Uploads/Product/Category/59a61b495e0ed.png
INFO: [ app_init ] --START--
INFO: Run Behavior\BuildLiteBehavior [ RunTime:0.000005s ]
INFO: [ app_init ] --END-- [ RunTime:0.000231s ]

[ 2018-08-02T10:20:52+08:00 ] 192.168.0.110 /gaochao/Uploads/Product/Category/59e55cd302dd1.jpg
INFO: [ app_init ] --START--
INFO: Run Behavior\BuildLiteBehavior [ RunTime:0.000006s ]
INFO: [ app_init ] --END-- [ RunTime:0.000250s ]

[ 2018-08-02T10:20:55+08:00 ] 192.168.0.110 /gaochao/Home/Index/Index/product_detail_content/product_id/98.html
INFO: [ app_init ] --START--
INFO: Run Behavior\BuildLiteBehavior [ RunTime:0.000011s ]
INFO: [ app_init ] --END-- [ RunTime:0.000279s ]
INFO: [ app_begin ] --START--
INFO: Run Behavior\ReadHtmlCacheBehavior [ RunTime:0.000520s ]
INFO: Run Behavior\CheckLangBehavior [ RunTime:0.001092s ]
INFO: [ app_begin ] --END-- [ RunTime:0.001663s ]
SQL: SHOW COLUMNS FROM `sr_product` [ RunTime:0.0034s ]
SQL: SELECT `content` FROM `sr_product` WHERE ( id=98 ) LIMIT 1   [ RunTime:0.0003s ]
INFO: [ view_parse ] --START--
INFO: [ template_filter ] --START--
INFO: Run Behavior\ContentReplaceBehavior [ RunTime:0.000050s ]
INFO: [ template_filter ] --END-- [ RunTime:0.000081s ]
NOTIC: [8] Undefined variable: seo C:\xampp\htdocs\gaochao\Runtime\Cache\Home\1ab3be035520320c12b2016a6f25e550.php 第 9 行.
NOTIC: [8] Undefined variable: seo C:\xampp\htdocs\gaochao\Runtime\Cache\Home\1ab3be035520320c12b2016a6f25e550.php 第 10 行.
NOTIC: [8] Undefined variable: seo C:\xampp\htdocs\gaochao\Runtime\Cache\Home\1ab3be035520320c12b2016a6f25e550.php 第 11 行.
INFO: Run Behavior\ParseTemplateBehavior [ RunTime:0.029309s ]
INFO: [ view_parse ] --END-- [ RunTime:0.029338s ]
INFO: [ view_filter ] --START--
INFO: Run Behavior\WriteHtmlCacheBehavior [ RunTime:0.001187s ]
INFO: Run Behavior\TokenBuildBehavior [ RunTime:0.016422s ]
INFO: [ view_filter ] --END-- [ RunTime:0.017769s ]
INFO: [ app_end ] --START--
INFO: Run Behavior\ShowPageTraceBehavior [ RunTime:0.001132s ]
INFO: [ app_end ] --END-- [ RunTime:0.001157s ]

[ 2018-08-02T10:21:08+08:00 ] 192.168.0.110 /gaochao/Home/Index/Index/product_detail_content/product_id/98.html
INFO: [ app_init ] --START--
INFO: Run Behavior\BuildLiteBehavior [ RunTime:0.000008s ]
INFO: [ app_init ] --END-- [ RunTime:0.000356s ]
INFO: [ app_begin ] --START--
INFO: Run Behavior\ReadHtmlCacheBehavior [ RunTime:0.001045s ]
INFO: Run Behavior\CheckLangBehavior [ RunTime:0.001316s ]
INFO: [ app_begin ] --END-- [ RunTime:0.002468s ]
SQL: SHOW COLUMNS FROM `sr_product` [ RunTime:0.0029s ]
SQL: SELECT `content` FROM `sr_product` WHERE ( id=98 ) LIMIT 1   [ RunTime:0.0002s ]
INFO: [ view_parse ] --START--
INFO: [ template_filter ] --START--
INFO: Run Behavior\ContentReplaceBehavior [ RunTime:0.000047s ]
INFO: [ template_filter ] --END-- [ RunTime:0.000074s ]
NOTIC: [8] Undefined variable: seo C:\xampp\htdocs\gaochao\Runtime\Cache\Home\1ab3be035520320c12b2016a6f25e550.php 第 9 行.
NOTIC: [8] Undefined variable: seo C:\xampp\htdocs\gaochao\Runtime\Cache\Home\1ab3be035520320c12b2016a6f25e550.php 第 10 行.
NOTIC: [8] Undefined variable: seo C:\xampp\htdocs\gaochao\Runtime\Cache\Home\1ab3be035520320c12b2016a6f25e550.php 第 11 行.
INFO: Run Behavior\ParseTemplateBehavior [ RunTime:0.009879s ]
INFO: [ view_parse ] --END-- [ RunTime:0.009901s ]
INFO: [ view_filter ] --START--
INFO: Run Behavior\WriteHtmlCacheBehavior [ RunTime:0.000432s ]
INFO: Run Behavior\TokenBuildBehavior [ RunTime:0.000471s ]
INFO: [ view_filter ] --END-- [ RunTime:0.000935s ]
INFO: [ app_end ] --START--
INFO: Run Behavior\ShowPageTraceBehavior [ RunTime:0.000664s ]
INFO: [ app_end ] --END-- [ RunTime:0.000682s ]

[ 2018-08-02T10:21:19+08:00 ] 192.168.0.110 /gaochao/Uploads/Banner/5a77e96cc77ad.jpg
INFO: [ app_init ] --START--
INFO: Run Behavior\BuildLiteBehavior [ RunTime:0.000009s ]
INFO: [ app_init ] --END-- [ RunTime:0.000355s ]

[ 2018-08-02T10:21:19+08:00 ] 192.168.0.110 /gaochao/Uploads/Product/Category/59a61b495e0ed.png
INFO: [ app_init ] --START--
INFO: Run Behavior\BuildLiteBehavior [ RunTime:0.000006s ]
INFO: [ app_init ] --END-- [ RunTime:0.000296s ]

[ 2018-08-02T10:21:19+08:00 ] 192.168.0.110 /gaochao/Uploads/Product/Category/59e55cd302dd1.jpg
INFO: [ app_init ] --START--
INFO: Run Behavior\BuildLiteBehavior [ RunTime:0.000007s ]
INFO: [ app_init ] --END-- [ RunTime:0.000278s ]

