[ 2018-07-06T09:36:15+08:00 ] 192.168.1.103 /gaochao/Uploads/Banner/5a77e96cc77ad.jpg
INFO: [ app_init ] --START--
INFO: Run Behavior\BuildLiteBehavior [ RunTime:0.000045s ]
INFO: [ app_init ] --END-- [ RunTime:0.000625s ]

[ 2018-07-06T09:36:27+08:00 ] 192.168.1.103 /gaochao/Uploads/Banner/5a77e96cc77ad.jpg
INFO: [ app_init ] --START--
INFO: Run Behavior\BuildLiteBehavior [ RunTime:0.000028s ]
INFO: [ app_init ] --END-- [ RunTime:0.000268s ]

[ 2018-07-06T09:40:36+08:00 ] ::1 /gaochao/Public/Backend/img/status_.png
INFO: [ app_init ] --START--
INFO: Run Behavior\BuildLiteBehavior [ RunTime:0.000008s ]
INFO: [ app_init ] --END-- [ RunTime:0.000264s ]

[ 2018-07-06T09:40:36+08:00 ] ::1 /gaochao/Public/Backend/img/status_.png
INFO: [ app_init ] --START--
INFO: Run Behavior\BuildLiteBehavior [ RunTime:0.000009s ]
INFO: [ app_init ] --END-- [ RunTime:0.000290s ]

[ 2018-07-06T09:40:46+08:00 ] ::1 /gaochao/Public/Backend/img/status_.png
INFO: [ app_init ] --START--
INFO: Run Behavior\BuildLiteBehavior [ RunTime:0.000006s ]
INFO: [ app_init ] --END-- [ RunTime:0.000230s ]

[ 2018-07-06T09:40:46+08:00 ] ::1 /gaochao/Public/Backend/img/status_.png
INFO: [ app_init ] --START--
INFO: Run Behavior\BuildLiteBehavior [ RunTime:0.000009s ]
INFO: [ app_init ] --END-- [ RunTime:0.000251s ]

[ 2018-07-06T09:40:51+08:00 ] ::1 /gaochao/Public/Backend/img/status_.png
INFO: [ app_init ] --START--
INFO: Run Behavior\BuildLiteBehavior [ RunTime:0.000036s ]
INFO: [ app_init ] --END-- [ RunTime:0.000276s ]

[ 2018-07-06T09:40:51+08:00 ] ::1 /gaochao/Public/Backend/img/status_.png
INFO: [ app_init ] --START--
INFO: Run Behavior\BuildLiteBehavior [ RunTime:0.000008s ]
INFO: [ app_init ] --END-- [ RunTime:0.000271s ]

[ 2018-07-06T09:48:24+08:00 ] 192.168.1.105 /gaochao/Uploads/Forum/ForumThread/2018-05-18/5afe2db0babca.jpg
INFO: [ app_init ] --START--
INFO: Run Behavior\BuildLiteBehavior [ RunTime:0.000010s ]
INFO: [ app_init ] --END-- [ RunTime:0.000368s ]

[ 2018-07-06T09:48:25+08:00 ] 192.168.1.105 /gaochao/Uploads/Banner/5a77e96cc77ad.jpg
INFO: [ app_init ] --START--
INFO: Run Behavior\BuildLiteBehavior [ RunTime:0.000011s ]
INFO: [ app_init ] --END-- [ RunTime:0.000409s ]

[ 2018-07-06T09:49:04+08:00 ] 192.168.1.105 /gaochao/Uploads/Banner/5a77e96cc77ad.jpg
INFO: [ app_init ] --START--
INFO: Run Behavior\BuildLiteBehavior [ RunTime:0.000009s ]
INFO: [ app_init ] --END-- [ RunTime:0.000376s ]

[ 2018-07-06T09:49:04+08:00 ] 192.168.1.105 /gaochao/Uploads/Forum/ForumThread/2018-05-18/5afe2db0babca.jpg
INFO: [ app_init ] --START--
INFO: Run Behavior\BuildLiteBehavior [ RunTime:0.000009s ]
INFO: [ app_init ] --END-- [ RunTime:0.000423s ]

[ 2018-07-06T09:49:04+08:00 ] 192.168.1.105 /gaochao/Uploads/Banner/5a77e96cc77ad.jpg
INFO: [ app_init ] --START--
INFO: Run Behavior\BuildLiteBehavior [ RunTime:0.000007s ]
INFO: [ app_init ] --END-- [ RunTime:0.000333s ]

[ 2018-07-06T09:49:08+08:00 ] 192.168.1.105 /gaochao/Uploads/Forum/ForumThread/2018-05-18/5afe2db0babca.jpg
INFO: [ app_init ] --START--
INFO: Run Behavior\BuildLiteBehavior [ RunTime:0.000009s ]
INFO: [ app_init ] --END-- [ RunTime:0.000493s ]

[ 2018-07-06T09:49:08+08:00 ] 192.168.1.105 /gaochao/Uploads/Banner/5a77e96cc77ad.jpg
INFO: [ app_init ] --START--
INFO: Run Behavior\BuildLiteBehavior [ RunTime:0.000008s ]
INFO: [ app_init ] --END-- [ RunTime:0.000335s ]

[ 2018-07-06T09:49:08+08:00 ] 192.168.1.105 /gaochao/Uploads/Banner/5a77e96cc77ad.jpg
INFO: [ app_init ] --START--
INFO: Run Behavior\BuildLiteBehavior [ RunTime:0.000009s ]
INFO: [ app_init ] --END-- [ RunTime:0.000373s ]

[ 2018-07-06T09:49:34+08:00 ] 192.168.1.105 /gaochao/Uploads/Banner/5a77e96cc77ad.jpg
INFO: [ app_init ] --START--
INFO: Run Behavior\BuildLiteBehavior [ RunTime:0.000010s ]
INFO: [ app_init ] --END-- [ RunTime:0.000342s ]

[ 2018-07-06T09:49:34+08:00 ] 192.168.1.105 /gaochao/Uploads/Forum/ForumThread/2018-05-18/5afe2db0babca.jpg
INFO: [ app_init ] --START--
INFO: Run Behavior\BuildLiteBehavior [ RunTime:0.000007s ]
INFO: [ app_init ] --END-- [ RunTime:0.000331s ]

[ 2018-07-06T09:49:47+08:00 ] 192.168.1.105 /gaochao/Uploads/Forum/ForumThread/2018-05-18/5afe2db0babca.jpg
INFO: [ app_init ] --START--
INFO: Run Behavior\BuildLiteBehavior [ RunTime:0.000009s ]
INFO: [ app_init ] --END-- [ RunTime:0.000441s ]

[ 2018-07-06T09:49:47+08:00 ] 192.168.1.105 /gaochao/Uploads/Banner/5a77e96cc77ad.jpg
INFO: [ app_init ] --START--
INFO: Run Behavior\BuildLiteBehavior [ RunTime:0.000011s ]
INFO: [ app_init ] --END-- [ RunTime:0.000451s ]

[ 2018-07-06T09:49:54+08:00 ] 192.168.1.105 /gaochao/Uploads/Forum/ForumThread/2018-05-18/5afe2db0babca.jpg
INFO: [ app_init ] --START--
INFO: Run Behavior\BuildLiteBehavior [ RunTime:0.000010s ]
INFO: [ app_init ] --END-- [ RunTime:0.000440s ]

[ 2018-07-06T09:49:58+08:00 ] 192.168.1.105 /gaochao/Uploads/Banner/5a77e96cc77ad.jpg
INFO: [ app_init ] --START--
INFO: Run Behavior\BuildLiteBehavior [ RunTime:0.000009s ]
INFO: [ app_init ] --END-- [ RunTime:0.000340s ]

[ 2018-07-06T09:49:58+08:00 ] 192.168.1.105 /gaochao/Uploads/Forum/ForumThread/2018-05-18/5afe2db0babca.jpg
INFO: [ app_init ] --START--
INFO: Run Behavior\BuildLiteBehavior [ RunTime:0.000007s ]
INFO: [ app_init ] --END-- [ RunTime:0.000329s ]

[ 2018-07-06T09:50:01+08:00 ] 192.168.1.105 /gaochao/Uploads/Product/Category/59a61b495e0ed.png
INFO: [ app_init ] --START--
INFO: Run Behavior\BuildLiteBehavior [ RunTime:0.000013s ]
INFO: [ app_init ] --END-- [ RunTime:0.000527s ]

[ 2018-07-06T09:50:01+08:00 ] 192.168.1.105 /gaochao/Uploads/Product/Category/59e55cd302dd1.jpg
INFO: [ app_init ] --START--
INFO: Run Behavior\BuildLiteBehavior [ RunTime:0.000009s ]
INFO: [ app_init ] --END-- [ RunTime:0.000317s ]

[ 2018-07-06T09:52:40+08:00 ] 192.168.1.103 /gaochao/Uploads/Banner/5a77e96cc77ad.jpg
INFO: [ app_init ] --START--
INFO: Run Behavior\BuildLiteBehavior [ RunTime:0.000010s ]
INFO: [ app_init ] --END-- [ RunTime:0.000503s ]

[ 2018-07-06T09:58:04+08:00 ] 192.168.1.105 /gaochao/Uploads/Banner/5a77e96cc77ad.jpg
INFO: [ app_init ] --START--
INFO: Run Behavior\BuildLiteBehavior [ RunTime:0.000009s ]
INFO: [ app_init ] --END-- [ RunTime:0.000427s ]

[ 2018-07-06T09:58:04+08:00 ] 192.168.1.105 /gaochao/Uploads/Product/Category/59e55cd302dd1.jpg
INFO: [ app_init ] --START--
INFO: Run Behavior\BuildLiteBehavior [ RunTime:0.000009s ]
INFO: [ app_init ] --END-- [ RunTime:0.000348s ]

[ 2018-07-06T09:58:04+08:00 ] 192.168.1.105 /gaochao/Uploads/Product/Category/59a61b495e0ed.png
INFO: [ app_init ] --START--
INFO: Run Behavior\BuildLiteBehavior [ RunTime:0.000010s ]
INFO: [ app_init ] --END-- [ RunTime:0.000402s ]

[ 2018-07-06T09:58:04+08:00 ] 192.168.1.105 /gaochao/Uploads/Forum/ForumThread/2018-05-18/5afe2db0babca.jpg
INFO: [ app_init ] --START--
INFO: Run Behavior\BuildLiteBehavior [ RunTime:0.000006s ]
INFO: [ app_init ] --END-- [ RunTime:0.000243s ]

[ 2018-07-06T09:58:10+08:00 ] 192.168.1.105 /gaochao/Uploads/Banner/5a77e96cc77ad.jpg
INFO: [ app_init ] --START--
INFO: Run Behavior\BuildLiteBehavior [ RunTime:0.000009s ]
INFO: [ app_init ] --END-- [ RunTime:0.000338s ]

[ 2018-07-06T09:58:10+08:00 ] 192.168.1.105 /gaochao/Uploads/Product/Category/59a61b495e0ed.png
INFO: [ app_init ] --START--
INFO: Run Behavior\BuildLiteBehavior [ RunTime:0.000008s ]
INFO: [ app_init ] --END-- [ RunTime:0.000341s ]

[ 2018-07-06T09:58:10+08:00 ] 192.168.1.105 /gaochao/Uploads/Product/Category/59e55cd302dd1.jpg
INFO: [ app_init ] --START--
INFO: Run Behavior\BuildLiteBehavior [ RunTime:0.000009s ]
INFO: [ app_init ] --END-- [ RunTime:0.000334s ]

[ 2018-07-06T09:58:10+08:00 ] 192.168.1.105 /gaochao/Uploads/Forum/ForumThread/2018-05-18/5afe2db0babca.jpg
INFO: [ app_init ] --START--
INFO: Run Behavior\BuildLiteBehavior [ RunTime:0.000007s ]
INFO: [ app_init ] --END-- [ RunTime:0.000302s ]

[ 2018-07-06T10:03:17+08:00 ] 192.168.1.103 /gaochao/Uploads/Forum/ForumThread/2018-05-18/5afe2db0babca.jpg
INFO: [ app_init ] --START--
INFO: Run Behavior\BuildLiteBehavior [ RunTime:0.000009s ]
INFO: [ app_init ] --END-- [ RunTime:0.000425s ]

[ 2018-07-06T10:03:18+08:00 ] 192.168.1.103 /gaochao/Uploads/Banner/5a77e96cc77ad.jpg
INFO: [ app_init ] --START--
INFO: Run Behavior\BuildLiteBehavior [ RunTime:0.000008s ]
INFO: [ app_init ] --END-- [ RunTime:0.000329s ]

[ 2018-07-06T10:05:05+08:00 ] 192.168.1.103 /gaochao/Uploads/Forum/ForumThread/2018-05-18/5afe2db0babca.jpg
INFO: [ app_init ] --START--
INFO: Run Behavior\BuildLiteBehavior [ RunTime:0.000009s ]
INFO: [ app_init ] --END-- [ RunTime:0.000345s ]

[ 2018-07-06T10:05:05+08:00 ] 192.168.1.103 /gaochao/Uploads/Banner/5a77e96cc77ad.jpg
INFO: [ app_init ] --START--
INFO: Run Behavior\BuildLiteBehavior [ RunTime:0.000009s ]
INFO: [ app_init ] --END-- [ RunTime:0.000338s ]

[ 2018-07-06T10:05:08+08:00 ] 192.168.1.103 /gaochao/Uploads/Forum/ForumThread/2018-05-05/5aecfa9c2749b.jpg
INFO: [ app_init ] --START--
INFO: Run Behavior\BuildLiteBehavior [ RunTime:0.000008s ]
INFO: [ app_init ] --END-- [ RunTime:0.000370s ]

[ 2018-07-06T10:05:08+08:00 ] 192.168.1.103 /gaochao/Uploads/Forum/ForumThread/2018-05-04/5aebb11a08c1d.jpg
INFO: [ app_init ] --START--
INFO: Run Behavior\BuildLiteBehavior [ RunTime:0.000010s ]
INFO: [ app_init ] --END-- [ RunTime:0.000436s ]

[ 2018-07-06T10:05:15+08:00 ] 192.168.1.103 /gaochao/Uploads/Forum/ForumThread/2018-05-04/5aebb11a08c1d.jpg
INFO: [ app_init ] --START--
INFO: Run Behavior\BuildLiteBehavior [ RunTime:0.000008s ]
INFO: [ app_init ] --END-- [ RunTime:0.000347s ]

[ 2018-07-06T10:05:15+08:00 ] 192.168.1.103 /gaochao/Uploads/Banner/5a77e96cc77ad.jpg
INFO: [ app_init ] --START--
INFO: Run Behavior\BuildLiteBehavior [ RunTime:0.000007s ]
INFO: [ app_init ] --END-- [ RunTime:0.000338s ]

[ 2018-07-06T10:05:15+08:00 ] 192.168.1.103 /gaochao/Uploads/Forum/ForumThread/2018-05-05/5aecfa9c2749b.jpg
INFO: [ app_init ] --START--
INFO: Run Behavior\BuildLiteBehavior [ RunTime:0.000009s ]
INFO: [ app_init ] --END-- [ RunTime:0.000336s ]

[ 2018-07-06T10:05:15+08:00 ] 192.168.1.103 /gaochao/Uploads/Forum/ForumThread/2018-05-18/5afe2db0babca.jpg
INFO: [ app_init ] --START--
INFO: Run Behavior\BuildLiteBehavior [ RunTime:0.000007s ]
INFO: [ app_init ] --END-- [ RunTime:0.000236s ]

[ 2018-07-06T10:06:03+08:00 ] 192.168.1.103 /gaochao/Uploads/Forum/ForumThread/2018-05-18/5afe2db0babca.jpg
INFO: [ app_init ] --START--
INFO: Run Behavior\BuildLiteBehavior [ RunTime:0.000008s ]
INFO: [ app_init ] --END-- [ RunTime:0.000370s ]

[ 2018-07-06T10:06:03+08:00 ] 192.168.1.103 /gaochao/Uploads/Banner/5a77e96cc77ad.jpg
INFO: [ app_init ] --START--
INFO: Run Behavior\BuildLiteBehavior [ RunTime:0.000010s ]
INFO: [ app_init ] --END-- [ RunTime:0.000440s ]

[ 2018-07-06T10:06:54+08:00 ] 192.168.1.103 /gaochao/Uploads/Banner/5a77e96cc77ad.jpg
INFO: [ app_init ] --START--
INFO: Run Behavior\BuildLiteBehavior [ RunTime:0.000006s ]
INFO: [ app_init ] --END-- [ RunTime:0.000210s ]

[ 2018-07-06T10:06:54+08:00 ] 192.168.1.103 /gaochao/Uploads/Forum/ForumThread/2018-05-18/5afe2db0babca.jpg
INFO: [ app_init ] --START--
INFO: Run Behavior\BuildLiteBehavior [ RunTime:0.000005s ]
INFO: [ app_init ] --END-- [ RunTime:0.000206s ]

[ 2018-07-06T10:06:56+08:00 ] 192.168.1.103 /gaochao/Uploads/Banner/5a77e96cc77ad.jpg
INFO: [ app_init ] --START--
INFO: Run Behavior\BuildLiteBehavior [ RunTime:0.000009s ]
INFO: [ app_init ] --END-- [ RunTime:0.000327s ]

[ 2018-07-06T10:07:39+08:00 ] 192.168.1.105 /gaochao/Uploads/Product/Category/59e55cd302dd1.jpg
INFO: [ app_init ] --START--
INFO: Run Behavior\BuildLiteBehavior [ RunTime:0.000010s ]
INFO: [ app_init ] --END-- [ RunTime:0.000966s ]

[ 2018-07-06T10:07:39+08:00 ] 192.168.1.105 /gaochao/Uploads/Banner/5a77e96cc77ad.jpg
INFO: [ app_init ] --START--
INFO: Run Behavior\BuildLiteBehavior [ RunTime:0.000009s ]
INFO: [ app_init ] --END-- [ RunTime:0.000408s ]

[ 2018-07-06T10:07:39+08:00 ] 192.168.1.105 /gaochao/Uploads/Product/Category/59a61b495e0ed.png
INFO: [ app_init ] --START--
INFO: Run Behavior\BuildLiteBehavior [ RunTime:0.000010s ]
INFO: [ app_init ] --END-- [ RunTime:0.000392s ]

[ 2018-07-06T10:07:39+08:00 ] 192.168.1.105 /gaochao/Uploads/Forum/ForumThread/2018-05-18/5afe2db0babca.jpg
INFO: [ app_init ] --START--
INFO: Run Behavior\BuildLiteBehavior [ RunTime:0.000007s ]
INFO: [ app_init ] --END-- [ RunTime:0.000309s ]

[ 2018-07-06T10:09:20+08:00 ] 192.168.1.105 /gaochao/Uploads/Product/Category/59e55cd302dd1.jpg
INFO: [ app_init ] --START--
INFO: Run Behavior\BuildLiteBehavior [ RunTime:0.000009s ]
INFO: [ app_init ] --END-- [ RunTime:0.000344s ]

[ 2018-07-06T10:09:20+08:00 ] 192.168.1.105 /gaochao/Uploads/Forum/ForumThread/2018-05-18/5afe2db0babca.jpg
INFO: [ app_init ] --START--
INFO: Run Behavior\BuildLiteBehavior [ RunTime:0.000008s ]
INFO: [ app_init ] --END-- [ RunTime:0.000336s ]

[ 2018-07-06T10:09:20+08:00 ] 192.168.1.105 /gaochao/Uploads/Banner/5a77e96cc77ad.jpg
INFO: [ app_init ] --START--
INFO: Run Behavior\BuildLiteBehavior [ RunTime:0.000008s ]
INFO: [ app_init ] --END-- [ RunTime:0.000344s ]

[ 2018-07-06T10:09:20+08:00 ] 192.168.1.105 /gaochao/Uploads/Product/Category/59a61b495e0ed.png
INFO: [ app_init ] --START--
INFO: Run Behavior\BuildLiteBehavior [ RunTime:0.000008s ]
INFO: [ app_init ] --END-- [ RunTime:0.000382s ]

[ 2018-07-06T10:14:33+08:00 ] 192.168.1.105 /gaochao/Uploads/Banner/5a77e96cc77ad.jpg
INFO: [ app_init ] --START--
INFO: Run Behavior\BuildLiteBehavior [ RunTime:0.000010s ]
INFO: [ app_init ] --END-- [ RunTime:0.000352s ]

[ 2018-07-06T10:14:33+08:00 ] 192.168.1.105 /gaochao/Uploads/Product/Category/59e55cd302dd1.jpg
INFO: [ app_init ] --START--
INFO: Run Behavior\BuildLiteBehavior [ RunTime:0.000010s ]
INFO: [ app_init ] --END-- [ RunTime:0.000441s ]

[ 2018-07-06T10:14:33+08:00 ] 192.168.1.105 /gaochao/Uploads/Forum/ForumThread/2018-05-18/5afe2db0babca.jpg
INFO: [ app_init ] --START--
INFO: Run Behavior\BuildLiteBehavior [ RunTime:0.000007s ]
INFO: [ app_init ] --END-- [ RunTime:0.000247s ]

[ 2018-07-06T10:14:33+08:00 ] 192.168.1.105 /gaochao/Uploads/Product/Category/59a61b495e0ed.png
INFO: [ app_init ] --START--
INFO: Run Behavior\BuildLiteBehavior [ RunTime:0.000007s ]
INFO: [ app_init ] --END-- [ RunTime:0.000381s ]

[ 2018-07-06T11:11:39+08:00 ] 192.168.1.105 /gaochao/Uploads/Banner/5a77e96cc77ad.jpg
INFO: [ app_init ] --START--
INFO: Run Behavior\BuildLiteBehavior [ RunTime:0.000067s ]
INFO: [ app_init ] --END-- [ RunTime:0.000538s ]

[ 2018-07-06T11:12:57+08:00 ] 192.168.1.105 /gaochao/Uploads/Banner/5a77e96cc77ad.jpg
INFO: [ app_init ] --START--
INFO: Run Behavior\BuildLiteBehavior [ RunTime:0.000007s ]
INFO: [ app_init ] --END-- [ RunTime:0.000220s ]

[ 2018-07-06T11:13:01+08:00 ] 192.168.1.105 /gaochao/Uploads/Banner/5a77e96cc77ad.jpg
INFO: [ app_init ] --START--
INFO: Run Behavior\BuildLiteBehavior [ RunTime:0.000010s ]
INFO: [ app_init ] --END-- [ RunTime:0.000424s ]

[ 2018-07-06T11:14:19+08:00 ] 192.168.1.103 /gaochao/Uploads/Forum/ForumThread/2018-05-18/5afe2db0babca.jpg
INFO: [ app_init ] --START--
INFO: Run Behavior\BuildLiteBehavior [ RunTime:0.000072s ]
INFO: [ app_init ] --END-- [ RunTime:0.000582s ]

[ 2018-07-06T11:14:19+08:00 ] 192.168.1.103 /gaochao/Uploads/Banner/5a77e96cc77ad.jpg
INFO: [ app_init ] --START--
INFO: Run Behavior\BuildLiteBehavior [ RunTime:0.000009s ]
INFO: [ app_init ] --END-- [ RunTime:0.000344s ]

[ 2018-07-06T11:14:23+08:00 ] 192.168.1.103 /gaochao/Uploads/Banner/5a77e96cc77ad.jpg
INFO: [ app_init ] --START--
INFO: Run Behavior\BuildLiteBehavior [ RunTime:0.000009s ]
INFO: [ app_init ] --END-- [ RunTime:0.000382s ]

[ 2018-07-06T11:14:23+08:00 ] 192.168.1.103 /gaochao/Uploads/Banner/5a77e96cc77ad.jpg
INFO: [ app_init ] --START--
INFO: Run Behavior\BuildLiteBehavior [ RunTime:0.000006s ]
INFO: [ app_init ] --END-- [ RunTime:0.000211s ]

[ 2018-07-06T11:14:52+08:00 ] 192.168.1.101 /gaochao/Uploads/Banner/5a77e96cc77ad.jpg
INFO: [ app_init ] --START--
INFO: Run Behavior\BuildLiteBehavior [ RunTime:0.000055s ]
INFO: [ app_init ] --END-- [ RunTime:0.000429s ]

[ 2018-07-06T11:15:05+08:00 ] 192.168.1.101 /gaochao/Uploads/Banner/5a77e96cc77ad.jpg
INFO: [ app_init ] --START--
INFO: Run Behavior\BuildLiteBehavior [ RunTime:0.000008s ]
INFO: [ app_init ] --END-- [ RunTime:0.000339s ]

[ 2018-07-06T11:15:05+08:00 ] 192.168.1.101 /gaochao/Uploads/Banner/5a77e96cc77ad.jpg
INFO: [ app_init ] --START--
INFO: Run Behavior\BuildLiteBehavior [ RunTime:0.000009s ]
INFO: [ app_init ] --END-- [ RunTime:0.000389s ]

[ 2018-07-06T11:15:09+08:00 ] 192.168.1.101 /gaochao/Uploads/Banner/5a77e96cc77ad.jpg
INFO: [ app_init ] --START--
INFO: Run Behavior\BuildLiteBehavior [ RunTime:0.000007s ]
INFO: [ app_init ] --END-- [ RunTime:0.000317s ]

[ 2018-07-06T11:15:12+08:00 ] 192.168.1.101 /gaochao/Uploads/Banner/5a77e96cc77ad.jpg
INFO: [ app_init ] --START--
INFO: Run Behavior\BuildLiteBehavior [ RunTime:0.000007s ]
INFO: [ app_init ] --END-- [ RunTime:0.000319s ]

[ 2018-07-06T11:15:18+08:00 ] 192.168.1.101 /gaochao/Uploads/Banner/5a77e96cc77ad.jpg
INFO: [ app_init ] --START--
INFO: Run Behavior\BuildLiteBehavior [ RunTime:0.000008s ]
INFO: [ app_init ] --END-- [ RunTime:0.000295s ]

[ 2018-07-06T11:16:22+08:00 ] 192.168.1.101 /gaochao/Uploads/Forum/ForumThread/2018-05-18/5afe2db0babca.jpg
INFO: [ app_init ] --START--
INFO: Run Behavior\BuildLiteBehavior [ RunTime:0.000016s ]
INFO: [ app_init ] --END-- [ RunTime:0.000656s ]

[ 2018-07-06T11:16:23+08:00 ] 192.168.1.101 /gaochao/Uploads/Banner/5a77e96cc77ad.jpg
INFO: [ app_init ] --START--
INFO: Run Behavior\BuildLiteBehavior [ RunTime:0.000008s ]
INFO: [ app_init ] --END-- [ RunTime:0.000830s ]

[ 2018-07-06T11:16:27+08:00 ] 192.168.1.101 /gaochao/Uploads/Banner/5a77e96cc77ad.jpg
INFO: [ app_init ] --START--
INFO: Run Behavior\BuildLiteBehavior [ RunTime:0.000008s ]
INFO: [ app_init ] --END-- [ RunTime:0.000316s ]

[ 2018-07-06T11:19:42+08:00 ] 192.168.1.110 /gaochao/Uploads/Banner/5a77e96cc77ad.jpg
INFO: [ app_init ] --START--
INFO: Run Behavior\BuildLiteBehavior [ RunTime:0.000014s ]
INFO: [ app_init ] --END-- [ RunTime:0.000508s ]

[ 2018-07-06T11:19:44+08:00 ] 192.168.1.110 /gaochao/Uploads/Banner/5a77e96cc77ad.jpg
INFO: [ app_init ] --START--
INFO: Run Behavior\BuildLiteBehavior [ RunTime:0.000007s ]
INFO: [ app_init ] --END-- [ RunTime:0.000379s ]

[ 2018-07-06T11:20:11+08:00 ] 192.168.1.110 /gaochao/Uploads/Banner/5a77e96cc77ad.jpg
INFO: [ app_init ] --START--
INFO: Run Behavior\BuildLiteBehavior [ RunTime:0.000014s ]
INFO: [ app_init ] --END-- [ RunTime:0.000983s ]

[ 2018-07-06T11:20:15+08:00 ] 192.168.1.110 /gaochao/Uploads/Banner/5a77e96cc77ad.jpg
INFO: [ app_init ] --START--
INFO: Run Behavior\BuildLiteBehavior [ RunTime:0.000018s ]
INFO: [ app_init ] --END-- [ RunTime:0.000810s ]

[ 2018-07-06T11:20:27+08:00 ] 192.168.1.110 /gaochao/Uploads/Banner/5a77e96cc77ad.jpg
INFO: [ app_init ] --START--
INFO: Run Behavior\BuildLiteBehavior [ RunTime:0.000009s ]
INFO: [ app_init ] --END-- [ RunTime:0.000395s ]

[ 2018-07-06T11:20:52+08:00 ] 192.168.1.110 /gaochao/Uploads/Banner/5a77e96cc77ad.jpg
INFO: [ app_init ] --START--
INFO: Run Behavior\BuildLiteBehavior [ RunTime:0.000007s ]
INFO: [ app_init ] --END-- [ RunTime:0.000350s ]

[ 2018-07-06T11:21:10+08:00 ] 192.168.1.110 /gaochao/Uploads/Banner/5a77e96cc77ad.jpg
INFO: [ app_init ] --START--
INFO: Run Behavior\BuildLiteBehavior [ RunTime:0.000011s ]
INFO: [ app_init ] --END-- [ RunTime:0.000460s ]

[ 2018-07-06T11:21:11+08:00 ] 192.168.1.110 /gaochao/Uploads/Banner/5a77e96cc77ad.jpg
INFO: [ app_init ] --START--
INFO: Run Behavior\BuildLiteBehavior [ RunTime:0.000009s ]
INFO: [ app_init ] --END-- [ RunTime:0.000359s ]

[ 2018-07-06T11:21:59+08:00 ] 192.168.1.101 /gaochao/Uploads/Banner/5a77e96cc77ad.jpg
INFO: [ app_init ] --START--
INFO: Run Behavior\BuildLiteBehavior [ RunTime:0.000009s ]
INFO: [ app_init ] --END-- [ RunTime:0.000421s ]

[ 2018-07-06T11:21:59+08:00 ] 192.168.1.101 /gaochao/Uploads/Forum/ForumThread/2018-05-18/5afe2db0babca.jpg
INFO: [ app_init ] --START--
INFO: Run Behavior\BuildLiteBehavior [ RunTime:0.000010s ]
INFO: [ app_init ] --END-- [ RunTime:0.000490s ]

[ 2018-07-06T11:22:05+08:00 ] 192.168.1.101 /gaochao/Uploads/Forum/ForumThread/2018-05-18/5afe2db0babca.jpg
INFO: [ app_init ] --START--
INFO: Run Behavior\BuildLiteBehavior [ RunTime:0.000008s ]
INFO: [ app_init ] --END-- [ RunTime:0.000363s ]

[ 2018-07-06T11:22:06+08:00 ] 192.168.1.101 /gaochao/Uploads/Banner/5a77e96cc77ad.jpg
INFO: [ app_init ] --START--
INFO: Run Behavior\BuildLiteBehavior [ RunTime:0.000008s ]
INFO: [ app_init ] --END-- [ RunTime:0.000842s ]

[ 2018-07-06T11:22:47+08:00 ] 192.168.1.103 /gaochao/Uploads/Forum/ForumThread/2018-05-18/5afe2db0babca.jpg
INFO: [ app_init ] --START--
INFO: Run Behavior\BuildLiteBehavior [ RunTime:0.000019s ]
INFO: [ app_init ] --END-- [ RunTime:0.000836s ]

[ 2018-07-06T11:22:47+08:00 ] 192.168.1.103 /gaochao/Uploads/Banner/5a77e96cc77ad.jpg
INFO: [ app_init ] --START--
INFO: Run Behavior\BuildLiteBehavior [ RunTime:0.000008s ]
INFO: [ app_init ] --END-- [ RunTime:0.000346s ]

[ 2018-07-06T11:25:14+08:00 ] 192.168.1.101 /gaochao/Uploads/Banner/5a77e96cc77ad.jpg
INFO: [ app_init ] --START--
INFO: Run Behavior\BuildLiteBehavior [ RunTime:0.000012s ]
INFO: [ app_init ] --END-- [ RunTime:0.000534s ]

[ 2018-07-06T11:25:14+08:00 ] 192.168.1.101 /gaochao/Uploads/Forum/ForumThread/2018-05-18/5afe2db0babca.jpg
INFO: [ app_init ] --START--
INFO: Run Behavior\BuildLiteBehavior [ RunTime:0.000012s ]
INFO: [ app_init ] --END-- [ RunTime:0.000531s ]

[ 2018-07-06T11:28:02+08:00 ] 192.168.1.101 /gaochao/Uploads/Forum/ForumThread/2018-05-18/5afe2db0babca.jpg
INFO: [ app_init ] --START--
INFO: Run Behavior\BuildLiteBehavior [ RunTime:0.000008s ]
INFO: [ app_init ] --END-- [ RunTime:0.000383s ]

[ 2018-07-06T11:28:03+08:00 ] 192.168.1.101 /gaochao/Uploads/Banner/5a77e96cc77ad.jpg
INFO: [ app_init ] --START--
INFO: Run Behavior\BuildLiteBehavior [ RunTime:0.000007s ]
INFO: [ app_init ] --END-- [ RunTime:0.000294s ]

[ 2018-07-06T11:28:07+08:00 ] 192.168.1.101 /gaochao/Uploads/Banner/5a77e96cc77ad.jpg
INFO: [ app_init ] --START--
INFO: Run Behavior\BuildLiteBehavior [ RunTime:0.000009s ]
INFO: [ app_init ] --END-- [ RunTime:0.000397s ]

[ 2018-07-06T11:28:28+08:00 ] 192.168.1.105 /gaochao/Uploads/Banner/5a77e96cc77ad.jpg
INFO: [ app_init ] --START--
INFO: Run Behavior\BuildLiteBehavior [ RunTime:0.000010s ]
INFO: [ app_init ] --END-- [ RunTime:0.000438s ]

[ 2018-07-06T11:32:28+08:00 ] 192.168.1.105 /gaochao/Uploads/Forum/ForumThread/2018-05-18/5afe2db0babca.jpg
INFO: [ app_init ] --START--
INFO: Run Behavior\BuildLiteBehavior [ RunTime:0.000012s ]
INFO: [ app_init ] --END-- [ RunTime:0.000637s ]

[ 2018-07-06T11:32:28+08:00 ] 192.168.1.105 /gaochao/Uploads/Banner/5a77e96cc77ad.jpg
INFO: [ app_init ] --START--
INFO: Run Behavior\BuildLiteBehavior [ RunTime:0.000011s ]
INFO: [ app_init ] --END-- [ RunTime:0.000423s ]

[ 2018-07-06T11:32:32+08:00 ] 192.168.1.105 /gaochao/Uploads/Banner/5a77e96cc77ad.jpg
INFO: [ app_init ] --START--
INFO: Run Behavior\BuildLiteBehavior [ RunTime:0.000009s ]
INFO: [ app_init ] --END-- [ RunTime:0.000410s ]

[ 2018-07-06T11:32:54+08:00 ] 192.168.1.105 /gaochao/Uploads/Banner/5a77e96cc77ad.jpg
INFO: [ app_init ] --START--
INFO: Run Behavior\BuildLiteBehavior [ RunTime:0.000019s ]
INFO: [ app_init ] --END-- [ RunTime:0.000834s ]

[ 2018-07-06T11:32:54+08:00 ] 192.168.1.105 /gaochao/Uploads/Forum/ForumThread/2018-05-18/5afe2db0babca.jpg
INFO: [ app_init ] --START--
INFO: Run Behavior\BuildLiteBehavior [ RunTime:0.000009s ]
INFO: [ app_init ] --END-- [ RunTime:0.000989s ]

[ 2018-07-06T11:32:56+08:00 ] 192.168.1.105 /gaochao/Uploads/Property/BianMin/2018-02-05/5a780e7c1d4bb.jpg
INFO: [ app_init ] --START--
INFO: Run Behavior\BuildLiteBehavior [ RunTime:0.000006s ]
INFO: [ app_init ] --END-- [ RunTime:0.000212s ]

[ 2018-07-06T11:32:57+08:00 ] 192.168.1.105 /gaochao/Uploads/Banner/5a77e96cc77ad.jpg
INFO: [ app_init ] --START--
INFO: Run Behavior\BuildLiteBehavior [ RunTime:0.000009s ]
INFO: [ app_init ] --END-- [ RunTime:0.000828s ]

[ 2018-07-06T11:32:57+08:00 ] 192.168.1.105 /gaochao/Uploads/Forum/ForumThread/2018-05-18/5afe2db0babca.jpg
INFO: [ app_init ] --START--
INFO: Run Behavior\BuildLiteBehavior [ RunTime:0.000007s ]
INFO: [ app_init ] --END-- [ RunTime:0.000499s ]

[ 2018-07-06T11:33:39+08:00 ] 192.168.1.101 /gaochao/Uploads/Forum/ForumThread/2018-05-18/5afe2db0babca.jpg
INFO: [ app_init ] --START--
INFO: Run Behavior\BuildLiteBehavior [ RunTime:0.000007s ]
INFO: [ app_init ] --END-- [ RunTime:0.000307s ]

[ 2018-07-06T11:33:40+08:00 ] 192.168.1.101 /gaochao/Uploads/Banner/5a77e96cc77ad.jpg
INFO: [ app_init ] --START--
INFO: Run Behavior\BuildLiteBehavior [ RunTime:0.000008s ]
INFO: [ app_init ] --END-- [ RunTime:0.000363s ]

[ 2018-07-06T11:34:29+08:00 ] 192.168.1.105 /gaochao/Uploads/Forum/ForumThread/2018-05-18/5afe2db0babca.jpg
INFO: [ app_init ] --START--
INFO: Run Behavior\BuildLiteBehavior [ RunTime:0.000019s ]
INFO: [ app_init ] --END-- [ RunTime:0.000853s ]

[ 2018-07-06T11:34:29+08:00 ] 192.168.1.105 /gaochao/Uploads/Banner/5a77e96cc77ad.jpg
INFO: [ app_init ] --START--
INFO: Run Behavior\BuildLiteBehavior [ RunTime:0.000009s ]
INFO: [ app_init ] --END-- [ RunTime:0.000415s ]

[ 2018-07-06T11:34:36+08:00 ] 192.168.1.105 /gaochao/Uploads/Forum/ForumThread/2018-05-18/5afe2db0babca.jpg
INFO: [ app_init ] --START--
INFO: Run Behavior\BuildLiteBehavior [ RunTime:0.000010s ]
INFO: [ app_init ] --END-- [ RunTime:0.000350s ]

[ 2018-07-06T11:34:36+08:00 ] 192.168.1.105 /gaochao/Uploads/Banner/5a77e96cc77ad.jpg
INFO: [ app_init ] --START--
INFO: Run Behavior\BuildLiteBehavior [ RunTime:0.000011s ]
INFO: [ app_init ] --END-- [ RunTime:0.000902s ]

[ 2018-07-06T11:39:19+08:00 ] 192.168.1.105 /gaochao/Uploads/Forum/ForumThread/2018-05-18/5afe2db0babca.jpg
INFO: [ app_init ] --START--
INFO: Run Behavior\BuildLiteBehavior [ RunTime:0.000009s ]
INFO: [ app_init ] --END-- [ RunTime:0.000401s ]

[ 2018-07-06T11:39:19+08:00 ] 192.168.1.105 /gaochao/Uploads/Banner/5a77e96cc77ad.jpg
INFO: [ app_init ] --START--
INFO: Run Behavior\BuildLiteBehavior [ RunTime:0.000006s ]
INFO: [ app_init ] --END-- [ RunTime:0.000259s ]

[ 2018-07-06T11:39:21+08:00 ] 192.168.1.105 /gaochao/Uploads/Banner/5a77e96cc77ad.jpg
INFO: [ app_init ] --START--
INFO: Run Behavior\BuildLiteBehavior [ RunTime:0.000005s ]
INFO: [ app_init ] --END-- [ RunTime:0.000213s ]

[ 2018-07-06T11:39:21+08:00 ] 192.168.1.105 /gaochao/Uploads/Forum/ForumThread/2018-05-18/5afe2db0babca.jpg
INFO: [ app_init ] --START--
INFO: Run Behavior\BuildLiteBehavior [ RunTime:0.000005s ]
INFO: [ app_init ] --END-- [ RunTime:0.000208s ]

[ 2018-07-06T11:39:23+08:00 ] 192.168.1.105 /gaochao/Uploads/Forum/ForumThread/2018-05-05/5aecfa9c2749b.jpg
INFO: [ app_init ] --START--
INFO: Run Behavior\BuildLiteBehavior [ RunTime:0.000008s ]
INFO: [ app_init ] --END-- [ RunTime:0.000319s ]

[ 2018-07-06T11:39:23+08:00 ] 192.168.1.105 /gaochao/Uploads/Forum/ForumThread/2018-05-04/5aebb11a08c1d.jpg
INFO: [ app_init ] --START--
INFO: Run Behavior\BuildLiteBehavior [ RunTime:0.000012s ]
INFO: [ app_init ] --END-- [ RunTime:0.000469s ]

[ 2018-07-06T11:39:24+08:00 ] 192.168.1.105 /gaochao/Uploads/Forum/ForumThread/2018-03-07/5a9f583640051.jpg
INFO: [ app_init ] --START--
INFO: Run Behavior\BuildLiteBehavior [ RunTime:0.000012s ]
INFO: [ app_init ] --END-- [ RunTime:0.000466s ]

[ 2018-07-06T11:39:31+08:00 ] 192.168.1.105 /gaochao/Uploads/Forum/ForumThread/2018-05-21/5b0216ac6f57d.jpg
INFO: [ app_init ] --START--
INFO: Run Behavior\BuildLiteBehavior [ RunTime:0.000008s ]
INFO: [ app_init ] --END-- [ RunTime:0.000334s ]

[ 2018-07-06T11:39:32+08:00 ] 192.168.1.105 /gaochao/Uploads/Forum/ForumThread/2018-05-18/5afe2db0babca.jpg
INFO: [ app_init ] --START--
INFO: Run Behavior\BuildLiteBehavior [ RunTime:0.000005s ]
INFO: [ app_init ] --END-- [ RunTime:0.000207s ]

[ 2018-07-06T11:39:32+08:00 ] 192.168.1.105 /gaochao/Uploads/Forum/ForumThread/2018-05-12/5af642f1c2f52.jpg
INFO: [ app_init ] --START--
INFO: Run Behavior\BuildLiteBehavior [ RunTime:0.000007s ]
INFO: [ app_init ] --END-- [ RunTime:0.000233s ]

[ 2018-07-06T11:39:32+08:00 ] 192.168.1.105 /gaochao/Uploads/Forum/ForumThread/2018-05-12/5af642f1c32de.jpg
INFO: [ app_init ] --START--
INFO: Run Behavior\BuildLiteBehavior [ RunTime:0.000006s ]
INFO: [ app_init ] --END-- [ RunTime:0.000215s ]

[ 2018-07-06T11:39:32+08:00 ] 192.168.1.105 /gaochao/Uploads/Forum/ForumThread/2018-05-12/5af642f1c3146.jpg
INFO: [ app_init ] --START--
INFO: Run Behavior\BuildLiteBehavior [ RunTime:0.000006s ]
INFO: [ app_init ] --END-- [ RunTime:0.000215s ]

[ 2018-07-06T11:39:32+08:00 ] 192.168.1.105 /gaochao/Uploads/Forum/ForumThread/2018-05-12/5af642f1c3455.jpg
INFO: [ app_init ] --START--
INFO: Run Behavior\BuildLiteBehavior [ RunTime:0.000008s ]
INFO: [ app_init ] --END-- [ RunTime:0.000279s ]

[ 2018-07-06T11:39:32+08:00 ] 192.168.1.105 /gaochao/Uploads/Forum/ForumThread/2018-05-05/5aecfa9c2749b.jpg
INFO: [ app_init ] --START--
INFO: Run Behavior\BuildLiteBehavior [ RunTime:0.000006s ]
INFO: [ app_init ] --END-- [ RunTime:0.000219s ]

[ 2018-07-06T11:39:32+08:00 ] 192.168.1.105 /gaochao/Uploads/Forum/ForumThread/2018-05-10/5af3b7d736959.jpg
INFO: [ app_init ] --START--
INFO: Run Behavior\BuildLiteBehavior [ RunTime:0.000036s ]
INFO: [ app_init ] --END-- [ RunTime:0.000294s ]

[ 2018-07-06T11:39:32+08:00 ] 192.168.1.105 /gaochao/Uploads/Forum/ForumThread/2018-05-04/5aebb11a08c1d.jpg
INFO: [ app_init ] --START--
INFO: Run Behavior\BuildLiteBehavior [ RunTime:0.000005s ]
INFO: [ app_init ] --END-- [ RunTime:0.000213s ]

[ 2018-07-06T11:39:32+08:00 ] 192.168.1.105 /gaochao/Uploads/Forum/ForumThread/2018-04-28/5ae3e2c1725e4.jpg
INFO: [ app_init ] --START--
INFO: Run Behavior\BuildLiteBehavior [ RunTime:0.000006s ]
INFO: [ app_init ] --END-- [ RunTime:0.000210s ]

[ 2018-07-06T11:39:32+08:00 ] 192.168.1.105 /gaochao/Uploads/Forum/ForumThread/2018-04-28/5ae3e2c172dc8.jpg
INFO: [ app_init ] --START--
INFO: Run Behavior\BuildLiteBehavior [ RunTime:0.000007s ]
INFO: [ app_init ] --END-- [ RunTime:0.000225s ]

[ 2018-07-06T11:39:32+08:00 ] 192.168.1.105 /gaochao/Uploads/Forum/ForumThread/2018-04-28/5ae3e2c173ab3.jpg
INFO: [ app_init ] --START--
INFO: Run Behavior\BuildLiteBehavior [ RunTime:0.000007s ]
INFO: [ app_init ] --END-- [ RunTime:0.000224s ]

[ 2018-07-06T11:39:32+08:00 ] 192.168.1.105 /gaochao/Uploads/Forum/ForumThread/2018-04-28/5ae3e2c173516.jpg
INFO: [ app_init ] --START--
INFO: Run Behavior\BuildLiteBehavior [ RunTime:0.000006s ]
INFO: [ app_init ] --END-- [ RunTime:0.000251s ]

[ 2018-07-06T11:39:32+08:00 ] 192.168.1.105 /gaochao/Uploads/Forum/ForumThread/2018-04-19/5ad8004e7ab35.jpg
INFO: [ app_init ] --START--
INFO: Run Behavior\BuildLiteBehavior [ RunTime:0.000034s ]
INFO: [ app_init ] --END-- [ RunTime:0.000750s ]

[ 2018-07-06T11:39:32+08:00 ] 192.168.1.105 /gaochao/Uploads/Forum/ForumThread/2018-04-17/5ad590344e621.jpg
INFO: [ app_init ] --START--
INFO: Run Behavior\BuildLiteBehavior [ RunTime:0.000007s ]
INFO: [ app_init ] --END-- [ RunTime:0.000227s ]

[ 2018-07-06T11:39:32+08:00 ] 192.168.1.105 /gaochao/Uploads/Forum/ForumThread/2018-04-17/5ad58fb6109c1.jpg
INFO: [ app_init ] --START--
INFO: Run Behavior\BuildLiteBehavior [ RunTime:0.000007s ]
INFO: [ app_init ] --END-- [ RunTime:0.000243s ]

[ 2018-07-06T11:39:32+08:00 ] 192.168.1.105 /gaochao/Uploads/Forum/ForumThread/2018-04-17/5ad58ad236bd7.jpg
INFO: [ app_init ] --START--
INFO: Run Behavior\BuildLiteBehavior [ RunTime:0.000007s ]
INFO: [ app_init ] --END-- [ RunTime:0.000230s ]

[ 2018-07-06T11:39:32+08:00 ] 192.168.1.105 /gaochao/Uploads/Forum/ForumThread/2018-04-17/5ad5862ee6453.jpg
INFO: [ app_init ] --START--
INFO: Run Behavior\BuildLiteBehavior [ RunTime:0.000007s ]
INFO: [ app_init ] --END-- [ RunTime:0.000218s ]

[ 2018-07-06T11:39:32+08:00 ] 192.168.1.105 /gaochao/Uploads/Forum/ForumThread/2018-04-17/5ad5862e571bd.jpg
INFO: [ app_init ] --START--
INFO: Run Behavior\BuildLiteBehavior [ RunTime:0.000006s ]
INFO: [ app_init ] --END-- [ RunTime:0.000207s ]

[ 2018-07-06T11:39:32+08:00 ] 192.168.1.105 /gaochao/Uploads/Forum/ForumThread/2018-04-17/5ad5855f68615.jpg
INFO: [ app_init ] --START--
INFO: Run Behavior\BuildLiteBehavior [ RunTime:0.000006s ]
INFO: [ app_init ] --END-- [ RunTime:0.000208s ]

[ 2018-07-06T11:39:32+08:00 ] 192.168.1.105 /gaochao/Uploads/Forum/ForumThread/2018-04-17/5ad58352318a9.jpg
INFO: [ app_init ] --START--
INFO: Run Behavior\BuildLiteBehavior [ RunTime:0.000005s ]
INFO: [ app_init ] --END-- [ RunTime:0.000205s ]

[ 2018-07-06T11:39:32+08:00 ] 192.168.1.105 /gaochao/Uploads/Forum/ForumThread/2018-04-17/5ad5830d8c108.jpg
INFO: [ app_init ] --START--
INFO: Run Behavior\BuildLiteBehavior [ RunTime:0.000006s ]
INFO: [ app_init ] --END-- [ RunTime:0.000205s ]

[ 2018-07-06T11:39:32+08:00 ] 192.168.1.105 /gaochao/Uploads/Forum/ForumThread/2018-04-17/5ad5829309ea4.jpg
INFO: [ app_init ] --START--
INFO: Run Behavior\BuildLiteBehavior [ RunTime:0.000006s ]
INFO: [ app_init ] --END-- [ RunTime:0.000207s ]

[ 2018-07-06T11:39:32+08:00 ] 192.168.1.105 /gaochao/Uploads/Forum/ForumThread/2018-04-17/5ad582559c05c.jpg
INFO: [ app_init ] --START--
INFO: Run Behavior\BuildLiteBehavior [ RunTime:0.000006s ]
INFO: [ app_init ] --END-- [ RunTime:0.000209s ]

[ 2018-07-06T11:39:32+08:00 ] 192.168.1.105 /gaochao/Uploads/Forum/ForumThread/2018-04-17/5ad582559c2cc.jpg
INFO: [ app_init ] --START--
INFO: Run Behavior\BuildLiteBehavior [ RunTime:0.000006s ]
INFO: [ app_init ] --END-- [ RunTime:0.000240s ]

[ 2018-07-06T11:39:32+08:00 ] 192.168.1.105 /gaochao/Uploads/Forum/ForumThread/2018-04-17/5ad581fa2037a.jpg
INFO: [ app_init ] --START--
INFO: Run Behavior\BuildLiteBehavior [ RunTime:0.000006s ]
INFO: [ app_init ] --END-- [ RunTime:0.000213s ]

[ 2018-07-06T11:39:36+08:00 ] 192.168.1.105 /gaochao/Uploads/Forum/ForumThread/2018-05-21/5b0216ac6f57d.jpg
INFO: [ app_init ] --START--
INFO: Run Behavior\BuildLiteBehavior [ RunTime:0.000010s ]
INFO: [ app_init ] --END-- [ RunTime:0.000418s ]

[ 2018-07-06T11:39:36+08:00 ] 192.168.1.105 /gaochao/Uploads/Forum/ForumThread/2018-05-12/5af642f1c2f52.jpg
INFO: [ app_init ] --START--
INFO: Run Behavior\BuildLiteBehavior [ RunTime:0.000005s ]
INFO: [ app_init ] --END-- [ RunTime:0.000209s ]

[ 2018-07-06T11:39:36+08:00 ] 192.168.1.105 /gaochao/Uploads/Forum/ForumThread/2018-05-12/5af642f1c32de.jpg
INFO: [ app_init ] --START--
INFO: Run Behavior\BuildLiteBehavior [ RunTime:0.000006s ]
INFO: [ app_init ] --END-- [ RunTime:0.000210s ]

[ 2018-07-06T11:39:36+08:00 ] 192.168.1.105 /gaochao/Uploads/Forum/ForumThread/2018-05-12/5af642f1c3146.jpg
INFO: [ app_init ] --START--
INFO: Run Behavior\BuildLiteBehavior [ RunTime:0.000006s ]
INFO: [ app_init ] --END-- [ RunTime:0.000221s ]

[ 2018-07-06T11:39:36+08:00 ] 192.168.1.105 /gaochao/Uploads/Forum/ForumThread/2018-05-18/5afe2db0babca.jpg
INFO: [ app_init ] --START--
INFO: Run Behavior\BuildLiteBehavior [ RunTime:0.000010s ]
INFO: [ app_init ] --END-- [ RunTime:0.000425s ]

[ 2018-07-06T11:39:36+08:00 ] 192.168.1.105 /gaochao/Uploads/Forum/ForumThread/2018-04-28/5ae3e2c172dc8.jpg
INFO: [ app_init ] --START--
INFO: Run Behavior\BuildLiteBehavior [ RunTime:0.000005s ]
INFO: [ app_init ] --END-- [ RunTime:0.000212s ]

[ 2018-07-06T11:39:36+08:00 ] 192.168.1.105 /gaochao/Uploads/Forum/ForumThread/2018-04-28/5ae3e2c173516.jpg
INFO: [ app_init ] --START--
INFO: Run Behavior\BuildLiteBehavior [ RunTime:0.000006s ]
INFO: [ app_init ] --END-- [ RunTime:0.000214s ]

[ 2018-07-06T11:39:36+08:00 ] 192.168.1.105 /gaochao/Uploads/Forum/ForumThread/2018-04-28/5ae3e2c173ab3.jpg
INFO: [ app_init ] --START--
INFO: Run Behavior\BuildLiteBehavior [ RunTime:0.000006s ]
INFO: [ app_init ] --END-- [ RunTime:0.000246s ]

[ 2018-07-06T11:39:36+08:00 ] 192.168.1.105 /gaochao/Uploads/Forum/ForumThread/2018-04-19/5ad8004e7ab35.jpg
INFO: [ app_init ] --START--
INFO: Run Behavior\BuildLiteBehavior [ RunTime:0.000005s ]
INFO: [ app_init ] --END-- [ RunTime:0.000206s ]

[ 2018-07-06T11:39:36+08:00 ] 192.168.1.105 /gaochao/Uploads/Forum/ForumThread/2018-05-04/5aebb11a08c1d.jpg
INFO: [ app_init ] --START--
INFO: Run Behavior\BuildLiteBehavior [ RunTime:0.000006s ]
INFO: [ app_init ] --END-- [ RunTime:0.000217s ]

[ 2018-07-06T11:39:36+08:00 ] 192.168.1.105 /gaochao/Uploads/Forum/ForumThread/2018-04-17/5ad590344e621.jpg
INFO: [ app_init ] --START--
INFO: Run Behavior\BuildLiteBehavior [ RunTime:0.000006s ]
INFO: [ app_init ] --END-- [ RunTime:0.000217s ]

[ 2018-07-06T11:39:36+08:00 ] 192.168.1.105 /gaochao/Uploads/Forum/ForumThread/2018-04-28/5ae3e2c1725e4.jpg
INFO: [ app_init ] --START--
INFO: Run Behavior\BuildLiteBehavior [ RunTime:0.000006s ]
INFO: [ app_init ] --END-- [ RunTime:0.000230s ]

[ 2018-07-06T11:39:36+08:00 ] 192.168.1.105 /gaochao/Uploads/Forum/ForumThread/2018-04-17/5ad5862ee6453.jpg
INFO: [ app_init ] --START--
INFO: Run Behavior\BuildLiteBehavior [ RunTime:0.000006s ]
INFO: [ app_init ] --END-- [ RunTime:0.000214s ]

[ 2018-07-06T11:39:36+08:00 ] 192.168.1.105 /gaochao/Uploads/Forum/ForumThread/2018-04-17/5ad5862e571bd.jpg
INFO: [ app_init ] --START--
INFO: Run Behavior\BuildLiteBehavior [ RunTime:0.000006s ]
INFO: [ app_init ] --END-- [ RunTime:0.000211s ]

[ 2018-07-06T11:39:36+08:00 ] 192.168.1.105 /gaochao/Uploads/Forum/ForumThread/2018-04-17/5ad58fb6109c1.jpg
INFO: [ app_init ] --START--
INFO: Run Behavior\BuildLiteBehavior [ RunTime:0.000007s ]
INFO: [ app_init ] --END-- [ RunTime:0.004084s ]

[ 2018-07-06T11:39:36+08:00 ] 192.168.1.105 /gaochao/Uploads/Forum/ForumThread/2018-04-17/5ad5855f68615.jpg
INFO: [ app_init ] --START--
INFO: Run Behavior\BuildLiteBehavior [ RunTime:0.000005s ]
INFO: [ app_init ] --END-- [ RunTime:0.000210s ]

[ 2018-07-06T11:39:36+08:00 ] 192.168.1.105 /gaochao/Uploads/Forum/ForumThread/2018-04-17/5ad58352318a9.jpg
INFO: [ app_init ] --START--
INFO: Run Behavior\BuildLiteBehavior [ RunTime:0.000007s ]
INFO: [ app_init ] --END-- [ RunTime:0.000219s ]

[ 2018-07-06T11:39:36+08:00 ] 192.168.1.105 /gaochao/Uploads/Forum/ForumThread/2018-04-17/5ad58ad236bd7.jpg
INFO: [ app_init ] --START--
INFO: Run Behavior\BuildLiteBehavior [ RunTime:0.000006s ]
INFO: [ app_init ] --END-- [ RunTime:0.000228s ]

[ 2018-07-06T11:39:36+08:00 ] 192.168.1.105 /gaochao/Uploads/Forum/ForumThread/2018-04-17/5ad5830d8c108.jpg
INFO: [ app_init ] --START--
INFO: Run Behavior\BuildLiteBehavior [ RunTime:0.000008s ]
INFO: [ app_init ] --END-- [ RunTime:0.000314s ]

[ 2018-07-06T11:39:36+08:00 ] 192.168.1.105 /gaochao/Uploads/Forum/ForumThread/2018-05-10/5af3b7d736959.jpg
INFO: [ app_init ] --START--
INFO: Run Behavior\BuildLiteBehavior [ RunTime:0.000008s ]
INFO: [ app_init ] --END-- [ RunTime:0.000278s ]

[ 2018-07-06T11:39:36+08:00 ] 192.168.1.105 /gaochao/Uploads/Forum/ForumThread/2018-04-17/5ad5829309ea4.jpg
INFO: [ app_init ] --START--
INFO: Run Behavior\BuildLiteBehavior [ RunTime:0.000006s ]
INFO: [ app_init ] --END-- [ RunTime:0.000223s ]

[ 2018-07-06T11:39:36+08:00 ] 192.168.1.105 /gaochao/Uploads/Forum/ForumThread/2018-05-12/5af642f1c3455.jpg
INFO: [ app_init ] --START--
INFO: Run Behavior\BuildLiteBehavior [ RunTime:0.000036s ]
INFO: [ app_init ] --END-- [ RunTime:0.000281s ]

[ 2018-07-06T11:39:36+08:00 ] 192.168.1.105 /gaochao/Uploads/Forum/ForumThread/2018-04-17/5ad582559c2cc.jpg
INFO: [ app_init ] --START--
INFO: Run Behavior\BuildLiteBehavior [ RunTime:0.000006s ]
INFO: [ app_init ] --END-- [ RunTime:0.000216s ]

[ 2018-07-06T11:39:36+08:00 ] 192.168.1.105 /gaochao/Uploads/Forum/ForumThread/2018-04-17/5ad582559c05c.jpg
INFO: [ app_init ] --START--
INFO: Run Behavior\BuildLiteBehavior [ RunTime:0.000006s ]
INFO: [ app_init ] --END-- [ RunTime:0.000217s ]

[ 2018-07-06T11:39:36+08:00 ] 192.168.1.105 /gaochao/Uploads/Forum/ForumThread/2018-04-17/5ad581fa2037a.jpg
INFO: [ app_init ] --START--
INFO: Run Behavior\BuildLiteBehavior [ RunTime:0.000006s ]
INFO: [ app_init ] --END-- [ RunTime:0.000225s ]

[ 2018-07-06T11:39:36+08:00 ] 192.168.1.105 /gaochao/Uploads/Forum/ForumThread/2018-05-05/5aecfa9c2749b.jpg
INFO: [ app_init ] --START--
INFO: Run Behavior\BuildLiteBehavior [ RunTime:0.000007s ]
INFO: [ app_init ] --END-- [ RunTime:0.000241s ]

[ 2018-07-06T11:39:36+08:00 ] 192.168.1.105 /gaochao/Uploads/Forum/ForumThread/2018-05-04/5aebb11a08c1d.jpg
INFO: [ app_init ] --START--
INFO: Run Behavior\BuildLiteBehavior [ RunTime:0.000009s ]
INFO: [ app_init ] --END-- [ RunTime:0.000348s ]

[ 2018-07-06T11:39:36+08:00 ] 192.168.1.105 /gaochao/Uploads/Forum/ForumThread/2018-05-18/5afe2db0babca.jpg
INFO: [ app_init ] --START--
INFO: Run Behavior\BuildLiteBehavior [ RunTime:0.000009s ]
INFO: [ app_init ] --END-- [ RunTime:0.000360s ]

[ 2018-07-06T11:39:36+08:00 ] 192.168.1.105 /gaochao/Uploads/Forum/ForumThread/2018-05-05/5aecfa9c2749b.jpg
INFO: [ app_init ] --START--
INFO: Run Behavior\BuildLiteBehavior [ RunTime:0.000005s ]
INFO: [ app_init ] --END-- [ RunTime:0.000213s ]

[ 2018-07-06T11:39:36+08:00 ] 192.168.1.105 /gaochao/Uploads/Forum/ForumThread/2018-03-07/5a9f583640051.jpg
INFO: [ app_init ] --START--
INFO: Run Behavior\BuildLiteBehavior [ RunTime:0.000007s ]
INFO: [ app_init ] --END-- [ RunTime:0.000250s ]

[ 2018-07-06T11:39:36+08:00 ] 192.168.1.105 /gaochao/Uploads/Banner/5a77e96cc77ad.jpg
INFO: [ app_init ] --START--
INFO: Run Behavior\BuildLiteBehavior [ RunTime:0.000006s ]
INFO: [ app_init ] --END-- [ RunTime:0.000215s ]

[ 2018-07-06T11:39:39+08:00 ] 192.168.1.105 /gaochao/Uploads/Banner/5a77e96cc77ad.jpg
INFO: [ app_init ] --START--
INFO: Run Behavior\BuildLiteBehavior [ RunTime:0.000007s ]
INFO: [ app_init ] --END-- [ RunTime:0.000319s ]

[ 2018-07-06T11:39:43+08:00 ] 192.168.1.105 /gaochao/Uploads/Banner/5a77e96cc77ad.jpg
INFO: [ app_init ] --START--
INFO: Run Behavior\BuildLiteBehavior [ RunTime:0.000008s ]
INFO: [ app_init ] --END-- [ RunTime:0.000315s ]

[ 2018-07-06T11:41:03+08:00 ] 192.168.1.105 /gaochao/Uploads/Forum/ForumThread/2018-03-07/5a9f583640051.jpg
INFO: [ app_init ] --START--
INFO: Run Behavior\BuildLiteBehavior [ RunTime:0.000010s ]
INFO: [ app_init ] --END-- [ RunTime:0.000419s ]

[ 2018-07-06T11:41:03+08:00 ] 192.168.1.105 /gaochao/Uploads/Forum/ForumThread/2018-05-18/5afe2db0babca.jpg
INFO: [ app_init ] --START--
INFO: Run Behavior\BuildLiteBehavior [ RunTime:0.000009s ]
INFO: [ app_init ] --END-- [ RunTime:0.000426s ]

[ 2018-07-06T11:41:03+08:00 ] 192.168.1.105 /gaochao/Uploads/Banner/5a77e96cc77ad.jpg
INFO: [ app_init ] --START--
INFO: Run Behavior\BuildLiteBehavior [ RunTime:0.000006s ]
INFO: [ app_init ] --END-- [ RunTime:0.000246s ]

[ 2018-07-06T11:41:03+08:00 ] 192.168.1.105 /gaochao/Uploads/Forum/ForumThread/2018-05-05/5aecfa9c2749b.jpg
INFO: [ app_init ] --START--
INFO: Run Behavior\BuildLiteBehavior [ RunTime:0.000006s ]
INFO: [ app_init ] --END-- [ RunTime:0.000233s ]

[ 2018-07-06T11:41:03+08:00 ] 192.168.1.105 /gaochao/Uploads/Forum/ForumThread/2018-05-04/5aebb11a08c1d.jpg
INFO: [ app_init ] --START--
INFO: Run Behavior\BuildLiteBehavior [ RunTime:0.000006s ]
INFO: [ app_init ] --END-- [ RunTime:0.000210s ]

[ 2018-07-06T11:42:16+08:00 ] 192.168.1.105 /gaochao/Uploads/Forum/ForumThread/2018-03-07/5a9f583640051.jpg
INFO: [ app_init ] --START--
INFO: Run Behavior\BuildLiteBehavior [ RunTime:0.000007s ]
INFO: [ app_init ] --END-- [ RunTime:0.000335s ]

[ 2018-07-06T11:42:16+08:00 ] 192.168.1.105 /gaochao/Uploads/Forum/ForumThread/2018-05-05/5aecfa9c2749b.jpg
INFO: [ app_init ] --START--
INFO: Run Behavior\BuildLiteBehavior [ RunTime:0.000009s ]
INFO: [ app_init ] --END-- [ RunTime:0.000392s ]

[ 2018-07-06T11:42:16+08:00 ] 192.168.1.105 /gaochao/Uploads/Forum/ForumThread/2018-05-18/5afe2db0babca.jpg
INFO: [ app_init ] --START--
INFO: Run Behavior\BuildLiteBehavior [ RunTime:0.000008s ]
INFO: [ app_init ] --END-- [ RunTime:0.000394s ]

[ 2018-07-06T11:42:16+08:00 ] 192.168.1.105 /gaochao/Uploads/Forum/ForumThread/2018-05-04/5aebb11a08c1d.jpg
INFO: [ app_init ] --START--
INFO: Run Behavior\BuildLiteBehavior [ RunTime:0.000006s ]
INFO: [ app_init ] --END-- [ RunTime:0.000217s ]

[ 2018-07-06T11:42:48+08:00 ] 192.168.1.105 /gaochao/Uploads/Forum/ForumThread/2018-05-18/5afe2db0babca.jpg
INFO: [ app_init ] --START--
INFO: Run Behavior\BuildLiteBehavior [ RunTime:0.000008s ]
INFO: [ app_init ] --END-- [ RunTime:0.000347s ]

[ 2018-07-06T11:42:48+08:00 ] 192.168.1.105 /gaochao/Uploads/Forum/ForumThread/2018-05-04/5aebb11a08c1d.jpg
INFO: [ app_init ] --START--
INFO: Run Behavior\BuildLiteBehavior [ RunTime:0.000008s ]
INFO: [ app_init ] --END-- [ RunTime:0.000354s ]

[ 2018-07-06T11:42:48+08:00 ] 192.168.1.105 /gaochao/Uploads/Forum/ForumThread/2018-05-05/5aecfa9c2749b.jpg
INFO: [ app_init ] --START--
INFO: Run Behavior\BuildLiteBehavior [ RunTime:0.000007s ]
INFO: [ app_init ] --END-- [ RunTime:0.000215s ]

[ 2018-07-06T11:42:48+08:00 ] 192.168.1.105 /gaochao/Uploads/Forum/ForumThread/2018-03-07/5a9f583640051.jpg
INFO: [ app_init ] --START--
INFO: Run Behavior\BuildLiteBehavior [ RunTime:0.000005s ]
INFO: [ app_init ] --END-- [ RunTime:0.000208s ]

[ 2018-07-06T11:42:48+08:00 ] 192.168.1.105 /gaochao/Uploads/Banner/5a77e96cc77ad.jpg
INFO: [ app_init ] --START--
INFO: Run Behavior\BuildLiteBehavior [ RunTime:0.000005s ]
INFO: [ app_init ] --END-- [ RunTime:0.000207s ]

[ 2018-07-06T11:47:47+08:00 ] 192.168.1.101 /gaochao/Uploads/Banner/5a77e96cc77ad.jpg
INFO: [ app_init ] --START--
INFO: Run Behavior\BuildLiteBehavior [ RunTime:0.000009s ]
INFO: [ app_init ] --END-- [ RunTime:0.000367s ]

[ 2018-07-06T11:48:05+08:00 ] 192.168.1.101 /gaochao/Uploads/Banner/5a77e96cc77ad.jpg
INFO: [ app_init ] --START--
INFO: Run Behavior\BuildLiteBehavior [ RunTime:0.000018s ]
INFO: [ app_init ] --END-- [ RunTime:0.000831s ]

[ 2018-07-06T11:48:06+08:00 ] 192.168.1.101 /gaochao/Uploads/Forum/ForumThread/2018-05-18/5afe2db0babca.jpg
INFO: [ app_init ] --START--
INFO: Run Behavior\BuildLiteBehavior [ RunTime:0.000008s ]
INFO: [ app_init ] --END-- [ RunTime:0.000325s ]

[ 2018-07-06T11:48:07+08:00 ] 192.168.1.101 /gaochao/Uploads/Forum/ForumThread/2018-05-05/5aecfa9c2749b.jpg
INFO: [ app_init ] --START--
INFO: Run Behavior\BuildLiteBehavior [ RunTime:0.000008s ]
INFO: [ app_init ] --END-- [ RunTime:0.000319s ]

[ 2018-07-06T11:48:07+08:00 ] 192.168.1.101 /gaochao/Uploads/Forum/ForumThread/2018-05-04/5aebb11a08c1d.jpg
INFO: [ app_init ] --START--
INFO: Run Behavior\BuildLiteBehavior [ RunTime:0.000008s ]
INFO: [ app_init ] --END-- [ RunTime:0.000322s ]

[ 2018-07-06T11:48:10+08:00 ] 192.168.1.101 /gaochao/Uploads/Banner/5a77e96cc77ad.jpg
INFO: [ app_init ] --START--
INFO: Run Behavior\BuildLiteBehavior [ RunTime:0.000008s ]
INFO: [ app_init ] --END-- [ RunTime:0.000342s ]

[ 2018-07-06T11:48:10+08:00 ] 192.168.1.101 /gaochao/Uploads/Forum/ForumThread/2018-05-05/5aecfa9c2749b.jpg
INFO: [ app_init ] --START--
INFO: Run Behavior\BuildLiteBehavior [ RunTime:0.000009s ]
INFO: [ app_init ] --END-- [ RunTime:0.000373s ]

[ 2018-07-06T11:48:10+08:00 ] 192.168.1.101 /gaochao/Uploads/Forum/ForumThread/2018-05-04/5aebb11a08c1d.jpg
INFO: [ app_init ] --START--
INFO: Run Behavior\BuildLiteBehavior [ RunTime:0.000008s ]
INFO: [ app_init ] --END-- [ RunTime:0.000349s ]

[ 2018-07-06T11:48:10+08:00 ] 192.168.1.101 /gaochao/Uploads/Forum/ForumThread/2018-05-18/5afe2db0babca.jpg
INFO: [ app_init ] --START--
INFO: Run Behavior\BuildLiteBehavior [ RunTime:0.000007s ]
INFO: [ app_init ] --END-- [ RunTime:0.000330s ]

[ 2018-07-06T11:48:13+08:00 ] 192.168.1.101 /gaochao/Uploads/Forum/ForumThread/2018-05-18/5afe2db0babca.jpg
INFO: [ app_init ] --START--
INFO: Run Behavior\BuildLiteBehavior [ RunTime:0.000008s ]
INFO: [ app_init ] --END-- [ RunTime:0.000338s ]

[ 2018-07-06T11:48:13+08:00 ] 192.168.1.101 /gaochao/Uploads/Forum/ForumThread/2018-05-05/5aecfa9c2749b.jpg
INFO: [ app_init ] --START--
INFO: Run Behavior\BuildLiteBehavior [ RunTime:0.000008s ]
INFO: [ app_init ] --END-- [ RunTime:0.000339s ]

[ 2018-07-06T11:48:13+08:00 ] 192.168.1.101 /gaochao/Uploads/Banner/5a77e96cc77ad.jpg
INFO: [ app_init ] --START--
INFO: Run Behavior\BuildLiteBehavior [ RunTime:0.000009s ]
INFO: [ app_init ] --END-- [ RunTime:0.000351s ]

[ 2018-07-06T11:48:13+08:00 ] 192.168.1.101 /gaochao/Uploads/Forum/ForumThread/2018-05-04/5aebb11a08c1d.jpg
INFO: [ app_init ] --START--
INFO: Run Behavior\BuildLiteBehavior [ RunTime:0.000005s ]
INFO: [ app_init ] --END-- [ RunTime:0.000209s ]

[ 2018-07-06T11:48:15+08:00 ] 192.168.1.101 /gaochao/Uploads/Banner/5a77e96cc77ad.jpg
INFO: [ app_init ] --START--
INFO: Run Behavior\BuildLiteBehavior [ RunTime:0.000010s ]
INFO: [ app_init ] --END-- [ RunTime:0.000457s ]

[ 2018-07-06T11:48:15+08:00 ] 192.168.1.101 /gaochao/Uploads/Forum/ForumThread/2018-05-18/5afe2db0babca.jpg
INFO: [ app_init ] --START--
INFO: Run Behavior\BuildLiteBehavior [ RunTime:0.000006s ]
INFO: [ app_init ] --END-- [ RunTime:0.000215s ]

[ 2018-07-06T11:48:15+08:00 ] 192.168.1.101 /gaochao/Uploads/Forum/ForumThread/2018-05-04/5aebb11a08c1d.jpg
INFO: [ app_init ] --START--
INFO: Run Behavior\BuildLiteBehavior [ RunTime:0.000005s ]
INFO: [ app_init ] --END-- [ RunTime:0.000202s ]

[ 2018-07-06T11:48:15+08:00 ] 192.168.1.101 /gaochao/Uploads/Forum/ForumThread/2018-05-05/5aecfa9c2749b.jpg
INFO: [ app_init ] --START--
INFO: Run Behavior\BuildLiteBehavior [ RunTime:0.000010s ]
INFO: [ app_init ] --END-- [ RunTime:0.000439s ]

[ 2018-07-06T11:48:16+08:00 ] 192.168.1.101 /gaochao/Uploads/Banner/5a77e96cc77ad.jpg
INFO: [ app_init ] --START--
INFO: Run Behavior\BuildLiteBehavior [ RunTime:0.000006s ]
INFO: [ app_init ] --END-- [ RunTime:0.000222s ]

[ 2018-07-06T11:48:16+08:00 ] 192.168.1.101 /gaochao/Uploads/Forum/ForumThread/2018-05-05/5aecfa9c2749b.jpg
INFO: [ app_init ] --START--
INFO: Run Behavior\BuildLiteBehavior [ RunTime:0.000006s ]
INFO: [ app_init ] --END-- [ RunTime:0.000206s ]

[ 2018-07-06T11:48:16+08:00 ] 192.168.1.101 /gaochao/Uploads/Forum/ForumThread/2018-05-18/5afe2db0babca.jpg
INFO: [ app_init ] --START--
INFO: Run Behavior\BuildLiteBehavior [ RunTime:0.000006s ]
INFO: [ app_init ] --END-- [ RunTime:0.000216s ]

[ 2018-07-06T11:48:16+08:00 ] 192.168.1.101 /gaochao/Uploads/Forum/ForumThread/2018-05-04/5aebb11a08c1d.jpg
INFO: [ app_init ] --START--
INFO: Run Behavior\BuildLiteBehavior [ RunTime:0.000005s ]
INFO: [ app_init ] --END-- [ RunTime:0.000210s ]

[ 2018-07-06T11:48:55+08:00 ] 192.168.1.105 /gaochao/Uploads/Forum/ForumThread/2018-05-18/5afe2db0babca.jpg
INFO: [ app_init ] --START--
INFO: Run Behavior\BuildLiteBehavior [ RunTime:0.000009s ]
INFO: [ app_init ] --END-- [ RunTime:0.000342s ]

[ 2018-07-06T11:48:55+08:00 ] 192.168.1.105 /gaochao/Uploads/Forum/ForumThread/2018-05-04/5aebb11a08c1d.jpg
INFO: [ app_init ] --START--
INFO: Run Behavior\BuildLiteBehavior [ RunTime:0.000052s ]
INFO: [ app_init ] --END-- [ RunTime:0.000412s ]

[ 2018-07-06T11:48:55+08:00 ] 192.168.1.105 /gaochao/Uploads/Banner/5a77e96cc77ad.jpg
INFO: [ app_init ] --START--
INFO: Run Behavior\BuildLiteBehavior [ RunTime:0.000006s ]
INFO: [ app_init ] --END-- [ RunTime:0.000214s ]

[ 2018-07-06T11:48:55+08:00 ] 192.168.1.105 /gaochao/Uploads/Forum/ForumThread/2018-03-07/5a9f583640051.jpg
INFO: [ app_init ] --START--
INFO: Run Behavior\BuildLiteBehavior [ RunTime:0.000004s ]
INFO: [ app_init ] --END-- [ RunTime:0.000207s ]

[ 2018-07-06T11:48:55+08:00 ] 192.168.1.105 /gaochao/Uploads/Forum/ForumThread/2018-05-05/5aecfa9c2749b.jpg
INFO: [ app_init ] --START--
INFO: Run Behavior\BuildLiteBehavior [ RunTime:0.000006s ]
INFO: [ app_init ] --END-- [ RunTime:0.000298s ]

[ 2018-07-06T11:51:21+08:00 ] 192.168.1.105 /gaochao/Uploads/Banner/5a77e96cc77ad.jpg
INFO: [ app_init ] --START--
INFO: Run Behavior\BuildLiteBehavior [ RunTime:0.000012s ]
INFO: [ app_init ] --END-- [ RunTime:0.000507s ]

[ 2018-07-06T11:51:21+08:00 ] 192.168.1.105 /gaochao/Uploads/Forum/ForumThread/2018-05-05/5aecfa9c2749b.jpg
INFO: [ app_init ] --START--
INFO: Run Behavior\BuildLiteBehavior [ RunTime:0.000008s ]
INFO: [ app_init ] --END-- [ RunTime:0.000341s ]

[ 2018-07-06T11:51:21+08:00 ] 192.168.1.105 /gaochao/Uploads/Forum/ForumThread/2018-05-18/5afe2db0babca.jpg
INFO: [ app_init ] --START--
INFO: Run Behavior\BuildLiteBehavior [ RunTime:0.000006s ]
INFO: [ app_init ] --END-- [ RunTime:0.000213s ]

[ 2018-07-06T11:51:21+08:00 ] 192.168.1.105 /gaochao/Uploads/Forum/ForumThread/2018-05-04/5aebb11a08c1d.jpg
INFO: [ app_init ] --START--
INFO: Run Behavior\BuildLiteBehavior [ RunTime:0.000007s ]
INFO: [ app_init ] --END-- [ RunTime:0.000270s ]

[ 2018-07-06T11:51:21+08:00 ] 192.168.1.105 /gaochao/Uploads/Forum/ForumThread/2018-03-07/5a9f583640051.jpg
INFO: [ app_init ] --START--
INFO: Run Behavior\BuildLiteBehavior [ RunTime:0.000005s ]
INFO: [ app_init ] --END-- [ RunTime:0.000235s ]

[ 2018-07-06T11:51:23+08:00 ] 192.168.1.105 /gaochao/Uploads/Forum/ForumThread/2018-05-18/5afe2db0babca.jpg
INFO: [ app_init ] --START--
INFO: Run Behavior\BuildLiteBehavior [ RunTime:0.000010s ]
INFO: [ app_init ] --END-- [ RunTime:0.000421s ]

[ 2018-07-06T11:51:23+08:00 ] 192.168.1.105 /gaochao/Uploads/Forum/ForumThread/2018-05-05/5aecfa9c2749b.jpg
INFO: [ app_init ] --START--
INFO: Run Behavior\BuildLiteBehavior [ RunTime:0.000010s ]
INFO: [ app_init ] --END-- [ RunTime:0.000412s ]

[ 2018-07-06T11:51:23+08:00 ] 192.168.1.105 /gaochao/Uploads/Forum/ForumThread/2018-05-04/5aebb11a08c1d.jpg
INFO: [ app_init ] --START--
INFO: Run Behavior\BuildLiteBehavior [ RunTime:0.000007s ]
INFO: [ app_init ] --END-- [ RunTime:0.000292s ]

[ 2018-07-06T11:51:24+08:00 ] 192.168.1.105 /gaochao/Uploads/Forum/ForumThread/2018-03-07/5a9f583640051.jpg
INFO: [ app_init ] --START--
INFO: Run Behavior\BuildLiteBehavior [ RunTime:0.000012s ]
INFO: [ app_init ] --END-- [ RunTime:0.000538s ]

[ 2018-07-06T11:53:03+08:00 ] 192.168.1.105 /gaochao/Uploads/Banner/5a77e96cc77ad.jpg
INFO: [ app_init ] --START--
INFO: Run Behavior\BuildLiteBehavior [ RunTime:0.000009s ]
INFO: [ app_init ] --END-- [ RunTime:0.000340s ]

[ 2018-07-06T11:53:03+08:00 ] 192.168.1.105 /gaochao/Uploads/Forum/ForumThread/2018-05-05/5aecfa9c2749b.jpg
INFO: [ app_init ] --START--
INFO: Run Behavior\BuildLiteBehavior [ RunTime:0.000010s ]
INFO: [ app_init ] --END-- [ RunTime:0.000381s ]

[ 2018-07-06T11:53:03+08:00 ] 192.168.1.105 /gaochao/Uploads/Forum/ForumThread/2018-03-07/5a9f583640051.jpg
INFO: [ app_init ] --START--
INFO: Run Behavior\BuildLiteBehavior [ RunTime:0.000019s ]
INFO: [ app_init ] --END-- [ RunTime:0.000819s ]

[ 2018-07-06T11:53:03+08:00 ] 192.168.1.105 /gaochao/Uploads/Forum/ForumThread/2018-05-18/5afe2db0babca.jpg
INFO: [ app_init ] --START--
INFO: Run Behavior\BuildLiteBehavior [ RunTime:0.000008s ]
INFO: [ app_init ] --END-- [ RunTime:0.000344s ]

[ 2018-07-06T11:53:03+08:00 ] 192.168.1.105 /gaochao/Uploads/Forum/ForumThread/2018-05-04/5aebb11a08c1d.jpg
INFO: [ app_init ] --START--
INFO: Run Behavior\BuildLiteBehavior [ RunTime:0.000006s ]
INFO: [ app_init ] --END-- [ RunTime:0.000212s ]

[ 2018-07-06T11:53:05+08:00 ] 192.168.1.105 /gaochao/Uploads/Product/Category/59a61b495e0ed.png
INFO: [ app_init ] --START--
INFO: Run Behavior\BuildLiteBehavior [ RunTime:0.000008s ]
INFO: [ app_init ] --END-- [ RunTime:0.000347s ]

[ 2018-07-06T11:53:05+08:00 ] 192.168.1.105 /gaochao/Uploads/Product/Category/59e55cd302dd1.jpg
INFO: [ app_init ] --START--
INFO: Run Behavior\BuildLiteBehavior [ RunTime:0.000008s ]
INFO: [ app_init ] --END-- [ RunTime:0.000332s ]

[ 2018-07-06T11:53:24+08:00 ] 192.168.1.110 /gaochao/Uploads/Banner/5a77e96cc77ad.jpg
INFO: [ app_init ] --START--
INFO: Run Behavior\BuildLiteBehavior [ RunTime:0.000013s ]
INFO: [ app_init ] --END-- [ RunTime:0.000640s ]

[ 2018-07-06T11:53:33+08:00 ] 192.168.1.105 /gaochao/Uploads/Banner/5a77e96cc77ad.jpg
INFO: [ app_init ] --START--
INFO: Run Behavior\BuildLiteBehavior [ RunTime:0.000009s ]
INFO: [ app_init ] --END-- [ RunTime:0.000365s ]

[ 2018-07-06T11:53:33+08:00 ] 192.168.1.105 /gaochao/Uploads/Forum/ForumThread/2018-05-05/5aecfa9c2749b.jpg
INFO: [ app_init ] --START--
INFO: Run Behavior\BuildLiteBehavior [ RunTime:0.000011s ]
INFO: [ app_init ] --END-- [ RunTime:0.000350s ]

[ 2018-07-06T11:53:33+08:00 ] 192.168.1.105 /gaochao/Uploads/Forum/ForumThread/2018-05-18/5afe2db0babca.jpg
INFO: [ app_init ] --START--
INFO: Run Behavior\BuildLiteBehavior [ RunTime:0.000008s ]
INFO: [ app_init ] --END-- [ RunTime:0.000412s ]

[ 2018-07-06T11:53:33+08:00 ] 192.168.1.105 /gaochao/Uploads/Product/Category/59e55cd302dd1.jpg
INFO: [ app_init ] --START--
INFO: Run Behavior\BuildLiteBehavior [ RunTime:0.000006s ]
INFO: [ app_init ] --END-- [ RunTime:0.000244s ]

[ 2018-07-06T11:53:33+08:00 ] 192.168.1.105 /gaochao/Uploads/Product/Category/59a61b495e0ed.png
INFO: [ app_init ] --START--
INFO: Run Behavior\BuildLiteBehavior [ RunTime:0.000005s ]
INFO: [ app_init ] --END-- [ RunTime:0.000245s ]

[ 2018-07-06T11:53:33+08:00 ] 192.168.1.105 /gaochao/Uploads/Forum/ForumThread/2018-03-07/5a9f583640051.jpg
INFO: [ app_init ] --START--
INFO: Run Behavior\BuildLiteBehavior [ RunTime:0.000008s ]
INFO: [ app_init ] --END-- [ RunTime:0.000265s ]

[ 2018-07-06T11:53:33+08:00 ] 192.168.1.105 /gaochao/Uploads/Forum/ForumThread/2018-05-04/5aebb11a08c1d.jpg
INFO: [ app_init ] --START--
INFO: Run Behavior\BuildLiteBehavior [ RunTime:0.000005s ]
INFO: [ app_init ] --END-- [ RunTime:0.000237s ]

[ 2018-07-06T11:53:33+08:00 ] 192.168.1.105 /gaochao/Uploads/Product/Category/59a61b495e0ed.png
INFO: [ app_init ] --START--
INFO: Run Behavior\BuildLiteBehavior [ RunTime:0.000006s ]
INFO: [ app_init ] --END-- [ RunTime:0.000352s ]

[ 2018-07-06T11:53:33+08:00 ] 192.168.1.105 /gaochao/Uploads/Forum/ForumThread/2018-05-04/5aebb11a08c1d.jpg
INFO: [ app_init ] --START--
INFO: Run Behavior\BuildLiteBehavior [ RunTime:0.000006s ]
INFO: [ app_init ] --END-- [ RunTime:0.000214s ]

[ 2018-07-06T11:53:33+08:00 ] 192.168.1.105 /gaochao/Uploads/Forum/ForumThread/2018-05-18/5afe2db0babca.jpg
INFO: [ app_init ] --START--
INFO: Run Behavior\BuildLiteBehavior [ RunTime:0.000005s ]
INFO: [ app_init ] --END-- [ RunTime:0.000208s ]

[ 2018-07-06T11:53:33+08:00 ] 192.168.1.105 /gaochao/Uploads/Forum/ForumThread/2018-03-07/5a9f583640051.jpg
INFO: [ app_init ] --START--
INFO: Run Behavior\BuildLiteBehavior [ RunTime:0.000011s ]
INFO: [ app_init ] --END-- [ RunTime:0.027222s ]

[ 2018-07-06T11:53:33+08:00 ] 192.168.1.105 /gaochao/Uploads/Forum/ForumThread/2018-05-05/5aecfa9c2749b.jpg
INFO: [ app_init ] --START--
INFO: Run Behavior\BuildLiteBehavior [ RunTime:0.000009s ]
INFO: [ app_init ] --END-- [ RunTime:0.000452s ]

[ 2018-07-06T11:53:33+08:00 ] 192.168.1.105 /gaochao/Uploads/Banner/5a77e96cc77ad.jpg
INFO: [ app_init ] --START--
INFO: Run Behavior\BuildLiteBehavior [ RunTime:0.000006s ]
INFO: [ app_init ] --END-- [ RunTime:0.000233s ]

[ 2018-07-06T11:53:33+08:00 ] 192.168.1.105 /gaochao/Uploads/Product/Category/59e55cd302dd1.jpg
INFO: [ app_init ] --START--
INFO: Run Behavior\BuildLiteBehavior [ RunTime:0.000006s ]
INFO: [ app_init ] --END-- [ RunTime:0.000206s ]

[ 2018-07-06T11:54:54+08:00 ] 192.168.1.105 /gaochao/Uploads/Product/Category/59a61b495e0ed.png
INFO: [ app_init ] --START--
INFO: Run Behavior\BuildLiteBehavior [ RunTime:0.000008s ]
INFO: [ app_init ] --END-- [ RunTime:0.000341s ]

[ 2018-07-06T11:54:54+08:00 ] 192.168.1.105 /gaochao/Uploads/Forum/ForumThread/2018-03-07/5a9f583640051.jpg
INFO: [ app_init ] --START--
INFO: Run Behavior\BuildLiteBehavior [ RunTime:0.000011s ]
INFO: [ app_init ] --END-- [ RunTime:0.000969s ]

[ 2018-07-06T11:54:54+08:00 ] 192.168.1.105 /gaochao/Uploads/Forum/ForumThread/2018-05-18/5afe2db0babca.jpg
INFO: [ app_init ] --START--
INFO: Run Behavior\BuildLiteBehavior [ RunTime:0.000009s ]
INFO: [ app_init ] --END-- [ RunTime:0.000383s ]

[ 2018-07-06T11:54:54+08:00 ] 192.168.1.105 /gaochao/Uploads/Forum/ForumThread/2018-05-04/5aebb11a08c1d.jpg
INFO: [ app_init ] --START--
INFO: Run Behavior\BuildLiteBehavior [ RunTime:0.000005s ]
INFO: [ app_init ] --END-- [ RunTime:0.000209s ]

[ 2018-07-06T11:54:54+08:00 ] 192.168.1.105 /gaochao/Uploads/Banner/5a77e96cc77ad.jpg
INFO: [ app_init ] --START--
INFO: Run Behavior\BuildLiteBehavior [ RunTime:0.000006s ]
INFO: [ app_init ] --END-- [ RunTime:0.000210s ]

[ 2018-07-06T11:54:54+08:00 ] 192.168.1.105 /gaochao/Uploads/Product/Category/59e55cd302dd1.jpg
INFO: [ app_init ] --START--
INFO: Run Behavior\BuildLiteBehavior [ RunTime:0.000006s ]
INFO: [ app_init ] --END-- [ RunTime:0.000212s ]

[ 2018-07-06T11:54:54+08:00 ] 192.168.1.105 /gaochao/Uploads/Forum/ForumThread/2018-05-05/5aecfa9c2749b.jpg
INFO: [ app_init ] --START--
INFO: Run Behavior\BuildLiteBehavior [ RunTime:0.000007s ]
INFO: [ app_init ] --END-- [ RunTime:0.000255s ]

[ 2018-07-06T11:56:17+08:00 ] 192.168.1.103 /gaochao/Uploads/Forum/ForumThread/2018-05-18/5afe2db0babca.jpg
INFO: [ app_init ] --START--
INFO: Run Behavior\BuildLiteBehavior [ RunTime:0.000008s ]
INFO: [ app_init ] --END-- [ RunTime:0.000317s ]

[ 2018-07-06T11:56:17+08:00 ] 192.168.1.103 /gaochao/Uploads/Banner/5a77e96cc77ad.jpg
INFO: [ app_init ] --START--
INFO: Run Behavior\BuildLiteBehavior [ RunTime:0.000010s ]
INFO: [ app_init ] --END-- [ RunTime:0.000427s ]

[ 2018-07-06T11:56:21+08:00 ] 192.168.1.101 /gaochao/Uploads/Banner/5a77e96cc77ad.jpg
INFO: [ app_init ] --START--
INFO: Run Behavior\BuildLiteBehavior [ RunTime:0.000013s ]
INFO: [ app_init ] --END-- [ RunTime:0.001312s ]

[ 2018-07-06T11:56:21+08:00 ] 192.168.1.101 /gaochao/Uploads/Forum/ForumThread/2018-05-05/5aecfa9c2749b.jpg
INFO: [ app_init ] --START--
INFO: Run Behavior\BuildLiteBehavior [ RunTime:0.000014s ]
INFO: [ app_init ] --END-- [ RunTime:0.000519s ]

[ 2018-07-06T11:56:21+08:00 ] 192.168.1.101 /gaochao/Uploads/Forum/ForumThread/2018-05-18/5afe2db0babca.jpg
INFO: [ app_init ] --START--
INFO: Run Behavior\BuildLiteBehavior [ RunTime:0.000008s ]
INFO: [ app_init ] --END-- [ RunTime:0.000247s ]

[ 2018-07-06T11:56:21+08:00 ] 192.168.1.101 /gaochao/Uploads/Forum/ForumThread/2018-05-04/5aebb11a08c1d.jpg
INFO: [ app_init ] --START--
INFO: Run Behavior\BuildLiteBehavior [ RunTime:0.000007s ]
INFO: [ app_init ] --END-- [ RunTime:0.000266s ]

[ 2018-07-06T14:15:43+08:00 ] 192.168.1.101 /gaochao/Uploads/Banner/5a77e96cc77ad.jpg
INFO: [ app_init ] --START--
INFO: Run Behavior\BuildLiteBehavior [ RunTime:0.000061s ]
INFO: [ app_init ] --END-- [ RunTime:0.000492s ]

[ 2018-07-06T14:15:55+08:00 ] 192.168.1.101 /gaochao/Uploads/Banner/5a77e96cc77ad.jpg
INFO: [ app_init ] --START--
INFO: Run Behavior\BuildLiteBehavior [ RunTime:0.000005s ]
INFO: [ app_init ] --END-- [ RunTime:0.000215s ]

[ 2018-07-06T14:16:03+08:00 ] 192.168.1.101 /gaochao/Uploads/Banner/5a77e96cc77ad.jpg
INFO: [ app_init ] --START--
INFO: Run Behavior\BuildLiteBehavior [ RunTime:0.000010s ]
INFO: [ app_init ] --END-- [ RunTime:0.000448s ]

[ 2018-07-06T14:17:45+08:00 ] 192.168.1.101 /gaochao/Uploads/Banner/5a77e96cc77ad.jpg
INFO: [ app_init ] --START--
INFO: Run Behavior\BuildLiteBehavior [ RunTime:0.000006s ]
INFO: [ app_init ] --END-- [ RunTime:0.000240s ]

[ 2018-07-06T14:17:55+08:00 ] 192.168.1.101 /gaochao/Uploads/Banner/5a77e96cc77ad.jpg
INFO: [ app_init ] --START--
INFO: Run Behavior\BuildLiteBehavior [ RunTime:0.000020s ]
INFO: [ app_init ] --END-- [ RunTime:0.000872s ]

[ 2018-07-06T14:17:59+08:00 ] 192.168.1.101 /gaochao/Uploads/Banner/5a77e96cc77ad.jpg
INFO: [ app_init ] --START--
INFO: Run Behavior\BuildLiteBehavior [ RunTime:0.000007s ]
INFO: [ app_init ] --END-- [ RunTime:0.000296s ]

[ 2018-07-06T14:18:03+08:00 ] 192.168.1.101 /gaochao/Uploads/Banner/5a77e96cc77ad.jpg
INFO: [ app_init ] --START--
INFO: Run Behavior\BuildLiteBehavior [ RunTime:0.000008s ]
INFO: [ app_init ] --END-- [ RunTime:0.000334s ]

[ 2018-07-06T14:18:30+08:00 ] 192.168.1.101 /gaochao/Uploads/Banner/5a77e96cc77ad.jpg
INFO: [ app_init ] --START--
INFO: Run Behavior\BuildLiteBehavior [ RunTime:0.000007s ]
INFO: [ app_init ] --END-- [ RunTime:0.000320s ]

[ 2018-07-06T15:04:58+08:00 ] 192.168.1.101 /gaochao/Uploads/Banner/5a77e96cc77ad.jpg
INFO: [ app_init ] --START--
INFO: Run Behavior\BuildLiteBehavior [ RunTime:0.000025s ]
INFO: [ app_init ] --END-- [ RunTime:0.000320s ]

[ 2018-07-06T15:05:05+08:00 ] 192.168.1.101 /gaochao/Uploads/Banner/5a77e96cc77ad.jpg
INFO: [ app_init ] --START--
INFO: Run Behavior\BuildLiteBehavior [ RunTime:0.000015s ]
INFO: [ app_init ] --END-- [ RunTime:0.000552s ]

[ 2018-07-06T15:06:42+08:00 ] 192.168.1.101 /gaochao/Uploads/Banner/5a77e96cc77ad.jpg
INFO: [ app_init ] --START--
INFO: Run Behavior\BuildLiteBehavior [ RunTime:0.000008s ]
INFO: [ app_init ] --END-- [ RunTime:0.000336s ]

[ 2018-07-06T15:11:56+08:00 ] 192.168.1.101 /gaochao/Uploads/Banner/5a77e96cc77ad.jpg
INFO: [ app_init ] --START--
INFO: Run Behavior\BuildLiteBehavior [ RunTime:0.000008s ]
INFO: [ app_init ] --END-- [ RunTime:0.000390s ]

[ 2018-07-06T15:28:44+08:00 ] 192.168.1.101 /gaochao/Uploads/Banner/5a77e96cc77ad.jpg
INFO: [ app_init ] --START--
INFO: Run Behavior\BuildLiteBehavior [ RunTime:0.000008s ]
INFO: [ app_init ] --END-- [ RunTime:0.000347s ]

[ 2018-07-06T15:28:45+08:00 ] 192.168.1.101 /gaochao/Uploads/Banner/5a77e96cc77ad.jpg
INFO: [ app_init ] --START--
INFO: Run Behavior\BuildLiteBehavior [ RunTime:0.000008s ]
INFO: [ app_init ] --END-- [ RunTime:0.000298s ]

[ 2018-07-06T15:28:45+08:00 ] 192.168.1.101 /gaochao/Uploads/Forum/ForumThread/2018-05-18/5afe2db0babca.jpg
INFO: [ app_init ] --START--
INFO: Run Behavior\BuildLiteBehavior [ RunTime:0.000006s ]
INFO: [ app_init ] --END-- [ RunTime:0.000293s ]

[ 2018-07-06T15:28:49+08:00 ] 192.168.1.101 /gaochao/Uploads/Forum/ForumThread/2018-05-18/5afe2db0babca.jpg
INFO: [ app_init ] --START--
INFO: Run Behavior\BuildLiteBehavior [ RunTime:0.000014s ]
INFO: [ app_init ] --END-- [ RunTime:0.001913s ]

[ 2018-07-06T15:28:49+08:00 ] 192.168.1.101 /gaochao/Uploads/Banner/5a77e96cc77ad.jpg
INFO: [ app_init ] --START--
INFO: Run Behavior\BuildLiteBehavior [ RunTime:0.000012s ]
INFO: [ app_init ] --END-- [ RunTime:0.000534s ]

[ 2018-07-06T15:28:53+08:00 ] 192.168.1.101 /gaochao/Uploads/Forum/ForumThread/2018-05-18/5afe2db0babca.jpg
INFO: [ app_init ] --START--
INFO: Run Behavior\BuildLiteBehavior [ RunTime:0.000007s ]
INFO: [ app_init ] --END-- [ RunTime:0.000279s ]

[ 2018-07-06T15:28:53+08:00 ] 192.168.1.101 /gaochao/Uploads/Banner/5a77e96cc77ad.jpg
INFO: [ app_init ] --START--
INFO: Run Behavior\BuildLiteBehavior [ RunTime:0.000008s ]
INFO: [ app_init ] --END-- [ RunTime:0.000276s ]

[ 2018-07-06T15:29:03+08:00 ] 192.168.1.101 /gaochao/Uploads/Banner/5a77e96cc77ad.jpg
INFO: [ app_init ] --START--
INFO: Run Behavior\BuildLiteBehavior [ RunTime:0.000010s ]
INFO: [ app_init ] --END-- [ RunTime:0.000359s ]

[ 2018-07-06T15:29:03+08:00 ] 192.168.1.101 /gaochao/Uploads/Forum/ForumThread/2018-05-18/5afe2db0babca.jpg
INFO: [ app_init ] --START--
INFO: Run Behavior\BuildLiteBehavior [ RunTime:0.000008s ]
INFO: [ app_init ] --END-- [ RunTime:0.000337s ]

[ 2018-07-06T15:29:08+08:00 ] 192.168.1.101 /gaochao/Uploads/Forum/ForumThread/2018-05-18/5afe2db0babca.jpg
INFO: [ app_init ] --START--
INFO: Run Behavior\BuildLiteBehavior [ RunTime:0.000006s ]
INFO: [ app_init ] --END-- [ RunTime:0.000220s ]

[ 2018-07-06T15:29:09+08:00 ] 192.168.1.101 /gaochao/Uploads/Banner/5a77e96cc77ad.jpg
INFO: [ app_init ] --START--
INFO: Run Behavior\BuildLiteBehavior [ RunTime:0.000007s ]
INFO: [ app_init ] --END-- [ RunTime:0.000314s ]

[ 2018-07-06T15:29:27+08:00 ] 192.168.1.101 /gaochao/Uploads/Banner/5a77e96cc77ad.jpg
INFO: [ app_init ] --START--
INFO: Run Behavior\BuildLiteBehavior [ RunTime:0.000009s ]
INFO: [ app_init ] --END-- [ RunTime:0.000345s ]

[ 2018-07-06T15:29:27+08:00 ] 192.168.1.101 /gaochao/Uploads/Forum/ForumThread/2018-05-18/5afe2db0babca.jpg
INFO: [ app_init ] --START--
INFO: Run Behavior\BuildLiteBehavior [ RunTime:0.000008s ]
INFO: [ app_init ] --END-- [ RunTime:0.000344s ]

[ 2018-07-06T15:29:34+08:00 ] 192.168.1.101 /gaochao/Uploads/Forum/ForumThread/2018-05-18/5afe2db0babca.jpg
INFO: [ app_init ] --START--
INFO: Run Behavior\BuildLiteBehavior [ RunTime:0.000013s ]
INFO: [ app_init ] --END-- [ RunTime:0.001305s ]

[ 2018-07-06T15:29:34+08:00 ] 192.168.1.101 /gaochao/Uploads/Banner/5a77e96cc77ad.jpg
INFO: [ app_init ] --START--
INFO: Run Behavior\BuildLiteBehavior [ RunTime:0.000012s ]
INFO: [ app_init ] --END-- [ RunTime:0.001320s ]

[ 2018-07-06T15:29:50+08:00 ] 192.168.1.101 /gaochao/Uploads/Banner/5a77e96cc77ad.jpg
INFO: [ app_init ] --START--
INFO: Run Behavior\BuildLiteBehavior [ RunTime:0.000009s ]
INFO: [ app_init ] --END-- [ RunTime:0.000425s ]

unTime:0.000388s ]

[ 2018-07-06T16:20:53+08:00 ] 192.168.1.111 /gaochao/Uploads/Forum/ForumThread/2018-05-18/5afe2db0babca.jpg
INFO: [ app_init ] --START--
INFO: Run Behavior\BuildLiteBehavior [ RunTime:0.000051s ]
INFO: [ app_init ] --END-- [ RunTime:0.000518s ]

[ 2018-07-06T16:20:53+08:00 ] 192.168.1.111 /gaochao/Uploads/Banner/5a77e96cc77ad.jpg
INFO: [ app_init ] --START--
INFO: Run Behavior\BuildLiteBehavior [ RunTime:0.000018s ]
INFO: [ app_init ] --END-- [ RunTime:0.000848s ]

[ 2018-07-06T16:29:47+08:00 ] 192.168.1.103 /gaochao/Uploads/Forum/ForumThread/2018-05-18/5afe2db0babca.jpg
INFO: [ app_init ] --START--
INFO: Run Behavior\BuildLiteBehavior [ RunTime:0.000012s ]
INFO: [ app_init ] --END-- [ RunTime:0.000538s ]

[ 2018-07-06T16:29:47+08:00 ] 192.168.1.103 /gaochao/Uploads/Banner/5a77e96cc77ad.jpg
INFO: [ app_init ] --START--
INFO: Run Behavior\BuildLiteBehavior [ RunTime:0.000142s ]
INFO: [ app_init ] --END-- [ RunTime:0.000959s ]

[ 2018-07-06T16:29:51+08:00 ] 192.168.1.103 /gaochao/Uploads/Banner/5a77e96cc77ad.jpg
INFO: [ app_init ] --START--
INFO: Run Behavior\BuildLiteBehavior [ RunTime:0.000010s ]
INFO: [ app_init ] --END-- [ RunTime:0.000359s ]

[ 2018-07-06T16:29:54+08:00 ] 192.168.1.110 /gaochao/Uploads/Banner/5a77e96cc77ad.jpg
INFO: [ app_init ] --START--
INFO: Run Behavior\BuildLiteBehavior [ RunTime:0.000007s ]
INFO: [ app_init ] --END-- [ RunTime:0.000310s ]

[ 2018-07-06T16:29:57+08:00 ] 192.168.1.110 /gaochao/Uploads/Banner/5a77e96cc77ad.jpg
INFO: [ app_init ] --START--
INFO: Run Behavior\BuildLiteBehavior [ RunTime:0.000010s ]
INFO: [ app_init ] --END-- [ RunTime:0.000404s ]

[ 2018-07-06T16:29:58+08:00 ] 192.168.1.101 /gaochao/Uploads/Forum/ForumThread/2018-05-18/5afe2db0babca.jpg
INFO: [ app_init ] --START--
INFO: Run Behavior\BuildLiteBehavior [ RunTime:0.000035s ]
INFO: [ app_init ] --END-- [ RunTime:0.000271s ]

[ 2018-07-06T16:29:58+08:00 ] 192.168.1.110 /gaochao/Uploads/Banner/5a77e96cc77ad.jpg
INFO: [ app_init ] --START--
INFO: Run Behavior\BuildLiteBehavior [ RunTime:0.000017s ]
INFO: [ app_init ] --END-- [ RunTime:0.000836s ]

[ 2018-07-06T16:29:58+08:00 ] 192.168.1.101 /gaochao/Uploads/Banner/5a77e96cc77ad.jpg
INFO: [ app_init ] --START--
INFO: Run Behavior\BuildLiteBehavior [ RunTime:0.000008s ]
INFO: [ app_init ] --END-- [ RunTime:0.000372s ]

[ 2018-07-06T16:30:10+08:00 ] 192.168.1.110 /gaochao/Uploads/Banner/5a77e96cc77ad.jpg
INFO: [ app_init ] --START--
INFO: Run Behavior\BuildLiteBehavior [ RunTime:0.000007s ]
INFO: [ app_init ] --END-- [ RunTime:0.000294s ]

[ 2018-07-06T16:30:14+08:00 ] 192.168.1.110 /gaochao/Uploads/Banner/5a77e96cc77ad.jpg
INFO: [ app_init ] --START--
INFO: Run Behavior\BuildLiteBehavior [ RunTime:0.000018s ]
INFO: [ app_init ] --END-- [ RunTime:0.000836s ]

[ 2018-07-06T16:42:20+08:00 ] 192.168.1.111 /gaochao/Uploads/Banner/5a77e96cc77ad.jpg
INFO: [ app_init ] --START--
INFO: Run Behavior\BuildLiteBehavior [ RunTime:0.000007s ]
INFO: [ app_init ] --END-- [ RunTime:0.000270s ]

[ 2018-07-06T16:42:20+08:00 ] 192.168.1.111 /gaochao/Uploads/Forum/ForumThread/2018-05-18/5afe2db0babca.jpg
INFO: [ app_init ] --START--
INFO: Run Behavior\BuildLiteBehavior [ RunTime:0.000011s ]
INFO: [ app_init ] --END-- [ RunTime:0.000470s ]

[ 2018-07-06T16:46:43+08:00 ] 192.168.1.110 /gaochao/Uploads/Banner/5a77e96cc77ad.jpg
INFO: [ app_init ] --START--
INFO: Run Behavior\BuildLiteBehavior [ RunTime:0.000007s ]
INFO: [ app_init ] --END-- [ RunTime:0.000263s ]

[ 2018-07-06T16:46:46+08:00 ] 192.168.1.110 /gaochao/Uploads/Forum/ForumThread/2018-05-18/5afe2db0babca.jpg
INFO: [ app_init ] --START--
INFO: Run Behavior\BuildLiteBehavior [ RunTime:0.000010s ]
INFO: [ app_init ] --END-- [ RunTime:0.000389s ]

[ 2018-07-06T16:46:46+08:00 ] 192.168.1.110 /gaochao/Uploads/Forum/ForumThread/2018-05-05/5aecfa9c2749b.jpg
INFO: [ app_init ] --START--
INFO: Run Behavior\BuildLiteBehavior [ RunTime:0.000011s ]
INFO: [ app_init ] --END-- [ RunTime:0.000568s ]

[ 2018-07-06T16:46:47+08:00 ] 192.168.1.110 /gaochao/Uploads/Forum/ForumThread/2018-05-04/5aebb11a08c1d.jpg
INFO: [ app_init ] --START--
INFO: Run Behavior\BuildLiteBehavior [ RunTime:0.000009s ]
INFO: [ app_init ] --END-- [ RunTime:0.000294s ]

[ 2018-07-06T16:46:47+08:00 ] 192.168.1.110 /gaochao/Uploads/Forum/ForumThread/2018-03-07/5a9f583640051.jpg
INFO: [ app_init ] --START--
INFO: Run Behavior\BuildLiteBehavior [ RunTime:0.000007s ]
INFO: [ app_init ] --END-- [ RunTime:0.000264s ]

[ 2018-07-06T16:46:48+08:00 ] 192.168.1.110 /gaochao/Uploads/Forum/ForumThread/2018-03-17/5aacbddb3824e.jpg
INFO: [ app_init ] --START--
INFO: Run Behavior\BuildLiteBehavior [ RunTime:0.000011s ]
INFO: [ app_init ] --END-- [ RunTime:0.000359s ]

[ 2018-07-06T16:46:48+08:00 ] 192.168.1.110 /gaochao/Uploads/Forum/ForumThread/2018-03-28/5abb4300f08ff.jpg
INFO: [ app_init ] --START--
INFO: Run Behavior\BuildLiteBehavior [ RunTime:0.000008s ]
INFO: [ app_init ] --END-- [ RunTime:0.000270s ]

[ 2018-07-06T16:46:48+08:00 ] 192.168.1.110 /gaochao/Uploads/Forum/ForumThread/2018-04-19/5ad8004e7ab35.jpg
INFO: [ app_init ] --START--
INFO: Run Behavior\BuildLiteBehavior [ RunTime:0.000006s ]
INFO: [ app_init ] --END-- [ RunTime:0.000233s ]

[ 2018-07-06T16:46:48+08:00 ] 192.168.1.110 /gaochao/Uploads/Forum/ForumThread/2018-04-08/5ac9789a18418.jpg
INFO: [ app_init ] --START--
INFO: Run Behavior\BuildLiteBehavior [ RunTime:0.000008s ]
INFO: [ app_init ] --END-- [ RunTime:0.000316s ]

[ 2018-07-06T16:46:48+08:00 ] 192.168.1.110 /gaochao/Uploads/Forum/ForumThread/2018-03-01/5a97a39f85ed6.jpg
INFO: [ app_init ] --START--
INFO: Run Behavior\BuildLiteBehavior [ RunTime:0.000007s ]
INFO: [ app_init ] --END-- [ RunTime:0.000294s ]

[ 2018-07-06T16:46:48+08:00 ] 192.168.1.110 /gaochao/Uploads/Forum/ForumThread/2018-03-03/5a9a13f15b581.jpg
INFO: [ app_init ] --START--
INFO: Run Behavior\BuildLiteBehavior [ RunTime:0.000007s ]
INFO: [ app_init ] --END-- [ RunTime:0.000232s ]

[ 2018-07-06T16:46:49+08:00 ] 192.168.1.110 /gaochao/Uploads/Forum/ForumThread/2018-03-20/5ab0611f85944.jpg
INFO: [ app_init ] --START--
INFO: Run Behavior\BuildLiteBehavior [ RunTime:0.000008s ]
INFO: [ app_init ] --END-- [ RunTime:0.000328s ]

[ 2018-07-06T16:46:51+08:00 ] 192.168.1.110 /gaochao/Uploads/Product/Category/59a61b495e0ed.png
INFO: [ app_init ] --START--
INFO: Run Behavior\BuildLiteBehavior [ RunTime:0.000009s ]
INFO: [ app_init ] --END-- [ RunTime:0.000382s ]

[ 2018-07-06T16:46:51+08:00 ] 192.168.1.110 /gaochao/Uploads/Product/Category/59e55cd302dd1.jpg
INFO: [ app_init ] --START--
INFO: Run Behavior\BuildLiteBehavior [ RunTime:0.000007s ]
INFO: [ app_init ] --END-- [ RunTime:0.000284s ]

[ 2018-07-06T16:47:03+08:00 ] 192.168.1.110 /gaochao/Uploads/Forum/ForumThread/2018-05-18/5afe2db0babca.jpg
INFO: [ app_init ] --START--
INFO: Run Behavior\BuildLiteBehavior [ RunTime:0.000006s ]
INFO: [ app_init ] --END-- [ RunTime:0.000233s ]

[ 2018-07-06T16:47:03+08:00 ] 192.168.1.110 /gaochao/Uploads/Banner/5a77e96cc77ad.jpg
INFO: [ app_init ] --START--
INFO: Run Behavior\BuildLiteBehavior [ RunTime:0.000011s ]
INFO: [ app_init ] --END-- [ RunTime:0.000442s ]

[ 2018-07-06T16:47:07+08:00 ] 192.168.1.110 /gaochao/Uploads/Banner/5a77e96cc77ad.jpg
INFO: [ app_init ] --START--
INFO: Run Behavior\BuildLiteBehavior [ RunTime:0.000010s ]
INFO: [ app_init ] --END-- [ RunTime:0.000452s ]

[ 2018-07-06T16:47:15+08:00 ] 192.168.1.110 /gaochao/Uploads/Forum/ForumThread/2018-05-18/5afe2db0babca.jpg
INFO: [ app_init ] --START--
INFO: Run Behavior\BuildLiteBehavior [ RunTime:0.000008s ]
INFO: [ app_init ] --END-- [ RunTime:0.000346s ]

[ 2018-07-06T16:47:15+08:00 ] 192.168.1.110 /gaochao/Uploads/Banner/5a77e96cc77ad.jpg
INFO: [ app_init ] --START--
INFO: Run Behavior\BuildLiteBehavior [ RunTime:0.000010s ]
INFO: [ app_init ] --END-- [ RunTime:0.000359s ]

[ 2018-07-06T16:47:19+08:00 ] 192.168.1.110 /gaochao/Uploads/Banner/5a77e96cc77ad.jpg
INFO: [ app_init ] --START--
INFO: Run Behavior\BuildLiteBehavior [ RunTime:0.000007s ]
INFO: [ app_init ] --END-- [ RunTime:0.000281s ]

