[ 2018-07-02T09:39:35+08:00 ] ::1 /gaochao/Public/Backend/img/status_.png
INFO: [ app_init ] --START--
INFO: Run Behavior\BuildLiteBehavior [ RunTime:0.000008s ]
INFO: [ app_init ] --END-- [ RunTime:0.000257s ]

[ 2018-07-02T09:42:00+08:00 ] ::1 /gaochao/Public/Backend/img/status_.png
INFO: [ app_init ] --START--
INFO: Run Behavior\BuildLiteBehavior [ RunTime:0.000008s ]
INFO: [ app_init ] --END-- [ RunTime:0.000252s ]

[ 2018-07-02T09:42:00+08:00 ] ::1 /gaochao/Public/Backend/img/status_.png
INFO: [ app_init ] --START--
INFO: Run Behavior\BuildLiteBehavior [ RunTime:0.000009s ]
INFO: [ app_init ] --END-- [ RunTime:0.000248s ]

[ 2018-07-02T09:42:06+08:00 ] ::1 /gaochao/Public/Backend/img/status_.png
INFO: [ app_init ] --START--
INFO: Run Behavior\BuildLiteBehavior [ RunTime:0.000007s ]
INFO: [ app_init ] --END-- [ RunTime:0.000230s ]

[ 2018-07-02T09:42:52+08:00 ] ::1 /gaochao/Public/Backend/img/status_.png
INFO: [ app_init ] --START--
INFO: Run Behavior\BuildLiteBehavior [ RunTime:0.000006s ]
INFO: [ app_init ] --END-- [ RunTime:0.000211s ]

[ 2018-07-02T09:42:57+08:00 ] ::1 /gaochao/Public/Backend/img/status_.png
INFO: [ app_init ] --START--
INFO: Run Behavior\BuildLiteBehavior [ RunTime:0.000056s ]
INFO: [ app_init ] --END-- [ RunTime:0.000836s ]

[ 2018-07-02T09:43:05+08:00 ] ::1 /gaochao/Public/Backend/img/status_.png
INFO: [ app_init ] --START--
INFO: Run Behavior\BuildLiteBehavior [ RunTime:0.000008s ]
INFO: [ app_init ] --END-- [ RunTime:0.000655s ]

[ 2018-07-02T09:44:17+08:00 ] ::1 /gaochao/Public/Backend/img/status_.png
INFO: [ app_init ] --START--
INFO: Run Behavior\BuildLiteBehavior [ RunTime:0.000007s ]
INFO: [ app_init ] --END-- [ RunTime:0.000248s ]

[ 2018-07-02T13:40:20+08:00 ] ::1 /gaochao/Uploads/Government/S5a7d4b9e343f8.jpg
INFO: [ app_init ] --START--
INFO: Run Behavior\BuildLiteBehavior [ RunTime:0.000007s ]
INFO: [ app_init ] --END-- [ RunTime:0.000231s ]

