[ 2018-07-04T11:15:58+08:00 ] ::1 /gaochao/Uploads/Parking/S5b2cc873d8480.jpg
INFO: [ app_init ] --START--
INFO: Run Behavior\BuildLiteBehavior [ RunTime:0.000007s ]
INFO: [ app_init ] --END-- [ RunTime:0.000225s ]

[ 2018-07-04T11:22:51+08:00 ] 192.168.1.104 /gaochao/Uploads/Forum/ForumThread/2018-05-18/5afe2db0babca.jpg
INFO: [ app_init ] --START--
INFO: Run Behavior\BuildLiteBehavior [ RunTime:0.000032s ]
INFO: [ app_init ] --END-- [ RunTime:0.000416s ]

[ 2018-07-04T11:22:51+08:00 ] 192.168.1.104 /gaochao/Uploads/Banner/5a77e96cc77ad.jpg
INFO: [ app_init ] --START--
INFO: Run Behavior\BuildLiteBehavior [ RunTime:0.000018s ]
INFO: [ app_init ] --END-- [ RunTime:0.000842s ]

[ 2018-07-04T11:23:08+08:00 ] 192.168.1.104 /gaochao/Uploads/Forum/ForumThread/2018-05-18/5afe2db0babca.jpg
INFO: [ app_init ] --START--
INFO: Run Behavior\BuildLiteBehavior [ RunTime:0.000009s ]
INFO: [ app_init ] --END-- [ RunTime:0.000359s ]

[ 2018-07-04T11:23:08+08:00 ] 192.168.1.104 /gaochao/Uploads/Banner/5a77e96cc77ad.jpg
INFO: [ app_init ] --START--
INFO: Run Behavior\BuildLiteBehavior [ RunTime:0.000009s ]
INFO: [ app_init ] --END-- [ RunTime:0.000354s ]

[ 2018-07-04T11:23:29+08:00 ] 192.168.1.104 /gaochao/Uploads/Forum/ForumThread/2018-05-18/5afe2db0babca.jpg
INFO: [ app_init ] --START--
INFO: Run Behavior\BuildLiteBehavior [ RunTime:0.000009s ]
INFO: [ app_init ] --END-- [ RunTime:0.000356s ]

[ 2018-07-04T11:23:29+08:00 ] 192.168.1.104 /gaochao/Uploads/Banner/5a77e96cc77ad.jpg
INFO: [ app_init ] --START--
INFO: Run Behavior\BuildLiteBehavior [ RunTime:0.000008s ]
INFO: [ app_init ] --END-- [ RunTime:0.000347s ]

[ 2018-07-04T11:23:47+08:00 ] 192.168.1.104 /gaochao/Uploads/Banner/5a77e96cc77ad.jpg
INFO: [ app_init ] --START--
INFO: Run Behavior\BuildLiteBehavior [ RunTime:0.000010s ]
INFO: [ app_init ] --END-- [ RunTime:0.000382s ]

[ 2018-07-04T11:24:53+08:00 ] 192.168.1.104 /gaochao/Uploads/Banner/5a77e96cc77ad.jpg
INFO: [ app_init ] --START--
INFO: Run Behavior\BuildLiteBehavior [ RunTime:0.000009s ]
INFO: [ app_init ] --END-- [ RunTime:0.000427s ]

[ 2018-07-04T11:24:57+08:00 ] 192.168.1.104 /gaochao/Uploads/Banner/5a77e96cc77ad.jpg
INFO: [ app_init ] --START--
INFO: Run Behavior\BuildLiteBehavior [ RunTime:0.000009s ]
INFO: [ app_init ] --END-- [ RunTime:0.000434s ]

[ 2018-07-04T11:25:17+08:00 ] 192.168.1.104 /gaochao/Uploads/Banner/5a77e96cc77ad.jpg
INFO: [ app_init ] --START--
INFO: Run Behavior\BuildLiteBehavior [ RunTime:0.000019s ]
INFO: [ app_init ] --END-- [ RunTime:0.000850s ]

[ 2018-07-04T11:25:21+08:00 ] 192.168.1.104 /gaochao/Uploads/Banner/5a77e96cc77ad.jpg
INFO: [ app_init ] --START--
INFO: Run Behavior\BuildLiteBehavior [ RunTime:0.000009s ]
INFO: [ app_init ] --END-- [ RunTime:0.000413s ]

[ 2018-07-04T11:28:08+08:00 ] 192.168.1.104 /gaochao/Uploads/Banner/5a77e96cc77ad.jpg
INFO: [ app_init ] --START--
INFO: Run Behavior\BuildLiteBehavior [ RunTime:0.000013s ]
INFO: [ app_init ] --END-- [ RunTime:0.000491s ]

[ 2018-07-04T11:28:12+08:00 ] 192.168.1.104 /gaochao/Uploads/Banner/5a77e96cc77ad.jpg
INFO: [ app_init ] --START--
INFO: Run Behavior\BuildLiteBehavior [ RunTime:0.000010s ]
INFO: [ app_init ] --END-- [ RunTime:0.000349s ]

[ 2018-07-04T11:28:35+08:00 ] 192.168.1.104 /gaochao/Uploads/Property/BianMin/2018-02-05/5a780e7c1d4bb.jpg
INFO: [ app_init ] --START--
INFO: Run Behavior\BuildLiteBehavior [ RunTime:0.000016s ]
INFO: [ app_init ] --END-- [ RunTime:0.000669s ]

[ 2018-07-04T11:28:37+08:00 ] 192.168.1.104 /gaochao/Uploads/Banner/5a77e96cc77ad.jpg
INFO: [ app_init ] --START--
INFO: Run Behavior\BuildLiteBehavior [ RunTime:0.000008s ]
INFO: [ app_init ] --END-- [ RunTime:0.000363s ]

[ 2018-07-04T11:28:37+08:00 ] 192.168.1.104 /gaochao/Uploads/Forum/ForumThread/2018-05-18/5afe2db0babca.jpg
INFO: [ app_init ] --START--
INFO: Run Behavior\BuildLiteBehavior [ RunTime:0.000008s ]
INFO: [ app_init ] --END-- [ RunTime:0.000361s ]

[ 2018-07-04T11:33:54+08:00 ] 192.168.1.104 /gaochao/Uploads/Forum/ForumThread/2018-05-18/5afe2db0babca.jpg
INFO: [ app_init ] --START--
INFO: Run Behavior\BuildLiteBehavior [ RunTime:0.000010s ]
INFO: [ app_init ] --END-- [ RunTime:0.000454s ]

[ 2018-07-04T11:34:03+08:00 ] 192.168.1.104 /gaochao/Uploads/Forum/ForumThread/2018-05-05/5aecfa9c2749b.jpg
INFO: [ app_init ] --START--
INFO: Run Behavior\BuildLiteBehavior [ RunTime:0.000010s ]
INFO: [ app_init ] --END-- [ RunTime:0.000451s ]

[ 2018-07-04T11:34:43+08:00 ] 192.168.1.104 /gaochao/Uploads/Forum/ForumThread/2018-05-18/5afe2db0babca.jpg
INFO: [ app_init ] --START--
INFO: Run Behavior\BuildLiteBehavior [ RunTime:0.000008s ]
INFO: [ app_init ] --END-- [ RunTime:0.000423s ]

[ 2018-07-04T11:34:43+08:00 ] 192.168.1.104 /gaochao/Uploads/Banner/5a77e96cc77ad.jpg
INFO: [ app_init ] --START--
INFO: Run Behavior\BuildLiteBehavior [ RunTime:0.000008s ]
INFO: [ app_init ] --END-- [ RunTime:0.000402s ]

[ 2018-07-04T11:34:43+08:00 ] 192.168.1.104 /gaochao/Uploads/Forum/ForumThread/2018-05-05/5aecfa9c2749b.jpg
INFO: [ app_init ] --START--
INFO: Run Behavior\BuildLiteBehavior [ RunTime:0.000007s ]
INFO: [ app_init ] --END-- [ RunTime:0.000246s ]

[ 2018-07-04T11:43:14+08:00 ] 192.168.1.104 /gaochao/Uploads/Banner/5a77e96cc77ad.jpg
INFO: [ app_init ] --START--
INFO: Run Behavior\BuildLiteBehavior [ RunTime:0.000013s ]
INFO: [ app_init ] --END-- [ RunTime:0.000577s ]

[ 2018-07-04T11:43:14+08:00 ] 192.168.1.104 /gaochao/Uploads/Forum/ForumThread/2018-05-18/5afe2db0babca.jpg
INFO: [ app_init ] --START--
INFO: Run Behavior\BuildLiteBehavior [ RunTime:0.000012s ]
INFO: [ app_init ] --END-- [ RunTime:0.000661s ]

[ 2018-07-04T11:43:14+08:00 ] 192.168.1.104 /gaochao/Uploads/Forum/ForumThread/2018-05-05/5aecfa9c2749b.jpg
INFO: [ app_init ] --START--
INFO: Run Behavior\BuildLiteBehavior [ RunTime:0.000005s ]
INFO: [ app_init ] --END-- [ RunTime:0.000248s ]

[ 2018-07-04T12:41:29+08:00 ] 192.168.1.104 /gaochao/Uploads/Banner/5a77e96cc77ad.jpg
INFO: [ app_init ] --START--
INFO: Run Behavior\BuildLiteBehavior [ RunTime:0.000011s ]
INFO: [ app_init ] --END-- [ RunTime:0.000543s ]

[ 2018-07-04T12:41:41+08:00 ] 192.168.1.104 /gaochao/Uploads/Banner/5a77e96cc77ad.jpg
INFO: [ app_init ] --START--
INFO: Run Behavior\BuildLiteBehavior [ RunTime:0.000010s ]
INFO: [ app_init ] --END-- [ RunTime:0.000466s ]

[ 2018-07-04T14:43:58+08:00 ] ::1 /gaochao/Public/Backend/img/banner_leftarrow_hover.png
INFO: [ app_init ] --START--
INFO: Run Behavior\BuildLiteBehavior [ RunTime:0.000007s ]
INFO: [ app_init ] --END-- [ RunTime:0.000288s ]

[ 2018-07-04T14:43:58+08:00 ] ::1 /gaochao/Public/Backend/img/banner_rightarrow_hover.png
INFO: [ app_init ] --START--
INFO: Run Behavior\BuildLiteBehavior [ RunTime:0.000007s ]
INFO: [ app_init ] --END-- [ RunTime:0.000263s ]

[ 2018-07-04T14:43:58+08:00 ] ::1 /gaochao/Public/Backend/img/close2.png
INFO: [ app_init ] --START--
INFO: Run Behavior\BuildLiteBehavior [ RunTime:0.000007s ]
INFO: [ app_init ] --END-- [ RunTime:0.000242s ]

[ 2018-07-04T14:54:28+08:00 ] ::1 /gaochao/Public/Backend/img/banner_leftarrow_hover.png
INFO: [ app_init ] --START--
INFO: Run Behavior\BuildLiteBehavior [ RunTime:0.000007s ]
INFO: [ app_init ] --END-- [ RunTime:0.000260s ]

[ 2018-07-04T14:54:28+08:00 ] ::1 /gaochao/Public/Backend/img/banner_rightarrow_hover.png
INFO: [ app_init ] --START--
INFO: Run Behavior\BuildLiteBehavior [ RunTime:0.000006s ]
INFO: [ app_init ] --END-- [ RunTime:0.000227s ]

[ 2018-07-04T14:54:28+08:00 ] ::1 /gaochao/Public/Backend/img/close2.png
INFO: [ app_init ] --START--
INFO: Run Behavior\BuildLiteBehavior [ RunTime:0.000006s ]
INFO: [ app_init ] --END-- [ RunTime:0.000352s ]

[ 2018-07-04T14:58:07+08:00 ] ::1 /gaochao/Uploads/Parking/M5b2cc873d8480.jpg
INFO: [ app_init ] --START--
INFO: Run Behavior\BuildLiteBehavior [ RunTime:0.000006s ]
INFO: [ app_init ] --END-- [ RunTime:0.000277s ]

[ 2018-07-04T15:32:31+08:00 ] ::1 /gaochao/Public/Backend/img/sign/sign_13.png
INFO: [ app_init ] --START--
INFO: Run Behavior\BuildLiteBehavior [ RunTime:0.000008s ]
INFO: [ app_init ] --END-- [ RunTime:0.000268s ]

[ 2018-07-04T15:32:53+08:00 ] ::1 /gaochao/Public/Backend/img/sign/sign_13.png
INFO: [ app_init ] --START--
INFO: Run Behavior\BuildLiteBehavior [ RunTime:0.000009s ]
INFO: [ app_init ] --END-- [ RunTime:0.000336s ]

[ 2018-07-04T15:33:22+08:00 ] ::1 /gaochao/Public/Backend/img/sign/sign_13.png
INFO: [ app_init ] --START--
INFO: Run Behavior\BuildLiteBehavior [ RunTime:0.000007s ]
INFO: [ app_init ] --END-- [ RunTime:0.000256s ]

[ 2018-07-04T15:33:27+08:00 ] ::1 /gaochao/Public/Backend/img/sign/sign_13.png
INFO: [ app_init ] --START--
INFO: Run Behavior\BuildLiteBehavior [ RunTime:0.000011s ]
INFO: [ app_init ] --END-- [ RunTime:0.001509s ]

[ 2018-07-04T15:33:44+08:00 ] ::1 /gaochao/Public/Backend/img/sign/sign_13.png
INFO: [ app_init ] --START--
INFO: Run Behavior\BuildLiteBehavior [ RunTime:0.000008s ]
INFO: [ app_init ] --END-- [ RunTime:0.000296s ]

[ 2018-07-04T15:33:49+08:00 ] ::1 /gaochao/Public/Backend/img/sign/sign_13.png
INFO: [ app_init ] --START--
INFO: Run Behavior\BuildLiteBehavior [ RunTime:0.000007s ]
INFO: [ app_init ] --END-- [ RunTime:0.000268s ]

[ 2018-07-04T15:34:14+08:00 ] ::1 /gaochao/Public/Backend/img/sign/sign_13.png
INFO: [ app_init ] --START--
INFO: Run Behavior\BuildLiteBehavior [ RunTime:0.000009s ]
INFO: [ app_init ] --END-- [ RunTime:0.000322s ]

[ 2018-07-04T15:35:05+08:00 ] ::1 /gaochao/Public/Backend/img/sign/sign_13.png
INFO: [ app_init ] --START--
INFO: Run Behavior\BuildLiteBehavior [ RunTime:0.000008s ]
INFO: [ app_init ] --END-- [ RunTime:0.000277s ]

[ 2018-07-04T15:35:44+08:00 ] ::1 /gaochao/Public/Backend/img/sign/sign_13.png
INFO: [ app_init ] --START--
INFO: Run Behavior\BuildLiteBehavior [ RunTime:0.000007s ]
INFO: [ app_init ] --END-- [ RunTime:0.000308s ]

[ 2018-07-04T15:35:50+08:00 ] ::1 /gaochao/Public/Backend/img/sign/sign_13.png
INFO: [ app_init ] --START--
INFO: Run Behavior\BuildLiteBehavior [ RunTime:0.000008s ]
INFO: [ app_init ] --END-- [ RunTime:0.000254s ]

[ 2018-07-04T15:36:00+08:00 ] ::1 /gaochao/Public/Backend/img/sign/sign_13.png
INFO: [ app_init ] --START--
INFO: Run Behavior\BuildLiteBehavior [ RunTime:0.000007s ]
INFO: [ app_init ] --END-- [ RunTime:0.000268s ]

