[ 2018-07-31T10:14:39+08:00 ] 192.168.1.103 /gaochao/Api/User/CkClock/banner
INFO: [ app_init ] --START--
INFO: Run Behavior\BuildLiteBehavior [ RunTime:0.000016s ]
INFO: [ app_init ] --END-- [ RunTime:0.000564s ]
INFO: [ app_begin ] --START--
INFO: Run Behavior\ReadHtmlCacheBehavior [ RunTime:0.001113s ]
INFO: Run Behavior\CheckLangBehavior [ RunTime:0.002634s ]
INFO: [ app_begin ] --END-- [ RunTime:0.003856s ]
SQL: SHOW COLUMNS FROM `sr_ck_member` [ RunTime:0.0028s ]
SQL: SHOW COLUMNS FROM `sr_ck_member` [ RunTime:0.0028s ]
SQL: SELECT `login_time` FROM `sr_ck_member` WHERE ( id=202 ) LIMIT 1   [ RunTime:0.0091s ]

[ 2018-07-31T10:14:39+08:00 ] 192.168.1.103 /gaochao/Api/User/CkClock/ckHomeType
INFO: [ app_init ] --START--
INFO: Run Behavior\BuildLiteBehavior [ RunTime:0.000008s ]
INFO: [ app_init ] --END-- [ RunTime:0.000328s ]
INFO: [ app_begin ] --START--
INFO: Run Behavior\ReadHtmlCacheBehavior [ RunTime:0.000493s ]
INFO: Run Behavior\CheckLangBehavior [ RunTime:0.000660s ]
INFO: [ app_begin ] --END-- [ RunTime:0.001198s ]
SQL: SHOW COLUMNS FROM `sr_ck_member` [ RunTime:0.0024s ]
SQL: SHOW COLUMNS FROM `sr_ck_member` [ RunTime:0.0032s ]
SQL: SELECT `login_time` FROM `sr_ck_member` WHERE ( id=202 ) LIMIT 1   [ RunTime:0.0004s ]

[ 2018-07-31T10:14:39+08:00 ] 192.168.1.103 /gaochao/Api/User/CkClock/getHomeList
INFO: [ app_init ] --START--
INFO: Run Behavior\BuildLiteBehavior [ RunTime:0.000008s ]
INFO: [ app_init ] --END-- [ RunTime:0.000555s ]
INFO: [ app_begin ] --START--
INFO: Run Behavior\ReadHtmlCacheBehavior [ RunTime:0.000462s ]
INFO: Run Behavior\CheckLangBehavior [ RunTime:0.000571s ]
INFO: [ app_begin ] --END-- [ RunTime:0.001076s ]
SQL: SHOW COLUMNS FROM `sr_ck_member` [ RunTime:0.0021s ]
SQL: SHOW COLUMNS FROM `sr_ck_member` [ RunTime:0.0020s ]
SQL: SELECT `login_time` FROM `sr_ck_member` WHERE ( id=202 ) LIMIT 1   [ RunTime:0.0002s ]
SQL: SELECT `id`,`district_id`,`company_id` FROM `sr_ck_member` WHERE ( id=202 ) LIMIT 1   [ RunTime:0.0001s ]
SQL: SHOW COLUMNS FROM `sr_ck_home` [ RunTime:0.0018s ]
SQL: SELECT `id`,`type`,`district_id`,`title`,`desc`,`cover`,`add_time` FROM `sr_ck_home` WHERE `is_del` = 0 AND `is_hid` = 0 AND `type` = 1 AND `company_id` = 200 AND `district_id` = 0  [ RunTime:0.0009s ]

[ 2018-07-31T10:18:17+08:00 ] 192.168.1.103 /gaochao/Api/User/CkClock/banner
INFO: [ app_init ] --START--
INFO: Run Behavior\BuildLiteBehavior [ RunTime:0.000011s ]
INFO: [ app_init ] --END-- [ RunTime:0.000502s ]
INFO: [ app_begin ] --START--
INFO: Run Behavior\ReadHtmlCacheBehavior [ RunTime:0.000768s ]
INFO: Run Behavior\CheckLangBehavior [ RunTime:0.002302s ]
INFO: [ app_begin ] --END-- [ RunTime:0.003137s ]
SQL: SHOW COLUMNS FROM `sr_ck_member` [ RunTime:0.0036s ]
SQL: SHOW COLUMNS FROM `sr_ck_member` [ RunTime:0.0037s ]
SQL: SELECT `login_time` FROM `sr_ck_member` WHERE ( id=202 ) LIMIT 1   [ RunTime:0.0003s ]

[ 2018-07-31T10:18:17+08:00 ] 192.168.1.103 /gaochao/Api/User/CkClock/ckHomeType
INFO: [ app_init ] --START--
INFO: Run Behavior\BuildLiteBehavior [ RunTime:0.000007s ]
INFO: [ app_init ] --END-- [ RunTime:0.000425s ]
INFO: [ app_begin ] --START--
INFO: Run Behavior\ReadHtmlCacheBehavior [ RunTime:0.000439s ]
INFO: Run Behavior\CheckLangBehavior [ RunTime:0.000649s ]
INFO: [ app_begin ] --END-- [ RunTime:0.001124s ]
SQL: SHOW COLUMNS FROM `sr_ck_member` [ RunTime:0.0021s ]
SQL: SHOW COLUMNS FROM `sr_ck_member` [ RunTime:0.0022s ]
SQL: SELECT `login_time` FROM `sr_ck_member` WHERE ( id=202 ) LIMIT 1   [ RunTime:0.0002s ]

[ 2018-07-31T10:18:17+08:00 ] 192.168.1.103 /gaochao/Api/User/CkClock/getHomeList
INFO: [ app_init ] --START--
INFO: Run Behavior\BuildLiteBehavior [ RunTime:0.000005s ]
INFO: [ app_init ] --END-- [ RunTime:0.000221s ]
INFO: [ app_begin ] --START--
INFO: Run Behavior\ReadHtmlCacheBehavior [ RunTime:0.000332s ]
INFO: Run Behavior\CheckLangBehavior [ RunTime:0.000446s ]
INFO: [ app_begin ] --END-- [ RunTime:0.000812s ]
SQL: SHOW COLUMNS FROM `sr_ck_member` [ RunTime:0.0021s ]
SQL: SHOW COLUMNS FROM `sr_ck_member` [ RunTime:0.0021s ]
SQL: SELECT `login_time` FROM `sr_ck_member` WHERE ( id=202 ) LIMIT 1   [ RunTime:0.0002s ]
SQL: SELECT `id`,`district_id`,`company_id` FROM `sr_ck_member` WHERE ( id=202 ) LIMIT 1   [ RunTime:0.0001s ]
SQL: SHOW COLUMNS FROM `sr_ck_home` [ RunTime:0.0019s ]
SQL: SELECT `id`,`type`,`district_id`,`title`,`desc`,`cover`,`add_time` FROM `sr_ck_home` WHERE `is_del` = 0 AND `is_hid` = 0 AND `type` = 1 AND `company_id` = 200 AND `district_id` = 0  [ RunTime:0.0002s ]

[ 2018-07-31T10:25:46+08:00 ] 192.168.1.103 /gaochao/Api/User/CkClock/banner
INFO: [ app_init ] --START--
INFO: Run Behavior\BuildLiteBehavior [ RunTime:0.000011s ]
INFO: [ app_init ] --END-- [ RunTime:0.000557s ]
INFO: [ app_begin ] --START--
INFO: Run Behavior\ReadHtmlCacheBehavior [ RunTime:0.000983s ]
INFO: Run Behavior\CheckLangBehavior [ RunTime:0.002336s ]
INFO: [ app_begin ] --END-- [ RunTime:0.003395s ]
SQL: SHOW COLUMNS FROM `sr_ck_member` [ RunTime:0.0044s ]
SQL: SHOW COLUMNS FROM `sr_ck_member` [ RunTime:0.0035s ]
SQL: SELECT `login_time` FROM `sr_ck_member` WHERE ( id=202 ) LIMIT 1   [ RunTime:0.0004s ]

[ 2018-07-31T10:25:46+08:00 ] 192.168.1.103 /gaochao/Api/User/CkClock/ckHomeType
INFO: [ app_init ] --START--
INFO: Run Behavior\BuildLiteBehavior [ RunTime:0.000006s ]
INFO: [ app_init ] --END-- [ RunTime:0.000286s ]
INFO: [ app_begin ] --START--
INFO: Run Behavior\ReadHtmlCacheBehavior [ RunTime:0.000450s ]
INFO: Run Behavior\CheckLangBehavior [ RunTime:0.000613s ]
INFO: [ app_begin ] --END-- [ RunTime:0.001099s ]
SQL: SHOW COLUMNS FROM `sr_ck_member` [ RunTime:0.0023s ]
SQL: SHOW COLUMNS FROM `sr_ck_member` [ RunTime:0.0029s ]
SQL: SELECT `login_time` FROM `sr_ck_member` WHERE ( id=202 ) LIMIT 1   [ RunTime:0.0002s ]

[ 2018-07-31T10:25:46+08:00 ] 192.168.1.103 /gaochao/Api/User/CkClock/getHomeList
INFO: [ app_init ] --START--
INFO: Run Behavior\BuildLiteBehavior [ RunTime:0.000008s ]
INFO: [ app_init ] --END-- [ RunTime:0.000269s ]
INFO: [ app_begin ] --START--
INFO: Run Behavior\ReadHtmlCacheBehavior [ RunTime:0.000420s ]
INFO: Run Behavior\CheckLangBehavior [ RunTime:0.000638s ]
INFO: [ app_begin ] --END-- [ RunTime:0.001094s ]
SQL: SHOW COLUMNS FROM `sr_ck_member` [ RunTime:0.0027s ]
SQL: SHOW COLUMNS FROM `sr_ck_member` [ RunTime:0.0036s ]
SQL: SELECT `login_time` FROM `sr_ck_member` WHERE ( id=202 ) LIMIT 1   [ RunTime:0.0002s ]
SQL: SELECT `id`,`district_id`,`company_id` FROM `sr_ck_member` WHERE ( id=202 ) LIMIT 1   [ RunTime:0.0001s ]
SQL: SHOW COLUMNS FROM `sr_ck_home` [ RunTime:0.0020s ]
SQL: SELECT `id`,`type`,`district_id`,`title`,`desc`,`cover`,`add_time` FROM `sr_ck_home` WHERE `is_del` = 0 AND `is_hid` = 0 AND `type` = 1 AND `company_id` = 200 AND `district_id` = 0  [ RunTime:0.0002s ]

[ 2018-07-31T10:27:13+08:00 ] 192.168.1.103 /gaochao/Api/User/CkClock/banner
INFO: [ app_init ] --START--
INFO: Run Behavior\BuildLiteBehavior [ RunTime:0.000009s ]
INFO: [ app_init ] --END-- [ RunTime:0.000444s ]
INFO: [ app_begin ] --START--
INFO: Run Behavior\ReadHtmlCacheBehavior [ RunTime:0.000832s ]
INFO: Run Behavior\CheckLangBehavior [ RunTime:0.001551s ]
INFO: [ app_begin ] --END-- [ RunTime:0.005168s ]
SQL: SHOW COLUMNS FROM `sr_ck_member` [ RunTime:0.0025s ]

[ 2018-07-31T10:27:13+08:00 ] 192.168.1.103 /gaochao/Api/User/CkClock/ckHomeType
INFO: [ app_init ] --START--
INFO: Run Behavior\BuildLiteBehavior [ RunTime:0.000007s ]
INFO: [ app_init ] --END-- [ RunTime:0.000261s ]
INFO: [ app_begin ] --START--
INFO: Run Behavior\ReadHtmlCacheBehavior [ RunTime:0.000391s ]
INFO: Run Behavior\CheckLangBehavior [ RunTime:0.000539s ]
INFO: [ app_begin ] --END-- [ RunTime:0.000970s ]
SQL: SHOW COLUMNS FROM `sr_ck_member` [ RunTime:0.0025s ]

[ 2018-07-31T10:27:13+08:00 ] 192.168.1.103 /gaochao/Api/User/CkClock/getHomeList
INFO: [ app_init ] --START--
INFO: Run Behavior\BuildLiteBehavior [ RunTime:0.000006s ]
INFO: [ app_init ] --END-- [ RunTime:0.000257s ]
INFO: [ app_begin ] --START--
INFO: Run Behavior\ReadHtmlCacheBehavior [ RunTime:0.000443s ]
INFO: Run Behavior\CheckLangBehavior [ RunTime:0.000573s ]
INFO: [ app_begin ] --END-- [ RunTime:0.001060s ]
SQL: SHOW COLUMNS FROM `sr_ck_member` [ RunTime:0.0025s ]

[ 2018-07-31T10:30:17+08:00 ] 192.168.1.103 /gaochao/Api/Common/CkUser/login
INFO: [ app_init ] --START--
INFO: Run Behavior\BuildLiteBehavior [ RunTime:0.000009s ]
INFO: [ app_init ] --END-- [ RunTime:0.000468s ]
INFO: [ app_begin ] --START--
INFO: Run Behavior\ReadHtmlCacheBehavior [ RunTime:0.000771s ]
INFO: Run Behavior\CheckLangBehavior [ RunTime:0.001051s ]
INFO: [ app_begin ] --END-- [ RunTime:0.001888s ]
SQL: SHOW COLUMNS FROM `sr_ck_member` [ RunTime:0.0022s ]

[ 2018-07-31T10:31:00+08:00 ] 192.168.1.103 /gaochao/Api/User/CkClock/banner
INFO: [ app_init ] --START--
INFO: Run Behavior\BuildLiteBehavior [ RunTime:0.000009s ]
INFO: [ app_init ] --END-- [ RunTime:0.000360s ]
INFO: [ app_begin ] --START--
INFO: Run Behavior\ReadHtmlCacheBehavior [ RunTime:0.000532s ]
INFO: Run Behavior\CheckLangBehavior [ RunTime:0.000732s ]
INFO: [ app_begin ] --END-- [ RunTime:0.001318s ]
SQL: SHOW COLUMNS FROM `sr_ck_member` [ RunTime:0.0063s ]

[ 2018-07-31T10:31:00+08:00 ] 192.168.1.103 /gaochao/Api/User/CkClock/ckHomeType
INFO: [ app_init ] --START--
INFO: Run Behavior\BuildLiteBehavior [ RunTime:0.000008s ]
INFO: [ app_init ] --END-- [ RunTime:0.000363s ]
INFO: [ app_begin ] --START--
INFO: Run Behavior\ReadHtmlCacheBehavior [ RunTime:0.000542s ]
INFO: Run Behavior\CheckLangBehavior [ RunTime:0.000729s ]
INFO: [ app_begin ] --END-- [ RunTime:0.001325s ]
SQL: SHOW COLUMNS FROM `sr_ck_member` [ RunTime:0.0021s ]

[ 2018-07-31T10:31:00+08:00 ] 192.168.1.103 /gaochao/Api/User/CkClock/getHomeList
INFO: [ app_init ] --START--
INFO: Run Behavior\BuildLiteBehavior [ RunTime:0.000007s ]
INFO: [ app_init ] --END-- [ RunTime:0.000252s ]
INFO: [ app_begin ] --START--
INFO: Run Behavior\ReadHtmlCacheBehavior [ RunTime:0.000435s ]
INFO: Run Behavior\CheckLangBehavior [ RunTime:0.000586s ]
INFO: [ app_begin ] --END-- [ RunTime:0.001060s ]
SQL: SHOW COLUMNS FROM `sr_ck_member` [ RunTime:0.0021s ]

[ 2018-07-31T10:32:43+08:00 ] 192.168.1.103 /gaochao/Api/User/CkClock/banner
INFO: [ app_init ] --START--
INFO: Run Behavior\BuildLiteBehavior [ RunTime:0.000011s ]
INFO: [ app_init ] --END-- [ RunTime:0.000477s ]
INFO: [ app_begin ] --START--
INFO: Run Behavior\ReadHtmlCacheBehavior [ RunTime:0.000723s ]
INFO: Run Behavior\CheckLangBehavior [ RunTime:0.000972s ]
INFO: [ app_begin ] --END-- [ RunTime:0.001768s ]
SQL: SHOW COLUMNS FROM `sr_ck_member` [ RunTime:0.0023s ]

[ 2018-07-31T10:32:43+08:00 ] 192.168.1.103 /gaochao/Api/User/CkClock/ckHomeType
INFO: [ app_init ] --START--
INFO: Run Behavior\BuildLiteBehavior [ RunTime:0.000006s ]
INFO: [ app_init ] --END-- [ RunTime:0.000279s ]
INFO: [ app_begin ] --START--
INFO: Run Behavior\ReadHtmlCacheBehavior [ RunTime:0.000455s ]
INFO: Run Behavior\CheckLangBehavior [ RunTime:0.000619s ]
INFO: [ app_begin ] --END-- [ RunTime:0.001114s ]
SQL: SHOW COLUMNS FROM `sr_ck_member` [ RunTime:0.0040s ]

[ 2018-07-31T10:32:43+08:00 ] 192.168.1.103 /gaochao/Api/User/CkClock/getHomeList
INFO: [ app_init ] --START--
INFO: Run Behavior\BuildLiteBehavior [ RunTime:0.000007s ]
INFO: [ app_init ] --END-- [ RunTime:0.000290s ]
INFO: [ app_begin ] --START--
INFO: Run Behavior\ReadHtmlCacheBehavior [ RunTime:0.000375s ]
INFO: Run Behavior\CheckLangBehavior [ RunTime:0.000506s ]
INFO: [ app_begin ] --END-- [ RunTime:0.000921s ]
SQL: SHOW COLUMNS FROM `sr_ck_member` [ RunTime:0.0021s ]

[ 2018-07-31T10:34:31+08:00 ] 192.168.1.103 /gaochao/Api/User/CkClock/banner
INFO: [ app_init ] --START--
INFO: Run Behavior\BuildLiteBehavior [ RunTime:0.000010s ]
INFO: [ app_init ] --END-- [ RunTime:0.000463s ]
INFO: [ app_begin ] --START--
INFO: Run Behavior\ReadHtmlCacheBehavior [ RunTime:0.000744s ]
INFO: Run Behavior\CheckLangBehavior [ RunTime:0.001017s ]
INFO: [ app_begin ] --END-- [ RunTime:0.001824s ]
SQL: SHOW COLUMNS FROM `sr_ck_member` [ RunTime:0.0026s ]

[ 2018-07-31T10:34:31+08:00 ] 192.168.1.103 /gaochao/Api/User/CkClock/ckHomeType
INFO: [ app_init ] --START--
INFO: Run Behavior\BuildLiteBehavior [ RunTime:0.000006s ]
INFO: [ app_init ] --END-- [ RunTime:0.000250s ]
INFO: [ app_begin ] --START--
INFO: Run Behavior\ReadHtmlCacheBehavior [ RunTime:0.000374s ]
INFO: Run Behavior\CheckLangBehavior [ RunTime:0.000500s ]
INFO: [ app_begin ] --END-- [ RunTime:0.000916s ]
SQL: SHOW COLUMNS FROM `sr_ck_member` [ RunTime:0.0024s ]

[ 2018-07-31T10:34:31+08:00 ] 192.168.1.103 /gaochao/Api/User/CkClock/getHomeList
INFO: [ app_init ] --START--
INFO: Run Behavior\BuildLiteBehavior [ RunTime:0.000006s ]
INFO: [ app_init ] --END-- [ RunTime:0.000227s ]
INFO: [ app_begin ] --START--
INFO: Run Behavior\ReadHtmlCacheBehavior [ RunTime:0.000334s ]
INFO: Run Behavior\CheckLangBehavior [ RunTime:0.000449s ]
INFO: [ app_begin ] --END-- [ RunTime:0.000819s ]
SQL: SHOW COLUMNS FROM `sr_ck_member` [ RunTime:0.0021s ]

[ 2018-07-31T10:44:17+08:00 ] 192.168.1.108 /gaochao/Api/User/CkClock/banner
INFO: [ app_init ] --START--
INFO: Run Behavior\BuildLiteBehavior [ RunTime:0.000008s ]
INFO: [ app_init ] --END-- [ RunTime:0.000551s ]
INFO: [ app_begin ] --START--
INFO: Run Behavior\ReadHtmlCacheBehavior [ RunTime:0.001230s ]
INFO: Run Behavior\CheckLangBehavior [ RunTime:0.001152s ]
INFO: [ app_begin ] --END-- [ RunTime:0.002445s ]
SQL: SHOW COLUMNS FROM `sr_ck_member` [ RunTime:0.0025s ]

[ 2018-07-31T10:44:17+08:00 ] 192.168.1.108 /gaochao/Api/User/CkClock/ckHomeType
INFO: [ app_init ] --START--
INFO: Run Behavior\BuildLiteBehavior [ RunTime:0.000007s ]
INFO: [ app_init ] --END-- [ RunTime:0.000301s ]
INFO: [ app_begin ] --START--
INFO: Run Behavior\ReadHtmlCacheBehavior [ RunTime:0.000474s ]
INFO: Run Behavior\CheckLangBehavior [ RunTime:0.000657s ]
INFO: [ app_begin ] --END-- [ RunTime:0.001177s ]
SQL: SHOW COLUMNS FROM `sr_ck_member` [ RunTime:0.0023s ]

[ 2018-07-31T10:44:17+08:00 ] 192.168.1.108 /gaochao/Api/User/CkClock/getHomeList
INFO: [ app_init ] --START--
INFO: Run Behavior\BuildLiteBehavior [ RunTime:0.000006s ]
INFO: [ app_init ] --END-- [ RunTime:0.000238s ]
INFO: [ app_begin ] --START--
INFO: Run Behavior\ReadHtmlCacheBehavior [ RunTime:0.000394s ]
INFO: Run Behavior\CheckLangBehavior [ RunTime:0.000484s ]
INFO: [ app_begin ] --END-- [ RunTime:0.000919s ]
SQL: SHOW COLUMNS FROM `sr_ck_member` [ RunTime:0.0022s ]

[ 2018-07-31T10:44:40+08:00 ] 192.168.1.106 /gaochao/Api/User/CkClock/banner
INFO: [ app_init ] --START--
INFO: Run Behavior\BuildLiteBehavior [ RunTime:0.000007s ]
INFO: [ app_init ] --END-- [ RunTime:0.000301s ]
INFO: [ app_begin ] --START--
INFO: Run Behavior\ReadHtmlCacheBehavior [ RunTime:0.000368s ]
INFO: Run Behavior\CheckLangBehavior [ RunTime:0.000432s ]
INFO: [ app_begin ] --END-- [ RunTime:0.000838s ]
SQL: SHOW COLUMNS FROM `sr_ck_member` [ RunTime:0.0050s ]
SQL: SHOW COLUMNS FROM `sr_ck_member` [ RunTime:0.0020s ]
SQL: SELECT `login_time` FROM `sr_ck_member` WHERE ( id=201 ) LIMIT 1   [ RunTime:0.0007s ]

[ 2018-07-31T10:44:40+08:00 ] 192.168.1.106 /gaochao/Api/User/CkClock/ckHomeType
INFO: [ app_init ] --START--
INFO: Run Behavior\BuildLiteBehavior [ RunTime:0.000007s ]
INFO: [ app_init ] --END-- [ RunTime:0.000285s ]
INFO: [ app_begin ] --START--
INFO: Run Behavior\ReadHtmlCacheBehavior [ RunTime:0.000345s ]
INFO: Run Behavior\CheckLangBehavior [ RunTime:0.000428s ]
INFO: [ app_begin ] --END-- [ RunTime:0.000809s ]
SQL: SHOW COLUMNS FROM `sr_ck_member` [ RunTime:0.0037s ]
SQL: SHOW COLUMNS FROM `sr_ck_member` [ RunTime:0.0027s ]
SQL: SELECT `login_time` FROM `sr_ck_member` WHERE ( id=201 ) LIMIT 1   [ RunTime:0.0002s ]

[ 2018-07-31T10:44:40+08:00 ] 192.168.1.106 /gaochao/Api/User/CkClock/getHomeList
INFO: [ app_init ] --START--
INFO: Run Behavior\BuildLiteBehavior [ RunTime:0.000007s ]
INFO: [ app_init ] --END-- [ RunTime:0.000275s ]
INFO: [ app_begin ] --START--
INFO: Run Behavior\ReadHtmlCacheBehavior [ RunTime:0.000430s ]
INFO: Run Behavior\CheckLangBehavior [ RunTime:0.000572s ]
INFO: [ app_begin ] --END-- [ RunTime:0.001037s ]
SQL: SHOW COLUMNS FROM `sr_ck_member` [ RunTime:0.0020s ]
SQL: SHOW COLUMNS FROM `sr_ck_member` [ RunTime:0.0019s ]
SQL: SELECT `login_time` FROM `sr_ck_member` WHERE ( id=201 ) LIMIT 1   [ RunTime:0.0002s ]
SQL: SELECT `id`,`district_id`,`company_id` FROM `sr_ck_member` WHERE ( id=201 ) LIMIT 1   [ RunTime:0.0001s ]
SQL: SHOW COLUMNS FROM `sr_ck_home` [ RunTime:0.0019s ]
SQL: SELECT `id`,`type`,`district_id`,`title`,`desc`,`cover`,`add_time` FROM `sr_ck_home` WHERE `is_del` = 0 AND `is_hid` = 0 AND `type` = 1 AND `company_id` = 200 AND `district_id` = 0  [ RunTime:0.0002s ]

[ 2018-07-31T10:44:43+08:00 ] 192.168.1.106 /gaochao/Api/User/CkClock/checkClock
INFO: [ app_init ] --START--
INFO: Run Behavior\BuildLiteBehavior [ RunTime:0.000010s ]
INFO: [ app_init ] --END-- [ RunTime:0.000463s ]
INFO: [ app_begin ] --START--
INFO: Run Behavior\ReadHtmlCacheBehavior [ RunTime:0.000671s ]
INFO: Run Behavior\CheckLangBehavior [ RunTime:0.000874s ]
INFO: [ app_begin ] --END-- [ RunTime:0.001612s ]
SQL: SHOW COLUMNS FROM `sr_ck_member` [ RunTime:0.0064s ]
SQL: SHOW COLUMNS FROM `sr_ck_member` [ RunTime:0.0020s ]
SQL: SELECT `login_time` FROM `sr_ck_member` WHERE ( id=201 ) LIMIT 1   [ RunTime:0.0002s ]
SQL: SELECT `id`,`district_id`,`company_id` FROM `sr_ck_member` WHERE `is_del` = 0 AND `is_hid` = 0 AND `id` = 201 LIMIT 1   [ RunTime:0.0001s ]
SQL: SHOW COLUMNS FROM `sr_ck_clock` [ RunTime:0.0020s ]
SQL: SELECT COUNT(*) AS tp_count FROM `sr_ck_clock` WHERE `is_del` = 0 AND `is_hid` = 0 AND `member_id` = 201 AND `add_time` LIKE '2018-07-31%' LIMIT 1   [ RunTime:0.0018s ]
SQL: SELECT COUNT(*) AS tp_count FROM `sr_ck_clock` WHERE `is_del` = 0 AND `is_hid` = 0 AND `member_id` = 201 AND `add_time` LIKE '2018-07-31%' AND `type` = 2 LIMIT 1   [ RunTime:0.0002s ]
SQL: SHOW COLUMNS FROM `sr_ck_model` [ RunTime:0.0029s ]
SQL: SELECT COUNT(*) AS tp_count FROM `sr_ck_model` WHERE `district_id` = 23 AND `is_del` = 0 LIMIT 1   [ RunTime:0.0011s ]
SQL: SELECT * FROM `sr_ck_model` WHERE `district_id` = 23 AND `is_del` = 0  [ RunTime:0.0003s ]
SQL: SHOW COLUMNS FROM `sr_ck_range` [ RunTime:0.0021s ]
SQL: SELECT COUNT(*) AS tp_count FROM `sr_ck_range` WHERE `is_del` = 0 AND `is_hid` = 0 AND `district_id` = 23 AND `company_id` = 200 LIMIT 1   [ RunTime:0.0002s ]
SQL: SELECT * FROM `sr_ck_range` WHERE `is_del` = 0 AND `is_hid` = 0 AND `district_id` = 23 AND `company_id` = 200  [ RunTime:0.0002s ]

[ 2018-07-31T10:44:45+08:00 ] 192.168.1.106 /gaochao/Api/User/CkClock/clockType
INFO: [ app_init ] --START--
INFO: Run Behavior\BuildLiteBehavior [ RunTime:0.000008s ]
INFO: [ app_init ] --END-- [ RunTime:0.000362s ]
INFO: [ app_begin ] --START--
INFO: Run Behavior\ReadHtmlCacheBehavior [ RunTime:0.000567s ]
INFO: Run Behavior\CheckLangBehavior [ RunTime:0.000699s ]
INFO: [ app_begin ] --END-- [ RunTime:0.001326s ]
SQL: SHOW COLUMNS FROM `sr_ck_member` [ RunTime:0.0034s ]
SQL: SHOW COLUMNS FROM `sr_ck_member` [ RunTime:0.0024s ]
SQL: SELECT `login_time` FROM `sr_ck_member` WHERE ( id=201 ) LIMIT 1   [ RunTime:0.0003s ]
SQL: SELECT `id`,`username`,`mobile`,`district_id`,`company_id` FROM `sr_ck_member` WHERE `is_del` = 0 AND `is_hid` = 0 AND `id` = 201 LIMIT 1   [ RunTime:0.0002s ]
SQL: SHOW COLUMNS FROM `sr_ck_type` [ RunTime:0.0020s ]
SQL: SELECT * FROM `sr_ck_type` WHERE `is_hid` = 0 AND `is_del` = 0 AND `district_id` = 23 AND `company_id` = 200  [ RunTime:0.0003s ]

[ 2018-07-31T10:44:46+08:00 ] 192.168.1.106 /gaochao/Api/User/CkAccount/get_user_info
INFO: [ app_init ] --START--
INFO: Run Behavior\BuildLiteBehavior [ RunTime:0.000008s ]
INFO: [ app_init ] --END-- [ RunTime:0.000366s ]
INFO: [ app_begin ] --START--
INFO: Run Behavior\ReadHtmlCacheBehavior [ RunTime:0.000563s ]
INFO: Run Behavior\CheckLangBehavior [ RunTime:0.000699s ]
INFO: [ app_begin ] --END-- [ RunTime:0.001324s ]
SQL: SHOW COLUMNS FROM `sr_ck_member` [ RunTime:0.0035s ]
SQL: SHOW COLUMNS FROM `sr_ck_member` [ RunTime:0.0022s ]
SQL: SELECT `login_time` FROM `sr_ck_member` WHERE ( id=201 ) LIMIT 1   [ RunTime:0.0002s ]
SQL: SELECT `username`,`district_id`,`nickname`,`sex`,`age`,`signature` FROM `sr_ck_member` WHERE ( id=201 ) LIMIT 1   [ RunTime:0.0001s ]
NOTIC: [8] Undefined offset: 23 C:\xampp\htdocs\gaochao\Application\Api\Controller\User\CkAccountController.class.php 第 69 行.
SQL: SHOW COLUMNS FROM `sr_district` [ RunTime:0.0025s ]
SQL: SELECT `cloud_id` FROM `sr_district` WHERE ( id=23 ) LIMIT 1   [ RunTime:0.0015s ]

[ 2018-07-31T10:45:00+08:00 ] 192.168.1.106 /gaochao/Api/User/CkClock/workClock
INFO: [ app_init ] --START--
INFO: Run Behavior\BuildLiteBehavior [ RunTime:0.000011s ]
INFO: [ app_init ] --END-- [ RunTime:0.000562s ]
INFO: [ app_begin ] --START--
INFO: Run Behavior\ReadHtmlCacheBehavior [ RunTime:0.000422s ]
INFO: Run Behavior\CheckLangBehavior [ RunTime:0.000442s ]
INFO: [ app_begin ] --END-- [ RunTime:0.000906s ]
SQL: SHOW COLUMNS FROM `sr_ck_member` [ RunTime:0.0021s ]
SQL: SHOW COLUMNS FROM `sr_ck_member` [ RunTime:0.0020s ]
SQL: SELECT `login_time` FROM `sr_ck_member` WHERE ( id=201 ) LIMIT 1   [ RunTime:0.0002s ]
SQL: SELECT `id`,`username`,`mobile`,`district_id`,`company_id` FROM `sr_ck_member` WHERE `is_del` = 0 AND `is_hid` = 0 AND `id` = 201 LIMIT 1   [ RunTime:0.0001s ]
NOTIC: [2] call_user_func() expects parameter 1 to be a valid callback, no array or string given C:\xampp\htdocs\gaochao\Core\Library\Think\Upload.class.php 第 186 行.
SQL: SHOW COLUMNS FROM `sr_ck_work` [ RunTime:0.0020s ]
SQL: INSERT INTO `sr_ck_work` (`type`,`add_time`,`member_id`,`district_id`,`company_id`,`image`) VALUES ('200','2018-07-31 10:45:00','201','23','200','Uploads/Work/20180731/5b5fcd2beaf5a.png') [ RunTime:0.0016s ]

[ 2018-07-31T10:48:56+08:00 ] 192.168.1.108 /gaochao/Api/User/CkClock/banner
INFO: [ app_init ] --START--
INFO: Run Behavior\BuildLiteBehavior [ RunTime:0.000008s ]
INFO: [ app_init ] --END-- [ RunTime:0.000265s ]
INFO: [ app_begin ] --START--
INFO: Run Behavior\ReadHtmlCacheBehavior [ RunTime:0.000629s ]
INFO: Run Behavior\CheckLangBehavior [ RunTime:0.000815s ]
INFO: [ app_begin ] --END-- [ RunTime:0.001500s ]
SQL: SHOW COLUMNS FROM `sr_ck_member` [ RunTime:0.0027s ]

[ 2018-07-31T10:48:56+08:00 ] 192.168.1.108 /gaochao/Api/User/CkClock/ckHomeType
INFO: [ app_init ] --START--
INFO: Run Behavior\BuildLiteBehavior [ RunTime:0.000007s ]
INFO: [ app_init ] --END-- [ RunTime:0.000330s ]
INFO: [ app_begin ] --START--
INFO: Run Behavior\ReadHtmlCacheBehavior [ RunTime:0.000683s ]
INFO: Run Behavior\CheckLangBehavior [ RunTime:0.001774s ]
INFO: [ app_begin ] --END-- [ RunTime:0.002527s ]
SQL: SHOW COLUMNS FROM `sr_ck_member` [ RunTime:0.0023s ]

[ 2018-07-31T10:48:56+08:00 ] 192.168.1.108 /gaochao/Api/User/CkClock/getHomeList
INFO: [ app_init ] --START--
INFO: Run Behavior\BuildLiteBehavior [ RunTime:0.000006s ]
INFO: [ app_init ] --END-- [ RunTime:0.000243s ]
INFO: [ app_begin ] --START--
INFO: Run Behavior\ReadHtmlCacheBehavior [ RunTime:0.000486s ]
INFO: Run Behavior\CheckLangBehavior [ RunTime:0.003440s ]
INFO: [ app_begin ] --END-- [ RunTime:0.003984s ]
SQL: SHOW COLUMNS FROM `sr_ck_member` [ RunTime:0.0029s ]

[ 2018-07-31T10:48:59+08:00 ] 192.168.1.108 /gaochao/Api/User/CkClock/banner
INFO: [ app_init ] --START--
INFO: Run Behavior\BuildLiteBehavior [ RunTime:0.000008s ]
INFO: [ app_init ] --END-- [ RunTime:0.000283s ]
INFO: [ app_begin ] --START--
INFO: Run Behavior\ReadHtmlCacheBehavior [ RunTime:0.000405s ]
INFO: Run Behavior\CheckLangBehavior [ RunTime:0.000581s ]
INFO: [ app_begin ] --END-- [ RunTime:0.001034s ]
SQL: SHOW COLUMNS FROM `sr_ck_member` [ RunTime:0.0951s ]

[ 2018-07-31T10:48:59+08:00 ] 192.168.1.108 /gaochao/Api/User/CkClock/ckHomeType
INFO: [ app_init ] --START--
INFO: Run Behavior\BuildLiteBehavior [ RunTime:0.000009s ]
INFO: [ app_init ] --END-- [ RunTime:0.000312s ]
INFO: [ app_begin ] --START--
INFO: Run Behavior\ReadHtmlCacheBehavior [ RunTime:0.000438s ]
INFO: Run Behavior\CheckLangBehavior [ RunTime:0.000558s ]
INFO: [ app_begin ] --END-- [ RunTime:0.001044s ]
SQL: SHOW COLUMNS FROM `sr_ck_member` [ RunTime:0.0026s ]

[ 2018-07-31T10:48:59+08:00 ] 192.168.1.108 /gaochao/Api/User/CkClock/getHomeList
INFO: [ app_init ] --START--
INFO: Run Behavior\BuildLiteBehavior [ RunTime:0.000007s ]
INFO: [ app_init ] --END-- [ RunTime:0.000261s ]
INFO: [ app_begin ] --START--
INFO: Run Behavior\ReadHtmlCacheBehavior [ RunTime:0.000394s ]
INFO: Run Behavior\CheckLangBehavior [ RunTime:0.000526s ]
INFO: [ app_begin ] --END-- [ RunTime:0.000966s ]
SQL: SHOW COLUMNS FROM `sr_ck_member` [ RunTime:0.0023s ]

[ 2018-07-31T10:49:22+08:00 ] 192.168.1.106 /gaochao/Api/User/CkClock/ckHomeType
INFO: [ app_init ] --START--
INFO: Run Behavior\BuildLiteBehavior [ RunTime:0.000010s ]
INFO: [ app_init ] --END-- [ RunTime:0.000423s ]
INFO: [ app_begin ] --START--
INFO: Run Behavior\ReadHtmlCacheBehavior [ RunTime:0.000683s ]
INFO: Run Behavior\CheckLangBehavior [ RunTime:0.000915s ]
INFO: [ app_begin ] --END-- [ RunTime:0.001660s ]
SQL: SHOW COLUMNS FROM `sr_ck_member` [ RunTime:0.0060s ]
SQL: SHOW COLUMNS FROM `sr_ck_member` [ RunTime:0.0020s ]
SQL: SELECT `login_time` FROM `sr_ck_member` WHERE ( id=201 ) LIMIT 1   [ RunTime:0.0003s ]

[ 2018-07-31T10:49:22+08:00 ] 192.168.1.106 /gaochao/Api/User/CkClock/getHomeList
INFO: [ app_init ] --START--
INFO: Run Behavior\BuildLiteBehavior [ RunTime:0.000009s ]
INFO: [ app_init ] --END-- [ RunTime:0.000434s ]
INFO: [ app_begin ] --START--
INFO: Run Behavior\ReadHtmlCacheBehavior [ RunTime:0.000391s ]
INFO: Run Behavior\CheckLangBehavior [ RunTime:0.001395s ]
INFO: [ app_begin ] --END-- [ RunTime:0.001835s ]
SQL: SHOW COLUMNS FROM `sr_ck_member` [ RunTime:0.0036s ]
SQL: SHOW COLUMNS FROM `sr_ck_member` [ RunTime:0.0031s ]
SQL: SELECT `login_time` FROM `sr_ck_member` WHERE ( id=201 ) LIMIT 1   [ RunTime:0.0002s ]
SQL: SELECT `id`,`district_id`,`company_id` FROM `sr_ck_member` WHERE ( id=201 ) LIMIT 1   [ RunTime:0.0002s ]
SQL: SHOW COLUMNS FROM `sr_ck_home` [ RunTime:0.0021s ]
SQL: SELECT `id`,`type`,`district_id`,`title`,`desc`,`cover`,`add_time` FROM `sr_ck_home` WHERE `is_del` = 0 AND `is_hid` = 0 AND `type` = 1 AND `company_id` = 200 AND `district_id` = 0  [ RunTime:0.0003s ]

[ 2018-07-31T10:49:22+08:00 ] 192.168.1.106 /gaochao/Api/User/CkClock/banner
INFO: [ app_init ] --START--
INFO: Run Behavior\BuildLiteBehavior [ RunTime:0.000055s ]
INFO: [ app_init ] --END-- [ RunTime:0.000460s ]
INFO: [ app_begin ] --START--
INFO: Run Behavior\ReadHtmlCacheBehavior [ RunTime:0.000454s ]
INFO: Run Behavior\CheckLangBehavior [ RunTime:0.001309s ]
INFO: [ app_begin ] --END-- [ RunTime:0.001807s ]
SQL: SHOW COLUMNS FROM `sr_ck_member` [ RunTime:0.0029s ]
SQL: SHOW COLUMNS FROM `sr_ck_member` [ RunTime:0.0028s ]
SQL: SELECT `login_time` FROM `sr_ck_member` WHERE ( id=201 ) LIMIT 1   [ RunTime:0.0002s ]

[ 2018-07-31T10:49:25+08:00 ] 192.168.1.106 /gaochao/Api/User/CkClock/clockType
INFO: [ app_init ] --START--
INFO: Run Behavior\BuildLiteBehavior [ RunTime:0.000009s ]
INFO: [ app_init ] --END-- [ RunTime:0.000408s ]
INFO: [ app_begin ] --START--
INFO: Run Behavior\ReadHtmlCacheBehavior [ RunTime:0.000604s ]
INFO: Run Behavior\CheckLangBehavior [ RunTime:0.000781s ]
INFO: [ app_begin ] --END-- [ RunTime:0.001446s ]
SQL: SHOW COLUMNS FROM `sr_ck_member` [ RunTime:0.0035s ]
SQL: SHOW COLUMNS FROM `sr_ck_member` [ RunTime:0.0036s ]
SQL: SELECT `login_time` FROM `sr_ck_member` WHERE ( id=201 ) LIMIT 1   [ RunTime:0.0003s ]
SQL: SELECT `id`,`username`,`mobile`,`district_id`,`company_id` FROM `sr_ck_member` WHERE `is_del` = 0 AND `is_hid` = 0 AND `id` = 201 LIMIT 1   [ RunTime:0.0003s ]
SQL: SHOW COLUMNS FROM `sr_ck_type` [ RunTime:0.0034s ]
SQL: SELECT * FROM `sr_ck_type` WHERE `is_hid` = 0 AND `is_del` = 0 AND `district_id` = 23 AND `company_id` = 200  [ RunTime:0.0005s ]

[ 2018-07-31T10:49:31+08:00 ] 192.168.1.106 /gaochao/Api/User/CkAccount/get_user_info
INFO: [ app_init ] --START--
INFO: Run Behavior\BuildLiteBehavior [ RunTime:0.000008s ]
INFO: [ app_init ] --END-- [ RunTime:0.000397s ]
INFO: [ app_begin ] --START--
INFO: Run Behavior\ReadHtmlCacheBehavior [ RunTime:0.000597s ]
INFO: Run Behavior\CheckLangBehavior [ RunTime:0.000789s ]
INFO: [ app_begin ] --END-- [ RunTime:0.001446s ]
SQL: SHOW COLUMNS FROM `sr_ck_member` [ RunTime:0.0073s ]
SQL: SHOW COLUMNS FROM `sr_ck_member` [ RunTime:0.0020s ]
SQL: SELECT `login_time` FROM `sr_ck_member` WHERE ( id=201 ) LIMIT 1   [ RunTime:0.0002s ]
SQL: SELECT `username`,`district_id`,`nickname`,`sex`,`age`,`signature` FROM `sr_ck_member` WHERE ( id=201 ) LIMIT 1   [ RunTime:0.0002s ]
NOTIC: [8] Undefined offset: 23 C:\xampp\htdocs\gaochao\Application\Api\Controller\User\CkAccountController.class.php 第 69 行.
SQL: SHOW COLUMNS FROM `sr_district` [ RunTime:0.0023s ]
SQL: SELECT `cloud_id` FROM `sr_district` WHERE ( id=23 ) LIMIT 1   [ RunTime:0.0003s ]

[ 2018-07-31T10:49:41+08:00 ] 192.168.1.106 /gaochao/Api/User/CkClock/workClock
INFO: [ app_init ] --START--
INFO: Run Behavior\BuildLiteBehavior [ RunTime:0.000010s ]
INFO: [ app_init ] --END-- [ RunTime:0.000479s ]
INFO: [ app_begin ] --START--
INFO: Run Behavior\ReadHtmlCacheBehavior [ RunTime:0.001998s ]
INFO: Run Behavior\CheckLangBehavior [ RunTime:0.000972s ]
INFO: [ app_begin ] --END-- [ RunTime:0.003049s ]
SQL: SHOW COLUMNS FROM `sr_ck_member` [ RunTime:0.0067s ]
SQL: SHOW COLUMNS FROM `sr_ck_member` [ RunTime:0.0027s ]
SQL: SELECT `login_time` FROM `sr_ck_member` WHERE ( id=201 ) LIMIT 1   [ RunTime:0.0002s ]
SQL: SELECT `id`,`username`,`mobile`,`district_id`,`company_id` FROM `sr_ck_member` WHERE `is_del` = 0 AND `is_hid` = 0 AND `id` = 201 LIMIT 1   [ RunTime:0.0002s ]
NOTIC: [2] call_user_func() expects parameter 1 to be a valid callback, no array or string given C:\xampp\htdocs\gaochao\Core\Library\Think\Upload.class.php 第 186 行.
SQL: SHOW COLUMNS FROM `sr_ck_work` [ RunTime:0.0019s ]
SQL: INSERT INTO `sr_ck_work` (`type`,`add_time`,`member_id`,`district_id`,`company_id`,`image`) VALUES ('200','2018-07-31 10:49:41','201','23','200','Uploads/Work/20180731/5b5fce45b495a.png') [ RunTime:0.0006s ]

[ 2018-07-31T10:50:00+08:00 ] 192.168.1.108 /gaochao/Api/User/CkClock/banner
INFO: [ app_init ] --START--
INFO: Run Behavior\BuildLiteBehavior [ RunTime:0.000054s ]
INFO: [ app_init ] --END-- [ RunTime:0.000410s ]
INFO: [ app_begin ] --START--
INFO: Run Behavior\ReadHtmlCacheBehavior [ RunTime:0.000583s ]
INFO: Run Behavior\CheckLangBehavior [ RunTime:0.000796s ]
INFO: [ app_begin ] --END-- [ RunTime:0.001431s ]
SQL: SHOW COLUMNS FROM `sr_ck_member` [ RunTime:0.0036s ]

[ 2018-07-31T10:50:00+08:00 ] 192.168.1.108 /gaochao/Api/User/CkClock/ckHomeType
INFO: [ app_init ] --START--
INFO: Run Behavior\BuildLiteBehavior [ RunTime:0.000035s ]
INFO: [ app_init ] --END-- [ RunTime:0.000371s ]
INFO: [ app_begin ] --START--
INFO: Run Behavior\ReadHtmlCacheBehavior [ RunTime:0.000556s ]
INFO: Run Behavior\CheckLangBehavior [ RunTime:0.001362s ]
INFO: [ app_begin ] --END-- [ RunTime:0.001975s ]
SQL: SHOW COLUMNS FROM `sr_ck_member` [ RunTime:0.0025s ]

[ 2018-07-31T10:50:00+08:00 ] 192.168.1.108 /gaochao/Api/User/CkClock/getHomeList
INFO: [ app_init ] --START--
INFO: Run Behavior\BuildLiteBehavior [ RunTime:0.000008s ]
INFO: [ app_init ] --END-- [ RunTime:0.000280s ]
INFO: [ app_begin ] --START--
INFO: Run Behavior\ReadHtmlCacheBehavior [ RunTime:0.000357s ]
INFO: Run Behavior\CheckLangBehavior [ RunTime:0.000474s ]
INFO: [ app_begin ] --END-- [ RunTime:0.000873s ]
SQL: SHOW COLUMNS FROM `sr_ck_member` [ RunTime:0.0105s ]

[ 2018-07-31T10:50:11+08:00 ] 192.168.1.106 /gaochao/Api/User/CkClock/banner
INFO: [ app_init ] --START--
INFO: Run Behavior\BuildLiteBehavior [ RunTime:0.000009s ]
INFO: [ app_init ] --END-- [ RunTime:0.000371s ]
INFO: [ app_begin ] --START--
INFO: Run Behavior\ReadHtmlCacheBehavior [ RunTime:0.000755s ]
INFO: Run Behavior\CheckLangBehavior [ RunTime:0.000689s ]
INFO: [ app_begin ] --END-- [ RunTime:0.001507s ]
SQL: SHOW COLUMNS FROM `sr_ck_member` [ RunTime:0.0069s ]
SQL: SHOW COLUMNS FROM `sr_ck_member` [ RunTime:0.0025s ]
SQL: SELECT `login_time` FROM `sr_ck_member` WHERE ( id=201 ) LIMIT 1   [ RunTime:0.0003s ]

[ 2018-07-31T10:50:11+08:00 ] 192.168.1.106 /gaochao/Api/User/CkClock/ckHomeType
INFO: [ app_init ] --START--
INFO: Run Behavior\BuildLiteBehavior [ RunTime:0.000008s ]
INFO: [ app_init ] --END-- [ RunTime:0.000409s ]
INFO: [ app_begin ] --START--
INFO: Run Behavior\ReadHtmlCacheBehavior [ RunTime:0.000569s ]
INFO: Run Behavior\CheckLangBehavior [ RunTime:0.000715s ]
INFO: [ app_begin ] --END-- [ RunTime:0.001342s ]
SQL: SHOW COLUMNS FROM `sr_ck_member` [ RunTime:0.0067s ]
SQL: SHOW COLUMNS FROM `sr_ck_member` [ RunTime:0.0027s ]
SQL: SELECT `login_time` FROM `sr_ck_member` WHERE ( id=201 ) LIMIT 1   [ RunTime:0.0004s ]

[ 2018-07-31T10:50:12+08:00 ] 192.168.1.106 /gaochao/Api/User/CkClock/getHomeList
INFO: [ app_init ] --START--
INFO: Run Behavior\BuildLiteBehavior [ RunTime:0.000006s ]
INFO: [ app_init ] --END-- [ RunTime:0.000263s ]
INFO: [ app_begin ] --START--
INFO: Run Behavior\ReadHtmlCacheBehavior [ RunTime:0.000426s ]
INFO: Run Behavior\CheckLangBehavior [ RunTime:0.000570s ]
INFO: [ app_begin ] --END-- [ RunTime:0.001030s ]
SQL: SHOW COLUMNS FROM `sr_ck_member` [ RunTime:0.0022s ]
SQL: SHOW COLUMNS FROM `sr_ck_member` [ RunTime:0.0020s ]
SQL: SELECT `login_time` FROM `sr_ck_member` WHERE ( id=201 ) LIMIT 1   [ RunTime:0.0002s ]
SQL: SELECT `id`,`district_id`,`company_id` FROM `sr_ck_member` WHERE ( id=201 ) LIMIT 1   [ RunTime:0.0001s ]
SQL: SHOW COLUMNS FROM `sr_ck_home` [ RunTime:0.0018s ]
SQL: SELECT `id`,`type`,`district_id`,`title`,`desc`,`cover`,`add_time` FROM `sr_ck_home` WHERE `is_del` = 0 AND `is_hid` = 0 AND `type` = 1 AND `company_id` = 200 AND `district_id` = 0  [ RunTime:0.0002s ]

[ 2018-07-31T10:50:13+08:00 ] 192.168.1.106 /gaochao/Api/User/CkClock/clockType
INFO: [ app_init ] --START--
INFO: Run Behavior\BuildLiteBehavior [ RunTime:0.000009s ]
INFO: [ app_init ] --END-- [ RunTime:0.000379s ]
INFO: [ app_begin ] --START--
INFO: Run Behavior\ReadHtmlCacheBehavior [ RunTime:0.000551s ]
INFO: Run Behavior\CheckLangBehavior [ RunTime:0.001625s ]
INFO: [ app_begin ] --END-- [ RunTime:0.002235s ]
SQL: SHOW COLUMNS FROM `sr_ck_member` [ RunTime:0.0072s ]
SQL: SHOW COLUMNS FROM `sr_ck_member` [ RunTime:0.0030s ]
SQL: SELECT `login_time` FROM `sr_ck_member` WHERE ( id=201 ) LIMIT 1   [ RunTime:0.0003s ]
SQL: SELECT `id`,`username`,`mobile`,`district_id`,`company_id` FROM `sr_ck_member` WHERE `is_del` = 0 AND `is_hid` = 0 AND `id` = 201 LIMIT 1   [ RunTime:0.0002s ]
SQL: SHOW COLUMNS FROM `sr_ck_type` [ RunTime:0.0029s ]
SQL: SELECT * FROM `sr_ck_type` WHERE `is_hid` = 0 AND `is_del` = 0 AND `district_id` = 23 AND `company_id` = 200  [ RunTime:0.0003s ]

[ 2018-07-31T10:50:13+08:00 ] 192.168.1.106 /gaochao/Api/User/CkAccount/get_user_info
INFO: [ app_init ] --START--
INFO: Run Behavior\BuildLiteBehavior [ RunTime:0.000010s ]
INFO: [ app_init ] --END-- [ RunTime:0.000413s ]
INFO: [ app_begin ] --START--
INFO: Run Behavior\ReadHtmlCacheBehavior [ RunTime:0.000609s ]
INFO: Run Behavior\CheckLangBehavior [ RunTime:0.000790s ]
INFO: [ app_begin ] --END-- [ RunTime:0.001463s ]
SQL: SHOW COLUMNS FROM `sr_ck_member` [ RunTime:0.0062s ]
SQL: SHOW COLUMNS FROM `sr_ck_member` [ RunTime:0.0021s ]
SQL: SELECT `login_time` FROM `sr_ck_member` WHERE ( id=201 ) LIMIT 1   [ RunTime:0.0002s ]
SQL: SELECT `username`,`district_id`,`nickname`,`sex`,`age`,`signature` FROM `sr_ck_member` WHERE ( id=201 ) LIMIT 1   [ RunTime:0.0001s ]
NOTIC: [8] Undefined offset: 23 C:\xampp\htdocs\gaochao\Application\Api\Controller\User\CkAccountController.class.php 第 69 行.
SQL: SHOW COLUMNS FROM `sr_district` [ RunTime:0.0021s ]
SQL: SELECT `cloud_id` FROM `sr_district` WHERE ( id=23 ) LIMIT 1   [ RunTime:0.0002s ]

[ 2018-07-31T10:50:22+08:00 ] 192.168.1.106 /gaochao/Api/User/CkClock/workClock
INFO: [ app_init ] --START--
INFO: Run Behavior\BuildLiteBehavior [ RunTime:0.000010s ]
INFO: [ app_init ] --END-- [ RunTime:0.000487s ]
INFO: [ app_begin ] --START--
INFO: Run Behavior\ReadHtmlCacheBehavior [ RunTime:0.000789s ]
INFO: Run Behavior\CheckLangBehavior [ RunTime:0.000944s ]
INFO: [ app_begin ] --END-- [ RunTime:0.001808s ]
SQL: SHOW COLUMNS FROM `sr_ck_member` [ RunTime:0.0031s ]
SQL: SHOW COLUMNS FROM `sr_ck_member` [ RunTime:0.0019s ]
SQL: SELECT `login_time` FROM `sr_ck_member` WHERE ( id=201 ) LIMIT 1   [ RunTime:0.0002s ]
SQL: SELECT `id`,`username`,`mobile`,`district_id`,`company_id` FROM `sr_ck_member` WHERE `is_del` = 0 AND `is_hid` = 0 AND `id` = 201 LIMIT 1   [ RunTime:0.0002s ]
NOTIC: [2] call_user_func() expects parameter 1 to be a valid callback, no array or string given C:\xampp\htdocs\gaochao\Core\Library\Think\Upload.class.php 第 186 行.
SQL: SHOW COLUMNS FROM `sr_ck_work` [ RunTime:0.0020s ]
SQL: INSERT INTO `sr_ck_work` (`type`,`add_time`,`member_id`,`district_id`,`company_id`,`image`) VALUES ('200','2018-07-31 10:50:22','201','23','200','Uploads/Work/20180731/5b5fce6eaef63.png') [ RunTime:0.0010s ]

[ 2018-07-31T10:50:41+08:00 ] 192.168.1.108 /gaochao/Api/User/CkClock/banner
INFO: [ app_init ] --START--
INFO: Run Behavior\BuildLiteBehavior [ RunTime:0.000008s ]
INFO: [ app_init ] --END-- [ RunTime:0.000289s ]
INFO: [ app_begin ] --START--
INFO: Run Behavior\ReadHtmlCacheBehavior [ RunTime:0.000430s ]
INFO: Run Behavior\CheckLangBehavior [ RunTime:0.000584s ]
INFO: [ app_begin ] --END-- [ RunTime:0.001061s ]
SQL: SHOW COLUMNS FROM `sr_ck_member` [ RunTime:0.0023s ]

[ 2018-07-31T10:50:41+08:00 ] 192.168.1.108 /gaochao/Api/User/CkClock/getHomeList
INFO: [ app_init ] --START--
INFO: Run Behavior\BuildLiteBehavior [ RunTime:0.000008s ]
INFO: [ app_init ] --END-- [ RunTime:0.000261s ]
INFO: [ app_begin ] --START--
INFO: Run Behavior\ReadHtmlCacheBehavior [ RunTime:0.000410s ]
INFO: Run Behavior\CheckLangBehavior [ RunTime:0.001571s ]
INFO: [ app_begin ] --END-- [ RunTime:0.002035s ]
SQL: SHOW COLUMNS FROM `sr_ck_member` [ RunTime:0.0069s ]

[ 2018-07-31T10:50:41+08:00 ] 192.168.1.108 /gaochao/Api/User/CkClock/ckHomeType
INFO: [ app_init ] --START--
INFO: Run Behavior\BuildLiteBehavior [ RunTime:0.000007s ]
INFO: [ app_init ] --END-- [ RunTime:0.000512s ]
INFO: [ app_begin ] --START--
INFO: Run Behavior\ReadHtmlCacheBehavior [ RunTime:0.001935s ]
INFO: Run Behavior\CheckLangBehavior [ RunTime:0.002070s ]
INFO: [ app_begin ] --END-- [ RunTime:0.004470s ]
SQL: SHOW COLUMNS FROM `sr_ck_member` [ RunTime:0.0022s ]

[ 2018-07-31T10:50:46+08:00 ] 192.168.1.108 /gaochao/Api/User/CkClock/banner
INFO: [ app_init ] --START--
INFO: Run Behavior\BuildLiteBehavior [ RunTime:0.000009s ]
INFO: [ app_init ] --END-- [ RunTime:0.000289s ]
INFO: [ app_begin ] --START--
INFO: Run Behavior\ReadHtmlCacheBehavior [ RunTime:0.000477s ]
INFO: Run Behavior\CheckLangBehavior [ RunTime:0.000731s ]
INFO: [ app_begin ] --END-- [ RunTime:0.001271s ]
SQL: SHOW COLUMNS FROM `sr_ck_member` [ RunTime:0.0025s ]

[ 2018-07-31T10:50:46+08:00 ] 192.168.1.108 /gaochao/Api/User/CkClock/getHomeList
INFO: [ app_init ] --START--
INFO: Run Behavior\BuildLiteBehavior [ RunTime:0.000008s ]
INFO: [ app_init ] --END-- [ RunTime:0.000275s ]
INFO: [ app_begin ] --START--
INFO: Run Behavior\ReadHtmlCacheBehavior [ RunTime:0.000393s ]
INFO: Run Behavior\CheckLangBehavior [ RunTime:0.000510s ]
INFO: [ app_begin ] --END-- [ RunTime:0.000951s ]
SQL: SHOW COLUMNS FROM `sr_ck_member` [ RunTime:0.0069s ]

[ 2018-07-31T10:50:46+08:00 ] 192.168.1.108 /gaochao/Api/User/CkClock/ckHomeType
INFO: [ app_init ] --START--
INFO: Run Behavior\BuildLiteBehavior [ RunTime:0.000008s ]
INFO: [ app_init ] --END-- [ RunTime:0.000283s ]
INFO: [ app_begin ] --START--
INFO: Run Behavior\ReadHtmlCacheBehavior [ RunTime:0.000508s ]
INFO: Run Behavior\CheckLangBehavior [ RunTime:0.000594s ]
INFO: [ app_begin ] --END-- [ RunTime:0.001157s ]
SQL: SHOW COLUMNS FROM `sr_ck_member` [ RunTime:0.0597s ]

[ 2018-07-31T10:50:49+08:00 ] 192.168.1.108 /gaochao/Api/User/CkClock/banner
INFO: [ app_init ] --START--
INFO: Run Behavior\BuildLiteBehavior [ RunTime:0.000008s ]
INFO: [ app_init ] --END-- [ RunTime:0.000256s ]
INFO: [ app_begin ] --START--
INFO: Run Behavior\ReadHtmlCacheBehavior [ RunTime:0.000431s ]
INFO: Run Behavior\CheckLangBehavior [ RunTime:0.000623s ]
INFO: [ app_begin ] --END-- [ RunTime:0.001106s ]
SQL: SHOW COLUMNS FROM `sr_ck_member` [ RunTime:0.0027s ]

[ 2018-07-31T10:50:49+08:00 ] 192.168.1.108 /gaochao/Api/User/CkClock/ckHomeType
INFO: [ app_init ] --START--
INFO: Run Behavior\BuildLiteBehavior [ RunTime:0.000007s ]
INFO: [ app_init ] --END-- [ RunTime:0.000259s ]
INFO: [ app_begin ] --START--
INFO: Run Behavior\ReadHtmlCacheBehavior [ RunTime:0.000432s ]
INFO: Run Behavior\CheckLangBehavior [ RunTime:0.000618s ]
INFO: [ app_begin ] --END-- [ RunTime:0.001103s ]
SQL: SHOW COLUMNS FROM `sr_ck_member` [ RunTime:0.0025s ]

[ 2018-07-31T10:50:49+08:00 ] 192.168.1.108 /gaochao/Api/User/CkClock/getHomeList
INFO: [ app_init ] --START--
INFO: Run Behavior\BuildLiteBehavior [ RunTime:0.000008s ]
INFO: [ app_init ] --END-- [ RunTime:0.000288s ]
INFO: [ app_begin ] --START--
INFO: Run Behavior\ReadHtmlCacheBehavior [ RunTime:0.000403s ]
INFO: Run Behavior\CheckLangBehavior [ RunTime:0.000547s ]
INFO: [ app_begin ] --END-- [ RunTime:0.000999s ]
SQL: SHOW COLUMNS FROM `sr_ck_member` [ RunTime:0.0069s ]

[ 2018-07-31T10:51:00+08:00 ] 192.168.1.106 /gaochao/Api/User/CkClock/banner
INFO: [ app_init ] --START--
INFO: Run Behavior\BuildLiteBehavior [ RunTime:0.000009s ]
INFO: [ app_init ] --END-- [ RunTime:0.000368s ]
INFO: [ app_begin ] --START--
INFO: Run Behavior\ReadHtmlCacheBehavior [ RunTime:0.000544s ]
INFO: Run Behavior\CheckLangBehavior [ RunTime:0.000715s ]
INFO: [ app_begin ] --END-- [ RunTime:0.001315s ]
SQL: SHOW COLUMNS FROM `sr_ck_member` [ RunTime:0.0027s ]
SQL: SHOW COLUMNS FROM `sr_ck_member` [ RunTime:0.0028s ]
SQL: SELECT `login_time` FROM `sr_ck_member` WHERE ( id=201 ) LIMIT 1   [ RunTime:0.0002s ]

[ 2018-07-31T10:51:00+08:00 ] 192.168.1.106 /gaochao/Api/User/CkClock/ckHomeType
INFO: [ app_init ] --START--
INFO: Run Behavior\BuildLiteBehavior [ RunTime:0.000007s ]
INFO: [ app_init ] --END-- [ RunTime:0.000350s ]
INFO: [ app_begin ] --START--
INFO: Run Behavior\ReadHtmlCacheBehavior [ RunTime:0.000566s ]
INFO: Run Behavior\CheckLangBehavior [ RunTime:0.000709s ]
INFO: [ app_begin ] --END-- [ RunTime:0.001331s ]
SQL: SHOW COLUMNS FROM `sr_ck_member` [ RunTime:0.0103s ]
SQL: SHOW COLUMNS FROM `sr_ck_member` [ RunTime:0.0024s ]
SQL: SELECT `login_time` FROM `sr_ck_member` WHERE ( id=201 ) LIMIT 1   [ RunTime:0.0002s ]

[ 2018-07-31T10:51:00+08:00 ] 192.168.1.106 /gaochao/Api/User/CkClock/getHomeList
INFO: [ app_init ] --START--
INFO: Run Behavior\BuildLiteBehavior [ RunTime:0.000008s ]
INFO: [ app_init ] --END-- [ RunTime:0.000287s ]
INFO: [ app_begin ] --START--
INFO: Run Behavior\ReadHtmlCacheBehavior [ RunTime:0.000603s ]
INFO: Run Behavior\CheckLangBehavior [ RunTime:0.000678s ]
INFO: [ app_begin ] --END-- [ RunTime:0.001330s ]
SQL: SHOW COLUMNS FROM `sr_ck_member` [ RunTime:0.0020s ]
SQL: SHOW COLUMNS FROM `sr_ck_member` [ RunTime:0.0020s ]
SQL: SELECT `login_time` FROM `sr_ck_member` WHERE ( id=201 ) LIMIT 1   [ RunTime:0.0002s ]
SQL: SELECT `id`,`district_id`,`company_id` FROM `sr_ck_member` WHERE ( id=201 ) LIMIT 1   [ RunTime:0.0001s ]
SQL: SHOW COLUMNS FROM `sr_ck_home` [ RunTime:0.0019s ]
SQL: SELECT `id`,`type`,`district_id`,`title`,`desc`,`cover`,`add_time` FROM `sr_ck_home` WHERE `is_del` = 0 AND `is_hid` = 0 AND `type` = 1 AND `company_id` = 200 AND `district_id` = 0  [ RunTime:0.0002s ]

[ 2018-07-31T10:51:01+08:00 ] 192.168.1.106 /gaochao/Api/User/CkClock/clockType
INFO: [ app_init ] --START--
INFO: Run Behavior\BuildLiteBehavior [ RunTime:0.000008s ]
INFO: [ app_init ] --END-- [ RunTime:0.000360s ]
INFO: [ app_begin ] --START--
INFO: Run Behavior\ReadHtmlCacheBehavior [ RunTime:0.000535s ]
INFO: Run Behavior\CheckLangBehavior [ RunTime:0.000702s ]
INFO: [ app_begin ] --END-- [ RunTime:0.001292s ]
SQL: SHOW COLUMNS FROM `sr_ck_member` [ RunTime:0.0070s ]
SQL: SHOW COLUMNS FROM `sr_ck_member` [ RunTime:0.0022s ]
SQL: SELECT `login_time` FROM `sr_ck_member` WHERE ( id=201 ) LIMIT 1   [ RunTime:0.0002s ]
SQL: SELECT `id`,`username`,`mobile`,`district_id`,`company_id` FROM `sr_ck_member` WHERE `is_del` = 0 AND `is_hid` = 0 AND `id` = 201 LIMIT 1   [ RunTime:0.0003s ]
SQL: SHOW COLUMNS FROM `sr_ck_type` [ RunTime:0.0021s ]
SQL: SELECT * FROM `sr_ck_type` WHERE `is_hid` = 0 AND `is_del` = 0 AND `district_id` = 23 AND `company_id` = 200  [ RunTime:0.0002s ]

[ 2018-07-31T10:51:03+08:00 ] 192.168.1.106 /gaochao/Api/User/CkAccount/get_user_info
INFO: [ app_init ] --START--
INFO: Run Behavior\BuildLiteBehavior [ RunTime:0.000012s ]
INFO: [ app_init ] --END-- [ RunTime:0.000451s ]
INFO: [ app_begin ] --START--
INFO: Run Behavior\ReadHtmlCacheBehavior [ RunTime:0.000687s ]
INFO: Run Behavior\CheckLangBehavior [ RunTime:0.000881s ]
INFO: [ app_begin ] --END-- [ RunTime:0.001636s ]
SQL: SHOW COLUMNS FROM `sr_ck_member` [ RunTime:0.0061s ]
SQL: SHOW COLUMNS FROM `sr_ck_member` [ RunTime:0.0020s ]
SQL: SELECT `login_time` FROM `sr_ck_member` WHERE ( id=201 ) LIMIT 1   [ RunTime:0.0002s ]
SQL: SELECT `username`,`district_id`,`nickname`,`sex`,`age`,`signature` FROM `sr_ck_member` WHERE ( id=201 ) LIMIT 1   [ RunTime:0.0002s ]
NOTIC: [8] Undefined offset: 23 C:\xampp\htdocs\gaochao\Application\Api\Controller\User\CkAccountController.class.php 第 69 行.
SQL: SHOW COLUMNS FROM `sr_district` [ RunTime:0.0020s ]
SQL: SELECT `cloud_id` FROM `sr_district` WHERE ( id=23 ) LIMIT 1   [ RunTime:0.0002s ]

[ 2018-07-31T10:51:11+08:00 ] 192.168.1.106 /gaochao/Api/User/CkClock/workClock
INFO: [ app_init ] --START--
INFO: Run Behavior\BuildLiteBehavior [ RunTime:0.000011s ]
INFO: [ app_init ] --END-- [ RunTime:0.000497s ]
INFO: [ app_begin ] --START--
INFO: Run Behavior\ReadHtmlCacheBehavior [ RunTime:0.002004s ]
INFO: Run Behavior\CheckLangBehavior [ RunTime:0.001305s ]
INFO: [ app_begin ] --END-- [ RunTime:0.003401s ]
SQL: SHOW COLUMNS FROM `sr_ck_member` [ RunTime:0.0060s ]
SQL: SHOW COLUMNS FROM `sr_ck_member` [ RunTime:0.0019s ]
SQL: SELECT `login_time` FROM `sr_ck_member` WHERE ( id=201 ) LIMIT 1   [ RunTime:0.0002s ]
SQL: SELECT `id`,`username`,`mobile`,`district_id`,`company_id` FROM `sr_ck_member` WHERE `is_del` = 0 AND `is_hid` = 0 AND `id` = 201 LIMIT 1   [ RunTime:0.0001s ]
NOTIC: [2] call_user_func() expects parameter 1 to be a valid callback, no array or string given C:\xampp\htdocs\gaochao\Core\Library\Think\Upload.class.php 第 186 行.
SQL: SHOW COLUMNS FROM `sr_ck_work` [ RunTime:0.0019s ]
SQL: INSERT INTO `sr_ck_work` (`type`,`add_time`,`member_id`,`district_id`,`company_id`,`image`) VALUES ('200','2018-07-31 10:51:11','201','23','200','Uploads/Work/20180731/5b5fce9f9eadb.png') [ RunTime:0.0006s ]

[ 2018-07-31T10:52:16+08:00 ] 192.168.1.108 /gaochao/Api/User/CkClock/banner
INFO: [ app_init ] --START--
INFO: Run Behavior\BuildLiteBehavior [ RunTime:0.000008s ]
INFO: [ app_init ] --END-- [ RunTime:0.000321s ]
INFO: [ app_begin ] --START--
INFO: Run Behavior\ReadHtmlCacheBehavior [ RunTime:0.000516s ]
INFO: Run Behavior\CheckLangBehavior [ RunTime:0.000726s ]
INFO: [ app_begin ] --END-- [ RunTime:0.001289s ]
SQL: SHOW COLUMNS FROM `sr_ck_member` [ RunTime:0.0070s ]

[ 2018-07-31T10:52:16+08:00 ] 192.168.1.108 /gaochao/Api/User/CkClock/ckHomeType
INFO: [ app_init ] --START--
INFO: Run Behavior\BuildLiteBehavior [ RunTime:0.000007s ]
INFO: [ app_init ] --END-- [ RunTime:0.000271s ]
INFO: [ app_begin ] --START--
INFO: Run Behavior\ReadHtmlCacheBehavior [ RunTime:0.000431s ]
INFO: Run Behavior\CheckLangBehavior [ RunTime:0.000572s ]
INFO: [ app_begin ] --END-- [ RunTime:0.001054s ]
SQL: SHOW COLUMNS FROM `sr_ck_member` [ RunTime:0.0190s ]

[ 2018-07-31T10:52:16+08:00 ] 192.168.1.108 /gaochao/Api/User/CkClock/getHomeList
INFO: [ app_init ] --START--
INFO: Run Behavior\BuildLiteBehavior [ RunTime:0.000036s ]
INFO: [ app_init ] --END-- [ RunTime:0.000441s ]
INFO: [ app_begin ] --START--
INFO: Run Behavior\ReadHtmlCacheBehavior [ RunTime:0.000799s ]
INFO: Run Behavior\CheckLangBehavior [ RunTime:0.001080s ]
INFO: [ app_begin ] --END-- [ RunTime:0.001936s ]
SQL: SHOW COLUMNS FROM `sr_ck_member` [ RunTime:0.0411s ]

[ 2018-07-31T10:52:23+08:00 ] 192.168.1.106 /gaochao/Api/User/CkClock/banner
INFO: [ app_init ] --START--
INFO: Run Behavior\BuildLiteBehavior [ RunTime:0.000012s ]
INFO: [ app_init ] --END-- [ RunTime:0.000547s ]
INFO: [ app_begin ] --START--
INFO: Run Behavior\ReadHtmlCacheBehavior [ RunTime:0.000886s ]
INFO: Run Behavior\CheckLangBehavior [ RunTime:0.001202s ]
INFO: [ app_begin ] --END-- [ RunTime:0.002161s ]
SQL: SHOW COLUMNS FROM `sr_ck_member` [ RunTime:0.0079s ]
SQL: SHOW COLUMNS FROM `sr_ck_member` [ RunTime:0.0025s ]
SQL: SELECT `login_time` FROM `sr_ck_member` WHERE ( id=201 ) LIMIT 1   [ RunTime:0.0002s ]

[ 2018-07-31T10:52:23+08:00 ] 192.168.1.106 /gaochao/Api/User/CkClock/ckHomeType
INFO: [ app_init ] --START--
INFO: Run Behavior\BuildLiteBehavior [ RunTime:0.000010s ]
INFO: [ app_init ] --END-- [ RunTime:0.000467s ]
INFO: [ app_begin ] --START--
INFO: Run Behavior\ReadHtmlCacheBehavior [ RunTime:0.000680s ]
INFO: Run Behavior\CheckLangBehavior [ RunTime:0.000866s ]
INFO: [ app_begin ] --END-- [ RunTime:0.001629s ]
SQL: SHOW COLUMNS FROM `sr_ck_member` [ RunTime:0.0062s ]
SQL: SHOW COLUMNS FROM `sr_ck_member` [ RunTime:0.0025s ]
SQL: SELECT `login_time` FROM `sr_ck_member` WHERE ( id=201 ) LIMIT 1   [ RunTime:0.0018s ]

[ 2018-07-31T10:52:23+08:00 ] 192.168.1.106 /gaochao/Api/User/CkClock/getHomeList
INFO: [ app_init ] --START--
INFO: Run Behavior\BuildLiteBehavior [ RunTime:0.000009s ]
INFO: [ app_init ] --END-- [ RunTime:0.000333s ]
INFO: [ app_begin ] --START--
INFO: Run Behavior\ReadHtmlCacheBehavior [ RunTime:0.000538s ]
INFO: Run Behavior\CheckLangBehavior [ RunTime:0.010401s ]
INFO: [ app_begin ] --END-- [ RunTime:0.010993s ]
SQL: SHOW COLUMNS FROM `sr_ck_member` [ RunTime:0.0022s ]
SQL: SHOW COLUMNS FROM `sr_ck_member` [ RunTime:0.0021s ]
SQL: SELECT `login_time` FROM `sr_ck_member` WHERE ( id=201 ) LIMIT 1   [ RunTime:0.0002s ]
SQL: SELECT `id`,`district_id`,`company_id` FROM `sr_ck_member` WHERE ( id=201 ) LIMIT 1   [ RunTime:0.0001s ]
SQL: SHOW COLUMNS FROM `sr_ck_home` [ RunTime:0.0019s ]
SQL: SELECT `id`,`type`,`district_id`,`title`,`desc`,`cover`,`add_time` FROM `sr_ck_home` WHERE `is_del` = 0 AND `is_hid` = 0 AND `type` = 1 AND `company_id` = 200 AND `district_id` = 0  [ RunTime:0.0008s ]

[ 2018-07-31T10:52:25+08:00 ] 192.168.1.106 /gaochao/Api/User/CkClock/clockType
INFO: [ app_init ] --START--
INFO: Run Behavior\BuildLiteBehavior [ RunTime:0.000008s ]
INFO: [ app_init ] --END-- [ RunTime:0.000355s ]
INFO: [ app_begin ] --START--
INFO: Run Behavior\ReadHtmlCacheBehavior [ RunTime:0.000534s ]
INFO: Run Behavior\CheckLangBehavior [ RunTime:0.000683s ]
INFO: [ app_begin ] --END-- [ RunTime:0.001274s ]
SQL: SHOW COLUMNS FROM `sr_ck_member` [ RunTime:0.0062s ]
SQL: SHOW COLUMNS FROM `sr_ck_member` [ RunTime:0.0020s ]
SQL: SELECT `login_time` FROM `sr_ck_member` WHERE ( id=201 ) LIMIT 1   [ RunTime:0.0002s ]
SQL: SELECT `id`,`username`,`mobile`,`district_id`,`company_id` FROM `sr_ck_member` WHERE `is_del` = 0 AND `is_hid` = 0 AND `id` = 201 LIMIT 1   [ RunTime:0.0002s ]
SQL: SHOW COLUMNS FROM `sr_ck_type` [ RunTime:0.0021s ]
SQL: SELECT * FROM `sr_ck_type` WHERE `is_hid` = 0 AND `is_del` = 0 AND `district_id` = 23 AND `company_id` = 200  [ RunTime:0.0002s ]

[ 2018-07-31T10:52:26+08:00 ] 192.168.1.106 /gaochao/Api/User/CkAccount/get_user_info
INFO: [ app_init ] --START--
INFO: Run Behavior\BuildLiteBehavior [ RunTime:0.000009s ]
INFO: [ app_init ] --END-- [ RunTime:0.000368s ]
INFO: [ app_begin ] --START--
INFO: Run Behavior\ReadHtmlCacheBehavior [ RunTime:0.000575s ]
INFO: Run Behavior\CheckLangBehavior [ RunTime:0.000727s ]
INFO: [ app_begin ] --END-- [ RunTime:0.001363s ]
SQL: SHOW COLUMNS FROM `sr_ck_member` [ RunTime:0.0071s ]
SQL: SHOW COLUMNS FROM `sr_ck_member` [ RunTime:0.0021s ]
SQL: SELECT `login_time` FROM `sr_ck_member` WHERE ( id=201 ) LIMIT 1   [ RunTime:0.0002s ]
SQL: SELECT `username`,`district_id`,`nickname`,`sex`,`age`,`signature` FROM `sr_ck_member` WHERE ( id=201 ) LIMIT 1   [ RunTime:0.0001s ]
NOTIC: [8] Undefined offset: 23 C:\xampp\htdocs\gaochao\Application\Api\Controller\User\CkAccountController.class.php 第 69 行.
SQL: SHOW COLUMNS FROM `sr_district` [ RunTime:0.0020s ]
SQL: SELECT `cloud_id` FROM `sr_district` WHERE ( id=23 ) LIMIT 1   [ RunTime:0.0002s ]

[ 2018-07-31T10:52:37+08:00 ] 192.168.1.106 /gaochao/Api/User/CkClock/workClock
INFO: [ app_init ] --START--
INFO: Run Behavior\BuildLiteBehavior [ RunTime:0.000011s ]
INFO: [ app_init ] --END-- [ RunTime:0.000495s ]
INFO: [ app_begin ] --START--
INFO: Run Behavior\ReadHtmlCacheBehavior [ RunTime:0.000800s ]
INFO: Run Behavior\CheckLangBehavior [ RunTime:0.000963s ]
INFO: [ app_begin ] --END-- [ RunTime:0.001877s ]
SQL: SHOW COLUMNS FROM `sr_ck_member` [ RunTime:0.0062s ]
SQL: SHOW COLUMNS FROM `sr_ck_member` [ RunTime:0.0022s ]
SQL: SELECT `login_time` FROM `sr_ck_member` WHERE ( id=201 ) LIMIT 1   [ RunTime:0.0002s ]
SQL: SELECT `id`,`username`,`mobile`,`district_id`,`company_id` FROM `sr_ck_member` WHERE `is_del` = 0 AND `is_hid` = 0 AND `id` = 201 LIMIT 1   [ RunTime:0.0001s ]
NOTIC: [2] call_user_func() expects parameter 1 to be a valid callback, no array or string given C:\xampp\htdocs\gaochao\Core\Library\Think\Upload.class.php 第 186 行.
SQL: SHOW COLUMNS FROM `sr_ck_work` [ RunTime:0.0019s ]
SQL: INSERT INTO `sr_ck_work` (`type`,`add_time`,`member_id`,`district_id`,`company_id`,`image`) VALUES ('200','2018-07-31 10:52:37','201','23','200','Uploads/Work/20180731/5b5fcef5999fa.png') [ RunTime:0.0006s ]

[ 2018-07-31T10:53:41+08:00 ] 192.168.1.103 /gaochao/Api/User/CkClock/banner
INFO: [ app_init ] --START--
INFO: Run Behavior\BuildLiteBehavior [ RunTime:0.000007s ]
INFO: [ app_init ] --END-- [ RunTime:0.000271s ]
INFO: [ app_begin ] --START--
INFO: Run Behavior\ReadHtmlCacheBehavior [ RunTime:0.000781s ]
INFO: Run Behavior\CheckLangBehavior [ RunTime:0.000800s ]
INFO: [ app_begin ] --END-- [ RunTime:0.001638s ]
SQL: SHOW COLUMNS FROM `sr_ck_member` [ RunTime:0.0066s ]

[ 2018-07-31T10:53:41+08:00 ] 192.168.1.103 /gaochao/Api/User/CkClock/ckHomeType
INFO: [ app_init ] --START--
INFO: Run Behavior\BuildLiteBehavior [ RunTime:0.000007s ]
INFO: [ app_init ] --END-- [ RunTime:0.000261s ]
INFO: [ app_begin ] --START--
INFO: Run Behavior\ReadHtmlCacheBehavior [ RunTime:0.000485s ]
INFO: Run Behavior\CheckLangBehavior [ RunTime:0.000615s ]
INFO: [ app_begin ] --END-- [ RunTime:0.001138s ]
SQL: SHOW COLUMNS FROM `sr_ck_member` [ RunTime:0.0022s ]

[ 2018-07-31T10:53:41+08:00 ] 192.168.1.103 /gaochao/Api/User/CkClock/getHomeList
INFO: [ app_init ] --START--
INFO: Run Behavior\BuildLiteBehavior [ RunTime:0.000008s ]
INFO: [ app_init ] --END-- [ RunTime:0.000271s ]
INFO: [ app_begin ] --START--
INFO: Run Behavior\ReadHtmlCacheBehavior [ RunTime:0.000500s ]
INFO: Run Behavior\CheckLangBehavior [ RunTime:0.000600s ]
INFO: [ app_begin ] --END-- [ RunTime:0.001155s ]
SQL: SHOW COLUMNS FROM `sr_ck_member` [ RunTime:0.0021s ]

