[ 2018-07-04T11:22:51+08:00 ] 192.168.1.104 /gaochao/Api/Common/Index/index
INFO: [ app_init ] --START--
INFO: Run Behavior\BuildLiteBehavior [ RunTime:0.000009s ]
INFO: [ app_init ] --END-- [ RunTime:0.000416s ]
INFO: [ app_begin ] --START--
INFO: Run Behavior\ReadHtmlCacheBehavior [ RunTime:0.000703s ]
INFO: Run Behavior\CheckLangBehavior [ RunTime:0.000880s ]
INFO: [ app_begin ] --END-- [ RunTime:0.001641s ]
SQL: SHOW COLUMNS FROM `sr_product` [ RunTime:0.0052s ]
SQL: SELECT id as product_id,`title`,`image`,`price`,`description` FROM `sr_product` WHERE `recommend` = 1 AND `is_sale` = 1 AND `is_del` = 0 AND `is_hid` = 0 ORDER BY sort desc,sales desc,collect desc LIMIT 8   [ RunTime:0.0051s ]
SQL: SHOW COLUMNS FROM `sr_notice` [ RunTime:0.0058s ]
SQL: SELECT id as notice_id,`title` FROM `sr_notice` WHERE `is_del` = 0 AND `is_hid` = 0 AND `district_id` = 0 ORDER BY add_time desc LIMIT 8   [ RunTime:0.0002s ]
SQL: SHOW COLUMNS FROM `sr_forum_thread` [ RunTime:0.0039s ]
SQL: SELECT `id`,`forum_id`,`member_id`,`member_nickname`,`title`,`views`,`replies`,`likes`,`lastpost_time`,`add_time` FROM `sr_forum_thread` WHERE `recommend` = 1 AND `is_del` = 0 AND `is_hid` = 0 ORDER BY recommend_time desc,add_time desc,id desc LIMIT 6   [ RunTime:0.0123s ]
SQL: SHOW COLUMNS FROM `sr_forum_thread_image` [ RunTime:0.0061s ]
SQL: SELECT `id`,`thread_id`,`image`,`width`,`height` FROM `sr_forum_thread_image` WHERE `thread_id` IN ('903','900','899','595','651','699') ORDER BY id asc  [ RunTime:0.0023s ]
NOTIC: [8] Undefined offset: 43 C:\xampp\htdocs\gaochao\Application\Api\Org\Forum\Forum.class.php 第 767 行.
NOTIC: [8] Undefined offset: 43 C:\xampp\htdocs\gaochao\Application\Api\Org\Forum\Forum.class.php 第 767 行.
NOTIC: [8] Undefined offset: 43 C:\xampp\htdocs\gaochao\Application\Api\Org\Forum\Forum.class.php 第 767 行.
NOTIC: [8] Undefined offset: 39 C:\xampp\htdocs\gaochao\Application\Api\Org\Forum\Forum.class.php 第 767 行.
NOTIC: [8] Undefined offset: 36 C:\xampp\htdocs\gaochao\Application\Api\Org\Forum\Forum.class.php 第 767 行.
NOTIC: [8] Undefined offset: 34 C:\xampp\htdocs\gaochao\Application\Api\Org\Forum\Forum.class.php 第 767 行.

[ 2018-07-04T11:22:51+08:00 ] 192.168.1.104 /gaochao/Api/Common/Index/recommend_thread?p=1
INFO: [ app_init ] --START--
INFO: Run Behavior\BuildLiteBehavior [ RunTime:0.000009s ]
INFO: [ app_init ] --END-- [ RunTime:0.000411s ]
INFO: [ app_begin ] --START--
INFO: Run Behavior\ReadHtmlCacheBehavior [ RunTime:0.000730s ]
INFO: Run Behavior\CheckLangBehavior [ RunTime:0.000930s ]
INFO: [ app_begin ] --END-- [ RunTime:0.001726s ]
SQL: SHOW COLUMNS FROM `sr_forum_thread` [ RunTime:0.0047s ]
SQL: SELECT `id`,`forum_id`,`member_id`,`member_nickname`,`title`,`views`,`replies`,`likes`,`lastpost_time`,`add_time` FROM `sr_forum_thread` WHERE `recommend` = 1 AND `is_del` = 0 AND `is_hid` = 0 ORDER BY recommend_time desc,add_time desc,id desc LIMIT 0,6   [ RunTime:0.0197s ]
SQL: SELECT COUNT(*) AS tp_count FROM `sr_forum_thread` WHERE `recommend` = 1 AND `is_del` = 0 AND `is_hid` = 0 LIMIT 1   [ RunTime:0.0005s ]
SQL: SHOW COLUMNS FROM `sr_forum_thread_image` [ RunTime:0.0051s ]
SQL: SELECT `id`,`thread_id`,`image`,`width`,`height` FROM `sr_forum_thread_image` WHERE `thread_id` IN ('903','900','899','595','651','699') ORDER BY id asc  [ RunTime:0.0024s ]
NOTIC: [8] Undefined offset: 43 C:\xampp\htdocs\gaochao\Application\Api\Org\Forum\Forum.class.php 第 767 行.
NOTIC: [8] Undefined offset: 43 C:\xampp\htdocs\gaochao\Application\Api\Org\Forum\Forum.class.php 第 767 行.
NOTIC: [8] Undefined offset: 43 C:\xampp\htdocs\gaochao\Application\Api\Org\Forum\Forum.class.php 第 767 行.
NOTIC: [8] Undefined offset: 39 C:\xampp\htdocs\gaochao\Application\Api\Org\Forum\Forum.class.php 第 767 行.
NOTIC: [8] Undefined offset: 36 C:\xampp\htdocs\gaochao\Application\Api\Org\Forum\Forum.class.php 第 767 行.
NOTIC: [8] Undefined offset: 34 C:\xampp\htdocs\gaochao\Application\Api\Org\Forum\Forum.class.php 第 767 行.

[ 2018-07-04T11:22:52+08:00 ] 192.168.1.104 /gaochao/Api/User/Index/index?token=fnVyqrJ3dLCudXOuhHp5rYOGcayDpnpngYejmLGFotx6dXaqtJ14bLCbg2iIenmtgYWXp4OmmKeCd6_MsoWimH6FlGmzd4l6roWZroR3bXM
INFO: [ app_init ] --START--
INFO: Run Behavior\BuildLiteBehavior [ RunTime:0.000008s ]
INFO: [ app_init ] --END-- [ RunTime:0.000356s ]
INFO: [ app_begin ] --START--
INFO: Run Behavior\ReadHtmlCacheBehavior [ RunTime:0.000542s ]
INFO: Run Behavior\CheckLangBehavior [ RunTime:0.000674s ]
INFO: [ app_begin ] --END-- [ RunTime:0.001271s ]
SQL: SHOW COLUMNS FROM `sr_member` [ RunTime:0.0042s ]
SQL: SHOW COLUMNS FROM `sr_member` [ RunTime:0.0025s ]
SQL: SELECT `login_time` FROM `sr_member` WHERE ( id=209 ) LIMIT 1   [ RunTime:0.0009s ]
SQL: SELECT `nickname` FROM `sr_member` WHERE ( id=209 ) LIMIT 1   [ RunTime:0.0002s ]
SQL: SHOW COLUMNS FROM `sr_member_count` [ RunTime:0.0045s ]
SQL: SELECT `message_forum`,`message_order`,`message_property`,`message_arrears` FROM `sr_member_count` WHERE ( member_id=209 ) LIMIT 1   [ RunTime:0.0006s ]

[ 2018-07-04T11:22:52+08:00 ] 192.168.1.104 /gaochao/Api/User/Index/get_version_info?token=fnVyqrJ3dLCudXOuhHp5rYOGcayDpnpngYejmLGFotx6dXaqtJ14bLCbg2iIenmtgYWXp4OmmKeCd6_MsoWimH6FlGmzd4l6roWZroR3bXM
INFO: [ app_init ] --START--
INFO: Run Behavior\BuildLiteBehavior [ RunTime:0.000008s ]
INFO: [ app_init ] --END-- [ RunTime:0.000347s ]
INFO: [ app_begin ] --START--
INFO: Run Behavior\ReadHtmlCacheBehavior [ RunTime:0.000538s ]
INFO: Run Behavior\CheckLangBehavior [ RunTime:0.000656s ]
INFO: [ app_begin ] --END-- [ RunTime:0.001248s ]
SQL: SHOW COLUMNS FROM `sr_member` [ RunTime:0.0039s ]
SQL: SHOW COLUMNS FROM `sr_member` [ RunTime:0.0052s ]
SQL: SELECT `login_time` FROM `sr_member` WHERE ( id=209 ) LIMIT 1   [ RunTime:0.0006s ]
SQL: SHOW COLUMNS FROM `sr_config` [ RunTime:0.0035s ]
SQL: SELECT `value` FROM `sr_config` WHERE `name` = 'APP_VERSION' LIMIT 1   [ RunTime:0.0009s ]

[ 2018-07-04T11:22:56+08:00 ] 192.168.1.104 /gaochao/Api/User/Account/get_user_info?token=fnVyqrJ3dLCudXOuhHp5rYOGcayDpnpngYejmLGFotx6dXaqtJ14bLCbg2iIenmtgYWXp4OmmKeCd6_MsoWimH6FlGmzd4l6roWZroR3bXM
INFO: [ app_init ] --START--
INFO: Run Behavior\BuildLiteBehavior [ RunTime:0.000009s ]
INFO: [ app_init ] --END-- [ RunTime:0.000378s ]
INFO: [ app_begin ] --START--
INFO: Run Behavior\ReadHtmlCacheBehavior [ RunTime:0.000586s ]
INFO: Run Behavior\CheckLangBehavior [ RunTime:0.001668s ]
INFO: [ app_begin ] --END-- [ RunTime:0.002315s ]
SQL: SHOW COLUMNS FROM `sr_member` [ RunTime:0.0036s ]
SQL: SHOW COLUMNS FROM `sr_member` [ RunTime:0.0035s ]
SQL: SELECT `login_time` FROM `sr_member` WHERE ( id=209 ) LIMIT 1   [ RunTime:0.0002s ]
SQL: SELECT `username`,`district_id`,`nickname`,`building_no`,`room_no`,`idcard`,`sex`,`age`,`signature`,`register_code` FROM `sr_member` WHERE ( id=209 ) LIMIT 1   [ RunTime:0.0002s ]
SQL: SHOW COLUMNS FROM `sr_district` [ RunTime:0.0033s ]
SQL: SELECT `cloud_id` FROM `sr_district` WHERE ( id=22 ) LIMIT 1   [ RunTime:0.0002s ]

[ 2018-07-04T11:23:01+08:00 ] 192.168.1.104 /gaochao/Api/User/Account/upload_headimg
INFO: [ app_init ] --START--
INFO: Run Behavior\BuildLiteBehavior [ RunTime:0.000008s ]
INFO: [ app_init ] --END-- [ RunTime:0.000348s ]
INFO: [ app_begin ] --START--
INFO: Run Behavior\ReadHtmlCacheBehavior [ RunTime:0.000527s ]
INFO: Run Behavior\CheckLangBehavior [ RunTime:0.000656s ]
INFO: [ app_begin ] --END-- [ RunTime:0.001239s ]
SQL: SHOW COLUMNS FROM `sr_member` [ RunTime:0.0059s ]
SQL: SHOW COLUMNS FROM `sr_member` [ RunTime:0.0055s ]
SQL: SELECT `login_time` FROM `sr_member` WHERE ( id=209 ) LIMIT 1   [ RunTime:0.0003s ]
NOTIC: [2] call_user_func() expects parameter 1 to be a valid callback, no array or string given C:\xampp\htdocs\gaochao\Core\Library\Think\Upload.class.php 第 186 行.

[ 2018-07-04T11:23:09+08:00 ] 192.168.1.104 /gaochao/Api/User/Index/index?token=fnVyqrJ3dLCudXOuhHp5rYOGcayDpnpngYejmLGFotx6dXaqtJ14bLCbg2iIenmtgYWXp4OmmKeCd6_MsoWimH6FlGmzd4l6roWZroR3bXM
INFO: [ app_init ] --START--
INFO: Run Behavior\BuildLiteBehavior [ RunTime:0.000006s ]
INFO: [ app_init ] --END-- [ RunTime:0.000252s ]
INFO: [ app_begin ] --START--
INFO: Run Behavior\ReadHtmlCacheBehavior [ RunTime:0.000428s ]
INFO: Run Behavior\CheckLangBehavior [ RunTime:0.000551s ]
INFO: [ app_begin ] --END-- [ RunTime:0.001017s ]
SQL: SHOW COLUMNS FROM `sr_member` [ RunTime:0.0075s ]
SQL: SHOW COLUMNS FROM `sr_member` [ RunTime:0.0034s ]
SQL: SELECT `login_time` FROM `sr_member` WHERE ( id=209 ) LIMIT 1   [ RunTime:0.0002s ]
SQL: SELECT `nickname` FROM `sr_member` WHERE ( id=209 ) LIMIT 1   [ RunTime:0.0001s ]
SQL: SHOW COLUMNS FROM `sr_member_count` [ RunTime:0.0032s ]
SQL: SELECT `message_forum`,`message_order`,`message_property`,`message_arrears` FROM `sr_member_count` WHERE ( member_id=209 ) LIMIT 1   [ RunTime:0.0002s ]

[ 2018-07-04T11:23:18+08:00 ] 192.168.1.104 /gaochao/Api/User/Coordinate/index?token=fnVyqrJ3dLCudXOuhHp5rYOGcayDpnpngYejmLGFotx6dXaqtJ14bLCbg2iIenmtgYWXp4OmmKeCd6_MsoWimH6FlGmzd4l6roWZroR3bXM&p=1&keywords=
INFO: [ app_init ] --START--
INFO: Run Behavior\BuildLiteBehavior [ RunTime:0.000019s ]
INFO: [ app_init ] --END-- [ RunTime:0.000864s ]
INFO: [ app_begin ] --START--
INFO: Run Behavior\ReadHtmlCacheBehavior [ RunTime:0.004308s ]
INFO: Run Behavior\CheckLangBehavior [ RunTime:0.002732s ]
INFO: [ app_begin ] --END-- [ RunTime:0.007194s ]
SQL: SHOW COLUMNS FROM `sr_member` [ RunTime:0.0068s ]
SQL: SHOW COLUMNS FROM `sr_member` [ RunTime:0.0061s ]
SQL: SELECT `login_time` FROM `sr_member` WHERE ( id=209 ) LIMIT 1   [ RunTime:0.0003s ]
SQL: SHOW COLUMNS FROM `sr_member_coordinate` [ RunTime:0.0062s ]
NOTIC: [8] Undefined index: r C:\xampp\htdocs\gaochao\Application\Common\Controller\ApiController.class.php 第 36 行.
SQL: SELECT `id`,`member_id`,`province`,`city`,`area`,`address`,`longitude`,`latitude` FROM `sr_member_coordinate` WHERE `is_del` = 0 AND `is_hid` = 0 AND `member_id` <> 209 ORDER BY update_time desc LIMIT 0,20   [ RunTime:0.0003s ]
SQL: SELECT COUNT(*) AS tp_count FROM `sr_member_coordinate` WHERE `is_del` = 0 AND `is_hid` = 0 AND `member_id` <> 209 LIMIT 1   [ RunTime:0.0002s ]
SQL: SELECT `id`,`member_id`,`province`,`city`,`area`,`address`,`longitude`,`latitude` FROM `sr_member_coordinate` WHERE ( member_id=209 ) LIMIT 1   [ RunTime:0.0002s ]
SQL: SELECT `id`,`nickname`,`mobile`,`username`,`login_ip`,`sex`,`email` FROM `sr_member` WHERE ( id=64 ) LIMIT 1   [ RunTime:0.0006s ]
SQL: SELECT `id`,`nickname`,`mobile`,`username`,`login_ip`,`sex`,`email` FROM `sr_member` WHERE ( id=73 ) LIMIT 1   [ RunTime:0.0002s ]
SQL: SELECT `id`,`nickname`,`mobile`,`username`,`login_ip`,`sex`,`email` FROM `sr_member` WHERE ( id=271 ) LIMIT 1   [ RunTime:0.0005s ]
SQL: SELECT `id`,`nickname`,`mobile`,`username`,`login_ip`,`sex`,`email` FROM `sr_member` WHERE ( id=72 ) LIMIT 1   [ RunTime:0.0002s ]

[ 2018-07-04T11:23:21+08:00 ] 192.168.1.104 /gaochao/Api/User/Chat/getRoom?token=fnVyqrJ3dLCudXOuhHp5rYOGcayDpnpngYejmLGFotx6dXaqtJ14bLCbg2iIenmtgYWXp4OmmKeCd6_MsoWimH6FlGmzd4l6roWZroR3bXM&oid=64
INFO: [ app_init ] --START--
INFO: Run Behavior\BuildLiteBehavior [ RunTime:0.000010s ]
INFO: [ app_init ] --END-- [ RunTime:0.000452s ]
INFO: [ app_begin ] --START--
INFO: Run Behavior\ReadHtmlCacheBehavior [ RunTime:0.000698s ]
INFO: Run Behavior\CheckLangBehavior [ RunTime:0.000851s ]
INFO: [ app_begin ] --END-- [ RunTime:0.001621s ]
SQL: SHOW COLUMNS FROM `sr_member` [ RunTime:0.0036s ]
SQL: SHOW COLUMNS FROM `sr_member` [ RunTime:0.0035s ]
SQL: SELECT `login_time` FROM `sr_member` WHERE ( id=209 ) LIMIT 1   [ RunTime:0.0002s ]
SQL: SHOW COLUMNS FROM `sr_member_room` [ RunTime:0.0047s ]
SQL: SELECT * FROM `sr_member_room` WHERE `is_del` = 0 AND `mid` = 209 AND `oid` = 64 LIMIT 1   [ RunTime:0.0002s ]

[ 2018-07-04T11:23:21+08:00 ] 192.168.1.104 /gaochao/Api/User/Chat/get_room_user_info
INFO: [ app_init ] --START--
INFO: Run Behavior\BuildLiteBehavior [ RunTime:0.000007s ]
INFO: [ app_init ] --END-- [ RunTime:0.000299s ]
INFO: [ app_begin ] --START--
INFO: Run Behavior\ReadHtmlCacheBehavior [ RunTime:0.000454s ]
INFO: Run Behavior\CheckLangBehavior [ RunTime:0.000563s ]
INFO: [ app_begin ] --END-- [ RunTime:0.001064s ]
SQL: SHOW COLUMNS FROM `sr_member` [ RunTime:0.0050s ]
SQL: SHOW COLUMNS FROM `sr_member` [ RunTime:0.0048s ]
SQL: SELECT `login_time` FROM `sr_member` WHERE ( id=209 ) LIMIT 1   [ RunTime:0.0002s ]
SQL: SHOW COLUMNS FROM `sr_member_room` [ RunTime:0.0041s ]
SQL: SELECT * FROM `sr_member_room` WHERE `is_del` = 0 AND `id` = 101 LIMIT 1   [ RunTime:0.0002s ]
SQL: SELECT `id`,`nickname`,`mobile` FROM `sr_member` WHERE `id` = 209 LIMIT 1   [ RunTime:0.0001s ]
SQL: SELECT `id`,`nickname`,`mobile` FROM `sr_member` WHERE `id` = 64 LIMIT 1   [ RunTime:0.0001s ]

[ 2018-07-04T11:23:21+08:00 ] 192.168.1.104 /gaochao/Api/User/Chat/getAllChatMessage?token=fnVyqrJ3dLCudXOuhHp5rYOGcayDpnpngYejmLGFotx6dXaqtJ14bLCbg2iIenmtgYWXp4OmmKeCd6_MsoWimH6FlGmzd4l6roWZroR3bXM&rid=101
INFO: [ app_init ] --START--
INFO: Run Behavior\BuildLiteBehavior [ RunTime:0.000005s ]
INFO: [ app_init ] --END-- [ RunTime:0.000210s ]
INFO: [ app_begin ] --START--
INFO: Run Behavior\ReadHtmlCacheBehavior [ RunTime:0.000322s ]
INFO: Run Behavior\CheckLangBehavior [ RunTime:0.000391s ]
INFO: [ app_begin ] --END-- [ RunTime:0.000745s ]
SQL: SHOW COLUMNS FROM `sr_member` [ RunTime:0.0035s ]
SQL: SHOW COLUMNS FROM `sr_member` [ RunTime:0.0034s ]
SQL: SELECT `login_time` FROM `sr_member` WHERE ( id=209 ) LIMIT 1   [ RunTime:0.0002s ]
SQL: SHOW COLUMNS FROM `sr_member_message` [ RunTime:0.0046s ]
SQL: SELECT * FROM `sr_member_message` WHERE `is_del` = 0 AND `is_back` = 0 AND `rid` = 101 ORDER BY time asc  [ RunTime:0.0003s ]

[ 2018-07-04T11:23:40+08:00 ] 192.168.1.104 /gaochao/Api/User/Coordinate/add
INFO: [ app_init ] --START--
INFO: Run Behavior\BuildLiteBehavior [ RunTime:0.000009s ]
INFO: [ app_init ] --END-- [ RunTime:0.000381s ]
INFO: [ app_begin ] --START--
INFO: Run Behavior\ReadHtmlCacheBehavior [ RunTime:0.000585s ]
INFO: Run Behavior\CheckLangBehavior [ RunTime:0.001709s ]
INFO: [ app_begin ] --END-- [ RunTime:0.002359s ]
SQL: SHOW COLUMNS FROM `sr_member` [ RunTime:0.0104s ]
SQL: SHOW COLUMNS FROM `sr_member` [ RunTime:0.0064s ]
SQL: SELECT `login_time` FROM `sr_member` WHERE ( id=209 ) LIMIT 1   [ RunTime:0.0003s ]
SQL: SHOW COLUMNS FROM `sr_member_coordinate` [ RunTime:0.0058s ]
SQL: SELECT * FROM `sr_member_coordinate` WHERE `member_id` = 209 AND `is_del` = 0 AND `is_hid` = 0 LIMIT 1   [ RunTime:0.0004s ]
SQL: SHOW COLUMNS FROM `sr_member_coordinate` [ RunTime:0.0058s ]
SQL: UPDATE `sr_member_coordinate` SET `member_id`='209',`province`='江西省',`city`='吉安市',`area`='吉州区',`address`='江西省吉安市吉州区224省道337号靠近华美立家家居建材广场',`longitude`='114.902194',`latitude`='27.116629',`update_time`='2018-07-04 11:23:40' WHERE `id` = 200 [ RunTime:0.0051s ]

[ 2018-07-04T11:24:30+08:00 ] 192.168.1.104 /gaochao/Api/User/Coordinate/add
INFO: [ app_init ] --START--
INFO: Run Behavior\BuildLiteBehavior [ RunTime:0.000009s ]
INFO: [ app_init ] --END-- [ RunTime:0.000827s ]
INFO: [ app_begin ] --START--
INFO: Run Behavior\ReadHtmlCacheBehavior [ RunTime:0.000673s ]
INFO: Run Behavior\CheckLangBehavior [ RunTime:0.000855s ]
INFO: [ app_begin ] --END-- [ RunTime:0.001585s ]
SQL: SHOW COLUMNS FROM `sr_member` [ RunTime:0.0095s ]
SQL: SHOW COLUMNS FROM `sr_member` [ RunTime:0.0049s ]
SQL: SELECT `login_time` FROM `sr_member` WHERE ( id=209 ) LIMIT 1   [ RunTime:0.0002s ]
SQL: SHOW COLUMNS FROM `sr_member_coordinate` [ RunTime:0.0033s ]
SQL: SELECT * FROM `sr_member_coordinate` WHERE `member_id` = 209 AND `is_del` = 0 AND `is_hid` = 0 LIMIT 1   [ RunTime:0.0002s ]
SQL: SHOW COLUMNS FROM `sr_member_coordinate` [ RunTime:0.0032s ]
SQL: UPDATE `sr_member_coordinate` SET `member_id`='209',`province`='江西省',`city`='吉安市',`area`='吉州区',`address`='江西省吉安市吉州区224省道337号靠近华美立家家居建材广场',`longitude`='114.90214816623264',`latitude`='27.116668836805555',`update_time`='2018-07-04 11:24:30' WHERE `id` = 200 [ RunTime:0.0028s ]

[ 2018-07-04T11:24:52+08:00 ] 192.168.1.104 /gaochao/Api/Common/Index/recommend_thread?p=1
INFO: [ app_init ] --START--
INFO: Run Behavior\BuildLiteBehavior [ RunTime:0.000011s ]
INFO: [ app_init ] --END-- [ RunTime:0.000527s ]
INFO: [ app_begin ] --START--
INFO: Run Behavior\ReadHtmlCacheBehavior [ RunTime:0.001317s ]
INFO: Run Behavior\CheckLangBehavior [ RunTime:0.000548s ]
INFO: [ app_begin ] --END-- [ RunTime:0.001914s ]
SQL: SHOW COLUMNS FROM `sr_forum_thread` [ RunTime:0.0035s ]
SQL: SELECT `id`,`forum_id`,`member_id`,`member_nickname`,`title`,`views`,`replies`,`likes`,`lastpost_time`,`add_time` FROM `sr_forum_thread` WHERE `recommend` = 1 AND `is_del` = 0 AND `is_hid` = 0 ORDER BY recommend_time desc,add_time desc,id desc LIMIT 0,6   [ RunTime:0.0105s ]
SQL: SELECT COUNT(*) AS tp_count FROM `sr_forum_thread` WHERE `recommend` = 1 AND `is_del` = 0 AND `is_hid` = 0 LIMIT 1   [ RunTime:0.0005s ]
SQL: SHOW COLUMNS FROM `sr_forum_thread_image` [ RunTime:0.0035s ]
SQL: SELECT `id`,`thread_id`,`image`,`width`,`height` FROM `sr_forum_thread_image` WHERE `thread_id` IN ('903','900','899','595','651','699') ORDER BY id asc  [ RunTime:0.0006s ]
NOTIC: [8] Undefined offset: 43 C:\xampp\htdocs\gaochao\Application\Api\Org\Forum\Forum.class.php 第 767 行.
NOTIC: [8] Undefined offset: 43 C:\xampp\htdocs\gaochao\Application\Api\Org\Forum\Forum.class.php 第 767 行.
NOTIC: [8] Undefined offset: 43 C:\xampp\htdocs\gaochao\Application\Api\Org\Forum\Forum.class.php 第 767 行.
NOTIC: [8] Undefined offset: 39 C:\xampp\htdocs\gaochao\Application\Api\Org\Forum\Forum.class.php 第 767 行.
NOTIC: [8] Undefined offset: 36 C:\xampp\htdocs\gaochao\Application\Api\Org\Forum\Forum.class.php 第 767 行.
NOTIC: [8] Undefined offset: 34 C:\xampp\htdocs\gaochao\Application\Api\Org\Forum\Forum.class.php 第 767 行.

[ 2018-07-04T11:24:52+08:00 ] 192.168.1.104 /gaochao/Api/Common/Index/index
INFO: [ app_init ] --START--
INFO: Run Behavior\BuildLiteBehavior [ RunTime:0.000005s ]
INFO: [ app_init ] --END-- [ RunTime:0.000250s ]
INFO: [ app_begin ] --START--
INFO: Run Behavior\ReadHtmlCacheBehavior [ RunTime:0.000337s ]
INFO: Run Behavior\CheckLangBehavior [ RunTime:0.000412s ]
INFO: [ app_begin ] --END-- [ RunTime:0.000783s ]
SQL: SHOW COLUMNS FROM `sr_product` [ RunTime:0.0038s ]
SQL: SELECT id as product_id,`title`,`image`,`price`,`description` FROM `sr_product` WHERE `recommend` = 1 AND `is_sale` = 1 AND `is_del` = 0 AND `is_hid` = 0 ORDER BY sort desc,sales desc,collect desc LIMIT 8   [ RunTime:0.0046s ]
SQL: SHOW COLUMNS FROM `sr_notice` [ RunTime:0.0037s ]
SQL: SELECT id as notice_id,`title` FROM `sr_notice` WHERE `is_del` = 0 AND `is_hid` = 0 AND `district_id` = 0 ORDER BY add_time desc LIMIT 8   [ RunTime:0.0010s ]
SQL: SHOW COLUMNS FROM `sr_banner` [ RunTime:0.0043s ]
SQL: SELECT `id`,`adspace_id`,`type`,`site_id`,`title`,`content`,`save_path`,`url`,`member_id`,`sort`,`start_time`,`end_time`,`add_time`,`is_hid`,`is_del` FROM `sr_banner` WHERE `is_del` = 0 AND `is_hid` = 0 ORDER BY sort desc  [ RunTime:0.0008s ]
SQL: SHOW COLUMNS FROM `sr_forum_thread` [ RunTime:0.0035s ]
SQL: SELECT `id`,`forum_id`,`member_id`,`member_nickname`,`title`,`views`,`replies`,`likes`,`lastpost_time`,`add_time` FROM `sr_forum_thread` WHERE `recommend` = 1 AND `is_del` = 0 AND `is_hid` = 0 ORDER BY recommend_time desc,add_time desc,id desc LIMIT 6   [ RunTime:0.0008s ]
SQL: SHOW COLUMNS FROM `sr_forum_thread_image` [ RunTime:0.0034s ]
SQL: SELECT `id`,`thread_id`,`image`,`width`,`height` FROM `sr_forum_thread_image` WHERE `thread_id` IN ('903','900','899','595','651','699') ORDER BY id asc  [ RunTime:0.0006s ]
NOTIC: [8] Undefined offset: 43 C:\xampp\htdocs\gaochao\Application\Api\Org\Forum\Forum.class.php 第 767 行.
NOTIC: [8] Undefined offset: 43 C:\xampp\htdocs\gaochao\Application\Api\Org\Forum\Forum.class.php 第 767 行.
NOTIC: [8] Undefined offset: 43 C:\xampp\htdocs\gaochao\Application\Api\Org\Forum\Forum.class.php 第 767 行.
NOTIC: [8] Undefined offset: 39 C:\xampp\htdocs\gaochao\Application\Api\Org\Forum\Forum.class.php 第 767 行.
NOTIC: [8] Undefined offset: 36 C:\xampp\htdocs\gaochao\Application\Api\Org\Forum\Forum.class.php 第 767 行.
NOTIC: [8] Undefined offset: 34 C:\xampp\htdocs\gaochao\Application\Api\Org\Forum\Forum.class.php 第 767 行.

[ 2018-07-04T11:25:16+08:00 ] 192.168.1.104 /gaochao/Api/Common/Index/recommend_thread?p=1
INFO: [ app_init ] --START--
INFO: Run Behavior\BuildLiteBehavior [ RunTime:0.000008s ]
INFO: [ app_init ] --END-- [ RunTime:0.000401s ]
INFO: [ app_begin ] --START--
INFO: Run Behavior\ReadHtmlCacheBehavior [ RunTime:0.000706s ]
INFO: Run Behavior\CheckLangBehavior [ RunTime:0.002185s ]
INFO: [ app_begin ] --END-- [ RunTime:0.002950s ]
SQL: SHOW COLUMNS FROM `sr_forum_thread` [ RunTime:0.0045s ]
SQL: SELECT `id`,`forum_id`,`member_id`,`member_nickname`,`title`,`views`,`replies`,`likes`,`lastpost_time`,`add_time` FROM `sr_forum_thread` WHERE `recommend` = 1 AND `is_del` = 0 AND `is_hid` = 0 ORDER BY recommend_time desc,add_time desc,id desc LIMIT 0,6   [ RunTime:0.0010s ]
SQL: SELECT COUNT(*) AS tp_count FROM `sr_forum_thread` WHERE `recommend` = 1 AND `is_del` = 0 AND `is_hid` = 0 LIMIT 1   [ RunTime:0.0005s ]
SQL: SHOW COLUMNS FROM `sr_forum_thread_image` [ RunTime:0.0039s ]
SQL: SELECT `id`,`thread_id`,`image`,`width`,`height` FROM `sr_forum_thread_image` WHERE `thread_id` IN ('903','900','899','595','651','699') ORDER BY id asc  [ RunTime:0.0006s ]
NOTIC: [8] Undefined offset: 43 C:\xampp\htdocs\gaochao\Application\Api\Org\Forum\Forum.class.php 第 767 行.
NOTIC: [8] Undefined offset: 43 C:\xampp\htdocs\gaochao\Application\Api\Org\Forum\Forum.class.php 第 767 行.
NOTIC: [8] Undefined offset: 43 C:\xampp\htdocs\gaochao\Application\Api\Org\Forum\Forum.class.php 第 767 行.
NOTIC: [8] Undefined offset: 39 C:\xampp\htdocs\gaochao\Application\Api\Org\Forum\Forum.class.php 第 767 行.
NOTIC: [8] Undefined offset: 36 C:\xampp\htdocs\gaochao\Application\Api\Org\Forum\Forum.class.php 第 767 行.
NOTIC: [8] Undefined offset: 34 C:\xampp\htdocs\gaochao\Application\Api\Org\Forum\Forum.class.php 第 767 行.

[ 2018-07-04T11:25:16+08:00 ] 192.168.1.104 /gaochao/Api/Common/Index/index
INFO: [ app_init ] --START--
INFO: Run Behavior\BuildLiteBehavior [ RunTime:0.000009s ]
INFO: [ app_init ] --END-- [ RunTime:0.000409s ]
INFO: [ app_begin ] --START--
INFO: Run Behavior\ReadHtmlCacheBehavior [ RunTime:0.000683s ]
INFO: Run Behavior\CheckLangBehavior [ RunTime:0.000870s ]
INFO: [ app_begin ] --END-- [ RunTime:0.001607s ]
SQL: SHOW COLUMNS FROM `sr_product` [ RunTime:0.0047s ]
SQL: SELECT id as product_id,`title`,`image`,`price`,`description` FROM `sr_product` WHERE `recommend` = 1 AND `is_sale` = 1 AND `is_del` = 0 AND `is_hid` = 0 ORDER BY sort desc,sales desc,collect desc LIMIT 8   [ RunTime:0.0007s ]
SQL: SHOW COLUMNS FROM `sr_notice` [ RunTime:0.0038s ]
SQL: SELECT id as notice_id,`title` FROM `sr_notice` WHERE `is_del` = 0 AND `is_hid` = 0 AND `district_id` = 0 ORDER BY add_time desc LIMIT 8   [ RunTime:0.0003s ]
SQL: SHOW COLUMNS FROM `sr_forum_thread` [ RunTime:0.0035s ]
SQL: SELECT `id`,`forum_id`,`member_id`,`member_nickname`,`title`,`views`,`replies`,`likes`,`lastpost_time`,`add_time` FROM `sr_forum_thread` WHERE `recommend` = 1 AND `is_del` = 0 AND `is_hid` = 0 ORDER BY recommend_time desc,add_time desc,id desc LIMIT 6   [ RunTime:0.0010s ]
SQL: SHOW COLUMNS FROM `sr_forum_thread_image` [ RunTime:0.0043s ]
SQL: SELECT `id`,`thread_id`,`image`,`width`,`height` FROM `sr_forum_thread_image` WHERE `thread_id` IN ('903','900','899','595','651','699') ORDER BY id asc  [ RunTime:0.0005s ]
NOTIC: [8] Undefined offset: 43 C:\xampp\htdocs\gaochao\Application\Api\Org\Forum\Forum.class.php 第 767 行.
NOTIC: [8] Undefined offset: 43 C:\xampp\htdocs\gaochao\Application\Api\Org\Forum\Forum.class.php 第 767 行.
NOTIC: [8] Undefined offset: 43 C:\xampp\htdocs\gaochao\Application\Api\Org\Forum\Forum.class.php 第 767 行.
NOTIC: [8] Undefined offset: 39 C:\xampp\htdocs\gaochao\Application\Api\Org\Forum\Forum.class.php 第 767 行.
NOTIC: [8] Undefined offset: 36 C:\xampp\htdocs\gaochao\Application\Api\Org\Forum\Forum.class.php 第 767 行.
NOTIC: [8] Undefined offset: 34 C:\xampp\htdocs\gaochao\Application\Api\Org\Forum\Forum.class.php 第 767 行.

[ 2018-07-04T11:25:20+08:00 ] 192.168.1.104 /gaochao/Api/User/Coordinate/add
INFO: [ app_init ] --START--
INFO: Run Behavior\BuildLiteBehavior [ RunTime:0.000008s ]
INFO: [ app_init ] --END-- [ RunTime:0.000352s ]
INFO: [ app_begin ] --START--
INFO: Run Behavior\ReadHtmlCacheBehavior [ RunTime:0.000530s ]
INFO: Run Behavior\CheckLangBehavior [ RunTime:0.000652s ]
INFO: [ app_begin ] --END-- [ RunTime:0.001237s ]
SQL: SHOW COLUMNS FROM `sr_member` [ RunTime:0.0095s ]
SQL: SHOW COLUMNS FROM `sr_member` [ RunTime:0.0046s ]
SQL: SELECT `login_time` FROM `sr_member` WHERE ( id=209 ) LIMIT 1   [ RunTime:0.0013s ]
SQL: SHOW COLUMNS FROM `sr_member_coordinate` [ RunTime:0.0034s ]
SQL: SELECT * FROM `sr_member_coordinate` WHERE `member_id` = 209 AND `is_del` = 0 AND `is_hid` = 0 LIMIT 1   [ RunTime:0.0002s ]
SQL: SHOW COLUMNS FROM `sr_member_coordinate` [ RunTime:0.0032s ]
SQL: UPDATE `sr_member_coordinate` SET `member_id`='209',`province`='江西省',`city`='吉安市',`area`='吉州区',`address`='江西省吉安市吉州区224省道337号靠近鑫茂大酒店',`longitude`='114.903264',`latitude`='27.116468',`update_time`='2018-07-04 11:25:20' WHERE `id` = 200 [ RunTime:0.0027s ]

[ 2018-07-04T11:26:11+08:00 ] 192.168.1.104 /gaochao/Api/User/Coordinate/add
INFO: [ app_init ] --START--
INFO: Run Behavior\BuildLiteBehavior [ RunTime:0.000022s ]
INFO: [ app_init ] --END-- [ RunTime:0.002777s ]
INFO: [ app_begin ] --START--
INFO: Run Behavior\ReadHtmlCacheBehavior [ RunTime:0.001386s ]
INFO: Run Behavior\CheckLangBehavior [ RunTime:0.001749s ]
INFO: [ app_begin ] --END-- [ RunTime:0.003278s ]
SQL: SHOW COLUMNS FROM `sr_member` [ RunTime:0.0098s ]
SQL: SHOW COLUMNS FROM `sr_member` [ RunTime:0.0060s ]
SQL: SELECT `login_time` FROM `sr_member` WHERE ( id=209 ) LIMIT 1   [ RunTime:0.0003s ]
SQL: SHOW COLUMNS FROM `sr_member_coordinate` [ RunTime:0.0052s ]
SQL: SELECT * FROM `sr_member_coordinate` WHERE `member_id` = 209 AND `is_del` = 0 AND `is_hid` = 0 LIMIT 1   [ RunTime:0.0012s ]
SQL: SHOW COLUMNS FROM `sr_member_coordinate` [ RunTime:0.0051s ]
SQL: UPDATE `sr_member_coordinate` SET `member_id`='209',`province`='江西省',`city`='吉安市',`area`='吉州区',`address`='江西省吉安市吉州区224省道337号靠近鑫茂大酒店',`longitude`='114.903264',`latitude`='27.116468',`update_time`='2018-07-04 11:26:11' WHERE `id` = 200 [ RunTime:0.0049s ]

[ 2018-07-04T11:27:01+08:00 ] 192.168.1.104 /gaochao/Api/User/Coordinate/add
INFO: [ app_init ] --START--
INFO: Run Behavior\BuildLiteBehavior [ RunTime:0.000009s ]
INFO: [ app_init ] --END-- [ RunTime:0.000474s ]
INFO: [ app_begin ] --START--
INFO: Run Behavior\ReadHtmlCacheBehavior [ RunTime:0.000700s ]
INFO: Run Behavior\CheckLangBehavior [ RunTime:0.000869s ]
INFO: [ app_begin ] --END-- [ RunTime:0.001642s ]
SQL: SHOW COLUMNS FROM `sr_member` [ RunTime:0.0040s ]
SQL: SHOW COLUMNS FROM `sr_member` [ RunTime:0.0039s ]
SQL: SELECT `login_time` FROM `sr_member` WHERE ( id=209 ) LIMIT 1   [ RunTime:0.0002s ]
SQL: SHOW COLUMNS FROM `sr_member_coordinate` [ RunTime:0.0039s ]
SQL: SELECT * FROM `sr_member_coordinate` WHERE `member_id` = 209 AND `is_del` = 0 AND `is_hid` = 0 LIMIT 1   [ RunTime:0.0003s ]
SQL: SHOW COLUMNS FROM `sr_member_coordinate` [ RunTime:0.0035s ]
SQL: UPDATE `sr_member_coordinate` SET `member_id`='209',`province`='江西省',`city`='吉安市',`area`='吉州区',`address`='江西省吉安市吉州区224省道337号靠近鑫茂大酒店',`longitude`='114.90214816623264',`latitude`='27.11666775173611',`update_time`='2018-07-04 11:27:01' WHERE `id` = 200 [ RunTime:0.0042s ]

[ 2018-07-04T11:27:51+08:00 ] 192.168.1.104 /gaochao/Api/User/Coordinate/add
INFO: [ app_init ] --START--
INFO: Run Behavior\BuildLiteBehavior [ RunTime:0.000013s ]
INFO: [ app_init ] --END-- [ RunTime:0.000629s ]
INFO: [ app_begin ] --START--
INFO: Run Behavior\ReadHtmlCacheBehavior [ RunTime:0.000577s ]
INFO: Run Behavior\CheckLangBehavior [ RunTime:0.000707s ]
INFO: [ app_begin ] --END-- [ RunTime:0.001344s ]
SQL: SHOW COLUMNS FROM `sr_member` [ RunTime:0.0076s ]
SQL: SHOW COLUMNS FROM `sr_member` [ RunTime:0.0031s ]
SQL: SELECT `login_time` FROM `sr_member` WHERE ( id=209 ) LIMIT 1   [ RunTime:0.0003s ]
SQL: SHOW COLUMNS FROM `sr_member_coordinate` [ RunTime:0.0044s ]
SQL: SELECT * FROM `sr_member_coordinate` WHERE `member_id` = 209 AND `is_del` = 0 AND `is_hid` = 0 LIMIT 1   [ RunTime:0.0004s ]
SQL: SHOW COLUMNS FROM `sr_member_coordinate` [ RunTime:0.0030s ]
SQL: UPDATE `sr_member_coordinate` SET `member_id`='209',`province`='江西省',`city`='吉安市',`area`='吉州区',`address`='江西省吉安市吉州区224省道337号靠近华美立家家居建材广场',`longitude`='114.902147',`latitude`='27.116668',`update_time`='2018-07-04 11:27:51' WHERE `id` = 200 [ RunTime:0.0021s ]

[ 2018-07-04T11:28:08+08:00 ] 192.168.1.104 /gaochao/Api/Common/Index/index
INFO: [ app_init ] --START--
INFO: Run Behavior\BuildLiteBehavior [ RunTime:0.000007s ]
INFO: [ app_init ] --END-- [ RunTime:0.000252s ]
INFO: [ app_begin ] --START--
INFO: Run Behavior\ReadHtmlCacheBehavior [ RunTime:0.000427s ]
INFO: Run Behavior\CheckLangBehavior [ RunTime:0.000531s ]
INFO: [ app_begin ] --END-- [ RunTime:0.000995s ]
SQL: SHOW COLUMNS FROM `sr_product` [ RunTime:0.0038s ]
SQL: SELECT id as product_id,`title`,`image`,`price`,`description` FROM `sr_product` WHERE `recommend` = 1 AND `is_sale` = 1 AND `is_del` = 0 AND `is_hid` = 0 ORDER BY sort desc,sales desc,collect desc LIMIT 8   [ RunTime:0.0043s ]
SQL: SHOW COLUMNS FROM `sr_notice` [ RunTime:0.0027s ]
SQL: SELECT id as notice_id,`title` FROM `sr_notice` WHERE `is_del` = 0 AND `is_hid` = 0 AND `district_id` = 0 ORDER BY add_time desc LIMIT 8   [ RunTime:0.0009s ]
SQL: SHOW COLUMNS FROM `sr_banner` [ RunTime:0.0021s ]
SQL: SELECT `id`,`adspace_id`,`type`,`site_id`,`title`,`content`,`save_path`,`url`,`member_id`,`sort`,`start_time`,`end_time`,`add_time`,`is_hid`,`is_del` FROM `sr_banner` WHERE `is_del` = 0 AND `is_hid` = 0 ORDER BY sort desc  [ RunTime:0.0004s ]
SQL: SHOW COLUMNS FROM `sr_forum_thread` [ RunTime:0.0021s ]
SQL: SELECT `id`,`forum_id`,`member_id`,`member_nickname`,`title`,`views`,`replies`,`likes`,`lastpost_time`,`add_time` FROM `sr_forum_thread` WHERE `recommend` = 1 AND `is_del` = 0 AND `is_hid` = 0 ORDER BY recommend_time desc,add_time desc,id desc LIMIT 6   [ RunTime:0.0043s ]
SQL: SHOW COLUMNS FROM `sr_forum_thread_image` [ RunTime:0.0025s ]
SQL: SELECT `id`,`thread_id`,`image`,`width`,`height` FROM `sr_forum_thread_image` WHERE `thread_id` IN ('903','900','899','595','651','699') ORDER BY id asc  [ RunTime:0.0026s ]
NOTIC: [8] Undefined offset: 43 C:\xampp\htdocs\gaochao\Application\Api\Org\Forum\Forum.class.php 第 767 行.
NOTIC: [8] Undefined offset: 43 C:\xampp\htdocs\gaochao\Application\Api\Org\Forum\Forum.class.php 第 767 行.
NOTIC: [8] Undefined offset: 43 C:\xampp\htdocs\gaochao\Application\Api\Org\Forum\Forum.class.php 第 767 行.
NOTIC: [8] Undefined offset: 39 C:\xampp\htdocs\gaochao\Application\Api\Org\Forum\Forum.class.php 第 767 行.
NOTIC: [8] Undefined offset: 36 C:\xampp\htdocs\gaochao\Application\Api\Org\Forum\Forum.class.php 第 767 行.
NOTIC: [8] Undefined offset: 34 C:\xampp\htdocs\gaochao\Application\Api\Org\Forum\Forum.class.php 第 767 行.

[ 2018-07-04T11:28:35+08:00 ] 192.168.1.104 /gaochao/Api/Common/Bianmin/index
INFO: [ app_init ] --START--
INFO: Run Behavior\BuildLiteBehavior [ RunTime:0.000012s ]
INFO: [ app_init ] --END-- [ RunTime:0.000555s ]
INFO: [ app_begin ] --START--
INFO: Run Behavior\ReadHtmlCacheBehavior [ RunTime:0.001056s ]
INFO: Run Behavior\CheckLangBehavior [ RunTime:0.001353s ]
INFO: [ app_begin ] --END-- [ RunTime:0.002494s ]

[ 2018-07-04T11:28:41+08:00 ] 192.168.1.104 /gaochao/Api/User/Coordinate/add
INFO: [ app_init ] --START--
INFO: Run Behavior\BuildLiteBehavior [ RunTime:0.000005s ]
INFO: [ app_init ] --END-- [ RunTime:0.000215s ]
INFO: [ app_begin ] --START--
INFO: Run Behavior\ReadHtmlCacheBehavior [ RunTime:0.000328s ]
INFO: Run Behavior\CheckLangBehavior [ RunTime:0.000400s ]
INFO: [ app_begin ] --END-- [ RunTime:0.000761s ]
SQL: SHOW COLUMNS FROM `sr_member` [ RunTime:0.0060s ]
SQL: SHOW COLUMNS FROM `sr_member` [ RunTime:0.0021s ]
SQL: SELECT `login_time` FROM `sr_member` WHERE ( id=209 ) LIMIT 1   [ RunTime:0.0002s ]
SQL: SHOW COLUMNS FROM `sr_member_coordinate` [ RunTime:0.0020s ]
SQL: SELECT * FROM `sr_member_coordinate` WHERE `member_id` = 209 AND `is_del` = 0 AND `is_hid` = 0 LIMIT 1   [ RunTime:0.0002s ]
SQL: SHOW COLUMNS FROM `sr_member_coordinate` [ RunTime:0.0018s ]
SQL: UPDATE `sr_member_coordinate` SET `member_id`='209',`province`='江西省',`city`='吉安市',`area`='吉州区',`address`='江西省吉安市吉州区224省道337号靠近华美立家家居建材广场',`longitude`='114.902147',`latitude`='27.116668',`update_time`='2018-07-04 11:28:41' WHERE `id` = 200 [ RunTime:0.0044s ]

[ 2018-07-04T11:29:31+08:00 ] 192.168.1.104 /gaochao/Api/User/Coordinate/add
INFO: [ app_init ] --START--
INFO: Run Behavior\BuildLiteBehavior [ RunTime:0.000008s ]
INFO: [ app_init ] --END-- [ RunTime:0.000342s ]
INFO: [ app_begin ] --START--
INFO: Run Behavior\ReadHtmlCacheBehavior [ RunTime:0.000524s ]
INFO: Run Behavior\CheckLangBehavior [ RunTime:0.000689s ]
INFO: [ app_begin ] --END-- [ RunTime:0.001266s ]
SQL: SHOW COLUMNS FROM `sr_member` [ RunTime:0.0071s ]
SQL: SHOW COLUMNS FROM `sr_member` [ RunTime:0.0025s ]
SQL: SELECT `login_time` FROM `sr_member` WHERE ( id=209 ) LIMIT 1   [ RunTime:0.0002s ]
SQL: SHOW COLUMNS FROM `sr_member_coordinate` [ RunTime:0.0018s ]
SQL: SELECT * FROM `sr_member_coordinate` WHERE `member_id` = 209 AND `is_del` = 0 AND `is_hid` = 0 LIMIT 1   [ RunTime:0.0002s ]
SQL: SHOW COLUMNS FROM `sr_member_coordinate` [ RunTime:0.0018s ]
SQL: UPDATE `sr_member_coordinate` SET `member_id`='209',`province`='江西省',`city`='吉安市',`area`='吉州区',`address`='江西省吉安市吉州区224省道337号靠近鑫茂大酒店',`longitude`='114.903269',`latitude`='27.116468',`update_time`='2018-07-04 11:29:31' WHERE `id` = 200 [ RunTime:0.0035s ]

[ 2018-07-04T11:30:21+08:00 ] 192.168.1.104 /gaochao/Api/User/Coordinate/add
INFO: [ app_init ] --START--
INFO: Run Behavior\BuildLiteBehavior [ RunTime:0.000019s ]
INFO: [ app_init ] --END-- [ RunTime:0.000997s ]
INFO: [ app_begin ] --START--
INFO: Run Behavior\ReadHtmlCacheBehavior [ RunTime:0.001327s ]
INFO: Run Behavior\CheckLangBehavior [ RunTime:0.001633s ]
INFO: [ app_begin ] --END-- [ RunTime:0.003097s ]
SQL: SHOW COLUMNS FROM `sr_member` [ RunTime:0.0086s ]
SQL: SHOW COLUMNS FROM `sr_member` [ RunTime:0.0041s ]
SQL: SELECT `login_time` FROM `sr_member` WHERE ( id=209 ) LIMIT 1   [ RunTime:0.0003s ]
SQL: SHOW COLUMNS FROM `sr_member_coordinate` [ RunTime:0.0038s ]
SQL: SELECT * FROM `sr_member_coordinate` WHERE `member_id` = 209 AND `is_del` = 0 AND `is_hid` = 0 LIMIT 1   [ RunTime:0.0004s ]
SQL: SHOW COLUMNS FROM `sr_member_coordinate` [ RunTime:0.0031s ]
SQL: UPDATE `sr_member_coordinate` SET `member_id`='209',`province`='江西省',`city`='吉安市',`area`='吉州区',`address`='江西省吉安市吉州区吉福路靠近华美立家家居建材广场',`longitude`='114.90247341579861',`latitude`='27.11652289496528',`update_time`='2018-07-04 11:30:21' WHERE `id` = 200 [ RunTime:0.0048s ]

[ 2018-07-04T11:31:11+08:00 ] 192.168.1.104 /gaochao/Api/User/Coordinate/add
INFO: [ app_init ] --START--
INFO: Run Behavior\BuildLiteBehavior [ RunTime:0.000009s ]
INFO: [ app_init ] --END-- [ RunTime:0.000381s ]
INFO: [ app_begin ] --START--
INFO: Run Behavior\ReadHtmlCacheBehavior [ RunTime:0.001656s ]
INFO: Run Behavior\CheckLangBehavior [ RunTime:0.001017s ]
INFO: [ app_begin ] --END-- [ RunTime:0.002741s ]
SQL: SHOW COLUMNS FROM `sr_member` [ RunTime:0.0064s ]
SQL: SHOW COLUMNS FROM `sr_member` [ RunTime:0.0020s ]
SQL: SELECT `login_time` FROM `sr_member` WHERE ( id=209 ) LIMIT 1   [ RunTime:0.0002s ]
SQL: SHOW COLUMNS FROM `sr_member_coordinate` [ RunTime:0.0019s ]
SQL: SELECT * FROM `sr_member_coordinate` WHERE `member_id` = 209 AND `is_del` = 0 AND `is_hid` = 0 LIMIT 1   [ RunTime:0.0002s ]
SQL: SHOW COLUMNS FROM `sr_member_coordinate` [ RunTime:0.0018s ]
SQL: UPDATE `sr_member_coordinate` SET `member_id`='209',`province`='江西省',`city`='吉安市',`area`='吉州区',`address`='江西省吉安市吉州区吉福路靠近华美立家家居建材广场',`longitude`='114.90240342881944',`latitude`='27.116609429253472',`update_time`='2018-07-04 11:31:11' WHERE `id` = 200 [ RunTime:0.0030s ]

[ 2018-07-04T11:32:01+08:00 ] 192.168.1.104 /gaochao/Api/User/Coordinate/add
INFO: [ app_init ] --START--
INFO: Run Behavior\BuildLiteBehavior [ RunTime:0.000008s ]
INFO: [ app_init ] --END-- [ RunTime:0.000304s ]
INFO: [ app_begin ] --START--
INFO: Run Behavior\ReadHtmlCacheBehavior [ RunTime:0.000472s ]
INFO: Run Behavior\CheckLangBehavior [ RunTime:0.000575s ]
INFO: [ app_begin ] --END-- [ RunTime:0.001096s ]
SQL: SHOW COLUMNS FROM `sr_member` [ RunTime:0.0073s ]
SQL: SHOW COLUMNS FROM `sr_member` [ RunTime:0.0029s ]
SQL: SELECT `login_time` FROM `sr_member` WHERE ( id=209 ) LIMIT 1   [ RunTime:0.0003s ]
SQL: SHOW COLUMNS FROM `sr_member_coordinate` [ RunTime:0.0023s ]
SQL: SELECT * FROM `sr_member_coordinate` WHERE `member_id` = 209 AND `is_del` = 0 AND `is_hid` = 0 LIMIT 1   [ RunTime:0.0003s ]
SQL: SHOW COLUMNS FROM `sr_member_coordinate` [ RunTime:0.0019s ]
SQL: UPDATE `sr_member_coordinate` SET `member_id`='209',`province`='江西省',`city`='吉安市',`area`='吉州区',`address`='江西省吉安市吉州区224省道337号靠近华美立家家居建材广场',`longitude`='114.902187',`latitude`='27.116636',`update_time`='2018-07-04 11:32:01' WHERE `id` = 200 [ RunTime:0.0027s ]

[ 2018-07-04T11:32:51+08:00 ] 192.168.1.104 /gaochao/Api/User/Coordinate/add
INFO: [ app_init ] --START--
INFO: Run Behavior\BuildLiteBehavior [ RunTime:0.000012s ]
INFO: [ app_init ] --END-- [ RunTime:0.000526s ]
INFO: [ app_begin ] --START--
INFO: Run Behavior\ReadHtmlCacheBehavior [ RunTime:0.000703s ]
INFO: Run Behavior\CheckLangBehavior [ RunTime:0.000874s ]
INFO: [ app_begin ] --END-- [ RunTime:0.001649s ]
SQL: SHOW COLUMNS FROM `sr_member` [ RunTime:0.0062s ]
SQL: SHOW COLUMNS FROM `sr_member` [ RunTime:0.0019s ]
SQL: SELECT `login_time` FROM `sr_member` WHERE ( id=209 ) LIMIT 1   [ RunTime:0.0002s ]
SQL: SHOW COLUMNS FROM `sr_member_coordinate` [ RunTime:0.0022s ]
SQL: SELECT * FROM `sr_member_coordinate` WHERE `member_id` = 209 AND `is_del` = 0 AND `is_hid` = 0 LIMIT 1   [ RunTime:0.0002s ]
SQL: SHOW COLUMNS FROM `sr_member_coordinate` [ RunTime:0.0018s ]
SQL: UPDATE `sr_member_coordinate` SET `member_id`='209',`province`='江西省',`city`='吉安市',`area`='吉州区',`address`='江西省吉安市吉州区224省道337号靠近华美立家家居建材广场',`longitude`='114.902187',`latitude`='27.116636',`update_time`='2018-07-04 11:32:51' WHERE `id` = 200 [ RunTime:0.0026s ]

[ 2018-07-04T11:33:42+08:00 ] 192.168.1.104 /gaochao/Api/User/Coordinate/add
INFO: [ app_init ] --START--
INFO: Run Behavior\BuildLiteBehavior [ RunTime:0.000007s ]
INFO: [ app_init ] --END-- [ RunTime:0.000357s ]
INFO: [ app_begin ] --START--
INFO: Run Behavior\ReadHtmlCacheBehavior [ RunTime:0.000673s ]
INFO: Run Behavior\CheckLangBehavior [ RunTime:0.000857s ]
INFO: [ app_begin ] --END-- [ RunTime:0.001586s ]
SQL: SHOW COLUMNS FROM `sr_member` [ RunTime:0.0032s ]
SQL: SHOW COLUMNS FROM `sr_member` [ RunTime:0.0033s ]
SQL: SELECT `login_time` FROM `sr_member` WHERE ( id=209 ) LIMIT 1   [ RunTime:0.0003s ]
SQL: SHOW COLUMNS FROM `sr_member_coordinate` [ RunTime:0.0031s ]
SQL: SELECT * FROM `sr_member_coordinate` WHERE `member_id` = 209 AND `is_del` = 0 AND `is_hid` = 0 LIMIT 1   [ RunTime:0.0003s ]
SQL: SHOW COLUMNS FROM `sr_member_coordinate` [ RunTime:0.0019s ]
SQL: UPDATE `sr_member_coordinate` SET `member_id`='209',`province`='江西省',`city`='吉安市',`area`='吉州区',`address`='江西省吉安市吉州区224省道337号靠近华美立家家居建材广场',`longitude`='114.902187',`latitude`='27.116636',`update_time`='2018-07-04 11:33:42' WHERE `id` = 200 [ RunTime:0.0038s ]

[ 2018-07-04T11:34:32+08:00 ] 192.168.1.104 /gaochao/Api/User/Coordinate/add
INFO: [ app_init ] --START--
INFO: Run Behavior\BuildLiteBehavior [ RunTime:0.000007s ]
INFO: [ app_init ] --END-- [ RunTime:0.000303s ]
INFO: [ app_begin ] --START--
INFO: Run Behavior\ReadHtmlCacheBehavior [ RunTime:0.000463s ]
INFO: Run Behavior\CheckLangBehavior [ RunTime:0.000576s ]
INFO: [ app_begin ] --END-- [ RunTime:0.001087s ]
SQL: SHOW COLUMNS FROM `sr_member` [ RunTime:0.0069s ]
SQL: SHOW COLUMNS FROM `sr_member` [ RunTime:0.0027s ]
SQL: SELECT `login_time` FROM `sr_member` WHERE ( id=209 ) LIMIT 1   [ RunTime:0.0002s ]
SQL: SHOW COLUMNS FROM `sr_member_coordinate` [ RunTime:0.0025s ]
SQL: SELECT * FROM `sr_member_coordinate` WHERE `member_id` = 209 AND `is_del` = 0 AND `is_hid` = 0 LIMIT 1   [ RunTime:0.0003s ]
SQL: SHOW COLUMNS FROM `sr_member_coordinate` [ RunTime:0.0024s ]
SQL: UPDATE `sr_member_coordinate` SET `member_id`='209',`province`='江西省',`city`='吉安市',`area`='吉州区',`address`='江西省吉安市吉州区224省道337号靠近华美立家家居建材广场',`longitude`='114.902187',`latitude`='27.116636',`update_time`='2018-07-04 11:34:32' WHERE `id` = 200 [ RunTime:0.0028s ]

[ 2018-07-04T11:34:41+08:00 ] 192.168.1.104 /gaochao/Api/Forum/ForumPublic/thread_detail?token=fnVyqrJ3dLCudXOuhHp5rYOGcayDpnpngYejmLGFotx6dXaqtJ14bLCbg2iIenmtgYWXp4OmmKeCd6_MsoWimH6FlGmzd4l6roWZroR3bXM&id=903
INFO: [ app_init ] --START--
INFO: Run Behavior\BuildLiteBehavior [ RunTime:0.000007s ]
INFO: [ app_init ] --END-- [ RunTime:0.000343s ]
INFO: [ app_begin ] --START--
INFO: Run Behavior\ReadHtmlCacheBehavior [ RunTime:0.000531s ]
INFO: Run Behavior\CheckLangBehavior [ RunTime:0.001492s ]
INFO: [ app_begin ] --END-- [ RunTime:0.002079s ]
SQL: SHOW COLUMNS FROM `sr_member` [ RunTime:0.0021s ]
SQL: SHOW COLUMNS FROM `sr_member` [ RunTime:0.0021s ]
SQL: SELECT `login_time` FROM `sr_member` WHERE ( id=209 ) LIMIT 1   [ RunTime:0.0002s ]
SQL: SHOW COLUMNS FROM `sr_forum_thread` [ RunTime:0.0020s ]
SQL: SELECT `id`,`forum_id`,`member_id`,`member_nickname`,`title`,`content`,`views`,`replies`,`likes`,`lastpost_time`,`add_time` FROM `sr_forum_thread` WHERE `id` = 903 AND `is_del` = 0 AND `is_hid` = 0 LIMIT 1   [ RunTime:0.0007s ]

[ 2018-07-04T11:35:22+08:00 ] 192.168.1.104 /gaochao/Api/User/Coordinate/add
INFO: [ app_init ] --START--
INFO: Run Behavior\BuildLiteBehavior [ RunTime:0.000007s ]
INFO: [ app_init ] --END-- [ RunTime:0.000314s ]
INFO: [ app_begin ] --START--
INFO: Run Behavior\ReadHtmlCacheBehavior [ RunTime:0.000470s ]
INFO: Run Behavior\CheckLangBehavior [ RunTime:0.000592s ]
INFO: [ app_begin ] --END-- [ RunTime:0.001110s ]
SQL: SHOW COLUMNS FROM `sr_member` [ RunTime:0.0068s ]
SQL: SHOW COLUMNS FROM `sr_member` [ RunTime:0.0031s ]
SQL: SELECT `login_time` FROM `sr_member` WHERE ( id=209 ) LIMIT 1   [ RunTime:0.0002s ]
SQL: SHOW COLUMNS FROM `sr_member_coordinate` [ RunTime:0.0019s ]
SQL: SELECT * FROM `sr_member_coordinate` WHERE `member_id` = 209 AND `is_del` = 0 AND `is_hid` = 0 LIMIT 1   [ RunTime:0.0003s ]
SQL: SHOW COLUMNS FROM `sr_member_coordinate` [ RunTime:0.0019s ]
SQL: UPDATE `sr_member_coordinate` SET `member_id`='209',`province`='江西省',`city`='吉安市',`area`='吉州区',`address`='江西省吉安市吉州区224省道337号靠近华美立家家居建材广场',`longitude`='114.902187',`latitude`='27.116636',`update_time`='2018-07-04 11:35:22' WHERE `id` = 200 [ RunTime:0.0043s ]

[ 2018-07-04T11:36:12+08:00 ] 192.168.1.104 /gaochao/Api/User/Coordinate/add
INFO: [ app_init ] --START--
INFO: Run Behavior\BuildLiteBehavior [ RunTime:0.000009s ]
INFO: [ app_init ] --END-- [ RunTime:0.000362s ]
INFO: [ app_begin ] --START--
INFO: Run Behavior\ReadHtmlCacheBehavior [ RunTime:0.000670s ]
INFO: Run Behavior\CheckLangBehavior [ RunTime:0.000885s ]
INFO: [ app_begin ] --END-- [ RunTime:0.001609s ]
SQL: SHOW COLUMNS FROM `sr_member` [ RunTime:0.0070s ]
SQL: SHOW COLUMNS FROM `sr_member` [ RunTime:0.0028s ]
SQL: SELECT `login_time` FROM `sr_member` WHERE ( id=209 ) LIMIT 1   [ RunTime:0.0002s ]
SQL: SHOW COLUMNS FROM `sr_member_coordinate` [ RunTime:0.0019s ]
SQL: SELECT * FROM `sr_member_coordinate` WHERE `member_id` = 209 AND `is_del` = 0 AND `is_hid` = 0 LIMIT 1   [ RunTime:0.0002s ]
SQL: SHOW COLUMNS FROM `sr_member_coordinate` [ RunTime:0.0018s ]
SQL: UPDATE `sr_member_coordinate` SET `member_id`='209',`province`='江西省',`city`='吉安市',`area`='吉州区',`address`='江西省吉安市吉州区224省道337号靠近华美立家家居建材广场',`longitude`='114.902187',`latitude`='27.116636',`update_time`='2018-07-04 11:36:12' WHERE `id` = 200 [ RunTime:0.0037s ]

[ 2018-07-04T11:37:02+08:00 ] 192.168.1.104 /gaochao/Api/User/Coordinate/add
INFO: [ app_init ] --START--
INFO: Run Behavior\BuildLiteBehavior [ RunTime:0.000007s ]
INFO: [ app_init ] --END-- [ RunTime:0.000270s ]
INFO: [ app_begin ] --START--
INFO: Run Behavior\ReadHtmlCacheBehavior [ RunTime:0.000349s ]
INFO: Run Behavior\CheckLangBehavior [ RunTime:0.000424s ]
INFO: [ app_begin ] --END-- [ RunTime:0.000811s ]
SQL: SHOW COLUMNS FROM `sr_member` [ RunTime:0.0076s ]
SQL: SHOW COLUMNS FROM `sr_member` [ RunTime:0.0041s ]
SQL: SELECT `login_time` FROM `sr_member` WHERE ( id=209 ) LIMIT 1   [ RunTime:0.0002s ]
SQL: SHOW COLUMNS FROM `sr_member_coordinate` [ RunTime:0.0035s ]
SQL: SELECT * FROM `sr_member_coordinate` WHERE `member_id` = 209 AND `is_del` = 0 AND `is_hid` = 0 LIMIT 1   [ RunTime:0.0003s ]
SQL: SHOW COLUMNS FROM `sr_member_coordinate` [ RunTime:0.0033s ]
SQL: UPDATE `sr_member_coordinate` SET `member_id`='209',`province`='江西省',`city`='吉安市',`area`='吉州区',`address`='江西省吉安市吉州区224省道337号靠近华美立家家居建材广场',`longitude`='114.902187',`latitude`='27.116636',`update_time`='2018-07-04 11:37:02' WHERE `id` = 200 [ RunTime:0.0028s ]

[ 2018-07-04T11:37:52+08:00 ] 192.168.1.104 /gaochao/Api/User/Coordinate/add
INFO: [ app_init ] --START--
INFO: Run Behavior\BuildLiteBehavior [ RunTime:0.000018s ]
INFO: [ app_init ] --END-- [ RunTime:0.000886s ]
INFO: [ app_begin ] --START--
INFO: Run Behavior\ReadHtmlCacheBehavior [ RunTime:0.001028s ]
INFO: Run Behavior\CheckLangBehavior [ RunTime:0.001339s ]
INFO: [ app_begin ] --END-- [ RunTime:0.002452s ]
SQL: SHOW COLUMNS FROM `sr_member` [ RunTime:0.0024s ]
SQL: SHOW COLUMNS FROM `sr_member` [ RunTime:0.0023s ]
SQL: SELECT `login_time` FROM `sr_member` WHERE ( id=209 ) LIMIT 1   [ RunTime:0.0002s ]
SQL: SHOW COLUMNS FROM `sr_member_coordinate` [ RunTime:0.0021s ]
SQL: SELECT * FROM `sr_member_coordinate` WHERE `member_id` = 209 AND `is_del` = 0 AND `is_hid` = 0 LIMIT 1   [ RunTime:0.0002s ]
SQL: SHOW COLUMNS FROM `sr_member_coordinate` [ RunTime:0.0023s ]
SQL: UPDATE `sr_member_coordinate` SET `member_id`='209',`province`='江西省',`city`='吉安市',`area`='吉州区',`address`='江西省吉安市吉州区224省道337号靠近华美立家家居建材广场',`longitude`='114.902187',`latitude`='27.116636',`update_time`='2018-07-04 11:37:52' WHERE `id` = 200 [ RunTime:0.0036s ]

[ 2018-07-04T11:38:42+08:00 ] 192.168.1.104 /gaochao/Api/User/Coordinate/add
INFO: [ app_init ] --START--
INFO: Run Behavior\BuildLiteBehavior [ RunTime:0.000011s ]
INFO: [ app_init ] --END-- [ RunTime:0.000491s ]
INFO: [ app_begin ] --START--
INFO: Run Behavior\ReadHtmlCacheBehavior [ RunTime:0.001053s ]
INFO: Run Behavior\CheckLangBehavior [ RunTime:0.000957s ]
INFO: [ app_begin ] --END-- [ RunTime:0.002092s ]
SQL: SHOW COLUMNS FROM `sr_member` [ RunTime:0.0022s ]
SQL: SHOW COLUMNS FROM `sr_member` [ RunTime:0.0022s ]
SQL: SELECT `login_time` FROM `sr_member` WHERE ( id=209 ) LIMIT 1   [ RunTime:0.0002s ]
SQL: SHOW COLUMNS FROM `sr_member_coordinate` [ RunTime:0.0018s ]
SQL: SELECT * FROM `sr_member_coordinate` WHERE `member_id` = 209 AND `is_del` = 0 AND `is_hid` = 0 LIMIT 1   [ RunTime:0.0002s ]
SQL: SHOW COLUMNS FROM `sr_member_coordinate` [ RunTime:0.0018s ]
SQL: UPDATE `sr_member_coordinate` SET `member_id`='209',`province`='江西省',`city`='吉安市',`area`='吉州区',`address`='江西省吉安市吉州区224省道337号靠近华美立家家居建材广场',`longitude`='114.902187',`latitude`='27.116636',`update_time`='2018-07-04 11:38:42' WHERE `id` = 200 [ RunTime:0.0034s ]

[ 2018-07-04T11:39:33+08:00 ] 192.168.1.104 /gaochao/Api/User/Coordinate/add
INFO: [ app_init ] --START--
INFO: Run Behavior\BuildLiteBehavior [ RunTime:0.000093s ]
INFO: [ app_init ] --END-- [ RunTime:0.001574s ]
INFO: [ app_begin ] --START--
INFO: Run Behavior\ReadHtmlCacheBehavior [ RunTime:0.000814s ]
INFO: Run Behavior\CheckLangBehavior [ RunTime:0.000915s ]
INFO: [ app_begin ] --END-- [ RunTime:0.001802s ]
SQL: SHOW COLUMNS FROM `sr_member` [ RunTime:0.0021s ]
SQL: SHOW COLUMNS FROM `sr_member` [ RunTime:0.0020s ]
SQL: SELECT `login_time` FROM `sr_member` WHERE ( id=209 ) LIMIT 1   [ RunTime:0.0002s ]
SQL: SHOW COLUMNS FROM `sr_member_coordinate` [ RunTime:0.0018s ]
SQL: SELECT * FROM `sr_member_coordinate` WHERE `member_id` = 209 AND `is_del` = 0 AND `is_hid` = 0 LIMIT 1   [ RunTime:0.0002s ]
SQL: SHOW COLUMNS FROM `sr_member_coordinate` [ RunTime:0.0019s ]
SQL: UPDATE `sr_member_coordinate` SET `member_id`='209',`province`='江西省',`city`='吉安市',`area`='吉州区',`address`='江西省吉安市吉州区224省道337号靠近华美立家家居建材广场',`longitude`='114.902187',`latitude`='27.116636',`update_time`='2018-07-04 11:39:33' WHERE `id` = 200 [ RunTime:0.0036s ]

[ 2018-07-04T11:40:23+08:00 ] 192.168.1.104 /gaochao/Api/User/Coordinate/add
INFO: [ app_init ] --START--
INFO: Run Behavior\BuildLiteBehavior [ RunTime:0.000009s ]
INFO: [ app_init ] --END-- [ RunTime:0.000451s ]
INFO: [ app_begin ] --START--
INFO: Run Behavior\ReadHtmlCacheBehavior [ RunTime:0.000465s ]
INFO: Run Behavior\CheckLangBehavior [ RunTime:0.000553s ]
INFO: [ app_begin ] --END-- [ RunTime:0.001058s ]
SQL: SHOW COLUMNS FROM `sr_member` [ RunTime:0.0021s ]
SQL: SHOW COLUMNS FROM `sr_member` [ RunTime:0.0020s ]
SQL: SELECT `login_time` FROM `sr_member` WHERE ( id=209 ) LIMIT 1   [ RunTime:0.0002s ]
SQL: SHOW COLUMNS FROM `sr_member_coordinate` [ RunTime:0.0022s ]
SQL: SELECT * FROM `sr_member_coordinate` WHERE `member_id` = 209 AND `is_del` = 0 AND `is_hid` = 0 LIMIT 1   [ RunTime:0.0002s ]
SQL: SHOW COLUMNS FROM `sr_member_coordinate` [ RunTime:0.0019s ]
SQL: UPDATE `sr_member_coordinate` SET `member_id`='209',`province`='江西省',`city`='吉安市',`area`='吉州区',`address`='江西省吉安市吉州区224省道337号靠近华美立家家居建材广场',`longitude`='114.902187',`latitude`='27.116636',`update_time`='2018-07-04 11:40:23' WHERE `id` = 200 [ RunTime:0.0029s ]

[ 2018-07-04T11:41:13+08:00 ] 192.168.1.104 /gaochao/Api/User/Coordinate/add
INFO: [ app_init ] --START--
INFO: Run Behavior\BuildLiteBehavior [ RunTime:0.000009s ]
INFO: [ app_init ] --END-- [ RunTime:0.000411s ]
INFO: [ app_begin ] --START--
INFO: Run Behavior\ReadHtmlCacheBehavior [ RunTime:0.000601s ]
INFO: Run Behavior\CheckLangBehavior [ RunTime:0.000756s ]
INFO: [ app_begin ] --END-- [ RunTime:0.001419s ]
SQL: SHOW COLUMNS FROM `sr_member` [ RunTime:0.0022s ]
SQL: SHOW COLUMNS FROM `sr_member` [ RunTime:0.0021s ]
SQL: SELECT `login_time` FROM `sr_member` WHERE ( id=209 ) LIMIT 1   [ RunTime:0.0002s ]
SQL: SHOW COLUMNS FROM `sr_member_coordinate` [ RunTime:0.0018s ]
SQL: SELECT * FROM `sr_member_coordinate` WHERE `member_id` = 209 AND `is_del` = 0 AND `is_hid` = 0 LIMIT 1   [ RunTime:0.0002s ]
SQL: SHOW COLUMNS FROM `sr_member_coordinate` [ RunTime:0.0018s ]
SQL: UPDATE `sr_member_coordinate` SET `member_id`='209',`province`='江西省',`city`='吉安市',`area`='吉州区',`address`='江西省吉安市吉州区224省道337号靠近华美立家家居建材广场',`longitude`='114.902187',`latitude`='27.116636',`update_time`='2018-07-04 11:41:13' WHERE `id` = 200 [ RunTime:0.0037s ]

[ 2018-07-04T11:42:03+08:00 ] 192.168.1.104 /gaochao/Api/User/Coordinate/add
INFO: [ app_init ] --START--
INFO: Run Behavior\BuildLiteBehavior [ RunTime:0.000018s ]
INFO: [ app_init ] --END-- [ RunTime:0.000902s ]
INFO: [ app_begin ] --START--
INFO: Run Behavior\ReadHtmlCacheBehavior [ RunTime:0.000579s ]
INFO: Run Behavior\CheckLangBehavior [ RunTime:0.000826s ]
INFO: [ app_begin ] --END-- [ RunTime:0.001485s ]
SQL: SHOW COLUMNS FROM `sr_member` [ RunTime:0.0038s ]
SQL: SHOW COLUMNS FROM `sr_member` [ RunTime:0.0032s ]
SQL: SELECT `login_time` FROM `sr_member` WHERE ( id=209 ) LIMIT 1   [ RunTime:0.0003s ]
SQL: SHOW COLUMNS FROM `sr_member_coordinate` [ RunTime:0.0044s ]
SQL: SELECT * FROM `sr_member_coordinate` WHERE `member_id` = 209 AND `is_del` = 0 AND `is_hid` = 0 LIMIT 1   [ RunTime:0.0004s ]
SQL: SHOW COLUMNS FROM `sr_member_coordinate` [ RunTime:0.0027s ]
SQL: UPDATE `sr_member_coordinate` SET `member_id`='209',`province`='江西省',`city`='吉安市',`area`='吉州区',`address`='江西省吉安市吉州区224省道337号靠近华美立家家居建材广场',`longitude`='114.902187',`latitude`='27.116636',`update_time`='2018-07-04 11:42:03' WHERE `id` = 200 [ RunTime:0.0038s ]

[ 2018-07-04T11:42:53+08:00 ] 192.168.1.104 /gaochao/Api/User/Coordinate/add
INFO: [ app_init ] --START--
INFO: Run Behavior\BuildLiteBehavior [ RunTime:0.000008s ]
INFO: [ app_init ] --END-- [ RunTime:0.000408s ]
INFO: [ app_begin ] --START--
INFO: Run Behavior\ReadHtmlCacheBehavior [ RunTime:0.000666s ]
INFO: Run Behavior\CheckLangBehavior [ RunTime:0.000872s ]
INFO: [ app_begin ] --END-- [ RunTime:0.001592s ]
SQL: SHOW COLUMNS FROM `sr_member` [ RunTime:0.0072s ]
SQL: SHOW COLUMNS FROM `sr_member` [ RunTime:0.0021s ]
SQL: SELECT `login_time` FROM `sr_member` WHERE ( id=209 ) LIMIT 1   [ RunTime:0.0002s ]
SQL: SHOW COLUMNS FROM `sr_member_coordinate` [ RunTime:0.0019s ]
SQL: SELECT * FROM `sr_member_coordinate` WHERE `member_id` = 209 AND `is_del` = 0 AND `is_hid` = 0 LIMIT 1   [ RunTime:0.0002s ]
SQL: SHOW COLUMNS FROM `sr_member_coordinate` [ RunTime:0.0020s ]
SQL: UPDATE `sr_member_coordinate` SET `member_id`='209',`province`='江西省',`city`='吉安市',`area`='吉州区',`address`='江西省吉安市吉州区224省道337号靠近华美立家家居建材广场',`longitude`='114.902187',`latitude`='27.116636',`update_time`='2018-07-04 11:42:53' WHERE `id` = 200 [ RunTime:0.0029s ]

[ 2018-07-04T11:43:43+08:00 ] 192.168.1.104 /gaochao/Api/User/Coordinate/add
INFO: [ app_init ] --START--
INFO: Run Behavior\BuildLiteBehavior [ RunTime:0.000011s ]
INFO: [ app_init ] --END-- [ RunTime:0.000481s ]
INFO: [ app_begin ] --START--
INFO: Run Behavior\ReadHtmlCacheBehavior [ RunTime:0.000903s ]
INFO: Run Behavior\CheckLangBehavior [ RunTime:0.001175s ]
INFO: [ app_begin ] --END-- [ RunTime:0.002153s ]
SQL: SHOW COLUMNS FROM `sr_member` [ RunTime:0.0084s ]
SQL: SHOW COLUMNS FROM `sr_member` [ RunTime:0.0041s ]
SQL: SELECT `login_time` FROM `sr_member` WHERE ( id=209 ) LIMIT 1   [ RunTime:0.0003s ]
SQL: SHOW COLUMNS FROM `sr_member_coordinate` [ RunTime:0.0042s ]
SQL: SELECT * FROM `sr_member_coordinate` WHERE `member_id` = 209 AND `is_del` = 0 AND `is_hid` = 0 LIMIT 1   [ RunTime:0.0004s ]
SQL: SHOW COLUMNS FROM `sr_member_coordinate` [ RunTime:0.0036s ]
SQL: UPDATE `sr_member_coordinate` SET `member_id`='209',`province`='江西省',`city`='吉安市',`area`='吉州区',`address`='江西省吉安市吉州区224省道337号靠近华美立家家居建材广场',`longitude`='114.902187',`latitude`='27.116636',`update_time`='2018-07-04 11:43:43' WHERE `id` = 200 [ RunTime:0.0043s ]

[ 2018-07-04T12:41:29+08:00 ] 192.168.1.104 /gaochao/Api/User/Index/index?token=fnVyqrJ3dLCudXOuhHp5rYOGcayDpnpngYejmLGFotx6dXaqtJ14bLCbg2iIenmtgYWXp4OmmKeCd6_MsoWimH6FlGmzd4l6roWZroR3bXM
INFO: [ app_init ] --START--
INFO: Run Behavior\BuildLiteBehavior [ RunTime:0.000009s ]
INFO: [ app_init ] --END-- [ RunTime:0.000420s ]
INFO: [ app_begin ] --START--
INFO: Run Behavior\ReadHtmlCacheBehavior [ RunTime:0.000691s ]
INFO: Run Behavior\CheckLangBehavior [ RunTime:0.000890s ]
INFO: [ app_begin ] --END-- [ RunTime:0.001641s ]
SQL: SHOW COLUMNS FROM `sr_member` [ RunTime:0.0124s ]
SQL: SHOW COLUMNS FROM `sr_member` [ RunTime:0.0075s ]
SQL: SELECT `login_time` FROM `sr_member` WHERE ( id=209 ) LIMIT 1   [ RunTime:0.0075s ]
SQL: SELECT `nickname` FROM `sr_member` WHERE ( id=209 ) LIMIT 1   [ RunTime:0.0004s ]
SQL: SHOW COLUMNS FROM `sr_member_count` [ RunTime:0.0032s ]
SQL: SELECT `message_forum`,`message_order`,`message_property`,`message_arrears` FROM `sr_member_count` WHERE ( member_id=209 ) LIMIT 1   [ RunTime:0.0069s ]

[ 2018-07-04T12:41:29+08:00 ] 192.168.1.104 /gaochao/Api/User/Index/get_version_info?token=fnVyqrJ3dLCudXOuhHp5rYOGcayDpnpngYejmLGFotx6dXaqtJ14bLCbg2iIenmtgYWXp4OmmKeCd6_MsoWimH6FlGmzd4l6roWZroR3bXM
INFO: [ app_init ] --START--
INFO: Run Behavior\BuildLiteBehavior [ RunTime:0.000007s ]
INFO: [ app_init ] --END-- [ RunTime:0.000306s ]
INFO: [ app_begin ] --START--
INFO: Run Behavior\ReadHtmlCacheBehavior [ RunTime:0.000477s ]
INFO: Run Behavior\CheckLangBehavior [ RunTime:0.000589s ]
INFO: [ app_begin ] --END-- [ RunTime:0.001108s ]
SQL: SHOW COLUMNS FROM `sr_member` [ RunTime:0.0057s ]
SQL: SHOW COLUMNS FROM `sr_member` [ RunTime:0.0067s ]
SQL: SELECT `login_time` FROM `sr_member` WHERE ( id=209 ) LIMIT 1   [ RunTime:0.0002s ]
SQL: SHOW COLUMNS FROM `sr_config` [ RunTime:0.0023s ]
SQL: SELECT `value` FROM `sr_config` WHERE `name` = 'APP_VERSION' LIMIT 1   [ RunTime:0.0002s ]

[ 2018-07-04T12:41:29+08:00 ] 192.168.1.104 /gaochao/Api/Common/Index/index
INFO: [ app_init ] --START--
INFO: Run Behavior\BuildLiteBehavior [ RunTime:0.000005s ]
INFO: [ app_init ] --END-- [ RunTime:0.000254s ]
INFO: [ app_begin ] --START--
INFO: Run Behavior\ReadHtmlCacheBehavior [ RunTime:0.000468s ]
INFO: Run Behavior\CheckLangBehavior [ RunTime:0.000563s ]
INFO: [ app_begin ] --END-- [ RunTime:0.001071s ]
SQL: SHOW COLUMNS FROM `sr_product` [ RunTime:0.0052s ]
SQL: SELECT id as product_id,`title`,`image`,`price`,`description` FROM `sr_product` WHERE `recommend` = 1 AND `is_sale` = 1 AND `is_del` = 0 AND `is_hid` = 0 ORDER BY sort desc,sales desc,collect desc LIMIT 8   [ RunTime:0.0079s ]
SQL: SHOW COLUMNS FROM `sr_notice` [ RunTime:0.0023s ]
SQL: SELECT id as notice_id,`title` FROM `sr_notice` WHERE `is_del` = 0 AND `is_hid` = 0 AND `district_id` = 0 ORDER BY add_time desc LIMIT 8   [ RunTime:0.0020s ]
SQL: SHOW COLUMNS FROM `sr_forum_thread` [ RunTime:0.0042s ]
SQL: SELECT `id`,`forum_id`,`member_id`,`member_nickname`,`title`,`views`,`replies`,`likes`,`lastpost_time`,`add_time` FROM `sr_forum_thread` WHERE `recommend` = 1 AND `is_del` = 0 AND `is_hid` = 0 ORDER BY recommend_time desc,add_time desc,id desc LIMIT 6   [ RunTime:0.0178s ]
SQL: SHOW COLUMNS FROM `sr_forum_thread_image` [ RunTime:0.0026s ]
SQL: SELECT `id`,`thread_id`,`image`,`width`,`height` FROM `sr_forum_thread_image` WHERE `thread_id` IN ('903','900','899','595','651','699') ORDER BY id asc  [ RunTime:0.0041s ]
NOTIC: [8] Undefined offset: 43 C:\xampp\htdocs\gaochao\Application\Api\Org\Forum\Forum.class.php 第 767 行.
NOTIC: [8] Undefined offset: 43 C:\xampp\htdocs\gaochao\Application\Api\Org\Forum\Forum.class.php 第 767 行.
NOTIC: [8] Undefined offset: 43 C:\xampp\htdocs\gaochao\Application\Api\Org\Forum\Forum.class.php 第 767 行.
NOTIC: [8] Undefined offset: 39 C:\xampp\htdocs\gaochao\Application\Api\Org\Forum\Forum.class.php 第 767 行.
NOTIC: [8] Undefined offset: 36 C:\xampp\htdocs\gaochao\Application\Api\Org\Forum\Forum.class.php 第 767 行.
NOTIC: [8] Undefined offset: 34 C:\xampp\htdocs\gaochao\Application\Api\Org\Forum\Forum.class.php 第 767 行.

[ 2018-07-04T12:41:29+08:00 ] 192.168.1.104 /gaochao/Api/Common/Index/recommend_thread?p=1
INFO: [ app_init ] --START--
INFO: Run Behavior\BuildLiteBehavior [ RunTime:0.000008s ]
INFO: [ app_init ] --END-- [ RunTime:0.000374s ]
INFO: [ app_begin ] --START--
INFO: Run Behavior\ReadHtmlCacheBehavior [ RunTime:0.000557s ]
INFO: Run Behavior\CheckLangBehavior [ RunTime:0.000702s ]
INFO: [ app_begin ] --END-- [ RunTime:0.001313s ]
SQL: SHOW COLUMNS FROM `sr_forum_thread` [ RunTime:0.0153s ]
SQL: SELECT `id`,`forum_id`,`member_id`,`member_nickname`,`title`,`views`,`replies`,`likes`,`lastpost_time`,`add_time` FROM `sr_forum_thread` WHERE `recommend` = 1 AND `is_del` = 0 AND `is_hid` = 0 ORDER BY recommend_time desc,add_time desc,id desc LIMIT 0,6   [ RunTime:0.0401s ]
SQL: SELECT COUNT(*) AS tp_count FROM `sr_forum_thread` WHERE `recommend` = 1 AND `is_del` = 0 AND `is_hid` = 0 LIMIT 1   [ RunTime:0.0005s ]
SQL: SHOW COLUMNS FROM `sr_forum_thread_image` [ RunTime:0.0026s ]
SQL: SELECT `id`,`thread_id`,`image`,`width`,`height` FROM `sr_forum_thread_image` WHERE `thread_id` IN ('903','900','899','595','651','699') ORDER BY id asc  [ RunTime:0.0048s ]
NOTIC: [8] Undefined offset: 43 C:\xampp\htdocs\gaochao\Application\Api\Org\Forum\Forum.class.php 第 767 行.
NOTIC: [8] Undefined offset: 43 C:\xampp\htdocs\gaochao\Application\Api\Org\Forum\Forum.class.php 第 767 行.
NOTIC: [8] Undefined offset: 43 C:\xampp\htdocs\gaochao\Application\Api\Org\Forum\Forum.class.php 第 767 行.
NOTIC: [8] Undefined offset: 39 C:\xampp\htdocs\gaochao\Application\Api\Org\Forum\Forum.class.php 第 767 行.
NOTIC: [8] Undefined offset: 36 C:\xampp\htdocs\gaochao\Application\Api\Org\Forum\Forum.class.php 第 767 行.
NOTIC: [8] Undefined offset: 34 C:\xampp\htdocs\gaochao\Application\Api\Org\Forum\Forum.class.php 第 767 行.

[ 2018-07-04T12:41:29+08:00 ] 192.168.1.104 /gaochao/Api/Common/Index/index
INFO: [ app_init ] --START--
INFO: Run Behavior\BuildLiteBehavior [ RunTime:0.000006s ]
INFO: [ app_init ] --END-- [ RunTime:0.000272s ]
INFO: [ app_begin ] --START--
INFO: Run Behavior\ReadHtmlCacheBehavior [ RunTime:0.000425s ]
INFO: Run Behavior\CheckLangBehavior [ RunTime:0.000548s ]
INFO: [ app_begin ] --END-- [ RunTime:0.001008s ]
SQL: SHOW COLUMNS FROM `sr_product` [ RunTime:0.0027s ]
SQL: SELECT id as product_id,`title`,`image`,`price`,`description` FROM `sr_product` WHERE `recommend` = 1 AND `is_sale` = 1 AND `is_del` = 0 AND `is_hid` = 0 ORDER BY sort desc,sales desc,collect desc LIMIT 8   [ RunTime:0.0004s ]
SQL: SHOW COLUMNS FROM `sr_notice` [ RunTime:0.0019s ]
SQL: SELECT id as notice_id,`title` FROM `sr_notice` WHERE `is_del` = 0 AND `is_hid` = 0 AND `district_id` = 0 ORDER BY add_time desc LIMIT 8   [ RunTime:0.0005s ]
SQL: SHOW COLUMNS FROM `sr_forum_thread` [ RunTime:0.0034s ]
SQL: SELECT `id`,`forum_id`,`member_id`,`member_nickname`,`title`,`views`,`replies`,`likes`,`lastpost_time`,`add_time` FROM `sr_forum_thread` WHERE `recommend` = 1 AND `is_del` = 0 AND `is_hid` = 0 ORDER BY recommend_time desc,add_time desc,id desc LIMIT 6   [ RunTime:0.0009s ]
SQL: SHOW COLUMNS FROM `sr_forum_thread_image` [ RunTime:0.0018s ]
SQL: SELECT `id`,`thread_id`,`image`,`width`,`height` FROM `sr_forum_thread_image` WHERE `thread_id` IN ('903','900','899','595','651','699') ORDER BY id asc  [ RunTime:0.0005s ]
NOTIC: [8] Undefined offset: 43 C:\xampp\htdocs\gaochao\Application\Api\Org\Forum\Forum.class.php 第 767 行.
NOTIC: [8] Undefined offset: 43 C:\xampp\htdocs\gaochao\Application\Api\Org\Forum\Forum.class.php 第 767 行.
NOTIC: [8] Undefined offset: 43 C:\xampp\htdocs\gaochao\Application\Api\Org\Forum\Forum.class.php 第 767 行.
NOTIC: [8] Undefined offset: 39 C:\xampp\htdocs\gaochao\Application\Api\Org\Forum\Forum.class.php 第 767 行.
NOTIC: [8] Undefined offset: 36 C:\xampp\htdocs\gaochao\Application\Api\Org\Forum\Forum.class.php 第 767 行.
NOTIC: [8] Undefined offset: 34 C:\xampp\htdocs\gaochao\Application\Api\Org\Forum\Forum.class.php 第 767 行.

[ 2018-07-04T12:41:29+08:00 ] 192.168.1.104 /gaochao/Api/Common/Index/recommend_thread?p=1
INFO: [ app_init ] --START--
INFO: Run Behavior\BuildLiteBehavior [ RunTime:0.000010s ]
INFO: [ app_init ] --END-- [ RunTime:0.000458s ]
INFO: [ app_begin ] --START--
INFO: Run Behavior\ReadHtmlCacheBehavior [ RunTime:0.000664s ]
INFO: Run Behavior\CheckLangBehavior [ RunTime:0.000771s ]
INFO: [ app_begin ] --END-- [ RunTime:0.001501s ]
SQL: SHOW COLUMNS FROM `sr_forum_thread` [ RunTime:0.0022s ]
SQL: SELECT `id`,`forum_id`,`member_id`,`member_nickname`,`title`,`views`,`replies`,`likes`,`lastpost_time`,`add_time` FROM `sr_forum_thread` WHERE `recommend` = 1 AND `is_del` = 0 AND `is_hid` = 0 ORDER BY recommend_time desc,add_time desc,id desc LIMIT 0,6   [ RunTime:0.0010s ]
SQL: SELECT COUNT(*) AS tp_count FROM `sr_forum_thread` WHERE `recommend` = 1 AND `is_del` = 0 AND `is_hid` = 0 LIMIT 1   [ RunTime:0.0004s ]
SQL: SHOW COLUMNS FROM `sr_forum_thread_image` [ RunTime:0.0021s ]
SQL: SELECT `id`,`thread_id`,`image`,`width`,`height` FROM `sr_forum_thread_image` WHERE `thread_id` IN ('903','900','899','595','651','699') ORDER BY id asc  [ RunTime:0.0005s ]
NOTIC: [8] Undefined offset: 43 C:\xampp\htdocs\gaochao\Application\Api\Org\Forum\Forum.class.php 第 767 行.
NOTIC: [8] Undefined offset: 43 C:\xampp\htdocs\gaochao\Application\Api\Org\Forum\Forum.class.php 第 767 行.
NOTIC: [8] Undefined offset: 43 C:\xampp\htdocs\gaochao\Application\Api\Org\Forum\Forum.class.php 第 767 行.
NOTIC: [8] Undefined offset: 39 C:\xampp\htdocs\gaochao\Application\Api\Org\Forum\Forum.class.php 第 767 行.
NOTIC: [8] Undefined offset: 36 C:\xampp\htdocs\gaochao\Application\Api\Org\Forum\Forum.class.php 第 767 行.
NOTIC: [8] Undefined offset: 34 C:\xampp\htdocs\gaochao\Application\Api\Org\Forum\Forum.class.php 第 767 行.

[ 2018-07-04T12:41:31+08:00 ] 192.168.1.104 /gaochao/Api/User/Video/deviceList?p=1&token=fnVyqrJ3dLCudXOuhHp5rYOGcayDpnpngYejmLGFotx6dXaqtJ14bLCbg2iIenmtgYWXp4OmmKeCd6_MsoWimH6FlGmzd4l6roWZroR3bXM
INFO: [ app_init ] --START--
INFO: Run Behavior\BuildLiteBehavior [ RunTime:0.000008s ]
INFO: [ app_init ] --END-- [ RunTime:0.000353s ]
INFO: [ app_begin ] --START--
INFO: Run Behavior\ReadHtmlCacheBehavior [ RunTime:0.000536s ]
INFO: Run Behavior\CheckLangBehavior [ RunTime:0.001455s ]
INFO: [ app_begin ] --END-- [ RunTime:0.002046s ]
SQL: SHOW COLUMNS FROM `sr_member` [ RunTime:0.0021s ]
SQL: SHOW COLUMNS FROM `sr_member` [ RunTime:0.0023s ]
SQL: SELECT `login_time` FROM `sr_member` WHERE ( id=209 ) LIMIT 1   [ RunTime:0.0002s ]
SQL: SHOW COLUMNS FROM `sr_member` [ RunTime:0.0020s ]
SQL: SELECT `id`,`district_id` FROM `sr_member` WHERE ( id=209 ) LIMIT 1   [ RunTime:0.0002s ]
SQL: SHOW COLUMNS FROM `sr_video_device` [ RunTime:0.0071s ]
NOTIC: [8] Undefined index: r C:\xampp\htdocs\gaochao\Application\Common\Controller\ApiController.class.php 第 36 行.
SQL: SELECT * FROM `sr_video_device` WHERE `district_id` = 22 AND `is_del` = 0 ORDER BY add_time desc LIMIT 0,20   [ RunTime:0.0004s ]
SQL: SELECT COUNT(*) AS tp_count FROM `sr_video_device` WHERE `district_id` = 22 AND `is_del` = 0 LIMIT 1   [ RunTime:0.0001s ]
SQL: SHOW COLUMNS FROM `sr_video` [ RunTime:0.0032s ]
SQL: SELECT `id`,`title`,`appkey`,`access_token`,`appsecret` FROM `sr_video` WHERE `id` = 101 LIMIT 1   [ RunTime:0.0002s ]

[ 2018-07-04T12:41:40+08:00 ] 192.168.1.104 /gaochao/Api/User/Video/deviceList?p=1&token=fnVyqrJ3dLCudXOuhHp5rYOGcayDpnpngYejmLGFotx6dXaqtJ14bLCbg2iIenmtgYWXp4OmmKeCd6_MsoWimH6FlGmzd4l6roWZroR3bXM
INFO: [ app_init ] --START--
INFO: Run Behavior\BuildLiteBehavior [ RunTime:0.000009s ]
INFO: [ app_init ] --END-- [ RunTime:0.000395s ]
INFO: [ app_begin ] --START--
INFO: Run Behavior\ReadHtmlCacheBehavior [ RunTime:0.000610s ]
INFO: Run Behavior\CheckLangBehavior [ RunTime:0.000748s ]
INFO: [ app_begin ] --END-- [ RunTime:0.001417s ]
SQL: SHOW COLUMNS FROM `sr_member` [ RunTime:0.0064s ]
SQL: SHOW COLUMNS FROM `sr_member` [ RunTime:0.0020s ]
SQL: SELECT `login_time` FROM `sr_member` WHERE ( id=209 ) LIMIT 1   [ RunTime:0.0002s ]
SQL: SHOW COLUMNS FROM `sr_member` [ RunTime:0.0021s ]
SQL: SELECT `id`,`district_id` FROM `sr_member` WHERE ( id=209 ) LIMIT 1   [ RunTime:0.0002s ]
SQL: SHOW COLUMNS FROM `sr_video_device` [ RunTime:0.0018s ]
NOTIC: [8] Undefined index: r C:\xampp\htdocs\gaochao\Application\Common\Controller\ApiController.class.php 第 36 行.
SQL: SELECT * FROM `sr_video_device` WHERE `district_id` = 22 AND `is_del` = 0 ORDER BY add_time desc LIMIT 0,20   [ RunTime:0.0002s ]
SQL: SELECT COUNT(*) AS tp_count FROM `sr_video_device` WHERE `district_id` = 22 AND `is_del` = 0 LIMIT 1   [ RunTime:0.0001s ]
SQL: SHOW COLUMNS FROM `sr_video` [ RunTime:0.0018s ]
SQL: SELECT `id`,`title`,`appkey`,`access_token`,`appsecret` FROM `sr_video` WHERE `id` = 101 LIMIT 1   [ RunTime:0.0002s ]

