[ 2018-02-16T21:20:26+08:00 ] ::1 /gaochao/Api/User/Index/get_app_version
INFO: [ app_init ] --START--
INFO: Run Behavior\BuildLiteBehavior [ RunTime:0.000000s ]
INFO: [ app_init ] --END-- [ RunTime:0.001000s ]
INFO: [ app_begin ] --START--
INFO: Run Behavior\ReadHtmlCacheBehavior [ RunTime:0.001000s ]
INFO: Run Behavior\CheckLangBehavior [ RunTime:0.001000s ]
INFO: [ app_begin ] --END-- [ RunTime:0.002000s ]
SQL: SHOW COLUMNS FROM `sr_config` [ RunTime:1.3221s ]
SQL: SELECT `value` FROM `sr_config` WHERE `name` = 'APP_VERSION' LIMIT 1   [ RunTime:0.2170s ]

[ 2018-02-16T21:22:08+08:00 ] ::1 /gaochao/Api/User/Index/download_app
INFO: [ app_init ] --START--
INFO: Run Behavior\BuildLiteBehavior [ RunTime:0.000000s ]
INFO: [ app_init ] --END-- [ RunTime:0.001000s ]
INFO: [ app_begin ] --START--
INFO: Run Behavior\ReadHtmlCacheBehavior [ RunTime:0.001000s ]
INFO: Run Behavior\CheckLangBehavior [ RunTime:0.001000s ]
INFO: [ app_begin ] --END-- [ RunTime:0.002000s ]
SQL: SHOW COLUMNS FROM `sr_config` [ RunTime:0.0150s ]
SQL: SELECT `value` FROM `sr_config` WHERE `name` = 'APP_VERSION' LIMIT 1   [ RunTime:0.0010s ]
SQL: SELECT `value` FROM `sr_config` WHERE `name` = 'APP_UPLOAD_URL' LIMIT 1   [ RunTime:0.0000s ]

[ 2018-02-16T22:30:14+08:00 ] ::1 /gaochao/Api/User/Index/get_app_version
INFO: [ app_init ] --START--
INFO: Run Behavior\BuildLiteBehavior [ RunTime:0.051003s ]
INFO: [ app_init ] --END-- [ RunTime:0.343019s ]
INFO: [ app_begin ] --START--
INFO: Run Behavior\ReadHtmlCacheBehavior [ RunTime:0.030002s ]
INFO: Run Behavior\CheckLangBehavior [ RunTime:0.239014s ]
INFO: [ app_begin ] --END-- [ RunTime:0.269016s ]
SQL: SHOW COLUMNS FROM `sr_member` [ RunTime:6.3554s ]
NOTIC: [8] Undefined index: token C:\xampp\htdocs\gaochao\Application\Common\Model\MemberModel.class.php 第 238 行.

